[0.562s] Invoking command in '/home/filip/ros2_ws/src/py_pubsub': PYTHONPATH=/home/filip/ros2_ws/build/py_pubsub/prefix_override:/home/filip/ros2_ws/install/py_pubsub/lib/python3.10/site-packages:${PYTHONPATH} /usr/bin/python3 setup.py egg_info --egg-base ../../build/py_pubsub build --build-base /home/filip/ros2_ws/build/py_pubsub/build install --record /home/filip/ros2_ws/build/py_pubsub/install.log --single-version-externally-managed
[0.799s] running egg_info
[0.800s] writing ../../build/py_pubsub/py_pubsub.egg-info/PKG-INFO
[0.800s] writing dependency_links to ../../build/py_pubsub/py_pubsub.egg-info/dependency_links.txt
[0.800s] writing entry points to ../../build/py_pubsub/py_pubsub.egg-info/entry_points.txt
[0.801s] writing requirements to ../../build/py_pubsub/py_pubsub.egg-info/requires.txt
[0.801s] writing top-level names to ../../build/py_pubsub/py_pubsub.egg-info/top_level.txt
[0.804s] reading manifest file '../../build/py_pubsub/py_pubsub.egg-info/SOURCES.txt'
[0.804s] writing manifest file '../../build/py_pubsub/py_pubsub.egg-info/SOURCES.txt'
[0.805s] running build
[0.805s] running build_py
[0.805s] running install
[0.806s] /usr/lib/python3/dist-packages/setuptools/command/install.py:34: SetuptoolsDeprecationWarning: setup.py install is deprecated. Use build and pip and other standards-based tools.
[0.806s]   warnings.warn(
[0.806s] running install_lib
[0.807s] running install_data
[0.808s] running install_egg_info
[0.811s] removing '/home/filip/ros2_ws/install/py_pubsub/lib/python3.10/site-packages/py_pubsub-0.0.0-py3.10.egg-info' (and everything under it)
[0.812s] Copying ../../build/py_pubsub/py_pubsub.egg-info to /home/filip/ros2_ws/install/py_pubsub/lib/python3.10/site-packages/py_pubsub-0.0.0-py3.10.egg-info
[0.812s] running install_scripts
[0.852s] Installing turtle_colreg script to /home/filip/ros2_ws/install/py_pubsub/lib/py_pubsub
[0.852s] writing list of installed files to '/home/filip/ros2_ws/build/py_pubsub/install.log'
[0.875s] Invoked command in '/home/filip/ros2_ws/src/py_pubsub' returned '0': PYTHONPATH=/home/filip/ros2_ws/build/py_pubsub/prefix_override:/home/filip/ros2_ws/install/py_pubsub/lib/python3.10/site-packages:${PYTHONPATH} /usr/bin/python3 setup.py egg_info --egg-base ../../build/py_pubsub build --build-base /home/filip/ros2_ws/build/py_pubsub/build install --record /home/filip/ros2_ws/build/py_pubsub/install.log --single-version-externally-managed
