[1.586s] Invoking command in '/home/filip/ros2_ws/src/colreg_package': PYTHONPATH=/home/filip/ros2_ws/build/colreg_package/prefix_override:/home/filip/ros2_ws/install/colreg_package/lib/python3.10/site-packages:${PYTHONPATH} /usr/bin/python3 setup.py egg_info --egg-base ../../build/colreg_package build --build-base /home/filip/ros2_ws/build/colreg_package/build install --record /home/filip/ros2_ws/build/colreg_package/install.log --single-version-externally-managed
[2.053s] running egg_info
[2.054s] writing ../../build/colreg_package/colreg_package.egg-info/PKG-INFO
[2.055s] writing dependency_links to ../../build/colreg_package/colreg_package.egg-info/dependency_links.txt
[2.056s] writing entry points to ../../build/colreg_package/colreg_package.egg-info/entry_points.txt
[2.057s] writing requirements to ../../build/colreg_package/colreg_package.egg-info/requires.txt
[2.057s] writing top-level names to ../../build/colreg_package/colreg_package.egg-info/top_level.txt
[2.062s] reading manifest file '../../build/colreg_package/colreg_package.egg-info/SOURCES.txt'
[2.063s] writing manifest file '../../build/colreg_package/colreg_package.egg-info/SOURCES.txt'
[2.064s] running build
[2.064s] running build_py
[2.064s] copying colreg_package/tcpa_dcpa.py -> /home/filip/ros2_ws/build/colreg_package/build/lib/colreg_package
[2.065s] running install
[2.065s] /usr/lib/python3/dist-packages/setuptools/command/install.py:34: SetuptoolsDeprecationWarning: setup.py install is deprecated. Use build and pip and other standards-based tools.
[2.065s]   warnings.warn(
[2.066s] running install_lib
[2.066s] copying /home/filip/ros2_ws/build/colreg_package/build/lib/colreg_package/tcpa_dcpa.py -> /home/filip/ros2_ws/install/colreg_package/lib/python3.10/site-packages/colreg_package
[2.067s] byte-compiling /home/filip/ros2_ws/install/colreg_package/lib/python3.10/site-packages/colreg_package/tcpa_dcpa.py to tcpa_dcpa.cpython-310.pyc
[2.069s] running install_data
[2.071s] running install_egg_info
[2.073s] removing '/home/filip/ros2_ws/install/colreg_package/lib/python3.10/site-packages/colreg_package-0.0.0-py3.10.egg-info' (and everything under it)
[2.073s] Copying ../../build/colreg_package/colreg_package.egg-info to /home/filip/ros2_ws/install/colreg_package/lib/python3.10/site-packages/colreg_package-0.0.0-py3.10.egg-info
[2.074s] running install_scripts
[2.118s] Installing avoidance_scenario script to /home/filip/ros2_ws/install/colreg_package/lib/colreg_package
[2.118s] Installing main_ship_control script to /home/filip/ros2_ws/install/colreg_package/lib/colreg_package
[2.118s] Installing position script to /home/filip/ros2_ws/install/colreg_package/lib/colreg_package
[2.118s] Installing target_ship_control script to /home/filip/ros2_ws/install/colreg_package/lib/colreg_package
[2.119s] Installing tcpa_dcpa script to /home/filip/ros2_ws/install/colreg_package/lib/colreg_package
[2.119s] writing list of installed files to '/home/filip/ros2_ws/build/colreg_package/install.log'
[2.182s] Invoked command in '/home/filip/ros2_ws/src/colreg_package' returned '0': PYTHONPATH=/home/filip/ros2_ws/build/colreg_package/prefix_override:/home/filip/ros2_ws/install/colreg_package/lib/python3.10/site-packages:${PYTHONPATH} /usr/bin/python3 setup.py egg_info --egg-base ../../build/colreg_package build --build-base /home/filip/ros2_ws/build/colreg_package/build install --record /home/filip/ros2_ws/build/colreg_package/install.log --single-version-externally-managed
