[1.167s] Invoking command in '/home/filip/ros2_ws/src/colreg_package': PYTHONPATH=/home/filip/ros2_ws/build/colreg_package/prefix_override:/home/filip/ros2_ws/install/colreg_package/lib/python3.10/site-packages:${PYTHONPATH} /usr/bin/python3 setup.py egg_info --egg-base ../../build/colreg_package build --build-base /home/filip/ros2_ws/build/colreg_package/build install --record /home/filip/ros2_ws/build/colreg_package/install.log --single-version-externally-managed
[1.394s] running egg_info
[1.396s] writing ../../build/colreg_package/colreg_package.egg-info/PKG-INFO
[1.396s] writing dependency_links to ../../build/colreg_package/colreg_package.egg-info/dependency_links.txt
[1.396s] writing entry points to ../../build/colreg_package/colreg_package.egg-info/entry_points.txt
[1.396s] writing requirements to ../../build/colreg_package/colreg_package.egg-info/requires.txt
[1.397s] writing top-level names to ../../build/colreg_package/colreg_package.egg-info/top_level.txt
[1.399s] reading manifest file '../../build/colreg_package/colreg_package.egg-info/SOURCES.txt'
[1.401s] writing manifest file '../../build/colreg_package/colreg_package.egg-info/SOURCES.txt'
[1.401s] running build
[1.401s] running build_py
[1.403s] copying colreg_package/turtle_positioning.py -> /home/filip/ros2_ws/build/colreg_package/build/lib/colreg_package
[1.403s] running install
[1.404s] /usr/lib/python3/dist-packages/setuptools/command/install.py:34: SetuptoolsDeprecationWarning: setup.py install is deprecated. Use build and pip and other standards-based tools.
[1.404s]   warnings.warn(
[1.404s] running install_lib
[1.405s] copying /home/filip/ros2_ws/build/colreg_package/build/lib/colreg_package/turtle_positioning.py -> /home/filip/ros2_ws/install/colreg_package/lib/python3.10/site-packages/colreg_package
[1.406s] byte-compiling /home/filip/ros2_ws/install/colreg_package/lib/python3.10/site-packages/colreg_package/turtle_positioning.py to turtle_positioning.cpython-310.pyc
[1.407s] running install_data
[1.408s] running install_egg_info
[1.409s] removing '/home/filip/ros2_ws/install/colreg_package/lib/python3.10/site-packages/colreg_package-0.0.0-py3.10.egg-info' (and everything under it)
[1.410s] Copying ../../build/colreg_package/colreg_package.egg-info to /home/filip/ros2_ws/install/colreg_package/lib/python3.10/site-packages/colreg_package-0.0.0-py3.10.egg-info
[1.411s] running install_scripts
[1.436s] Installing position script to /home/filip/ros2_ws/install/colreg_package/lib/colreg_package
[1.437s] writing list of installed files to '/home/filip/ros2_ws/build/colreg_package/install.log'
[1.465s] Invoked command in '/home/filip/ros2_ws/src/colreg_package' returned '0': PYTHONPATH=/home/filip/ros2_ws/build/colreg_package/prefix_override:/home/filip/ros2_ws/install/colreg_package/lib/python3.10/site-packages:${PYTHONPATH} /usr/bin/python3 setup.py egg_info --egg-base ../../build/colreg_package build --build-base /home/filip/ros2_ws/build/colreg_package/build install --record /home/filip/ros2_ws/build/colreg_package/install.log --single-version-externally-managed
