[1.060s] Invoking command in '/home/filip/ros2_ws/src/colreg_package': PYTHONPATH=/home/filip/ros2_ws/build/colreg_package/prefix_override:/home/filip/ros2_ws/install/colreg_package/lib/python3.10/site-packages:${PYTHONPATH} /usr/bin/python3 setup.py egg_info --egg-base ../../build/colreg_package build --build-base /home/filip/ros2_ws/build/colreg_package/build install --record /home/filip/ros2_ws/build/colreg_package/install.log --single-version-externally-managed
[1.329s] running egg_info
[1.330s] writing ../../build/colreg_package/colreg_package.egg-info/PKG-INFO
[1.331s] writing dependency_links to ../../build/colreg_package/colreg_package.egg-info/dependency_links.txt
[1.331s] writing entry points to ../../build/colreg_package/colreg_package.egg-info/entry_points.txt
[1.331s] writing requirements to ../../build/colreg_package/colreg_package.egg-info/requires.txt
[1.332s] writing top-level names to ../../build/colreg_package/colreg_package.egg-info/top_level.txt
[1.334s] reading manifest file '../../build/colreg_package/colreg_package.egg-info/SOURCES.txt'
[1.335s] writing manifest file '../../build/colreg_package/colreg_package.egg-info/SOURCES.txt'
[1.336s] running build
[1.336s] running build_py
[1.338s] copying colreg_package/turtle_positioning.py -> /home/filip/ros2_ws/build/colreg_package/build/lib/colreg_package
[1.339s] running install
[1.340s] /usr/lib/python3/dist-packages/setuptools/command/install.py:34: SetuptoolsDeprecationWarning: setup.py install is deprecated. Use build and pip and other standards-based tools.
[1.340s]   warnings.warn(
[1.341s] running install_lib
[1.342s] copying /home/filip/ros2_ws/build/colreg_package/build/lib/colreg_package/turtle_positioning.py -> /home/filip/ros2_ws/install/colreg_package/lib/python3.10/site-packages/colreg_package
[1.343s] byte-compiling /home/filip/ros2_ws/install/colreg_package/lib/python3.10/site-packages/colreg_package/turtle_positioning.py to turtle_positioning.cpython-310.pyc
[1.344s]   File "/home/filip/ros2_ws/install/colreg_package/lib/python3.10/site-packages/colreg_package/turtle_positioning.py", line 18
[1.344s]     ('y_tel, None),
[1.344s]      ^
[1.344s] SyntaxError: unterminated string literal (detected at line 18)
[1.344s] 
[1.344s] running install_data
[1.346s] copying launch/demo.launch.py -> /home/filip/ros2_ws/install/colreg_package/share/colreg_package
[1.346s] copying parameters/head_on.yaml -> /home/filip/ros2_ws/install/colreg_package/share/colreg_package
[1.346s] copying parameters/crossing_starbourd.yaml -> /home/filip/ros2_ws/install/colreg_package/share/colreg_package
[1.346s] copying parameters/crossing_port.yaml -> /home/filip/ros2_ws/install/colreg_package/share/colreg_package
[1.347s] copying parameters/overtaking.yaml -> /home/filip/ros2_ws/install/colreg_package/share/colreg_package
[1.347s] running install_egg_info
[1.348s] removing '/home/filip/ros2_ws/install/colreg_package/lib/python3.10/site-packages/colreg_package-0.0.0-py3.10.egg-info' (and everything under it)
[1.349s] Copying ../../build/colreg_package/colreg_package.egg-info to /home/filip/ros2_ws/install/colreg_package/lib/python3.10/site-packages/colreg_package-0.0.0-py3.10.egg-info
[1.350s] running install_scripts
[1.369s] Installing position script to /home/filip/ros2_ws/install/colreg_package/lib/colreg_package
[1.370s] writing list of installed files to '/home/filip/ros2_ws/build/colreg_package/install.log'
[1.396s] Invoked command in '/home/filip/ros2_ws/src/colreg_package' returned '0': PYTHONPATH=/home/filip/ros2_ws/build/colreg_package/prefix_override:/home/filip/ros2_ws/install/colreg_package/lib/python3.10/site-packages:${PYTHONPATH} /usr/bin/python3 setup.py egg_info --egg-base ../../build/colreg_package build --build-base /home/filip/ros2_ws/build/colreg_package/build install --record /home/filip/ros2_ws/build/colreg_package/install.log --single-version-externally-managed
