running egg_info
writing ../../build/turtle_controller/turtle_controller.egg-info/PKG-INFO
writing dependency_links to ../../build/turtle_controller/turtle_controller.egg-info/dependency_links.txt
writing entry points to ../../build/turtle_controller/turtle_controller.egg-info/entry_points.txt
writing requirements to ../../build/turtle_controller/turtle_controller.egg-info/requires.txt
writing top-level names to ../../build/turtle_controller/turtle_controller.egg-info/top_level.txt
reading manifest file '../../build/turtle_controller/turtle_controller.egg-info/SOURCES.txt'
writing manifest file '../../build/turtle_controller/turtle_controller.egg-info/SOURCES.txt'
running build
running build_py
running install
running install_lib
/usr/lib/python3/dist-packages/setuptools/command/install.py:34: SetuptoolsDeprecationWarning: setup.py install is deprecated. Use build and pip and other standards-based tools.
  warnings.warn(
running install_data
running install_egg_info
removing '/home/filip/ros2_ws/install/turtle_controller/lib/python3.10/site-packages/turtle_controller-0.0.0-py3.10.egg-info' (and everything under it)
Copying ../../build/turtle_controller/turtle_controller.egg-info to /home/filip/ros2_ws/install/turtle_controller/lib/python3.10/site-packages/turtle_controller-0.0.0-py3.10.egg-info
running install_scripts
Installing turtle script to /home/filip/ros2_ws/install/turtle_controller/lib/turtle_controller
writing list of installed files to '/home/filip/ros2_ws/build/turtle_controller/install.log'
