[0.642s] Invoking command in '/home/filip/ros2_ws/src/colreg_package': PYTHONPATH=/home/filip/ros2_ws/build/colreg_package/prefix_override:/home/filip/ros2_ws/install/colreg_package/lib/python3.10/site-packages:${PYTHONPATH} /usr/bin/python3 setup.py egg_info --egg-base ../../build/colreg_package build --build-base /home/filip/ros2_ws/build/colreg_package/build install --record /home/filip/ros2_ws/build/colreg_package/install.log --single-version-externally-managed
[0.891s] running egg_info
[0.892s] writing ../../build/colreg_package/colreg_package.egg-info/PKG-INFO
[0.893s] writing dependency_links to ../../build/colreg_package/colreg_package.egg-info/dependency_links.txt
[0.893s] writing entry points to ../../build/colreg_package/colreg_package.egg-info/entry_points.txt
[0.894s] writing requirements to ../../build/colreg_package/colreg_package.egg-info/requires.txt
[0.894s] writing top-level names to ../../build/colreg_package/colreg_package.egg-info/top_level.txt
[0.897s] reading manifest file '../../build/colreg_package/colreg_package.egg-info/SOURCES.txt'
[0.900s] writing manifest file '../../build/colreg_package/colreg_package.egg-info/SOURCES.txt'
[0.900s] running build
[0.901s] running build_py
[0.901s] copying colreg_package/turtle_positioning.py -> /home/filip/ros2_ws/build/colreg_package/build/lib/colreg_package
[0.901s] running install
[0.903s] /usr/lib/python3/dist-packages/setuptools/command/install.py:34: SetuptoolsDeprecationWarning: setup.py install is deprecated. Use build and pip and other standards-based tools.
[0.903s]   warnings.warn(
[0.903s] running install_lib
[0.903s] copying /home/filip/ros2_ws/build/colreg_package/build/lib/colreg_package/turtle_positioning.py -> /home/filip/ros2_ws/install/colreg_package/lib/python3.10/site-packages/colreg_package
[0.904s] byte-compiling /home/filip/ros2_ws/install/colreg_package/lib/python3.10/site-packages/colreg_package/turtle_positioning.py to turtle_positioning.cpython-310.pyc
[0.905s]   File "/home/filip/ros2_ws/install/colreg_package/lib/python3.10/site-packages/colreg_package/turtle_positioning.py", line 45
[0.905s]     self.call_service_spawn(positions[i][0], positions[i][1], positions[i][2)
[0.905s]                                                                             ^
[0.905s] SyntaxError: closing parenthesis ')' does not match opening parenthesis '['
[0.905s] 
[0.906s] running install_data
[0.906s] running install_egg_info
[0.908s] removing '/home/filip/ros2_ws/install/colreg_package/lib/python3.10/site-packages/colreg_package-0.0.0-py3.10.egg-info' (and everything under it)
[0.922s] Copying ../../build/colreg_package/colreg_package.egg-info to /home/filip/ros2_ws/install/colreg_package/lib/python3.10/site-packages/colreg_package-0.0.0-py3.10.egg-info
[0.922s] running install_scripts
[0.939s] Installing avoidance_scenario script to /home/filip/ros2_ws/install/colreg_package/lib/colreg_package
[0.940s] Installing main_ship_control script to /home/filip/ros2_ws/install/colreg_package/lib/colreg_package
[0.940s] Installing position script to /home/filip/ros2_ws/install/colreg_package/lib/colreg_package
[0.941s] Installing target_ship_control script to /home/filip/ros2_ws/install/colreg_package/lib/colreg_package
[0.941s] Installing tcpa_dcpa script to /home/filip/ros2_ws/install/colreg_package/lib/colreg_package
[0.942s] writing list of installed files to '/home/filip/ros2_ws/build/colreg_package/install.log'
[0.979s] Invoked command in '/home/filip/ros2_ws/src/colreg_package' returned '0': PYTHONPATH=/home/filip/ros2_ws/build/colreg_package/prefix_override:/home/filip/ros2_ws/install/colreg_package/lib/python3.10/site-packages:${PYTHONPATH} /usr/bin/python3 setup.py egg_info --egg-base ../../build/colreg_package build --build-base /home/filip/ros2_ws/build/colreg_package/build install --record /home/filip/ros2_ws/build/colreg_package/install.log --single-version-externally-managed
