[0.660s] Invoking command in '/home/filip/ros2_ws/src/colreg_package': PYTHONPATH=/home/filip/ros2_ws/build/colreg_package/prefix_override:/home/filip/ros2_ws/install/colreg_package/lib/python3.10/site-packages:${PYTHONPATH} /usr/bin/python3 setup.py egg_info --egg-base ../../build/colreg_package build --build-base /home/filip/ros2_ws/build/colreg_package/build install --record /home/filip/ros2_ws/build/colreg_package/install.log --single-version-externally-managed
[0.897s] running egg_info
[0.898s] writing ../../build/colreg_package/colreg_package.egg-info/PKG-INFO
[0.898s] writing dependency_links to ../../build/colreg_package/colreg_package.egg-info/dependency_links.txt
[0.899s] writing entry points to ../../build/colreg_package/colreg_package.egg-info/entry_points.txt
[0.899s] writing requirements to ../../build/colreg_package/colreg_package.egg-info/requires.txt
[0.900s] writing top-level names to ../../build/colreg_package/colreg_package.egg-info/top_level.txt
[0.902s] reading manifest file '../../build/colreg_package/colreg_package.egg-info/SOURCES.txt'
[0.903s] writing manifest file '../../build/colreg_package/colreg_package.egg-info/SOURCES.txt'
[0.904s] running build
[0.904s] running build_py
[0.904s] running install
[0.905s] /usr/lib/python3/dist-packages/setuptools/command/install.py:34: SetuptoolsDeprecationWarning: setup.py install is deprecated. Use build and pip and other standards-based tools.
[0.905s]   warnings.warn(
[0.905s] running install_lib
[0.906s] running install_data
[0.907s] running install_egg_info
[0.909s] removing '/home/filip/ros2_ws/install/colreg_package/lib/python3.10/site-packages/colreg_package-0.0.0-py3.10.egg-info' (and everything under it)
[0.909s] Copying ../../build/colreg_package/colreg_package.egg-info to /home/filip/ros2_ws/install/colreg_package/lib/python3.10/site-packages/colreg_package-0.0.0-py3.10.egg-info
[0.910s] running install_scripts
[0.939s] Installing main_ship_control script to /home/filip/ros2_ws/install/colreg_package/lib/colreg_package
[0.940s] Installing obstacle_ship_control script to /home/filip/ros2_ws/install/colreg_package/lib/colreg_package
[0.940s] Installing position script to /home/filip/ros2_ws/install/colreg_package/lib/colreg_package
[0.940s] Installing tcpa_dcpa script to /home/filip/ros2_ws/install/colreg_package/lib/colreg_package
[0.941s] writing list of installed files to '/home/filip/ros2_ws/build/colreg_package/install.log'
[0.968s] Invoked command in '/home/filip/ros2_ws/src/colreg_package' returned '0': PYTHONPATH=/home/filip/ros2_ws/build/colreg_package/prefix_override:/home/filip/ros2_ws/install/colreg_package/lib/python3.10/site-packages:${PYTHONPATH} /usr/bin/python3 setup.py egg_info --egg-base ../../build/colreg_package build --build-base /home/filip/ros2_ws/build/colreg_package/build install --record /home/filip/ros2_ws/build/colreg_package/install.log --single-version-externally-managed
