[0.586s] Invoking command in '/home/filip/ros2_ws/src/colreg_package': PYTHONPATH=/home/filip/ros2_ws/build/colreg_package/prefix_override:/home/filip/ros2_ws/install/colreg_package/lib/python3.10/site-packages:${PYTHONPATH} /usr/bin/python3 setup.py egg_info --egg-base ../../build/colreg_package build --build-base /home/filip/ros2_ws/build/colreg_package/build install --record /home/filip/ros2_ws/build/colreg_package/install.log --single-version-externally-managed
[0.820s] running egg_info
[0.820s] writing ../../build/colreg_package/colreg_package.egg-info/PKG-INFO
[0.821s] writing dependency_links to ../../build/colreg_package/colreg_package.egg-info/dependency_links.txt
[0.822s] writing entry points to ../../build/colreg_package/colreg_package.egg-info/entry_points.txt
[0.822s] writing requirements to ../../build/colreg_package/colreg_package.egg-info/requires.txt
[0.822s] writing top-level names to ../../build/colreg_package/colreg_package.egg-info/top_level.txt
[0.824s] reading manifest file '../../build/colreg_package/colreg_package.egg-info/SOURCES.txt'
[0.825s] writing manifest file '../../build/colreg_package/colreg_package.egg-info/SOURCES.txt'
[0.825s] running build
[0.826s] running build_py
[0.826s] running install
[0.826s] /usr/lib/python3/dist-packages/setuptools/command/install.py:34: SetuptoolsDeprecationWarning: setup.py install is deprecated. Use build and pip and other standards-based tools.
[0.826s]   warnings.warn(
[0.827s] running install_lib
[0.828s] running install_data
[0.829s] running install_egg_info
[0.830s] removing '/home/filip/ros2_ws/install/colreg_package/lib/python3.10/site-packages/colreg_package-0.0.0-py3.10.egg-info' (and everything under it)
[0.831s] Copying ../../build/colreg_package/colreg_package.egg-info to /home/filip/ros2_ws/install/colreg_package/lib/python3.10/site-packages/colreg_package-0.0.0-py3.10.egg-info
[0.831s] running install_scripts
[0.853s] Installing main_ship_control script to /home/filip/ros2_ws/install/colreg_package/lib/colreg_package
[0.853s] Installing obstacle_ship_control script to /home/filip/ros2_ws/install/colreg_package/lib/colreg_package
[0.854s] Installing position script to /home/filip/ros2_ws/install/colreg_package/lib/colreg_package
[0.854s] writing list of installed files to '/home/filip/ros2_ws/build/colreg_package/install.log'
[0.885s] Invoked command in '/home/filip/ros2_ws/src/colreg_package' returned '0': PYTHONPATH=/home/filip/ros2_ws/build/colreg_package/prefix_override:/home/filip/ros2_ws/install/colreg_package/lib/python3.10/site-packages:${PYTHONPATH} /usr/bin/python3 setup.py egg_info --egg-base ../../build/colreg_package build --build-base /home/filip/ros2_ws/build/colreg_package/build install --record /home/filip/ros2_ws/build/colreg_package/install.log --single-version-externally-managed
