[0.697s] Invoking command in '/home/filip/ros2_ws/src/turtle_controller': PYTHONPATH=/home/filip/ros2_ws/src/build/turtle_controller/prefix_override:/home/filip/ros2_ws/src/install/turtle_controller/lib/python3.10/site-packages:${PYTHONPATH} /usr/bin/python3 setup.py egg_info --egg-base ../build/turtle_controller build --build-base /home/filip/ros2_ws/src/build/turtle_controller/build install --record /home/filip/ros2_ws/src/build/turtle_controller/install.log --single-version-externally-managed
[1.045s] running egg_info
[1.046s] writing ../build/turtle_controller/turtle_controller.egg-info/PKG-INFO
[1.047s] writing dependency_links to ../build/turtle_controller/turtle_controller.egg-info/dependency_links.txt
[1.048s] writing entry points to ../build/turtle_controller/turtle_controller.egg-info/entry_points.txt
[1.048s] writing requirements to ../build/turtle_controller/turtle_controller.egg-info/requires.txt
[1.049s] writing top-level names to ../build/turtle_controller/turtle_controller.egg-info/top_level.txt
[1.052s] reading manifest file '../build/turtle_controller/turtle_controller.egg-info/SOURCES.txt'
[1.053s] writing manifest file '../build/turtle_controller/turtle_controller.egg-info/SOURCES.txt'
[1.053s] running build
[1.053s] running build_py
[1.055s] copying turtle_controller/turtle_control_script.py -> /home/filip/ros2_ws/src/build/turtle_controller/build/lib/turtle_controller
[1.055s] running install
[1.056s] /usr/lib/python3/dist-packages/setuptools/command/install.py:34: SetuptoolsDeprecationWarning: setup.py install is deprecated. Use build and pip and other standards-based tools.
[1.056s]   warnings.warn(
[1.056s] running install_lib
[1.058s] copying /home/filip/ros2_ws/src/build/turtle_controller/build/lib/turtle_controller/turtle_control_script.py -> /home/filip/ros2_ws/src/install/turtle_controller/lib/python3.10/site-packages/turtle_controller
[1.059s] byte-compiling /home/filip/ros2_ws/src/install/turtle_controller/lib/python3.10/site-packages/turtle_controller/turtle_control_script.py to turtle_control_script.cpython-310.pyc
[1.061s] running install_data
[1.062s] copying package.xml -> /home/filip/ros2_ws/src/install/turtle_controller/share/turtle_controller
[1.063s] running install_egg_info
[1.065s] removing '/home/filip/ros2_ws/src/install/turtle_controller/lib/python3.10/site-packages/turtle_controller-0.0.0-py3.10.egg-info' (and everything under it)
[1.066s] Copying ../build/turtle_controller/turtle_controller.egg-info to /home/filip/ros2_ws/src/install/turtle_controller/lib/python3.10/site-packages/turtle_controller-0.0.0-py3.10.egg-info
[1.068s] running install_scripts
[1.107s] Installing turtle script to /home/filip/ros2_ws/src/install/turtle_controller/lib/turtle_controller
[1.108s] writing list of installed files to '/home/filip/ros2_ws/src/build/turtle_controller/install.log'
[1.131s] Invoked command in '/home/filip/ros2_ws/src/turtle_controller' returned '0': PYTHONPATH=/home/filip/ros2_ws/src/build/turtle_controller/prefix_override:/home/filip/ros2_ws/src/install/turtle_controller/lib/python3.10/site-packages:${PYTHONPATH} /usr/bin/python3 setup.py egg_info --egg-base ../build/turtle_controller build --build-base /home/filip/ros2_ws/src/build/turtle_controller/build install --record /home/filip/ros2_ws/src/build/turtle_controller/install.log --single-version-externally-managed
