[0.557s] Invoking command in '/home/filip/ros2_ws/src/turtle_controller': PYTHONPATH=/home/filip/ros2_ws/build/turtle_controller/prefix_override:/home/filip/ros2_ws/install/turtle_controller/lib/python3.10/site-packages:${PYTHONPATH} /usr/bin/python3 setup.py egg_info --egg-base ../../build/turtle_controller build --build-base /home/filip/ros2_ws/build/turtle_controller/build install --record /home/filip/ros2_ws/build/turtle_controller/install.log --single-version-externally-managed
[0.774s] running egg_info
[0.775s] writing ../../build/turtle_controller/turtle_controller.egg-info/PKG-INFO
[0.776s] writing dependency_links to ../../build/turtle_controller/turtle_controller.egg-info/dependency_links.txt
[0.777s] writing entry points to ../../build/turtle_controller/turtle_controller.egg-info/entry_points.txt
[0.777s] writing requirements to ../../build/turtle_controller/turtle_controller.egg-info/requires.txt
[0.777s] writing top-level names to ../../build/turtle_controller/turtle_controller.egg-info/top_level.txt
[0.779s] reading manifest file '../../build/turtle_controller/turtle_controller.egg-info/SOURCES.txt'
[0.780s] writing manifest file '../../build/turtle_controller/turtle_controller.egg-info/SOURCES.txt'
[0.780s] running build
[0.781s] running build_py
[0.781s] running install
[0.781s] /usr/lib/python3/dist-packages/setuptools/command/install.py:34: SetuptoolsDeprecationWarning: setup.py install is deprecated. Use build and pip and other standards-based tools.
[0.781s]   warnings.warn(
[0.782s] running install_lib
[0.783s] running install_data
[0.784s] running install_egg_info
[0.785s] removing '/home/filip/ros2_ws/install/turtle_controller/lib/python3.10/site-packages/turtle_controller-0.0.0-py3.10.egg-info' (and everything under it)
[0.786s] Copying ../../build/turtle_controller/turtle_controller.egg-info to /home/filip/ros2_ws/install/turtle_controller/lib/python3.10/site-packages/turtle_controller-0.0.0-py3.10.egg-info
[0.787s] running install_scripts
[0.805s] Installing turtle script to /home/filip/ros2_ws/install/turtle_controller/lib/turtle_controller
[0.806s] writing list of installed files to '/home/filip/ros2_ws/build/turtle_controller/install.log'
[0.830s] Invoked command in '/home/filip/ros2_ws/src/turtle_controller' returned '0': PYTHONPATH=/home/filip/ros2_ws/build/turtle_controller/prefix_override:/home/filip/ros2_ws/install/turtle_controller/lib/python3.10/site-packages:${PYTHONPATH} /usr/bin/python3 setup.py egg_info --egg-base ../../build/turtle_controller build --build-base /home/filip/ros2_ws/build/turtle_controller/build install --record /home/filip/ros2_ws/build/turtle_controller/install.log --single-version-externally-managed
