[0.596s] Invoking command in '/home/filip/ros2_ws/src/colreg_package': PYTHONPATH=/home/filip/ros2_ws/build/colreg_package/prefix_override:/home/filip/ros2_ws/install/colreg_package/lib/python3.10/site-packages:${PYTHONPATH} /usr/bin/python3 setup.py egg_info --egg-base ../../build/colreg_package build --build-base /home/filip/ros2_ws/build/colreg_package/build install --record /home/filip/ros2_ws/build/colreg_package/install.log --single-version-externally-managed
[0.832s] running egg_info
[0.833s] writing ../../build/colreg_package/colreg_package.egg-info/PKG-INFO
[0.834s] writing dependency_links to ../../build/colreg_package/colreg_package.egg-info/dependency_links.txt
[0.834s] writing entry points to ../../build/colreg_package/colreg_package.egg-info/entry_points.txt
[0.835s] writing requirements to ../../build/colreg_package/colreg_package.egg-info/requires.txt
[0.836s] writing top-level names to ../../build/colreg_package/colreg_package.egg-info/top_level.txt
[0.839s] reading manifest file '../../build/colreg_package/colreg_package.egg-info/SOURCES.txt'
[0.841s] writing manifest file '../../build/colreg_package/colreg_package.egg-info/SOURCES.txt'
[0.841s] running build
[0.841s] running build_py
[0.842s] running install
[0.843s] /usr/lib/python3/dist-packages/setuptools/command/install.py:34: SetuptoolsDeprecationWarning: setup.py install is deprecated. Use build and pip and other standards-based tools.
[0.843s]   warnings.warn(
[0.843s] running install_lib
[0.845s] running install_data
[0.846s] running install_egg_info
[0.848s] removing '/home/filip/ros2_ws/install/colreg_package/lib/python3.10/site-packages/colreg_package-0.0.0-py3.10.egg-info' (and everything under it)
[0.848s] Copying ../../build/colreg_package/colreg_package.egg-info to /home/filip/ros2_ws/install/colreg_package/lib/python3.10/site-packages/colreg_package-0.0.0-py3.10.egg-info
[0.849s] running install_scripts
[0.869s] Installing main_ship_control script to /home/filip/ros2_ws/install/colreg_package/lib/colreg_package
[0.869s] Installing obstacle_ship_control script to /home/filip/ros2_ws/install/colreg_package/lib/colreg_package
[0.870s] Installing position script to /home/filip/ros2_ws/install/colreg_package/lib/colreg_package
[0.870s] Installing tcpa_dcpa script to /home/filip/ros2_ws/install/colreg_package/lib/colreg_package
[0.871s] writing list of installed files to '/home/filip/ros2_ws/build/colreg_package/install.log'
[0.897s] Invoked command in '/home/filip/ros2_ws/src/colreg_package' returned '0': PYTHONPATH=/home/filip/ros2_ws/build/colreg_package/prefix_override:/home/filip/ros2_ws/install/colreg_package/lib/python3.10/site-packages:${PYTHONPATH} /usr/bin/python3 setup.py egg_info --egg-base ../../build/colreg_package build --build-base /home/filip/ros2_ws/build/colreg_package/build install --record /home/filip/ros2_ws/build/colreg_package/install.log --single-version-externally-managed
