[0.792s] Invoking command in '/home/filip/ros2_ws/src/colreg_package': PYTHONPATH=/home/filip/ros2_ws/build/colreg_package/prefix_override:/home/filip/ros2_ws/install/colreg_package/lib/python3.10/site-packages:${PYTHONPATH} /usr/bin/python3 setup.py egg_info --egg-base ../../build/colreg_package build --build-base /home/filip/ros2_ws/build/colreg_package/build install --record /home/filip/ros2_ws/build/colreg_package/install.log --single-version-externally-managed
[1.064s] running egg_info
[1.065s] writing ../../build/colreg_package/colreg_package.egg-info/PKG-INFO
[1.065s] writing dependency_links to ../../build/colreg_package/colreg_package.egg-info/dependency_links.txt
[1.066s] writing entry points to ../../build/colreg_package/colreg_package.egg-info/entry_points.txt
[1.066s] writing requirements to ../../build/colreg_package/colreg_package.egg-info/requires.txt
[1.067s] writing top-level names to ../../build/colreg_package/colreg_package.egg-info/top_level.txt
[1.069s] reading manifest file '../../build/colreg_package/colreg_package.egg-info/SOURCES.txt'
[1.070s] writing manifest file '../../build/colreg_package/colreg_package.egg-info/SOURCES.txt'
[1.071s] running build
[1.071s] running build_py
[1.071s] copying colreg_package/main_ship_control.py -> /home/filip/ros2_ws/build/colreg_package/build/lib/colreg_package
[1.071s] copying colreg_package/turtle_positioning.py -> /home/filip/ros2_ws/build/colreg_package/build/lib/colreg_package
[1.072s] running install
[1.072s] /usr/lib/python3/dist-packages/setuptools/command/install.py:34: SetuptoolsDeprecationWarning: setup.py install is deprecated. Use build and pip and other standards-based tools.
[1.072s]   warnings.warn(
[1.073s] running install_lib
[1.074s] copying /home/filip/ros2_ws/build/colreg_package/build/lib/colreg_package/main_ship_control.py -> /home/filip/ros2_ws/install/colreg_package/lib/python3.10/site-packages/colreg_package
[1.074s] copying /home/filip/ros2_ws/build/colreg_package/build/lib/colreg_package/turtle_positioning.py -> /home/filip/ros2_ws/install/colreg_package/lib/python3.10/site-packages/colreg_package
[1.074s] byte-compiling /home/filip/ros2_ws/install/colreg_package/lib/python3.10/site-packages/colreg_package/main_ship_control.py to main_ship_control.cpython-310.pyc
[1.075s] byte-compiling /home/filip/ros2_ws/install/colreg_package/lib/python3.10/site-packages/colreg_package/turtle_positioning.py to turtle_positioning.cpython-310.pyc
[1.077s] running install_data
[1.078s] running install_egg_info
[1.079s] removing '/home/filip/ros2_ws/install/colreg_package/lib/python3.10/site-packages/colreg_package-0.0.0-py3.10.egg-info' (and everything under it)
[1.084s] Copying ../../build/colreg_package/colreg_package.egg-info to /home/filip/ros2_ws/install/colreg_package/lib/python3.10/site-packages/colreg_package-0.0.0-py3.10.egg-info
[1.085s] running install_scripts
[1.106s] Installing avoidance_scenario script to /home/filip/ros2_ws/install/colreg_package/lib/colreg_package
[1.106s] Installing main_ship_control script to /home/filip/ros2_ws/install/colreg_package/lib/colreg_package
[1.106s] Installing position script to /home/filip/ros2_ws/install/colreg_package/lib/colreg_package
[1.107s] Installing target_ship_control script to /home/filip/ros2_ws/install/colreg_package/lib/colreg_package
[1.108s] Installing tcpa_dcpa script to /home/filip/ros2_ws/install/colreg_package/lib/colreg_package
[1.108s] writing list of installed files to '/home/filip/ros2_ws/build/colreg_package/install.log'
[1.138s] Invoked command in '/home/filip/ros2_ws/src/colreg_package' returned '0': PYTHONPATH=/home/filip/ros2_ws/build/colreg_package/prefix_override:/home/filip/ros2_ws/install/colreg_package/lib/python3.10/site-packages:${PYTHONPATH} /usr/bin/python3 setup.py egg_info --egg-base ../../build/colreg_package build --build-base /home/filip/ros2_ws/build/colreg_package/build install --record /home/filip/ros2_ws/build/colreg_package/install.log --single-version-externally-managed
