[0.034s] Invoking command in '/home/filip/ros2_ws/build/colreg_interfaces': CMAKE_PREFIX_PATH=${CMAKE_PREFIX_PATH}:/home/filip/ros2_ws/install/py_pubsub:/home/filip/ros2_ws/install/colreg_package_test:/home/filip/ros2_ws/install/colreg_package:/opt/ros/humble /usr/bin/cmake --build /home/filip/ros2_ws/build/colreg_interfaces -- -j2 -l2
[0.184s] -- Found ament_lint_auto: 0.12.4 (/opt/ros/humble/share/ament_lint_auto/cmake)
[0.468s] -- Found ament_cmake: 1.3.2 (/opt/ros/humble/share/ament_cmake/cmake)
[0.492s] -- Found std_msgs: 4.2.2 (/opt/ros/humble/share/std_msgs/cmake)
[0.548s] -- Found rosidl_generator_c: 3.1.3 (/opt/ros/humble/share/rosidl_generator_c/cmake)
[0.554s] -- Found rosidl_adapter: 3.1.3 (/opt/ros/humble/share/rosidl_adapter/cmake)
[0.567s] -- Found rosidl_generator_cpp: 3.1.3 (/opt/ros/humble/share/rosidl_generator_cpp/cmake)
[0.588s] -- Using all available rosidl_typesupport_c: rosidl_typesupport_fastrtps_c;rosidl_typesupport_introspection_c
[0.613s] -- Using all available rosidl_typesupport_cpp: rosidl_typesupport_fastrtps_cpp;rosidl_typesupport_introspection_cpp
[0.690s] -- Found turtlesim: 1.4.2 (/opt/ros/humble/share/turtlesim/cmake)
[0.889s] -- Found rosidl_default_generators: 1.2.0 (/opt/ros/humble/share/rosidl_default_generators/cmake)
[1.163s] -- Found ament_cmake_ros: 0.10.0 (/opt/ros/humble/share/ament_cmake_ros/cmake)
[1.559s] -- Using all available rosidl_typesupport_c: rosidl_typesupport_fastrtps_c;rosidl_typesupport_introspection_c
[1.697s] -- Using all available rosidl_typesupport_cpp: rosidl_typesupport_fastrtps_cpp;rosidl_typesupport_introspection_cpp
[1.719s] -- Found python_cmake_module: 0.10.0 (/opt/ros/humble/share/python_cmake_module/cmake)
[1.743s] -- Using PYTHON_EXECUTABLE: /usr/bin/python3
[1.743s] -- Using PYTHON_INCLUDE_DIRS: /usr/include/python3.10
[1.743s] -- Using PYTHON_LIBRARIES: /usr/lib/x86_64-linux-gnu/libpython3.10.so
[1.782s] -- Added test 'lint_cmake' to check CMake code style
[1.784s] -- Added test 'xmllint' to check XML markup files
[1.796s] -- Configuring done
[1.894s] -- Generating done
[1.900s] -- Build files have been written to: /home/filip/ros2_ws/build/colreg_interfaces
[1.941s] [  2%] [34m[1mGenerating C++ code for ROS interfaces[0m
[1.942s] [  5%] [34m[1mGenerating C code for ROS interfaces[0m
[2.334s] [  5%] Built target colreg_interfaces__cpp
[2.369s] [35m[1mConsolidate compiler generated dependencies of target colreg_interfaces__rosidl_generator_c[0m
[2.390s] [  5%] Built target ament_cmake_python_copy_colreg_interfaces
[2.399s] [  7%] [32mBuilding C object CMakeFiles/colreg_interfaces__rosidl_generator_c.dir/rosidl_generator_c/colreg_interfaces/msg/detail/ship_data__functions.c.o[0m
[2.411s] [ 10%] [34m[1mGenerating C++ type support dispatch for ROS interfaces[0m
[2.562s] [ 12%] [32mBuilding C object CMakeFiles/colreg_interfaces__rosidl_generator_c.dir/rosidl_generator_c/colreg_interfaces/msg/detail/avoidance_scenario__functions.c.o[0m
[2.631s] [ 15%] [32m[1mLinking C shared library libcolreg_interfaces__rosidl_generator_c.so[0m
[2.692s] [ 15%] Built target colreg_interfaces__rosidl_generator_c
[2.703s] [ 17%] [34m[1mGenerating C++ type support for eProsima Fast-RTPS[0m
[2.740s] [35m[1mConsolidate compiler generated dependencies of target colreg_interfaces__rosidl_typesupport_cpp[0m
[2.770s] [ 20%] [32mBuilding CXX object CMakeFiles/colreg_interfaces__rosidl_typesupport_cpp.dir/rosidl_typesupport_cpp/colreg_interfaces/msg/ship_data__type_support.cpp.o[0m
[3.092s] [35m[1mConsolidate compiler generated dependencies of target colreg_interfaces__rosidl_typesupport_fastrtps_cpp[0m
[3.110s] [ 23%] [32mBuilding CXX object CMakeFiles/colreg_interfaces__rosidl_typesupport_fastrtps_cpp.dir/rosidl_typesupport_fastrtps_cpp/colreg_interfaces/msg/detail/dds_fastrtps/ship_data__type_support.cpp.o[0m
[3.190s] [ 25%] [32mBuilding CXX object CMakeFiles/colreg_interfaces__rosidl_typesupport_cpp.dir/rosidl_typesupport_cpp/colreg_interfaces/msg/avoidance_scenario__type_support.cpp.o[0m
[3.525s] [ 28%] [32m[1mLinking CXX shared library libcolreg_interfaces__rosidl_typesupport_cpp.so[0m
[3.554s] [ 30%] [32mBuilding CXX object CMakeFiles/colreg_interfaces__rosidl_typesupport_fastrtps_cpp.dir/rosidl_typesupport_fastrtps_cpp/colreg_interfaces/msg/detail/dds_fastrtps/avoidance_scenario__type_support.cpp.o[0m
[3.577s] [ 30%] Built target colreg_interfaces__rosidl_typesupport_cpp
[3.588s] [ 33%] [34m[1mGenerating C introspection for ROS interfaces[0m
[3.934s] [ 35%] [32m[1mLinking CXX shared library libcolreg_interfaces__rosidl_typesupport_fastrtps_cpp.so[0m
[3.936s] [35m[1mConsolidate compiler generated dependencies of target colreg_interfaces__rosidl_typesupport_introspection_c[0m
[3.950s] [ 38%] [32mBuilding C object CMakeFiles/colreg_interfaces__rosidl_typesupport_introspection_c.dir/rosidl_typesupport_introspection_c/colreg_interfaces/msg/detail/ship_data__type_support.c.o[0m
[4.000s] [ 41%] [32mBuilding C object CMakeFiles/colreg_interfaces__rosidl_typesupport_introspection_c.dir/rosidl_typesupport_introspection_c/colreg_interfaces/msg/detail/avoidance_scenario__type_support.c.o[0m
[4.033s] [ 41%] Built target colreg_interfaces__rosidl_typesupport_fastrtps_cpp
[4.035s] [ 43%] [32m[1mLinking C shared library libcolreg_interfaces__rosidl_typesupport_introspection_c.so[0m
[4.043s] [ 46%] [34m[1mGenerating C type support dispatch for ROS interfaces[0m
[4.083s] [ 46%] Built target colreg_interfaces__rosidl_typesupport_introspection_c
[4.101s] [ 48%] [34m[1mGenerating C++ introspection for ROS interfaces[0m
[4.329s] [35m[1mConsolidate compiler generated dependencies of target colreg_interfaces__rosidl_typesupport_c[0m
[4.341s] [ 51%] [32mBuilding CXX object CMakeFiles/colreg_interfaces__rosidl_typesupport_c.dir/rosidl_typesupport_c/colreg_interfaces/msg/ship_data__type_support.cpp.o[0m
[4.378s] [ 53%] [32mBuilding CXX object CMakeFiles/colreg_interfaces__rosidl_typesupport_c.dir/rosidl_typesupport_c/colreg_interfaces/msg/avoidance_scenario__type_support.cpp.o[0m
[4.406s] [35m[1mConsolidate compiler generated dependencies of target colreg_interfaces__rosidl_typesupport_introspection_cpp[0m
[4.408s] [ 56%] [32m[1mLinking CXX shared library libcolreg_interfaces__rosidl_typesupport_c.so[0m
[4.430s] [ 58%] [32mBuilding CXX object CMakeFiles/colreg_interfaces__rosidl_typesupport_introspection_cpp.dir/rosidl_typesupport_introspection_cpp/colreg_interfaces/msg/detail/ship_data__type_support.cpp.o[0m
[4.457s] [ 58%] Built target colreg_interfaces__rosidl_typesupport_c
[4.720s] running egg_info
[4.720s] writing colreg_interfaces.egg-info/PKG-INFO
[4.721s] writing dependency_links to colreg_interfaces.egg-info/dependency_links.txt
[4.722s] writing top-level names to colreg_interfaces.egg-info/top_level.txt
[4.724s] reading manifest file 'colreg_interfaces.egg-info/SOURCES.txt'
[4.725s] writing manifest file 'colreg_interfaces.egg-info/SOURCES.txt'
[4.750s] [ 58%] Built target ament_cmake_python_build_colreg_interfaces_egg
[4.762s] [ 61%] [34m[1mGenerating C type support for eProsima Fast-RTPS[0m
[4.858s] [ 64%] [32mBuilding CXX object CMakeFiles/colreg_interfaces__rosidl_typesupport_introspection_cpp.dir/rosidl_typesupport_introspection_cpp/colreg_interfaces/msg/detail/avoidance_scenario__type_support.cpp.o[0m
[5.136s] [35m[1mConsolidate compiler generated dependencies of target colreg_interfaces__rosidl_typesupport_fastrtps_c[0m
[5.152s] [ 66%] [32mBuilding CXX object CMakeFiles/colreg_interfaces__rosidl_typesupport_fastrtps_c.dir/rosidl_typesupport_fastrtps_c/colreg_interfaces/msg/detail/ship_data__type_support_c.cpp.o[0m
[5.242s] [ 69%] [32m[1mLinking CXX shared library libcolreg_interfaces__rosidl_typesupport_introspection_cpp.so[0m
[5.314s] [ 69%] Built target colreg_interfaces__rosidl_typesupport_introspection_cpp
[5.325s] [ 71%] [32mBuilding CXX object CMakeFiles/colreg_interfaces__rosidl_typesupport_fastrtps_c.dir/rosidl_typesupport_fastrtps_c/colreg_interfaces/msg/detail/avoidance_scenario__type_support_c.cpp.o[0m
[5.646s] [ 74%] [32m[1mLinking CXX shared library libcolreg_interfaces__rosidl_typesupport_fastrtps_c.so[0m
[5.732s] [ 74%] Built target colreg_interfaces__rosidl_typesupport_fastrtps_c
[5.754s] [ 74%] Built target colreg_interfaces
[5.779s] [ 76%] [34m[1mGenerating Python code for ROS interfaces[0m
[6.435s] [ 76%] Built target colreg_interfaces__py
[6.448s] [35m[1mConsolidate compiler generated dependencies of target colreg_interfaces__rosidl_generator_py[0m
[6.468s] [ 79%] [32mBuilding C object CMakeFiles/colreg_interfaces__rosidl_generator_py.dir/rosidl_generator_py/colreg_interfaces/msg/_ship_data_s.c.o[0m
[6.475s] [ 82%] [32mBuilding C object CMakeFiles/colreg_interfaces__rosidl_generator_py.dir/rosidl_generator_py/colreg_interfaces/msg/_avoidance_scenario_s.c.o[0m
[6.634s] [ 84%] [32m[1mLinking C shared library rosidl_generator_py/colreg_interfaces/libcolreg_interfaces__rosidl_generator_py.so[0m
[6.676s] [ 84%] Built target colreg_interfaces__rosidl_generator_py
[6.691s] [35m[1mConsolidate compiler generated dependencies of target colreg_interfaces__rosidl_typesupport_introspection_c__pyext[0m
[6.698s] [35m[1mConsolidate compiler generated dependencies of target colreg_interfaces__rosidl_typesupport_fastrtps_c__pyext[0m
[6.708s] [ 87%] [32mBuilding C object CMakeFiles/colreg_interfaces__rosidl_typesupport_introspection_c__pyext.dir/rosidl_generator_py/colreg_interfaces/_colreg_interfaces_s.ep.rosidl_typesupport_introspection_c.c.o[0m
[6.714s] [ 89%] [32mBuilding C object CMakeFiles/colreg_interfaces__rosidl_typesupport_fastrtps_c__pyext.dir/rosidl_generator_py/colreg_interfaces/_colreg_interfaces_s.ep.rosidl_typesupport_fastrtps_c.c.o[0m
[6.810s] [ 92%] [32m[1mLinking C shared library rosidl_generator_py/colreg_interfaces/colreg_interfaces_s__rosidl_typesupport_introspection_c.cpython-310-x86_64-linux-gnu.so[0m
[6.816s] [ 94%] [32m[1mLinking C shared library rosidl_generator_py/colreg_interfaces/colreg_interfaces_s__rosidl_typesupport_fastrtps_c.cpython-310-x86_64-linux-gnu.so[0m
[6.852s] [ 94%] Built target colreg_interfaces__rosidl_typesupport_introspection_c__pyext
[6.859s] [ 94%] Built target colreg_interfaces__rosidl_typesupport_fastrtps_c__pyext
[6.864s] [35m[1mConsolidate compiler generated dependencies of target colreg_interfaces__rosidl_typesupport_c__pyext[0m
[6.881s] [ 97%] [32mBuilding C object CMakeFiles/colreg_interfaces__rosidl_typesupport_c__pyext.dir/rosidl_generator_py/colreg_interfaces/_colreg_interfaces_s.ep.rosidl_typesupport_c.c.o[0m
[6.989s] [100%] [32m[1mLinking C shared library rosidl_generator_py/colreg_interfaces/colreg_interfaces_s__rosidl_typesupport_c.cpython-310-x86_64-linux-gnu.so[0m
[7.031s] [100%] Built target colreg_interfaces__rosidl_typesupport_c__pyext
[7.046s] Invoked command in '/home/filip/ros2_ws/build/colreg_interfaces' returned '0': CMAKE_PREFIX_PATH=${CMAKE_PREFIX_PATH}:/home/filip/ros2_ws/install/py_pubsub:/home/filip/ros2_ws/install/colreg_package_test:/home/filip/ros2_ws/install/colreg_package:/opt/ros/humble /usr/bin/cmake --build /home/filip/ros2_ws/build/colreg_interfaces -- -j2 -l2
[7.196s] Invoking command in '/home/filip/ros2_ws/build/colreg_interfaces': CMAKE_PREFIX_PATH=${CMAKE_PREFIX_PATH}:/home/filip/ros2_ws/install/py_pubsub:/home/filip/ros2_ws/install/colreg_package_test:/home/filip/ros2_ws/install/colreg_package:/opt/ros/humble /usr/bin/cmake --install /home/filip/ros2_ws/build/colreg_interfaces
[7.205s] -- Install configuration: ""
[7.206s] -- Up-to-date: /home/filip/ros2_ws/install/colreg_interfaces/share/ament_index/resource_index/rosidl_interfaces/colreg_interfaces
[7.206s] -- Up-to-date: /home/filip/ros2_ws/install/colreg_interfaces/include/colreg_interfaces/colreg_interfaces
[7.206s] -- Up-to-date: /home/filip/ros2_ws/install/colreg_interfaces/include/colreg_interfaces/colreg_interfaces/msg
[7.206s] -- Installing: /home/filip/ros2_ws/install/colreg_interfaces/include/colreg_interfaces/colreg_interfaces/msg/ship_data.h
[7.206s] -- Up-to-date: /home/filip/ros2_ws/install/colreg_interfaces/include/colreg_interfaces/colreg_interfaces/msg/detail
[7.206s] -- Installing: /home/filip/ros2_ws/install/colreg_interfaces/include/colreg_interfaces/colreg_interfaces/msg/detail/ship_data__functions.c
[7.207s] -- Installing: /home/filip/ros2_ws/install/colreg_interfaces/include/colreg_interfaces/colreg_interfaces/msg/detail/avoidance_scenario__struct.h
[7.207s] -- Installing: /home/filip/ros2_ws/install/colreg_interfaces/include/colreg_interfaces/colreg_interfaces/msg/detail/avoidance_scenario__functions.c
[7.207s] -- Installing: /home/filip/ros2_ws/install/colreg_interfaces/include/colreg_interfaces/colreg_interfaces/msg/detail/ship_data__type_support.h
[7.207s] -- Up-to-date: /home/filip/ros2_ws/install/colreg_interfaces/include/colreg_interfaces/colreg_interfaces/msg/detail/colreg__functions.c
[7.207s] -- Up-to-date: /home/filip/ros2_ws/install/colreg_interfaces/include/colreg_interfaces/colreg_interfaces/msg/detail/colreg__functions.h
[7.207s] -- Installing: /home/filip/ros2_ws/install/colreg_interfaces/include/colreg_interfaces/colreg_interfaces/msg/detail/avoidance_scenario__type_support.h
[7.207s] -- Up-to-date: /home/filip/ros2_ws/install/colreg_interfaces/include/colreg_interfaces/colreg_interfaces/msg/detail/colreg__type_support.h
[7.207s] -- Up-to-date: /home/filip/ros2_ws/install/colreg_interfaces/include/colreg_interfaces/colreg_interfaces/msg/detail/colreg__struct.h
[7.208s] -- Installing: /home/filip/ros2_ws/install/colreg_interfaces/include/colreg_interfaces/colreg_interfaces/msg/detail/avoidance_scenario__functions.h
[7.208s] -- Installing: /home/filip/ros2_ws/install/colreg_interfaces/include/colreg_interfaces/colreg_interfaces/msg/detail/ship_data__struct.h
[7.208s] -- Installing: /home/filip/ros2_ws/install/colreg_interfaces/include/colreg_interfaces/colreg_interfaces/msg/detail/ship_data__functions.h
[7.208s] -- Up-to-date: /home/filip/ros2_ws/install/colreg_interfaces/include/colreg_interfaces/colreg_interfaces/msg/rosidl_generator_c__visibility_control.h
[7.208s] -- Installing: /home/filip/ros2_ws/install/colreg_interfaces/include/colreg_interfaces/colreg_interfaces/msg/avoidance_scenario.h
[7.208s] -- Up-to-date: /home/filip/ros2_ws/install/colreg_interfaces/include/colreg_interfaces/colreg_interfaces/msg/colreg.h
[7.208s] -- Up-to-date: /home/filip/ros2_ws/install/colreg_interfaces/share/colreg_interfaces/environment/library_path.sh
[7.208s] -- Installing: /home/filip/ros2_ws/install/colreg_interfaces/share/colreg_interfaces/environment/library_path.dsv
[7.209s] -- Installing: /home/filip/ros2_ws/install/colreg_interfaces/lib/libcolreg_interfaces__rosidl_generator_c.so
[7.210s] -- Set runtime path of "/home/filip/ros2_ws/install/colreg_interfaces/lib/libcolreg_interfaces__rosidl_generator_c.so" to ""
[7.210s] -- Up-to-date: /home/filip/ros2_ws/install/colreg_interfaces/include/colreg_interfaces/colreg_interfaces
[7.210s] -- Up-to-date: /home/filip/ros2_ws/install/colreg_interfaces/include/colreg_interfaces/colreg_interfaces/msg
[7.210s] -- Up-to-date: /home/filip/ros2_ws/install/colreg_interfaces/include/colreg_interfaces/colreg_interfaces/msg/detail
[7.210s] -- Installing: /home/filip/ros2_ws/install/colreg_interfaces/include/colreg_interfaces/colreg_interfaces/msg/detail/ship_data__rosidl_typesupport_fastrtps_c.h
[7.211s] -- Installing: /home/filip/ros2_ws/install/colreg_interfaces/include/colreg_interfaces/colreg_interfaces/msg/detail/avoidance_scenario__rosidl_typesupport_fastrtps_c.h
[7.211s] -- Up-to-date: /home/filip/ros2_ws/install/colreg_interfaces/include/colreg_interfaces/colreg_interfaces/msg/detail/colreg__rosidl_typesupport_fastrtps_c.h
[7.211s] -- Up-to-date: /home/filip/ros2_ws/install/colreg_interfaces/include/colreg_interfaces/colreg_interfaces/msg/rosidl_typesupport_fastrtps_c__visibility_control.h
[7.211s] -- Installing: /home/filip/ros2_ws/install/colreg_interfaces/lib/libcolreg_interfaces__rosidl_typesupport_fastrtps_c.so
[7.212s] -- Set runtime path of "/home/filip/ros2_ws/install/colreg_interfaces/lib/libcolreg_interfaces__rosidl_typesupport_fastrtps_c.so" to ""
[7.212s] -- Up-to-date: /home/filip/ros2_ws/install/colreg_interfaces/include/colreg_interfaces/colreg_interfaces
[7.212s] -- Up-to-date: /home/filip/ros2_ws/install/colreg_interfaces/include/colreg_interfaces/colreg_interfaces/msg
[7.212s] -- Up-to-date: /home/filip/ros2_ws/install/colreg_interfaces/include/colreg_interfaces/colreg_interfaces/msg/detail
[7.212s] -- Installing: /home/filip/ros2_ws/install/colreg_interfaces/include/colreg_interfaces/colreg_interfaces/msg/detail/avoidance_scenario__struct.hpp
[7.213s] -- Installing: /home/filip/ros2_ws/install/colreg_interfaces/include/colreg_interfaces/colreg_interfaces/msg/detail/ship_data__traits.hpp
[7.213s] -- Installing: /home/filip/ros2_ws/install/colreg_interfaces/include/colreg_interfaces/colreg_interfaces/msg/detail/ship_data__struct.hpp
[7.213s] -- Up-to-date: /home/filip/ros2_ws/install/colreg_interfaces/include/colreg_interfaces/colreg_interfaces/msg/detail/colreg__builder.hpp
[7.213s] -- Installing: /home/filip/ros2_ws/install/colreg_interfaces/include/colreg_interfaces/colreg_interfaces/msg/detail/avoidance_scenario__traits.hpp
[7.213s] -- Installing: /home/filip/ros2_ws/install/colreg_interfaces/include/colreg_interfaces/colreg_interfaces/msg/detail/ship_data__builder.hpp
[7.213s] -- Installing: /home/filip/ros2_ws/install/colreg_interfaces/include/colreg_interfaces/colreg_interfaces/msg/detail/avoidance_scenario__builder.hpp
[7.213s] -- Up-to-date: /home/filip/ros2_ws/install/colreg_interfaces/include/colreg_interfaces/colreg_interfaces/msg/detail/colreg__traits.hpp
[7.214s] -- Up-to-date: /home/filip/ros2_ws/install/colreg_interfaces/include/colreg_interfaces/colreg_interfaces/msg/detail/colreg__struct.hpp
[7.214s] -- Installing: /home/filip/ros2_ws/install/colreg_interfaces/include/colreg_interfaces/colreg_interfaces/msg/avoidance_scenario.hpp
[7.214s] -- Up-to-date: /home/filip/ros2_ws/install/colreg_interfaces/include/colreg_interfaces/colreg_interfaces/msg/colreg.hpp
[7.214s] -- Installing: /home/filip/ros2_ws/install/colreg_interfaces/include/colreg_interfaces/colreg_interfaces/msg/ship_data.hpp
[7.214s] -- Up-to-date: /home/filip/ros2_ws/install/colreg_interfaces/include/colreg_interfaces/colreg_interfaces
[7.214s] -- Up-to-date: /home/filip/ros2_ws/install/colreg_interfaces/include/colreg_interfaces/colreg_interfaces/msg
[7.214s] -- Up-to-date: /home/filip/ros2_ws/install/colreg_interfaces/include/colreg_interfaces/colreg_interfaces/msg/detail
[7.214s] -- Installing: /home/filip/ros2_ws/install/colreg_interfaces/include/colreg_interfaces/colreg_interfaces/msg/detail/avoidance_scenario__rosidl_typesupport_fastrtps_cpp.hpp
[7.219s] -- Up-to-date: /home/filip/ros2_ws/install/colreg_interfaces/include/colreg_interfaces/colreg_interfaces/msg/detail/colreg__rosidl_typesupport_fastrtps_cpp.hpp
[7.219s] -- Installing: /home/filip/ros2_ws/install/colreg_interfaces/include/colreg_interfaces/colreg_interfaces/msg/detail/ship_data__rosidl_typesupport_fastrtps_cpp.hpp
[7.219s] -- Up-to-date: /home/filip/ros2_ws/install/colreg_interfaces/include/colreg_interfaces/colreg_interfaces/msg/detail/dds_fastrtps
[7.219s] -- Up-to-date: /home/filip/ros2_ws/install/colreg_interfaces/include/colreg_interfaces/colreg_interfaces/msg/rosidl_typesupport_fastrtps_cpp__visibility_control.h
[7.222s] -- Installing: /home/filip/ros2_ws/install/colreg_interfaces/lib/libcolreg_interfaces__rosidl_typesupport_fastrtps_cpp.so
[7.222s] -- Set runtime path of "/home/filip/ros2_ws/install/colreg_interfaces/lib/libcolreg_interfaces__rosidl_typesupport_fastrtps_cpp.so" to ""
[7.222s] -- Up-to-date: /home/filip/ros2_ws/install/colreg_interfaces/include/colreg_interfaces/colreg_interfaces
[7.222s] -- Up-to-date: /home/filip/ros2_ws/install/colreg_interfaces/include/colreg_interfaces/colreg_interfaces/msg
[7.222s] -- Up-to-date: /home/filip/ros2_ws/install/colreg_interfaces/include/colreg_interfaces/colreg_interfaces/msg/detail
[7.222s] -- Up-to-date: /home/filip/ros2_ws/install/colreg_interfaces/include/colreg_interfaces/colreg_interfaces/msg/detail/colreg__type_support.c
[7.222s] -- Installing: /home/filip/ros2_ws/install/colreg_interfaces/include/colreg_interfaces/colreg_interfaces/msg/detail/avoidance_scenario__type_support.c
[7.222s] -- Installing: /home/filip/ros2_ws/install/colreg_interfaces/include/colreg_interfaces/colreg_interfaces/msg/detail/avoidance_scenario__rosidl_typesupport_introspection_c.h
[7.222s] -- Installing: /home/filip/ros2_ws/install/colreg_interfaces/include/colreg_interfaces/colreg_interfaces/msg/detail/ship_data__type_support.c
[7.222s] -- Installing: /home/filip/ros2_ws/install/colreg_interfaces/include/colreg_interfaces/colreg_interfaces/msg/detail/ship_data__rosidl_typesupport_introspection_c.h
[7.223s] -- Up-to-date: /home/filip/ros2_ws/install/colreg_interfaces/include/colreg_interfaces/colreg_interfaces/msg/detail/colreg__rosidl_typesupport_introspection_c.h
[7.223s] -- Up-to-date: /home/filip/ros2_ws/install/colreg_interfaces/include/colreg_interfaces/colreg_interfaces/msg/rosidl_typesupport_introspection_c__visibility_control.h
[7.224s] -- Installing: /home/filip/ros2_ws/install/colreg_interfaces/lib/libcolreg_interfaces__rosidl_typesupport_introspection_c.so
[7.224s] -- Set runtime path of "/home/filip/ros2_ws/install/colreg_interfaces/lib/libcolreg_interfaces__rosidl_typesupport_introspection_c.so" to ""
[7.226s] -- Installing: /home/filip/ros2_ws/install/colreg_interfaces/lib/libcolreg_interfaces__rosidl_typesupport_c.so
[7.226s] -- Set runtime path of "/home/filip/ros2_ws/install/colreg_interfaces/lib/libcolreg_interfaces__rosidl_typesupport_c.so" to ""
[7.226s] -- Up-to-date: /home/filip/ros2_ws/install/colreg_interfaces/include/colreg_interfaces/colreg_interfaces
[7.226s] -- Up-to-date: /home/filip/ros2_ws/install/colreg_interfaces/include/colreg_interfaces/colreg_interfaces/msg
[7.227s] -- Up-to-date: /home/filip/ros2_ws/install/colreg_interfaces/include/colreg_interfaces/colreg_interfaces/msg/detail
[7.227s] -- Installing: /home/filip/ros2_ws/install/colreg_interfaces/include/colreg_interfaces/colreg_interfaces/msg/detail/avoidance_scenario__type_support.cpp
[7.227s] -- Installing: /home/filip/ros2_ws/install/colreg_interfaces/include/colreg_interfaces/colreg_interfaces/msg/detail/ship_data__rosidl_typesupport_introspection_cpp.hpp
[7.227s] -- Installing: /home/filip/ros2_ws/install/colreg_interfaces/include/colreg_interfaces/colreg_interfaces/msg/detail/avoidance_scenario__rosidl_typesupport_introspection_cpp.hpp
[7.227s] -- Installing: /home/filip/ros2_ws/install/colreg_interfaces/include/colreg_interfaces/colreg_interfaces/msg/detail/ship_data__type_support.cpp
[7.227s] -- Up-to-date: /home/filip/ros2_ws/install/colreg_interfaces/include/colreg_interfaces/colreg_interfaces/msg/detail/colreg__rosidl_typesupport_introspection_cpp.hpp
[7.227s] -- Up-to-date: /home/filip/ros2_ws/install/colreg_interfaces/include/colreg_interfaces/colreg_interfaces/msg/detail/colreg__type_support.cpp
[7.228s] -- Installing: /home/filip/ros2_ws/install/colreg_interfaces/lib/libcolreg_interfaces__rosidl_typesupport_introspection_cpp.so
[7.228s] -- Set runtime path of "/home/filip/ros2_ws/install/colreg_interfaces/lib/libcolreg_interfaces__rosidl_typesupport_introspection_cpp.so" to ""
[7.229s] -- Installing: /home/filip/ros2_ws/install/colreg_interfaces/lib/libcolreg_interfaces__rosidl_typesupport_cpp.so
[7.230s] -- Set runtime path of "/home/filip/ros2_ws/install/colreg_interfaces/lib/libcolreg_interfaces__rosidl_typesupport_cpp.so" to ""
[7.230s] -- Up-to-date: /home/filip/ros2_ws/install/colreg_interfaces/share/colreg_interfaces/environment/pythonpath.sh
[7.230s] -- Installing: /home/filip/ros2_ws/install/colreg_interfaces/share/colreg_interfaces/environment/pythonpath.dsv
[7.231s] -- Up-to-date: /home/filip/ros2_ws/install/colreg_interfaces/local/lib/python3.10/dist-packages/colreg_interfaces-0.0.0-py3.10.egg-info
[7.231s] -- Installing: /home/filip/ros2_ws/install/colreg_interfaces/local/lib/python3.10/dist-packages/colreg_interfaces-0.0.0-py3.10.egg-info/SOURCES.txt
[7.232s] -- Installing: /home/filip/ros2_ws/install/colreg_interfaces/local/lib/python3.10/dist-packages/colreg_interfaces-0.0.0-py3.10.egg-info/dependency_links.txt
[7.232s] -- Installing: /home/filip/ros2_ws/install/colreg_interfaces/local/lib/python3.10/dist-packages/colreg_interfaces-0.0.0-py3.10.egg-info/top_level.txt
[7.232s] -- Installing: /home/filip/ros2_ws/install/colreg_interfaces/local/lib/python3.10/dist-packages/colreg_interfaces-0.0.0-py3.10.egg-info/PKG-INFO
[7.233s] -- Up-to-date: /home/filip/ros2_ws/install/colreg_interfaces/local/lib/python3.10/dist-packages/colreg_interfaces
[7.233s] -- Installing: /home/filip/ros2_ws/install/colreg_interfaces/local/lib/python3.10/dist-packages/colreg_interfaces/_colreg_interfaces_s.ep.rosidl_typesupport_fastrtps_c.c
[7.234s] -- Installing: /home/filip/ros2_ws/install/colreg_interfaces/local/lib/python3.10/dist-packages/colreg_interfaces/colreg_interfaces_s__rosidl_typesupport_fastrtps_c.cpython-310-x86_64-linux-gnu.so
[7.234s] -- Installing: /home/filip/ros2_ws/install/colreg_interfaces/local/lib/python3.10/dist-packages/colreg_interfaces/colreg_interfaces_s__rosidl_typesupport_introspection_c.cpython-310-x86_64-linux-gnu.so
[7.234s] -- Installing: /home/filip/ros2_ws/install/colreg_interfaces/local/lib/python3.10/dist-packages/colreg_interfaces/colreg_interfaces_s__rosidl_typesupport_c.cpython-310-x86_64-linux-gnu.so
[7.235s] -- Up-to-date: /home/filip/ros2_ws/install/colreg_interfaces/local/lib/python3.10/dist-packages/colreg_interfaces/msg
[7.235s] -- Installing: /home/filip/ros2_ws/install/colreg_interfaces/local/lib/python3.10/dist-packages/colreg_interfaces/msg/_avoidance_scenario.py
[7.235s] -- Up-to-date: /home/filip/ros2_ws/install/colreg_interfaces/local/lib/python3.10/dist-packages/colreg_interfaces/msg/_colreg.py
[7.235s] -- Installing: /home/filip/ros2_ws/install/colreg_interfaces/local/lib/python3.10/dist-packages/colreg_interfaces/msg/_avoidance_scenario_s.c
[7.236s] -- Installing: /home/filip/ros2_ws/install/colreg_interfaces/local/lib/python3.10/dist-packages/colreg_interfaces/msg/_ship_data.py
[7.236s] -- Installing: /home/filip/ros2_ws/install/colreg_interfaces/local/lib/python3.10/dist-packages/colreg_interfaces/msg/_ship_data_s.c
[7.236s] -- Up-to-date: /home/filip/ros2_ws/install/colreg_interfaces/local/lib/python3.10/dist-packages/colreg_interfaces/msg/_colreg_s.c
[7.236s] -- Installing: /home/filip/ros2_ws/install/colreg_interfaces/local/lib/python3.10/dist-packages/colreg_interfaces/msg/__init__.py
[7.237s] -- Installing: /home/filip/ros2_ws/install/colreg_interfaces/local/lib/python3.10/dist-packages/colreg_interfaces/libcolreg_interfaces__rosidl_generator_py.so
[7.237s] -- Installing: /home/filip/ros2_ws/install/colreg_interfaces/local/lib/python3.10/dist-packages/colreg_interfaces/__init__.py
[7.237s] -- Installing: /home/filip/ros2_ws/install/colreg_interfaces/local/lib/python3.10/dist-packages/colreg_interfaces/_colreg_interfaces_s.ep.rosidl_typesupport_c.c
[7.238s] -- Installing: /home/filip/ros2_ws/install/colreg_interfaces/local/lib/python3.10/dist-packages/colreg_interfaces/_colreg_interfaces_s.ep.rosidl_typesupport_introspection_c.c
[7.282s] Listing '/home/filip/ros2_ws/install/colreg_interfaces/local/lib/python3.10/dist-packages/colreg_interfaces'...
[7.282s] Compiling '/home/filip/ros2_ws/install/colreg_interfaces/local/lib/python3.10/dist-packages/colreg_interfaces/__init__.py'...
[7.282s] Listing '/home/filip/ros2_ws/install/colreg_interfaces/local/lib/python3.10/dist-packages/colreg_interfaces/msg'...
[7.282s] Compiling '/home/filip/ros2_ws/install/colreg_interfaces/local/lib/python3.10/dist-packages/colreg_interfaces/msg/__init__.py'...
[7.282s] Compiling '/home/filip/ros2_ws/install/colreg_interfaces/local/lib/python3.10/dist-packages/colreg_interfaces/msg/_avoidance_scenario.py'...
[7.282s] Compiling '/home/filip/ros2_ws/install/colreg_interfaces/local/lib/python3.10/dist-packages/colreg_interfaces/msg/_ship_data.py'...
[7.289s] -- Installing: /home/filip/ros2_ws/install/colreg_interfaces/local/lib/python3.10/dist-packages/colreg_interfaces/colreg_interfaces_s__rosidl_typesupport_fastrtps_c.cpython-310-x86_64-linux-gnu.so
[7.289s] -- Set runtime path of "/home/filip/ros2_ws/install/colreg_interfaces/local/lib/python3.10/dist-packages/colreg_interfaces/colreg_interfaces_s__rosidl_typesupport_fastrtps_c.cpython-310-x86_64-linux-gnu.so" to ""
[7.289s] -- Installing: /home/filip/ros2_ws/install/colreg_interfaces/local/lib/python3.10/dist-packages/colreg_interfaces/colreg_interfaces_s__rosidl_typesupport_introspection_c.cpython-310-x86_64-linux-gnu.so
[7.289s] -- Set runtime path of "/home/filip/ros2_ws/install/colreg_interfaces/local/lib/python3.10/dist-packages/colreg_interfaces/colreg_interfaces_s__rosidl_typesupport_introspection_c.cpython-310-x86_64-linux-gnu.so" to ""
[7.289s] -- Installing: /home/filip/ros2_ws/install/colreg_interfaces/local/lib/python3.10/dist-packages/colreg_interfaces/colreg_interfaces_s__rosidl_typesupport_c.cpython-310-x86_64-linux-gnu.so
[7.289s] -- Set runtime path of "/home/filip/ros2_ws/install/colreg_interfaces/local/lib/python3.10/dist-packages/colreg_interfaces/colreg_interfaces_s__rosidl_typesupport_c.cpython-310-x86_64-linux-gnu.so" to ""
[7.294s] -- Installing: /home/filip/ros2_ws/install/colreg_interfaces/lib/libcolreg_interfaces__rosidl_generator_py.so
[7.295s] -- Set runtime path of "/home/filip/ros2_ws/install/colreg_interfaces/lib/libcolreg_interfaces__rosidl_generator_py.so" to ""
[7.295s] -- Installing: /home/filip/ros2_ws/install/colreg_interfaces/share/colreg_interfaces/msg/ShipData.idl
[7.296s] -- Installing: /home/filip/ros2_ws/install/colreg_interfaces/share/colreg_interfaces/msg/AvoidanceScenario.idl
[7.296s] -- Installing: /home/filip/ros2_ws/install/colreg_interfaces/share/colreg_interfaces/msg/ShipData.msg
[7.297s] -- Installing: /home/filip/ros2_ws/install/colreg_interfaces/share/colreg_interfaces/msg/AvoidanceScenario.msg
[7.297s] -- Up-to-date: /home/filip/ros2_ws/install/colreg_interfaces/share/ament_index/resource_index/package_run_dependencies/colreg_interfaces
[7.297s] -- Up-to-date: /home/filip/ros2_ws/install/colreg_interfaces/share/ament_index/resource_index/parent_prefix_path/colreg_interfaces
[7.297s] -- Up-to-date: /home/filip/ros2_ws/install/colreg_interfaces/share/colreg_interfaces/environment/ament_prefix_path.sh
[7.297s] -- Installing: /home/filip/ros2_ws/install/colreg_interfaces/share/colreg_interfaces/environment/ament_prefix_path.dsv
[7.298s] -- Up-to-date: /home/filip/ros2_ws/install/colreg_interfaces/share/colreg_interfaces/environment/path.sh
[7.298s] -- Installing: /home/filip/ros2_ws/install/colreg_interfaces/share/colreg_interfaces/environment/path.dsv
[7.299s] -- Up-to-date: /home/filip/ros2_ws/install/colreg_interfaces/share/colreg_interfaces/local_setup.bash
[7.299s] -- Up-to-date: /home/filip/ros2_ws/install/colreg_interfaces/share/colreg_interfaces/local_setup.sh
[7.299s] -- Up-to-date: /home/filip/ros2_ws/install/colreg_interfaces/share/colreg_interfaces/local_setup.zsh
[7.300s] -- Installing: /home/filip/ros2_ws/install/colreg_interfaces/share/colreg_interfaces/local_setup.dsv
[7.300s] -- Installing: /home/filip/ros2_ws/install/colreg_interfaces/share/colreg_interfaces/package.dsv
[7.300s] -- Up-to-date: /home/filip/ros2_ws/install/colreg_interfaces/share/ament_index/resource_index/packages/colreg_interfaces
[7.301s] -- Up-to-date: /home/filip/ros2_ws/install/colreg_interfaces/share/colreg_interfaces/cmake/export_colreg_interfaces__rosidl_generator_cExport.cmake
[7.301s] -- Up-to-date: /home/filip/ros2_ws/install/colreg_interfaces/share/colreg_interfaces/cmake/export_colreg_interfaces__rosidl_generator_cExport-noconfig.cmake
[7.302s] -- Up-to-date: /home/filip/ros2_ws/install/colreg_interfaces/share/colreg_interfaces/cmake/export_colreg_interfaces__rosidl_typesupport_fastrtps_cExport.cmake
[7.302s] -- Up-to-date: /home/filip/ros2_ws/install/colreg_interfaces/share/colreg_interfaces/cmake/export_colreg_interfaces__rosidl_typesupport_fastrtps_cExport-noconfig.cmake
[7.303s] -- Up-to-date: /home/filip/ros2_ws/install/colreg_interfaces/share/colreg_interfaces/cmake/export_colreg_interfaces__rosidl_generator_cppExport.cmake
[7.304s] -- Up-to-date: /home/filip/ros2_ws/install/colreg_interfaces/share/colreg_interfaces/cmake/export_colreg_interfaces__rosidl_typesupport_fastrtps_cppExport.cmake
[7.304s] -- Up-to-date: /home/filip/ros2_ws/install/colreg_interfaces/share/colreg_interfaces/cmake/export_colreg_interfaces__rosidl_typesupport_fastrtps_cppExport-noconfig.cmake
[7.305s] -- Up-to-date: /home/filip/ros2_ws/install/colreg_interfaces/share/colreg_interfaces/cmake/colreg_interfaces__rosidl_typesupport_introspection_cExport.cmake
[7.305s] -- Up-to-date: /home/filip/ros2_ws/install/colreg_interfaces/share/colreg_interfaces/cmake/colreg_interfaces__rosidl_typesupport_introspection_cExport-noconfig.cmake
[7.305s] -- Up-to-date: /home/filip/ros2_ws/install/colreg_interfaces/share/colreg_interfaces/cmake/colreg_interfaces__rosidl_typesupport_cExport.cmake
[7.306s] -- Up-to-date: /home/filip/ros2_ws/install/colreg_interfaces/share/colreg_interfaces/cmake/colreg_interfaces__rosidl_typesupport_cExport-noconfig.cmake
[7.306s] -- Up-to-date: /home/filip/ros2_ws/install/colreg_interfaces/share/colreg_interfaces/cmake/colreg_interfaces__rosidl_typesupport_introspection_cppExport.cmake
[7.307s] -- Up-to-date: /home/filip/ros2_ws/install/colreg_interfaces/share/colreg_interfaces/cmake/colreg_interfaces__rosidl_typesupport_introspection_cppExport-noconfig.cmake
[7.307s] -- Up-to-date: /home/filip/ros2_ws/install/colreg_interfaces/share/colreg_interfaces/cmake/colreg_interfaces__rosidl_typesupport_cppExport.cmake
[7.308s] -- Up-to-date: /home/filip/ros2_ws/install/colreg_interfaces/share/colreg_interfaces/cmake/colreg_interfaces__rosidl_typesupport_cppExport-noconfig.cmake
[7.308s] -- Up-to-date: /home/filip/ros2_ws/install/colreg_interfaces/share/colreg_interfaces/cmake/export_colreg_interfaces__rosidl_generator_pyExport.cmake
[7.308s] -- Up-to-date: /home/filip/ros2_ws/install/colreg_interfaces/share/colreg_interfaces/cmake/export_colreg_interfaces__rosidl_generator_pyExport-noconfig.cmake
[7.309s] -- Up-to-date: /home/filip/ros2_ws/install/colreg_interfaces/share/colreg_interfaces/cmake/rosidl_cmake-extras.cmake
[7.309s] -- Up-to-date: /home/filip/ros2_ws/install/colreg_interfaces/share/colreg_interfaces/cmake/ament_cmake_export_dependencies-extras.cmake
[7.309s] -- Up-to-date: /home/filip/ros2_ws/install/colreg_interfaces/share/colreg_interfaces/cmake/ament_cmake_export_include_directories-extras.cmake
[7.310s] -- Up-to-date: /home/filip/ros2_ws/install/colreg_interfaces/share/colreg_interfaces/cmake/ament_cmake_export_libraries-extras.cmake
[7.310s] -- Up-to-date: /home/filip/ros2_ws/install/colreg_interfaces/share/colreg_interfaces/cmake/ament_cmake_export_targets-extras.cmake
[7.311s] -- Up-to-date: /home/filip/ros2_ws/install/colreg_interfaces/share/colreg_interfaces/cmake/rosidl_cmake_export_typesupport_targets-extras.cmake
[7.311s] -- Up-to-date: /home/filip/ros2_ws/install/colreg_interfaces/share/colreg_interfaces/cmake/rosidl_cmake_export_typesupport_libraries-extras.cmake
[7.311s] -- Up-to-date: /home/filip/ros2_ws/install/colreg_interfaces/share/colreg_interfaces/cmake/colreg_interfacesConfig.cmake
[7.311s] -- Up-to-date: /home/filip/ros2_ws/install/colreg_interfaces/share/colreg_interfaces/cmake/colreg_interfacesConfig-version.cmake
[7.312s] -- Up-to-date: /home/filip/ros2_ws/install/colreg_interfaces/share/colreg_interfaces/package.xml
[7.319s] Invoked command in '/home/filip/ros2_ws/build/colreg_interfaces' returned '0': CMAKE_PREFIX_PATH=${CMAKE_PREFIX_PATH}:/home/filip/ros2_ws/install/py_pubsub:/home/filip/ros2_ws/install/colreg_package_test:/home/filip/ros2_ws/install/colreg_package:/opt/ros/humble /usr/bin/cmake --install /home/filip/ros2_ws/build/colreg_interfaces
