[0.602s] Invoking command in '/home/filip/ros2_ws/src/colreg_package': PYTHONPATH=/home/filip/ros2_ws/build/colreg_package/prefix_override:/home/filip/ros2_ws/install/colreg_package/lib/python3.10/site-packages:${PYTHONPATH} /usr/bin/python3 setup.py egg_info --egg-base ../../build/colreg_package build --build-base /home/filip/ros2_ws/build/colreg_package/build install --record /home/filip/ros2_ws/build/colreg_package/install.log --single-version-externally-managed
[0.845s] running egg_info
[0.846s] writing ../../build/colreg_package/colreg_package.egg-info/PKG-INFO
[0.846s] writing dependency_links to ../../build/colreg_package/colreg_package.egg-info/dependency_links.txt
[0.847s] writing entry points to ../../build/colreg_package/colreg_package.egg-info/entry_points.txt
[0.847s] writing requirements to ../../build/colreg_package/colreg_package.egg-info/requires.txt
[0.848s] writing top-level names to ../../build/colreg_package/colreg_package.egg-info/top_level.txt
[0.851s] reading manifest file '../../build/colreg_package/colreg_package.egg-info/SOURCES.txt'
[0.852s] writing manifest file '../../build/colreg_package/colreg_package.egg-info/SOURCES.txt'
[0.852s] running build
[0.852s] running build_py
[0.853s] copying colreg_package/avoidance_scenario.py -> /home/filip/ros2_ws/build/colreg_package/build/lib/colreg_package
[0.853s] running install
[0.853s] /usr/lib/python3/dist-packages/setuptools/command/install.py:34: SetuptoolsDeprecationWarning: setup.py install is deprecated. Use build and pip and other standards-based tools.
[0.854s]   warnings.warn(
[0.854s] running install_lib
[0.855s] copying /home/filip/ros2_ws/build/colreg_package/build/lib/colreg_package/avoidance_scenario.py -> /home/filip/ros2_ws/install/colreg_package/lib/python3.10/site-packages/colreg_package
[0.856s] byte-compiling /home/filip/ros2_ws/install/colreg_package/lib/python3.10/site-packages/colreg_package/avoidance_scenario.py to avoidance_scenario.cpython-310.pyc
[0.857s] running install_data
[0.858s] running install_egg_info
[0.859s] removing '/home/filip/ros2_ws/install/colreg_package/lib/python3.10/site-packages/colreg_package-0.0.0-py3.10.egg-info' (and everything under it)
[0.860s] Copying ../../build/colreg_package/colreg_package.egg-info to /home/filip/ros2_ws/install/colreg_package/lib/python3.10/site-packages/colreg_package-0.0.0-py3.10.egg-info
[0.861s] running install_scripts
[0.883s] Installing avoidance_scenario script to /home/filip/ros2_ws/install/colreg_package/lib/colreg_package
[0.883s] Installing main_ship_control script to /home/filip/ros2_ws/install/colreg_package/lib/colreg_package
[0.884s] Installing position script to /home/filip/ros2_ws/install/colreg_package/lib/colreg_package
[0.884s] Installing target_ship_control script to /home/filip/ros2_ws/install/colreg_package/lib/colreg_package
[0.885s] Installing tcpa_dcpa script to /home/filip/ros2_ws/install/colreg_package/lib/colreg_package
[0.886s] writing list of installed files to '/home/filip/ros2_ws/build/colreg_package/install.log'
[0.917s] Invoked command in '/home/filip/ros2_ws/src/colreg_package' returned '0': PYTHONPATH=/home/filip/ros2_ws/build/colreg_package/prefix_override:/home/filip/ros2_ws/install/colreg_package/lib/python3.10/site-packages:${PYTHONPATH} /usr/bin/python3 setup.py egg_info --egg-base ../../build/colreg_package build --build-base /home/filip/ros2_ws/build/colreg_package/build install --record /home/filip/ros2_ws/build/colreg_package/install.log --single-version-externally-managed
