[0.527s] DEBUG:colcon:Command line arguments: ['/usr/bin/colcon', 'build']
[0.527s] DEBUG:colcon:Parsed command line arguments: Namespace(log_base=None, log_level=None, verb_name='build', build_base='build', install_base='install', merge_install=False, symlink_install=False, test_result_base=None, continue_on_error=False, executor='parallel', parallel_workers=2, event_handlers=None, ignore_user_meta=False, metas=['./colcon.meta'], base_paths=['.'], packages_ignore=None, packages_ignore_regex=None, paths=None, packages_up_to=None, packages_up_to_regex=None, packages_above=None, packages_above_and_dependencies=None, packages_above_depth=None, packages_select_by_dep=None, packages_skip_by_dep=None, packages_skip_up_to=None, packages_select_build_failed=False, packages_skip_build_finished=False, packages_select_test_failures=False, packages_skip_test_passed=False, packages_select=None, packages_skip=None, packages_select_regex=None, packages_skip_regex=None, packages_start=None, packages_end=None, allow_overriding=[], cmake_args=None, cmake_target=None, cmake_target_skip_unavailable=False, cmake_clean_cache=False, cmake_clean_first=False, cmake_force_configure=False, ament_cmake_args=None, catkin_cmake_args=None, catkin_skip_building_tests=False, verb_parser=<colcon_defaults.argument_parser.defaults.DefaultArgumentsDecorator object at 0x7fdcc7c73be0>, verb_extension=<colcon_core.verb.build.BuildVerb object at 0x7fdcc861fdf0>, main=<bound method BuildVerb.main of <colcon_core.verb.build.BuildVerb object at 0x7fdcc861fdf0>>)
[0.593s] Level 1:colcon.colcon_core.package_discovery:discover_packages(colcon_meta) check parameters
[0.593s] Level 1:colcon.colcon_core.package_discovery:discover_packages(recursive) check parameters
[0.593s] Level 1:colcon.colcon_core.package_discovery:discover_packages(ignore) check parameters
[0.593s] Level 1:colcon.colcon_core.package_discovery:discover_packages(path) check parameters
[0.593s] Level 1:colcon.colcon_core.package_discovery:discover_packages(colcon_meta) discover
[0.593s] Level 1:colcon.colcon_core.package_discovery:discover_packages(recursive) discover
[0.593s] INFO:colcon.colcon_core.package_discovery:Crawling recursively for packages in '/home/filip/ros2_ws'
[0.593s] Level 1:colcon.colcon_core.package_identification:_identify(.) by extensions ['ignore', 'ignore_ament_install']
[0.593s] Level 1:colcon.colcon_core.package_identification:_identify(.) by extension 'ignore'
[0.593s] Level 1:colcon.colcon_core.package_identification:_identify(.) by extension 'ignore_ament_install'
[0.593s] Level 1:colcon.colcon_core.package_identification:_identify(.) by extensions ['colcon_pkg']
[0.594s] Level 1:colcon.colcon_core.package_identification:_identify(.) by extension 'colcon_pkg'
[0.594s] Level 1:colcon.colcon_core.package_identification:_identify(.) by extensions ['colcon_meta']
[0.594s] Level 1:colcon.colcon_core.package_identification:_identify(.) by extension 'colcon_meta'
[0.594s] Level 1:colcon.colcon_core.package_identification:_identify(.) by extensions ['ros']
[0.594s] Level 1:colcon.colcon_core.package_identification:_identify(.) by extension 'ros'
[0.606s] Level 1:colcon.colcon_core.package_identification:_identify(.) by extensions ['cmake', 'python']
[0.606s] Level 1:colcon.colcon_core.package_identification:_identify(.) by extension 'cmake'
[0.607s] Level 1:colcon.colcon_core.package_identification:_identify(.) by extension 'python'
[0.607s] Level 1:colcon.colcon_core.package_identification:_identify(.) by extensions ['python_setup_py']
[0.607s] Level 1:colcon.colcon_core.package_identification:_identify(.) by extension 'python_setup_py'
[0.607s] Level 1:colcon.colcon_core.package_identification:_identify(build) by extensions ['ignore', 'ignore_ament_install']
[0.607s] Level 1:colcon.colcon_core.package_identification:_identify(build) by extension 'ignore'
[0.607s] Level 1:colcon.colcon_core.package_identification:_identify(build) ignored
[0.607s] Level 1:colcon.colcon_core.package_identification:_identify(install) by extensions ['ignore', 'ignore_ament_install']
[0.607s] Level 1:colcon.colcon_core.package_identification:_identify(install) by extension 'ignore'
[0.607s] Level 1:colcon.colcon_core.package_identification:_identify(install) ignored
[0.607s] Level 1:colcon.colcon_core.package_identification:_identify(log) by extensions ['ignore', 'ignore_ament_install']
[0.607s] Level 1:colcon.colcon_core.package_identification:_identify(log) by extension 'ignore'
[0.607s] Level 1:colcon.colcon_core.package_identification:_identify(log) ignored
[0.608s] Level 1:colcon.colcon_core.package_identification:_identify(src) by extensions ['ignore', 'ignore_ament_install']
[0.608s] Level 1:colcon.colcon_core.package_identification:_identify(src) by extension 'ignore'
[0.608s] Level 1:colcon.colcon_core.package_identification:_identify(src) by extension 'ignore_ament_install'
[0.608s] Level 1:colcon.colcon_core.package_identification:_identify(src) by extensions ['colcon_pkg']
[0.608s] Level 1:colcon.colcon_core.package_identification:_identify(src) by extension 'colcon_pkg'
[0.608s] Level 1:colcon.colcon_core.package_identification:_identify(src) by extensions ['colcon_meta']
[0.608s] Level 1:colcon.colcon_core.package_identification:_identify(src) by extension 'colcon_meta'
[0.608s] Level 1:colcon.colcon_core.package_identification:_identify(src) by extensions ['ros']
[0.608s] Level 1:colcon.colcon_core.package_identification:_identify(src) by extension 'ros'
[0.608s] Level 1:colcon.colcon_core.package_identification:_identify(src) by extensions ['cmake', 'python']
[0.608s] Level 1:colcon.colcon_core.package_identification:_identify(src) by extension 'cmake'
[0.608s] Level 1:colcon.colcon_core.package_identification:_identify(src) by extension 'python'
[0.608s] Level 1:colcon.colcon_core.package_identification:_identify(src) by extensions ['python_setup_py']
[0.608s] Level 1:colcon.colcon_core.package_identification:_identify(src) by extension 'python_setup_py'
[0.608s] Level 1:colcon.colcon_core.package_identification:_identify(src/build) by extensions ['ignore', 'ignore_ament_install']
[0.608s] Level 1:colcon.colcon_core.package_identification:_identify(src/build) by extension 'ignore'
[0.608s] Level 1:colcon.colcon_core.package_identification:_identify(src/build) ignored
[0.609s] Level 1:colcon.colcon_core.package_identification:_identify(src/colreg_package) by extensions ['ignore', 'ignore_ament_install']
[0.609s] Level 1:colcon.colcon_core.package_identification:_identify(src/colreg_package) by extension 'ignore'
[0.609s] Level 1:colcon.colcon_core.package_identification:_identify(src/colreg_package) by extension 'ignore_ament_install'
[0.609s] Level 1:colcon.colcon_core.package_identification:_identify(src/colreg_package) by extensions ['colcon_pkg']
[0.609s] Level 1:colcon.colcon_core.package_identification:_identify(src/colreg_package) by extension 'colcon_pkg'
[0.609s] Level 1:colcon.colcon_core.package_identification:_identify(src/colreg_package) by extensions ['colcon_meta']
[0.609s] Level 1:colcon.colcon_core.package_identification:_identify(src/colreg_package) by extension 'colcon_meta'
[0.609s] Level 1:colcon.colcon_core.package_identification:_identify(src/colreg_package) by extensions ['ros']
[0.609s] Level 1:colcon.colcon_core.package_identification:_identify(src/colreg_package) by extension 'ros'
[0.613s] DEBUG:colcon.colcon_core.package_identification:Package 'src/colreg_package' with type 'ros.ament_python' and name 'colreg_package'
[0.613s] Level 1:colcon.colcon_core.package_identification:_identify(src/colreg_package_test) by extensions ['ignore', 'ignore_ament_install']
[0.613s] Level 1:colcon.colcon_core.package_identification:_identify(src/colreg_package_test) by extension 'ignore'
[0.613s] Level 1:colcon.colcon_core.package_identification:_identify(src/colreg_package_test) by extension 'ignore_ament_install'
[0.613s] Level 1:colcon.colcon_core.package_identification:_identify(src/colreg_package_test) by extensions ['colcon_pkg']
[0.613s] Level 1:colcon.colcon_core.package_identification:_identify(src/colreg_package_test) by extension 'colcon_pkg'
[0.613s] Level 1:colcon.colcon_core.package_identification:_identify(src/colreg_package_test) by extensions ['colcon_meta']
[0.613s] Level 1:colcon.colcon_core.package_identification:_identify(src/colreg_package_test) by extension 'colcon_meta'
[0.613s] Level 1:colcon.colcon_core.package_identification:_identify(src/colreg_package_test) by extensions ['ros']
[0.613s] Level 1:colcon.colcon_core.package_identification:_identify(src/colreg_package_test) by extension 'ros'
[0.614s] DEBUG:colcon.colcon_core.package_identification:Package 'src/colreg_package_test' with type 'ros.ament_python' and name 'colreg_package_test'
[0.614s] Level 1:colcon.colcon_core.package_identification:_identify(src/install) by extensions ['ignore', 'ignore_ament_install']
[0.614s] Level 1:colcon.colcon_core.package_identification:_identify(src/install) by extension 'ignore'
[0.614s] Level 1:colcon.colcon_core.package_identification:_identify(src/install) ignored
[0.614s] Level 1:colcon.colcon_core.package_identification:_identify(src/log) by extensions ['ignore', 'ignore_ament_install']
[0.615s] Level 1:colcon.colcon_core.package_identification:_identify(src/log) by extension 'ignore'
[0.615s] Level 1:colcon.colcon_core.package_identification:_identify(src/log) ignored
[0.615s] Level 1:colcon.colcon_core.package_discovery:discover_packages(recursive) using defaults
[0.615s] Level 1:colcon.colcon_core.package_discovery:discover_packages(ignore) discover
[0.615s] Level 1:colcon.colcon_core.package_discovery:discover_packages(ignore) using defaults
[0.615s] Level 1:colcon.colcon_core.package_discovery:discover_packages(path) discover
[0.615s] Level 1:colcon.colcon_core.package_discovery:discover_packages(path) using defaults
[0.655s] Level 1:colcon.colcon_core.package_discovery:discover_packages(prefix_path) check parameters
[0.655s] Level 1:colcon.colcon_core.package_discovery:discover_packages(prefix_path) discover
[0.660s] DEBUG:colcon.colcon_installed_package_information.package_discovery:Found 3 installed packages in /home/filip/ros2_ws/install
[0.662s] DEBUG:colcon.colcon_installed_package_information.package_discovery:Found 349 installed packages in /opt/ros/humble
[0.664s] Level 1:colcon.colcon_core.package_discovery:discover_packages(prefix_path) using defaults
[0.732s] Level 5:colcon.colcon_core.verb:set package 'colreg_package' build argument 'cmake_args' from command line to 'None'
[0.732s] Level 5:colcon.colcon_core.verb:set package 'colreg_package' build argument 'cmake_target' from command line to 'None'
[0.732s] Level 5:colcon.colcon_core.verb:set package 'colreg_package' build argument 'cmake_target_skip_unavailable' from command line to 'False'
[0.732s] Level 5:colcon.colcon_core.verb:set package 'colreg_package' build argument 'cmake_clean_cache' from command line to 'False'
[0.732s] Level 5:colcon.colcon_core.verb:set package 'colreg_package' build argument 'cmake_clean_first' from command line to 'False'
[0.732s] Level 5:colcon.colcon_core.verb:set package 'colreg_package' build argument 'cmake_force_configure' from command line to 'False'
[0.732s] Level 5:colcon.colcon_core.verb:set package 'colreg_package' build argument 'ament_cmake_args' from command line to 'None'
[0.732s] Level 5:colcon.colcon_core.verb:set package 'colreg_package' build argument 'catkin_cmake_args' from command line to 'None'
[0.732s] Level 5:colcon.colcon_core.verb:set package 'colreg_package' build argument 'catkin_skip_building_tests' from command line to 'False'
[0.732s] DEBUG:colcon.colcon_core.verb:Building package 'colreg_package' with the following arguments: {'ament_cmake_args': None, 'build_base': '/home/filip/ros2_ws/build/colreg_package', 'catkin_cmake_args': None, 'catkin_skip_building_tests': False, 'cmake_args': None, 'cmake_clean_cache': False, 'cmake_clean_first': False, 'cmake_force_configure': False, 'cmake_target': None, 'cmake_target_skip_unavailable': False, 'install_base': '/home/filip/ros2_ws/install/colreg_package', 'merge_install': False, 'path': '/home/filip/ros2_ws/src/colreg_package', 'symlink_install': False, 'test_result_base': None}
[0.733s] Level 5:colcon.colcon_core.verb:set package 'colreg_package_test' build argument 'cmake_args' from command line to 'None'
[0.733s] Level 5:colcon.colcon_core.verb:set package 'colreg_package_test' build argument 'cmake_target' from command line to 'None'
[0.733s] Level 5:colcon.colcon_core.verb:set package 'colreg_package_test' build argument 'cmake_target_skip_unavailable' from command line to 'False'
[0.733s] Level 5:colcon.colcon_core.verb:set package 'colreg_package_test' build argument 'cmake_clean_cache' from command line to 'False'
[0.733s] Level 5:colcon.colcon_core.verb:set package 'colreg_package_test' build argument 'cmake_clean_first' from command line to 'False'
[0.733s] Level 5:colcon.colcon_core.verb:set package 'colreg_package_test' build argument 'cmake_force_configure' from command line to 'False'
[0.733s] Level 5:colcon.colcon_core.verb:set package 'colreg_package_test' build argument 'ament_cmake_args' from command line to 'None'
[0.733s] Level 5:colcon.colcon_core.verb:set package 'colreg_package_test' build argument 'catkin_cmake_args' from command line to 'None'
[0.733s] Level 5:colcon.colcon_core.verb:set package 'colreg_package_test' build argument 'catkin_skip_building_tests' from command line to 'False'
[0.733s] DEBUG:colcon.colcon_core.verb:Building package 'colreg_package_test' with the following arguments: {'ament_cmake_args': None, 'build_base': '/home/filip/ros2_ws/build/colreg_package_test', 'catkin_cmake_args': None, 'catkin_skip_building_tests': False, 'cmake_args': None, 'cmake_clean_cache': False, 'cmake_clean_first': False, 'cmake_force_configure': False, 'cmake_target': None, 'cmake_target_skip_unavailable': False, 'install_base': '/home/filip/ros2_ws/install/colreg_package_test', 'merge_install': False, 'path': '/home/filip/ros2_ws/src/colreg_package_test', 'symlink_install': False, 'test_result_base': None}
[0.734s] INFO:colcon.colcon_core.executor:Executing jobs using 'parallel' executor
[0.738s] DEBUG:colcon.colcon_parallel_executor.executor.parallel:run_until_complete
[0.738s] INFO:colcon.colcon_ros.task.ament_python.build:Building ROS package in '/home/filip/ros2_ws/src/colreg_package' with build type 'ament_python'
[0.738s] Level 1:colcon.colcon_core.shell:create_environment_hook('colreg_package', 'ament_prefix_path')
[0.749s] INFO:colcon.colcon_core.plugin_system:Skipping extension 'colcon_core.shell.bat': Not used on non-Windows systems
[0.749s] INFO:colcon.colcon_core.shell:Creating environment hook '/home/filip/ros2_ws/install/colreg_package/share/colreg_package/hook/ament_prefix_path.ps1'
[0.751s] INFO:colcon.colcon_core.shell:Creating environment descriptor '/home/filip/ros2_ws/install/colreg_package/share/colreg_package/hook/ament_prefix_path.dsv'
[0.752s] INFO:colcon.colcon_core.shell:Creating environment hook '/home/filip/ros2_ws/install/colreg_package/share/colreg_package/hook/ament_prefix_path.sh'
[0.754s] INFO:colcon.colcon_core.shell:Skip shell extension 'powershell' for command environment: Not usable outside of PowerShell
[0.754s] DEBUG:colcon.colcon_core.shell:Skip shell extension 'dsv' for command environment
[0.761s] INFO:colcon.colcon_ros.task.ament_python.build:Building ROS package in '/home/filip/ros2_ws/src/colreg_package_test' with build type 'ament_python'
[0.761s] Level 1:colcon.colcon_core.shell:create_environment_hook('colreg_package_test', 'ament_prefix_path')
[0.763s] INFO:colcon.colcon_core.shell:Creating environment hook '/home/filip/ros2_ws/install/colreg_package_test/share/colreg_package_test/hook/ament_prefix_path.ps1'
[0.763s] INFO:colcon.colcon_core.shell:Creating environment descriptor '/home/filip/ros2_ws/install/colreg_package_test/share/colreg_package_test/hook/ament_prefix_path.dsv'
[0.764s] INFO:colcon.colcon_core.shell:Creating environment hook '/home/filip/ros2_ws/install/colreg_package_test/share/colreg_package_test/hook/ament_prefix_path.sh'
[0.765s] INFO:colcon.colcon_core.shell:Skip shell extension 'powershell' for command environment: Not usable outside of PowerShell
[0.766s] DEBUG:colcon.colcon_core.shell:Skip shell extension 'dsv' for command environment
[1.015s] INFO:colcon.colcon_core.task.python.build:Building Python package in '/home/filip/ros2_ws/src/colreg_package'
[1.016s] INFO:colcon.colcon_core.shell:Skip shell extension 'powershell' for command environment: Not usable outside of PowerShell
[1.016s] DEBUG:colcon.colcon_core.shell:Skip shell extension 'dsv' for command environment
[1.264s] INFO:colcon.colcon_core.task.python.build:Building Python package in '/home/filip/ros2_ws/src/colreg_package_test'
[1.265s] INFO:colcon.colcon_core.shell:Skip shell extension 'powershell' for command environment: Not usable outside of PowerShell
[1.266s] DEBUG:colcon.colcon_core.shell:Skip shell extension 'dsv' for command environment
[1.719s] DEBUG:colcon.colcon_core.event_handler.log_command:Invoking command in '/home/filip/ros2_ws/src/colreg_package_test': PYTHONPATH=/home/filip/ros2_ws/build/colreg_package_test/prefix_override:/home/filip/ros2_ws/install/colreg_package_test/lib/python3.10/site-packages:${PYTHONPATH} /usr/bin/python3 setup.py egg_info --egg-base ../../build/colreg_package_test build --build-base /home/filip/ros2_ws/build/colreg_package_test/build install --record /home/filip/ros2_ws/build/colreg_package_test/install.log --single-version-externally-managed
[1.727s] DEBUG:colcon.colcon_core.event_handler.log_command:Invoking command in '/home/filip/ros2_ws/src/colreg_package': PYTHONPATH=/home/filip/ros2_ws/build/colreg_package/prefix_override:/home/filip/ros2_ws/install/colreg_package/lib/python3.10/site-packages:${PYTHONPATH} /usr/bin/python3 setup.py egg_info --egg-base ../../build/colreg_package build --build-base /home/filip/ros2_ws/build/colreg_package/build install --record /home/filip/ros2_ws/build/colreg_package/install.log --single-version-externally-managed
[2.022s] DEBUG:colcon.colcon_core.event_handler.log_command:Invoked command in '/home/filip/ros2_ws/src/colreg_package' returned '0': PYTHONPATH=/home/filip/ros2_ws/build/colreg_package/prefix_override:/home/filip/ros2_ws/install/colreg_package/lib/python3.10/site-packages:${PYTHONPATH} /usr/bin/python3 setup.py egg_info --egg-base ../../build/colreg_package build --build-base /home/filip/ros2_ws/build/colreg_package/build install --record /home/filip/ros2_ws/build/colreg_package/install.log --single-version-externally-managed
[2.034s] Level 1:colcon.colcon_core.environment:checking '/home/filip/ros2_ws/install/colreg_package' for CMake module files
[2.035s] Level 1:colcon.colcon_core.environment:checking '/home/filip/ros2_ws/install/colreg_package' for CMake config files
[2.036s] Level 1:colcon.colcon_core.environment:checking '/home/filip/ros2_ws/install/colreg_package/lib'
[2.036s] Level 1:colcon.colcon_core.environment:checking '/home/filip/ros2_ws/install/colreg_package/bin'
[2.036s] Level 1:colcon.colcon_core.environment:checking '/home/filip/ros2_ws/install/colreg_package/lib/pkgconfig/colreg_package.pc'
[2.036s] Level 1:colcon.colcon_core.environment:checking '/home/filip/ros2_ws/install/colreg_package/lib/python3.10/site-packages'
[2.036s] Level 1:colcon.colcon_core.shell:create_environment_hook('colreg_package', 'pythonpath')
[2.037s] INFO:colcon.colcon_core.shell:Creating environment hook '/home/filip/ros2_ws/install/colreg_package/share/colreg_package/hook/pythonpath.ps1'
[2.038s] INFO:colcon.colcon_core.shell:Creating environment descriptor '/home/filip/ros2_ws/install/colreg_package/share/colreg_package/hook/pythonpath.dsv'
[2.039s] INFO:colcon.colcon_core.shell:Creating environment hook '/home/filip/ros2_ws/install/colreg_package/share/colreg_package/hook/pythonpath.sh'
[2.040s] Level 1:colcon.colcon_core.environment:checking '/home/filip/ros2_ws/install/colreg_package/bin'
[2.040s] Level 1:colcon.colcon_core.environment:create_environment_scripts_only(colreg_package)
[2.041s] INFO:colcon.colcon_core.shell:Creating package script '/home/filip/ros2_ws/install/colreg_package/share/colreg_package/package.ps1'
[2.043s] INFO:colcon.colcon_core.shell:Creating package descriptor '/home/filip/ros2_ws/install/colreg_package/share/colreg_package/package.dsv'
[2.045s] INFO:colcon.colcon_core.shell:Creating package script '/home/filip/ros2_ws/install/colreg_package/share/colreg_package/package.sh'
[2.047s] INFO:colcon.colcon_core.shell:Creating package script '/home/filip/ros2_ws/install/colreg_package/share/colreg_package/package.bash'
[2.049s] INFO:colcon.colcon_core.shell:Creating package script '/home/filip/ros2_ws/install/colreg_package/share/colreg_package/package.zsh'
[2.051s] Level 1:colcon.colcon_core.environment:create_file_with_runtime_dependencies(/home/filip/ros2_ws/install/colreg_package/share/colcon-core/packages/colreg_package)
[2.063s] Level 1:colcon.colcon_core.environment:checking '/home/filip/ros2_ws/install/colreg_package_test' for CMake module files
[2.064s] DEBUG:colcon.colcon_core.event_handler.log_command:Invoked command in '/home/filip/ros2_ws/src/colreg_package_test' returned '0': PYTHONPATH=/home/filip/ros2_ws/build/colreg_package_test/prefix_override:/home/filip/ros2_ws/install/colreg_package_test/lib/python3.10/site-packages:${PYTHONPATH} /usr/bin/python3 setup.py egg_info --egg-base ../../build/colreg_package_test build --build-base /home/filip/ros2_ws/build/colreg_package_test/build install --record /home/filip/ros2_ws/build/colreg_package_test/install.log --single-version-externally-managed
[2.064s] Level 1:colcon.colcon_core.environment:checking '/home/filip/ros2_ws/install/colreg_package_test' for CMake config files
[2.065s] Level 1:colcon.colcon_core.environment:checking '/home/filip/ros2_ws/install/colreg_package_test/lib'
[2.065s] Level 1:colcon.colcon_core.environment:checking '/home/filip/ros2_ws/install/colreg_package_test/bin'
[2.065s] Level 1:colcon.colcon_core.environment:checking '/home/filip/ros2_ws/install/colreg_package_test/lib/pkgconfig/colreg_package_test.pc'
[2.065s] Level 1:colcon.colcon_core.environment:checking '/home/filip/ros2_ws/install/colreg_package_test/lib/python3.10/site-packages'
[2.065s] Level 1:colcon.colcon_core.shell:create_environment_hook('colreg_package_test', 'pythonpath')
[2.066s] INFO:colcon.colcon_core.shell:Creating environment hook '/home/filip/ros2_ws/install/colreg_package_test/share/colreg_package_test/hook/pythonpath.ps1'
[2.067s] INFO:colcon.colcon_core.shell:Creating environment descriptor '/home/filip/ros2_ws/install/colreg_package_test/share/colreg_package_test/hook/pythonpath.dsv'
[2.067s] INFO:colcon.colcon_core.shell:Creating environment hook '/home/filip/ros2_ws/install/colreg_package_test/share/colreg_package_test/hook/pythonpath.sh'
[2.068s] Level 1:colcon.colcon_core.environment:checking '/home/filip/ros2_ws/install/colreg_package_test/bin'
[2.068s] Level 1:colcon.colcon_core.environment:create_environment_scripts_only(colreg_package_test)
[2.069s] INFO:colcon.colcon_core.shell:Creating package script '/home/filip/ros2_ws/install/colreg_package_test/share/colreg_package_test/package.ps1'
[2.070s] INFO:colcon.colcon_core.shell:Creating package descriptor '/home/filip/ros2_ws/install/colreg_package_test/share/colreg_package_test/package.dsv'
[2.070s] INFO:colcon.colcon_core.shell:Creating package script '/home/filip/ros2_ws/install/colreg_package_test/share/colreg_package_test/package.sh'
[2.071s] INFO:colcon.colcon_core.shell:Creating package script '/home/filip/ros2_ws/install/colreg_package_test/share/colreg_package_test/package.bash'
[2.071s] INFO:colcon.colcon_core.shell:Creating package script '/home/filip/ros2_ws/install/colreg_package_test/share/colreg_package_test/package.zsh'
[2.072s] Level 1:colcon.colcon_core.environment:create_file_with_runtime_dependencies(/home/filip/ros2_ws/install/colreg_package_test/share/colcon-core/packages/colreg_package_test)
[2.072s] DEBUG:colcon.colcon_parallel_executor.executor.parallel:closing loop
[2.073s] DEBUG:colcon.colcon_parallel_executor.executor.parallel:loop closed
[2.073s] DEBUG:colcon.colcon_parallel_executor.executor.parallel:run_until_complete finished with '0'
[2.073s] DEBUG:colcon.colcon_core.event_reactor:joining thread
[2.088s] INFO:colcon.colcon_core.plugin_system:Skipping extension 'colcon_notification.desktop_notification.terminal_notifier': Not used on non-Darwin systems
[2.088s] INFO:colcon.colcon_core.plugin_system:Skipping extension 'colcon_notification.desktop_notification.win32': Not used on non-Windows systems
[2.088s] INFO:colcon.colcon_notification.desktop_notification:Sending desktop notification using 'notify2'
[2.122s] DEBUG:colcon.colcon_core.event_reactor:joined thread
[2.124s] INFO:colcon.colcon_core.shell:Creating prefix script '/home/filip/ros2_ws/install/local_setup.ps1'
[2.125s] INFO:colcon.colcon_core.shell:Creating prefix util module '/home/filip/ros2_ws/install/_local_setup_util_ps1.py'
[2.127s] INFO:colcon.colcon_core.shell:Creating prefix chain script '/home/filip/ros2_ws/install/setup.ps1'
[2.130s] INFO:colcon.colcon_core.shell:Creating prefix script '/home/filip/ros2_ws/install/local_setup.sh'
[2.131s] INFO:colcon.colcon_core.shell:Creating prefix util module '/home/filip/ros2_ws/install/_local_setup_util_sh.py'
[2.132s] INFO:colcon.colcon_core.shell:Creating prefix chain script '/home/filip/ros2_ws/install/setup.sh'
[2.134s] INFO:colcon.colcon_core.shell:Creating prefix script '/home/filip/ros2_ws/install/local_setup.bash'
[2.135s] INFO:colcon.colcon_core.shell:Creating prefix chain script '/home/filip/ros2_ws/install/setup.bash'
[2.137s] INFO:colcon.colcon_core.shell:Creating prefix script '/home/filip/ros2_ws/install/local_setup.zsh'
[2.138s] INFO:colcon.colcon_core.shell:Creating prefix chain script '/home/filip/ros2_ws/install/setup.zsh'
