[0.049s] Invoking command in '/home/filip/ros2_ws/build/colreg_interfaces': CMAKE_PREFIX_PATH=/home/filip/ros2_ws/install/py_pubsub:/home/filip/ros2_ws/install/colreg_package_test:/home/filip/ros2_ws/install/colreg_package:/opt/ros/humble /usr/bin/cmake --build /home/filip/ros2_ws/build/colreg_interfaces -- -j2 -l2
[0.071s] -- Found ament_cmake: 1.3.2 (/opt/ros/humble/share/ament_cmake/cmake)
[0.256s] -- Found geometry_msgs: 4.2.2 (/opt/ros/humble/share/geometry_msgs/cmake)
[0.283s] -- Found rosidl_generator_c: 3.1.3 (/opt/ros/humble/share/rosidl_generator_c/cmake)
[0.286s] -- Found rosidl_adapter: 3.1.3 (/opt/ros/humble/share/rosidl_adapter/cmake)
[0.293s] -- Found rosidl_generator_cpp: 3.1.3 (/opt/ros/humble/share/rosidl_generator_cpp/cmake)
[0.307s] -- Using all available rosidl_typesupport_c: rosidl_typesupport_fastrtps_c;rosidl_typesupport_introspection_c
[0.327s] -- Using all available rosidl_typesupport_cpp: rosidl_typesupport_fastrtps_cpp;rosidl_typesupport_introspection_cpp
[0.480s] -- Found turtlesim: 1.4.2 (/opt/ros/humble/share/turtlesim/cmake)
[0.645s] -- Found ament_lint_auto: 0.12.4 (/opt/ros/humble/share/ament_lint_auto/cmake)
[0.720s] -- Found rosidl_default_generators: 1.2.0 (/opt/ros/humble/share/rosidl_default_generators/cmake)
[0.929s] -- Found ament_cmake_ros: 0.10.0 (/opt/ros/humble/share/ament_cmake_ros/cmake)
[1.229s] -- Using all available rosidl_typesupport_c: rosidl_typesupport_fastrtps_c;rosidl_typesupport_introspection_c
[1.349s] -- Using all available rosidl_typesupport_cpp: rosidl_typesupport_fastrtps_cpp;rosidl_typesupport_introspection_cpp
[1.370s] -- Found python_cmake_module: 0.10.0 (/opt/ros/humble/share/python_cmake_module/cmake)
[1.391s] -- Using PYTHON_EXECUTABLE: /usr/bin/python3
[1.391s] -- Using PYTHON_INCLUDE_DIRS: /usr/include/python3.10
[1.391s] -- Using PYTHON_LIBRARIES: /usr/lib/x86_64-linux-gnu/libpython3.10.so
[1.404s] -- Added test 'lint_cmake' to check CMake code style
[1.405s] -- Added test 'xmllint' to check XML markup files
[1.408s] -- Configuring done
[1.445s] -- Generating done
[1.454s] -- Build files have been written to: /home/filip/ros2_ws/build/colreg_interfaces
[1.478s] [  3%] [34m[1mGenerating C code for ROS interfaces[0m
[1.489s] [  6%] [34m[1mGenerating C++ code for ROS interfaces[0m
[1.770s] [  6%] Built target colreg_interfaces__cpp
[1.770s] [  9%] [32mBuilding C object CMakeFiles/colreg_interfaces__rosidl_generator_c.dir/rosidl_generator_c/colreg_interfaces/msg/detail/colreg__functions.c.o[0m
[1.783s] In file included from [01m[K/home/filip/ros2_ws/build/colreg_interfaces/rosidl_generator_c/colreg_interfaces/msg/detail/colreg__functions.h:19[m[K,
[1.783s]                  from [01m[K/home/filip/ros2_ws/build/colreg_interfaces/rosidl_generator_c/colreg_interfaces/msg/detail/colreg__functions.c:4[m[K:
[1.783s] [01m[K/home/filip/ros2_ws/build/colreg_interfaces/rosidl_generator_c/colreg_interfaces/msg/detail/colreg__struct.h:22:10:[m[K [01;31m[Kfatal error: [m[Kturtlesim/msg/detail/pose__struct.h: No such file or directory
[1.783s]    22 | #include [01;31m[K"turtlesim/msg/detail/pose__struct.h"[m[K
[1.783s]       |          [01;31m[K^~~~~~~~~~~~~~~~~~~~~~~~~~~~~~~~~~~~~[m[K
[1.783s] compilation terminated.
[1.785s] gmake[2]: *** [CMakeFiles/colreg_interfaces__rosidl_generator_c.dir/build.make:105: CMakeFiles/colreg_interfaces__rosidl_generator_c.dir/rosidl_generator_c/colreg_interfaces/msg/detail/colreg__functions.c.o] Error 1
[1.785s] gmake[1]: *** [CMakeFiles/Makefile2:213: CMakeFiles/colreg_interfaces__rosidl_generator_c.dir/all] Error 2
[1.785s] gmake[1]: *** Waiting for unfinished jobs....
[1.799s] [  9%] Built target ament_cmake_python_copy_colreg_interfaces
[1.801s] gmake: *** [Makefile:146: all] Error 2
[1.802s] Invoked command in '/home/filip/ros2_ws/build/colreg_interfaces' returned '2': CMAKE_PREFIX_PATH=/home/filip/ros2_ws/install/py_pubsub:/home/filip/ros2_ws/install/colreg_package_test:/home/filip/ros2_ws/install/colreg_package:/opt/ros/humble /usr/bin/cmake --build /home/filip/ros2_ws/build/colreg_interfaces -- -j2 -l2
