[0.595s] Invoking command in '/home/filip/ros2_ws/src/colreg_package': PYTHONPATH=/home/filip/ros2_ws/build/colreg_package/prefix_override:/home/filip/ros2_ws/install/colreg_package/lib/python3.10/site-packages:${PYTHONPATH} /usr/bin/python3 setup.py egg_info --egg-base ../../build/colreg_package build --build-base /home/filip/ros2_ws/build/colreg_package/build install --record /home/filip/ros2_ws/build/colreg_package/install.log --single-version-externally-managed
[0.824s] running egg_info
[0.825s] writing ../../build/colreg_package/colreg_package.egg-info/PKG-INFO
[0.826s] writing dependency_links to ../../build/colreg_package/colreg_package.egg-info/dependency_links.txt
[0.826s] writing entry points to ../../build/colreg_package/colreg_package.egg-info/entry_points.txt
[0.827s] writing requirements to ../../build/colreg_package/colreg_package.egg-info/requires.txt
[0.827s] writing top-level names to ../../build/colreg_package/colreg_package.egg-info/top_level.txt
[0.829s] reading manifest file '../../build/colreg_package/colreg_package.egg-info/SOURCES.txt'
[0.830s] writing manifest file '../../build/colreg_package/colreg_package.egg-info/SOURCES.txt'
[0.831s] running build
[0.831s] running build_py
[0.831s] copying colreg_package/main_ship_control.py -> /home/filip/ros2_ws/build/colreg_package/build/lib/colreg_package
[0.832s] running install
[0.832s] /usr/lib/python3/dist-packages/setuptools/command/install.py:34: SetuptoolsDeprecationWarning: setup.py install is deprecated. Use build and pip and other standards-based tools.
[0.832s]   warnings.warn(
[0.832s] running install_lib
[0.834s] copying /home/filip/ros2_ws/build/colreg_package/build/lib/colreg_package/main_ship_control.py -> /home/filip/ros2_ws/install/colreg_package/lib/python3.10/site-packages/colreg_package
[0.835s] byte-compiling /home/filip/ros2_ws/install/colreg_package/lib/python3.10/site-packages/colreg_package/main_ship_control.py to main_ship_control.cpython-310.pyc
[0.836s] running install_data
[0.837s] running install_egg_info
[0.839s] removing '/home/filip/ros2_ws/install/colreg_package/lib/python3.10/site-packages/colreg_package-0.0.0-py3.10.egg-info' (and everything under it)
[0.839s] Copying ../../build/colreg_package/colreg_package.egg-info to /home/filip/ros2_ws/install/colreg_package/lib/python3.10/site-packages/colreg_package-0.0.0-py3.10.egg-info
[0.855s] running install_scripts
[0.875s] Installing main_ship_control script to /home/filip/ros2_ws/install/colreg_package/lib/colreg_package
[0.875s] Installing obstacle_ship_control script to /home/filip/ros2_ws/install/colreg_package/lib/colreg_package
[0.876s] Installing position script to /home/filip/ros2_ws/install/colreg_package/lib/colreg_package
[0.876s] Installing tcpa_dcpa script to /home/filip/ros2_ws/install/colreg_package/lib/colreg_package
[0.877s] writing list of installed files to '/home/filip/ros2_ws/build/colreg_package/install.log'
[0.908s] Invoked command in '/home/filip/ros2_ws/src/colreg_package' returned '0': PYTHONPATH=/home/filip/ros2_ws/build/colreg_package/prefix_override:/home/filip/ros2_ws/install/colreg_package/lib/python3.10/site-packages:${PYTHONPATH} /usr/bin/python3 setup.py egg_info --egg-base ../../build/colreg_package build --build-base /home/filip/ros2_ws/build/colreg_package/build install --record /home/filip/ros2_ws/build/colreg_package/install.log --single-version-externally-managed
