[0.027s] Invoking command in '/home/filip/ros2_ws/build/colreg_interfaces': CMAKE_PREFIX_PATH=${CMAKE_PREFIX_PATH}:/home/filip/ros2_ws/install/py_pubsub:/home/filip/ros2_ws/install/colreg_package_test:/home/filip/ros2_ws/install/colreg_package:/opt/ros/humble /usr/bin/cmake --build /home/filip/ros2_ws/build/colreg_interfaces -- -j2 -l2
[0.086s] [  2%] Built target colreg_interfaces__cpp
[0.112s] [ 12%] Built target colreg_interfaces__rosidl_generator_c
[0.152s] [ 12%] Built target ament_cmake_python_copy_colreg_interfaces
[0.176s] [ 23%] Built target colreg_interfaces__rosidl_typesupport_cpp
[0.200s] [ 33%] Built target colreg_interfaces__rosidl_typesupport_fastrtps_c
[0.223s] [ 43%] Built target colreg_interfaces__rosidl_typesupport_fastrtps_cpp
[0.254s] [ 53%] Built target colreg_interfaces__rosidl_typesupport_introspection_c
[0.276s] [ 64%] Built target colreg_interfaces__rosidl_typesupport_c
[0.301s] [ 74%] Built target colreg_interfaces__rosidl_typesupport_introspection_cpp
[0.571s] running egg_info
[0.572s] writing colreg_interfaces.egg-info/PKG-INFO
[0.573s] writing dependency_links to colreg_interfaces.egg-info/dependency_links.txt
[0.573s] writing top-level names to colreg_interfaces.egg-info/top_level.txt
[0.576s] reading manifest file 'colreg_interfaces.egg-info/SOURCES.txt'
[0.577s] writing manifest file 'colreg_interfaces.egg-info/SOURCES.txt'
[0.607s] [ 74%] Built target ament_cmake_python_build_colreg_interfaces_egg
[0.641s] [ 74%] Built target colreg_interfaces
[0.663s] [ 76%] Built target colreg_interfaces__py
[0.686s] [ 84%] Built target colreg_interfaces__rosidl_generator_py
[0.710s] [ 89%] Built target colreg_interfaces__rosidl_typesupport_fastrtps_c__pyext
[0.744s] [ 94%] Built target colreg_interfaces__rosidl_typesupport_introspection_c__pyext
[0.768s] [100%] Built target colreg_interfaces__rosidl_typesupport_c__pyext
[0.779s] Invoked command in '/home/filip/ros2_ws/build/colreg_interfaces' returned '0': CMAKE_PREFIX_PATH=${CMAKE_PREFIX_PATH}:/home/filip/ros2_ws/install/py_pubsub:/home/filip/ros2_ws/install/colreg_package_test:/home/filip/ros2_ws/install/colreg_package:/opt/ros/humble /usr/bin/cmake --build /home/filip/ros2_ws/build/colreg_interfaces -- -j2 -l2
[0.936s] Invoking command in '/home/filip/ros2_ws/build/colreg_interfaces': CMAKE_PREFIX_PATH=${CMAKE_PREFIX_PATH}:/home/filip/ros2_ws/install/py_pubsub:/home/filip/ros2_ws/install/colreg_package_test:/home/filip/ros2_ws/install/colreg_package:/opt/ros/humble /usr/bin/cmake --install /home/filip/ros2_ws/build/colreg_interfaces
[0.950s] -- Install configuration: ""
[0.950s] -- Up-to-date: /home/filip/ros2_ws/install/colreg_interfaces/share/ament_index/resource_index/rosidl_interfaces/colreg_interfaces
[0.951s] -- Up-to-date: /home/filip/ros2_ws/install/colreg_interfaces/include/colreg_interfaces/colreg_interfaces
[0.951s] -- Up-to-date: /home/filip/ros2_ws/install/colreg_interfaces/include/colreg_interfaces/colreg_interfaces/msg
[0.951s] -- Up-to-date: /home/filip/ros2_ws/install/colreg_interfaces/include/colreg_interfaces/colreg_interfaces/msg/ship_data.h
[0.952s] -- Up-to-date: /home/filip/ros2_ws/install/colreg_interfaces/include/colreg_interfaces/colreg_interfaces/msg/detail
[0.952s] -- Up-to-date: /home/filip/ros2_ws/install/colreg_interfaces/include/colreg_interfaces/colreg_interfaces/msg/detail/ship_data__functions.c
[0.952s] -- Up-to-date: /home/filip/ros2_ws/install/colreg_interfaces/include/colreg_interfaces/colreg_interfaces/msg/detail/avoidance_scenario__struct.h
[0.952s] -- Up-to-date: /home/filip/ros2_ws/install/colreg_interfaces/include/colreg_interfaces/colreg_interfaces/msg/detail/avoidance_scenario__functions.c
[0.952s] -- Up-to-date: /home/filip/ros2_ws/install/colreg_interfaces/include/colreg_interfaces/colreg_interfaces/msg/detail/ship_data__type_support.h
[0.952s] -- Up-to-date: /home/filip/ros2_ws/install/colreg_interfaces/include/colreg_interfaces/colreg_interfaces/msg/detail/colreg__functions.c
[0.953s] -- Up-to-date: /home/filip/ros2_ws/install/colreg_interfaces/include/colreg_interfaces/colreg_interfaces/msg/detail/colreg__functions.h
[0.953s] -- Up-to-date: /home/filip/ros2_ws/install/colreg_interfaces/include/colreg_interfaces/colreg_interfaces/msg/detail/avoidance_scenario__type_support.h
[0.953s] -- Up-to-date: /home/filip/ros2_ws/install/colreg_interfaces/include/colreg_interfaces/colreg_interfaces/msg/detail/colreg__type_support.h
[0.953s] -- Up-to-date: /home/filip/ros2_ws/install/colreg_interfaces/include/colreg_interfaces/colreg_interfaces/msg/detail/colreg__struct.h
[0.953s] -- Up-to-date: /home/filip/ros2_ws/install/colreg_interfaces/include/colreg_interfaces/colreg_interfaces/msg/detail/avoidance_scenario__functions.h
[0.953s] -- Up-to-date: /home/filip/ros2_ws/install/colreg_interfaces/include/colreg_interfaces/colreg_interfaces/msg/detail/ship_data__struct.h
[0.954s] -- Up-to-date: /home/filip/ros2_ws/install/colreg_interfaces/include/colreg_interfaces/colreg_interfaces/msg/detail/ship_data__functions.h
[0.954s] -- Up-to-date: /home/filip/ros2_ws/install/colreg_interfaces/include/colreg_interfaces/colreg_interfaces/msg/rosidl_generator_c__visibility_control.h
[0.954s] -- Up-to-date: /home/filip/ros2_ws/install/colreg_interfaces/include/colreg_interfaces/colreg_interfaces/msg/avoidance_scenario.h
[0.954s] -- Up-to-date: /home/filip/ros2_ws/install/colreg_interfaces/include/colreg_interfaces/colreg_interfaces/msg/colreg.h
[0.955s] -- Up-to-date: /home/filip/ros2_ws/install/colreg_interfaces/share/colreg_interfaces/environment/library_path.sh
[0.955s] -- Up-to-date: /home/filip/ros2_ws/install/colreg_interfaces/share/colreg_interfaces/environment/library_path.dsv
[0.955s] -- Up-to-date: /home/filip/ros2_ws/install/colreg_interfaces/lib/libcolreg_interfaces__rosidl_generator_c.so
[0.956s] -- Up-to-date: /home/filip/ros2_ws/install/colreg_interfaces/include/colreg_interfaces/colreg_interfaces
[0.956s] -- Up-to-date: /home/filip/ros2_ws/install/colreg_interfaces/include/colreg_interfaces/colreg_interfaces/msg
[0.956s] -- Up-to-date: /home/filip/ros2_ws/install/colreg_interfaces/include/colreg_interfaces/colreg_interfaces/msg/detail
[0.957s] -- Up-to-date: /home/filip/ros2_ws/install/colreg_interfaces/include/colreg_interfaces/colreg_interfaces/msg/detail/ship_data__rosidl_typesupport_fastrtps_c.h
[0.957s] -- Up-to-date: /home/filip/ros2_ws/install/colreg_interfaces/include/colreg_interfaces/colreg_interfaces/msg/detail/avoidance_scenario__rosidl_typesupport_fastrtps_c.h
[0.957s] -- Up-to-date: /home/filip/ros2_ws/install/colreg_interfaces/include/colreg_interfaces/colreg_interfaces/msg/detail/colreg__rosidl_typesupport_fastrtps_c.h
[0.957s] -- Up-to-date: /home/filip/ros2_ws/install/colreg_interfaces/include/colreg_interfaces/colreg_interfaces/msg/rosidl_typesupport_fastrtps_c__visibility_control.h
[0.957s] -- Up-to-date: /home/filip/ros2_ws/install/colreg_interfaces/lib/libcolreg_interfaces__rosidl_typesupport_fastrtps_c.so
[0.958s] -- Up-to-date: /home/filip/ros2_ws/install/colreg_interfaces/include/colreg_interfaces/colreg_interfaces
[0.958s] -- Up-to-date: /home/filip/ros2_ws/install/colreg_interfaces/include/colreg_interfaces/colreg_interfaces/msg
[0.958s] -- Up-to-date: /home/filip/ros2_ws/install/colreg_interfaces/include/colreg_interfaces/colreg_interfaces/msg/detail
[0.958s] -- Up-to-date: /home/filip/ros2_ws/install/colreg_interfaces/include/colreg_interfaces/colreg_interfaces/msg/detail/avoidance_scenario__struct.hpp
[0.959s] -- Up-to-date: /home/filip/ros2_ws/install/colreg_interfaces/include/colreg_interfaces/colreg_interfaces/msg/detail/ship_data__traits.hpp
[0.959s] -- Up-to-date: /home/filip/ros2_ws/install/colreg_interfaces/include/colreg_interfaces/colreg_interfaces/msg/detail/ship_data__struct.hpp
[0.959s] -- Up-to-date: /home/filip/ros2_ws/install/colreg_interfaces/include/colreg_interfaces/colreg_interfaces/msg/detail/colreg__builder.hpp
[0.960s] -- Up-to-date: /home/filip/ros2_ws/install/colreg_interfaces/include/colreg_interfaces/colreg_interfaces/msg/detail/avoidance_scenario__traits.hpp
[0.960s] -- Up-to-date: /home/filip/ros2_ws/install/colreg_interfaces/include/colreg_interfaces/colreg_interfaces/msg/detail/ship_data__builder.hpp
[0.960s] -- Up-to-date: /home/filip/ros2_ws/install/colreg_interfaces/include/colreg_interfaces/colreg_interfaces/msg/detail/avoidance_scenario__builder.hpp
[0.960s] -- Up-to-date: /home/filip/ros2_ws/install/colreg_interfaces/include/colreg_interfaces/colreg_interfaces/msg/detail/colreg__traits.hpp
[0.960s] -- Up-to-date: /home/filip/ros2_ws/install/colreg_interfaces/include/colreg_interfaces/colreg_interfaces/msg/detail/colreg__struct.hpp
[0.961s] -- Up-to-date: /home/filip/ros2_ws/install/colreg_interfaces/include/colreg_interfaces/colreg_interfaces/msg/avoidance_scenario.hpp
[0.961s] -- Up-to-date: /home/filip/ros2_ws/install/colreg_interfaces/include/colreg_interfaces/colreg_interfaces/msg/colreg.hpp
[0.961s] -- Up-to-date: /home/filip/ros2_ws/install/colreg_interfaces/include/colreg_interfaces/colreg_interfaces/msg/ship_data.hpp
[0.961s] -- Up-to-date: /home/filip/ros2_ws/install/colreg_interfaces/include/colreg_interfaces/colreg_interfaces
[0.961s] -- Up-to-date: /home/filip/ros2_ws/install/colreg_interfaces/include/colreg_interfaces/colreg_interfaces/msg
[0.962s] -- Up-to-date: /home/filip/ros2_ws/install/colreg_interfaces/include/colreg_interfaces/colreg_interfaces/msg/detail
[0.962s] -- Up-to-date: /home/filip/ros2_ws/install/colreg_interfaces/include/colreg_interfaces/colreg_interfaces/msg/detail/avoidance_scenario__rosidl_typesupport_fastrtps_cpp.hpp
[0.962s] -- Up-to-date: /home/filip/ros2_ws/install/colreg_interfaces/include/colreg_interfaces/colreg_interfaces/msg/detail/colreg__rosidl_typesupport_fastrtps_cpp.hpp
[0.962s] -- Up-to-date: /home/filip/ros2_ws/install/colreg_interfaces/include/colreg_interfaces/colreg_interfaces/msg/detail/ship_data__rosidl_typesupport_fastrtps_cpp.hpp
[0.962s] -- Up-to-date: /home/filip/ros2_ws/install/colreg_interfaces/include/colreg_interfaces/colreg_interfaces/msg/detail/dds_fastrtps
[0.962s] -- Up-to-date: /home/filip/ros2_ws/install/colreg_interfaces/include/colreg_interfaces/colreg_interfaces/msg/rosidl_typesupport_fastrtps_cpp__visibility_control.h
[0.963s] -- Up-to-date: /home/filip/ros2_ws/install/colreg_interfaces/lib/libcolreg_interfaces__rosidl_typesupport_fastrtps_cpp.so
[0.963s] -- Up-to-date: /home/filip/ros2_ws/install/colreg_interfaces/include/colreg_interfaces/colreg_interfaces
[0.963s] -- Up-to-date: /home/filip/ros2_ws/install/colreg_interfaces/include/colreg_interfaces/colreg_interfaces/msg
[0.964s] -- Up-to-date: /home/filip/ros2_ws/install/colreg_interfaces/include/colreg_interfaces/colreg_interfaces/msg/detail
[0.964s] -- Up-to-date: /home/filip/ros2_ws/install/colreg_interfaces/include/colreg_interfaces/colreg_interfaces/msg/detail/colreg__type_support.c
[0.964s] -- Up-to-date: /home/filip/ros2_ws/install/colreg_interfaces/include/colreg_interfaces/colreg_interfaces/msg/detail/avoidance_scenario__type_support.c
[0.964s] -- Up-to-date: /home/filip/ros2_ws/install/colreg_interfaces/include/colreg_interfaces/colreg_interfaces/msg/detail/avoidance_scenario__rosidl_typesupport_introspection_c.h
[0.964s] -- Up-to-date: /home/filip/ros2_ws/install/colreg_interfaces/include/colreg_interfaces/colreg_interfaces/msg/detail/ship_data__type_support.c
[0.964s] -- Up-to-date: /home/filip/ros2_ws/install/colreg_interfaces/include/colreg_interfaces/colreg_interfaces/msg/detail/ship_data__rosidl_typesupport_introspection_c.h
[0.965s] -- Up-to-date: /home/filip/ros2_ws/install/colreg_interfaces/include/colreg_interfaces/colreg_interfaces/msg/detail/colreg__rosidl_typesupport_introspection_c.h
[0.965s] -- Up-to-date: /home/filip/ros2_ws/install/colreg_interfaces/include/colreg_interfaces/colreg_interfaces/msg/rosidl_typesupport_introspection_c__visibility_control.h
[0.965s] -- Up-to-date: /home/filip/ros2_ws/install/colreg_interfaces/lib/libcolreg_interfaces__rosidl_typesupport_introspection_c.so
[0.965s] -- Up-to-date: /home/filip/ros2_ws/install/colreg_interfaces/lib/libcolreg_interfaces__rosidl_typesupport_c.so
[0.966s] -- Up-to-date: /home/filip/ros2_ws/install/colreg_interfaces/include/colreg_interfaces/colreg_interfaces
[0.966s] -- Up-to-date: /home/filip/ros2_ws/install/colreg_interfaces/include/colreg_interfaces/colreg_interfaces/msg
[0.966s] -- Up-to-date: /home/filip/ros2_ws/install/colreg_interfaces/include/colreg_interfaces/colreg_interfaces/msg/detail
[0.966s] -- Up-to-date: /home/filip/ros2_ws/install/colreg_interfaces/include/colreg_interfaces/colreg_interfaces/msg/detail/avoidance_scenario__type_support.cpp
[0.967s] -- Up-to-date: /home/filip/ros2_ws/install/colreg_interfaces/include/colreg_interfaces/colreg_interfaces/msg/detail/ship_data__rosidl_typesupport_introspection_cpp.hpp
[0.967s] -- Up-to-date: /home/filip/ros2_ws/install/colreg_interfaces/include/colreg_interfaces/colreg_interfaces/msg/detail/avoidance_scenario__rosidl_typesupport_introspection_cpp.hpp
[0.967s] -- Up-to-date: /home/filip/ros2_ws/install/colreg_interfaces/include/colreg_interfaces/colreg_interfaces/msg/detail/ship_data__type_support.cpp
[0.967s] -- Up-to-date: /home/filip/ros2_ws/install/colreg_interfaces/include/colreg_interfaces/colreg_interfaces/msg/detail/colreg__rosidl_typesupport_introspection_cpp.hpp
[0.967s] -- Up-to-date: /home/filip/ros2_ws/install/colreg_interfaces/include/colreg_interfaces/colreg_interfaces/msg/detail/colreg__type_support.cpp
[0.968s] -- Up-to-date: /home/filip/ros2_ws/install/colreg_interfaces/lib/libcolreg_interfaces__rosidl_typesupport_introspection_cpp.so
[0.968s] -- Up-to-date: /home/filip/ros2_ws/install/colreg_interfaces/lib/libcolreg_interfaces__rosidl_typesupport_cpp.so
[0.969s] -- Up-to-date: /home/filip/ros2_ws/install/colreg_interfaces/share/colreg_interfaces/environment/pythonpath.sh
[0.969s] -- Up-to-date: /home/filip/ros2_ws/install/colreg_interfaces/share/colreg_interfaces/environment/pythonpath.dsv
[0.969s] -- Up-to-date: /home/filip/ros2_ws/install/colreg_interfaces/local/lib/python3.10/dist-packages/colreg_interfaces-0.0.0-py3.10.egg-info
[0.969s] -- Installing: /home/filip/ros2_ws/install/colreg_interfaces/local/lib/python3.10/dist-packages/colreg_interfaces-0.0.0-py3.10.egg-info/SOURCES.txt
[0.969s] -- Installing: /home/filip/ros2_ws/install/colreg_interfaces/local/lib/python3.10/dist-packages/colreg_interfaces-0.0.0-py3.10.egg-info/dependency_links.txt
[0.970s] -- Installing: /home/filip/ros2_ws/install/colreg_interfaces/local/lib/python3.10/dist-packages/colreg_interfaces-0.0.0-py3.10.egg-info/top_level.txt
[0.970s] -- Installing: /home/filip/ros2_ws/install/colreg_interfaces/local/lib/python3.10/dist-packages/colreg_interfaces-0.0.0-py3.10.egg-info/PKG-INFO
[0.970s] -- Up-to-date: /home/filip/ros2_ws/install/colreg_interfaces/local/lib/python3.10/dist-packages/colreg_interfaces
[0.971s] -- Up-to-date: /home/filip/ros2_ws/install/colreg_interfaces/local/lib/python3.10/dist-packages/colreg_interfaces/_colreg_interfaces_s.ep.rosidl_typesupport_fastrtps_c.c
[0.971s] -- Up-to-date: /home/filip/ros2_ws/install/colreg_interfaces/local/lib/python3.10/dist-packages/colreg_interfaces/colreg_interfaces_s__rosidl_typesupport_fastrtps_c.cpython-310-x86_64-linux-gnu.so
[0.971s] -- Up-to-date: /home/filip/ros2_ws/install/colreg_interfaces/local/lib/python3.10/dist-packages/colreg_interfaces/colreg_interfaces_s__rosidl_typesupport_introspection_c.cpython-310-x86_64-linux-gnu.so
[0.971s] -- Up-to-date: /home/filip/ros2_ws/install/colreg_interfaces/local/lib/python3.10/dist-packages/colreg_interfaces/colreg_interfaces_s__rosidl_typesupport_c.cpython-310-x86_64-linux-gnu.so
[0.971s] -- Up-to-date: /home/filip/ros2_ws/install/colreg_interfaces/local/lib/python3.10/dist-packages/colreg_interfaces/msg
[0.971s] -- Up-to-date: /home/filip/ros2_ws/install/colreg_interfaces/local/lib/python3.10/dist-packages/colreg_interfaces/msg/_avoidance_scenario.py
[0.972s] -- Up-to-date: /home/filip/ros2_ws/install/colreg_interfaces/local/lib/python3.10/dist-packages/colreg_interfaces/msg/_colreg.py
[0.972s] -- Up-to-date: /home/filip/ros2_ws/install/colreg_interfaces/local/lib/python3.10/dist-packages/colreg_interfaces/msg/_avoidance_scenario_s.c
[0.972s] -- Up-to-date: /home/filip/ros2_ws/install/colreg_interfaces/local/lib/python3.10/dist-packages/colreg_interfaces/msg/_ship_data.py
[0.972s] -- Up-to-date: /home/filip/ros2_ws/install/colreg_interfaces/local/lib/python3.10/dist-packages/colreg_interfaces/msg/_ship_data_s.c
[0.972s] -- Up-to-date: /home/filip/ros2_ws/install/colreg_interfaces/local/lib/python3.10/dist-packages/colreg_interfaces/msg/_colreg_s.c
[0.972s] -- Up-to-date: /home/filip/ros2_ws/install/colreg_interfaces/local/lib/python3.10/dist-packages/colreg_interfaces/msg/__init__.py
[0.973s] -- Up-to-date: /home/filip/ros2_ws/install/colreg_interfaces/local/lib/python3.10/dist-packages/colreg_interfaces/libcolreg_interfaces__rosidl_generator_py.so
[0.973s] -- Up-to-date: /home/filip/ros2_ws/install/colreg_interfaces/local/lib/python3.10/dist-packages/colreg_interfaces/__init__.py
[0.973s] -- Up-to-date: /home/filip/ros2_ws/install/colreg_interfaces/local/lib/python3.10/dist-packages/colreg_interfaces/_colreg_interfaces_s.ep.rosidl_typesupport_c.c
[0.973s] -- Up-to-date: /home/filip/ros2_ws/install/colreg_interfaces/local/lib/python3.10/dist-packages/colreg_interfaces/_colreg_interfaces_s.ep.rosidl_typesupport_introspection_c.c
[1.013s] Listing '/home/filip/ros2_ws/install/colreg_interfaces/local/lib/python3.10/dist-packages/colreg_interfaces'...
[1.013s] Listing '/home/filip/ros2_ws/install/colreg_interfaces/local/lib/python3.10/dist-packages/colreg_interfaces/msg'...
[1.017s] -- Up-to-date: /home/filip/ros2_ws/install/colreg_interfaces/local/lib/python3.10/dist-packages/colreg_interfaces/colreg_interfaces_s__rosidl_typesupport_fastrtps_c.cpython-310-x86_64-linux-gnu.so
[1.018s] -- Up-to-date: /home/filip/ros2_ws/install/colreg_interfaces/local/lib/python3.10/dist-packages/colreg_interfaces/colreg_interfaces_s__rosidl_typesupport_introspection_c.cpython-310-x86_64-linux-gnu.so
[1.018s] -- Up-to-date: /home/filip/ros2_ws/install/colreg_interfaces/local/lib/python3.10/dist-packages/colreg_interfaces/colreg_interfaces_s__rosidl_typesupport_c.cpython-310-x86_64-linux-gnu.so
[1.018s] -- Up-to-date: /home/filip/ros2_ws/install/colreg_interfaces/lib/libcolreg_interfaces__rosidl_generator_py.so
[1.018s] -- Up-to-date: /home/filip/ros2_ws/install/colreg_interfaces/share/colreg_interfaces/msg/ShipData.idl
[1.019s] -- Up-to-date: /home/filip/ros2_ws/install/colreg_interfaces/share/colreg_interfaces/msg/AvoidanceScenario.idl
[1.019s] -- Up-to-date: /home/filip/ros2_ws/install/colreg_interfaces/share/colreg_interfaces/msg/ShipData.msg
[1.019s] -- Up-to-date: /home/filip/ros2_ws/install/colreg_interfaces/share/colreg_interfaces/msg/AvoidanceScenario.msg
[1.019s] -- Up-to-date: /home/filip/ros2_ws/install/colreg_interfaces/share/ament_index/resource_index/package_run_dependencies/colreg_interfaces
[1.019s] -- Up-to-date: /home/filip/ros2_ws/install/colreg_interfaces/share/ament_index/resource_index/parent_prefix_path/colreg_interfaces
[1.019s] -- Up-to-date: /home/filip/ros2_ws/install/colreg_interfaces/share/colreg_interfaces/environment/ament_prefix_path.sh
[1.019s] -- Up-to-date: /home/filip/ros2_ws/install/colreg_interfaces/share/colreg_interfaces/environment/ament_prefix_path.dsv
[1.019s] -- Up-to-date: /home/filip/ros2_ws/install/colreg_interfaces/share/colreg_interfaces/environment/path.sh
[1.019s] -- Up-to-date: /home/filip/ros2_ws/install/colreg_interfaces/share/colreg_interfaces/environment/path.dsv
[1.019s] -- Up-to-date: /home/filip/ros2_ws/install/colreg_interfaces/share/colreg_interfaces/local_setup.bash
[1.020s] -- Up-to-date: /home/filip/ros2_ws/install/colreg_interfaces/share/colreg_interfaces/local_setup.sh
[1.020s] -- Up-to-date: /home/filip/ros2_ws/install/colreg_interfaces/share/colreg_interfaces/local_setup.zsh
[1.020s] -- Up-to-date: /home/filip/ros2_ws/install/colreg_interfaces/share/colreg_interfaces/local_setup.dsv
[1.020s] -- Installing: /home/filip/ros2_ws/install/colreg_interfaces/share/colreg_interfaces/package.dsv
[1.020s] -- Up-to-date: /home/filip/ros2_ws/install/colreg_interfaces/share/ament_index/resource_index/packages/colreg_interfaces
[1.020s] -- Up-to-date: /home/filip/ros2_ws/install/colreg_interfaces/share/colreg_interfaces/cmake/export_colreg_interfaces__rosidl_generator_cExport.cmake
[1.020s] -- Up-to-date: /home/filip/ros2_ws/install/colreg_interfaces/share/colreg_interfaces/cmake/export_colreg_interfaces__rosidl_generator_cExport-noconfig.cmake
[1.020s] -- Up-to-date: /home/filip/ros2_ws/install/colreg_interfaces/share/colreg_interfaces/cmake/export_colreg_interfaces__rosidl_typesupport_fastrtps_cExport.cmake
[1.021s] -- Up-to-date: /home/filip/ros2_ws/install/colreg_interfaces/share/colreg_interfaces/cmake/export_colreg_interfaces__rosidl_typesupport_fastrtps_cExport-noconfig.cmake
[1.021s] -- Up-to-date: /home/filip/ros2_ws/install/colreg_interfaces/share/colreg_interfaces/cmake/export_colreg_interfaces__rosidl_generator_cppExport.cmake
[1.021s] -- Up-to-date: /home/filip/ros2_ws/install/colreg_interfaces/share/colreg_interfaces/cmake/export_colreg_interfaces__rosidl_typesupport_fastrtps_cppExport.cmake
[1.021s] -- Up-to-date: /home/filip/ros2_ws/install/colreg_interfaces/share/colreg_interfaces/cmake/export_colreg_interfaces__rosidl_typesupport_fastrtps_cppExport-noconfig.cmake
[1.021s] -- Up-to-date: /home/filip/ros2_ws/install/colreg_interfaces/share/colreg_interfaces/cmake/colreg_interfaces__rosidl_typesupport_introspection_cExport.cmake
[1.022s] -- Up-to-date: /home/filip/ros2_ws/install/colreg_interfaces/share/colreg_interfaces/cmake/colreg_interfaces__rosidl_typesupport_introspection_cExport-noconfig.cmake
[1.022s] -- Up-to-date: /home/filip/ros2_ws/install/colreg_interfaces/share/colreg_interfaces/cmake/colreg_interfaces__rosidl_typesupport_cExport.cmake
[1.022s] -- Up-to-date: /home/filip/ros2_ws/install/colreg_interfaces/share/colreg_interfaces/cmake/colreg_interfaces__rosidl_typesupport_cExport-noconfig.cmake
[1.022s] -- Up-to-date: /home/filip/ros2_ws/install/colreg_interfaces/share/colreg_interfaces/cmake/colreg_interfaces__rosidl_typesupport_introspection_cppExport.cmake
[1.022s] -- Up-to-date: /home/filip/ros2_ws/install/colreg_interfaces/share/colreg_interfaces/cmake/colreg_interfaces__rosidl_typesupport_introspection_cppExport-noconfig.cmake
[1.022s] -- Up-to-date: /home/filip/ros2_ws/install/colreg_interfaces/share/colreg_interfaces/cmake/colreg_interfaces__rosidl_typesupport_cppExport.cmake
[1.022s] -- Up-to-date: /home/filip/ros2_ws/install/colreg_interfaces/share/colreg_interfaces/cmake/colreg_interfaces__rosidl_typesupport_cppExport-noconfig.cmake
[1.022s] -- Up-to-date: /home/filip/ros2_ws/install/colreg_interfaces/share/colreg_interfaces/cmake/export_colreg_interfaces__rosidl_generator_pyExport.cmake
[1.022s] -- Up-to-date: /home/filip/ros2_ws/install/colreg_interfaces/share/colreg_interfaces/cmake/export_colreg_interfaces__rosidl_generator_pyExport-noconfig.cmake
[1.022s] -- Up-to-date: /home/filip/ros2_ws/install/colreg_interfaces/share/colreg_interfaces/cmake/rosidl_cmake-extras.cmake
[1.022s] -- Up-to-date: /home/filip/ros2_ws/install/colreg_interfaces/share/colreg_interfaces/cmake/ament_cmake_export_dependencies-extras.cmake
[1.022s] -- Up-to-date: /home/filip/ros2_ws/install/colreg_interfaces/share/colreg_interfaces/cmake/ament_cmake_export_include_directories-extras.cmake
[1.022s] -- Up-to-date: /home/filip/ros2_ws/install/colreg_interfaces/share/colreg_interfaces/cmake/ament_cmake_export_libraries-extras.cmake
[1.023s] -- Up-to-date: /home/filip/ros2_ws/install/colreg_interfaces/share/colreg_interfaces/cmake/ament_cmake_export_targets-extras.cmake
[1.023s] -- Up-to-date: /home/filip/ros2_ws/install/colreg_interfaces/share/colreg_interfaces/cmake/rosidl_cmake_export_typesupport_targets-extras.cmake
[1.023s] -- Up-to-date: /home/filip/ros2_ws/install/colreg_interfaces/share/colreg_interfaces/cmake/rosidl_cmake_export_typesupport_libraries-extras.cmake
[1.023s] -- Up-to-date: /home/filip/ros2_ws/install/colreg_interfaces/share/colreg_interfaces/cmake/colreg_interfacesConfig.cmake
[1.023s] -- Up-to-date: /home/filip/ros2_ws/install/colreg_interfaces/share/colreg_interfaces/cmake/colreg_interfacesConfig-version.cmake
[1.023s] -- Up-to-date: /home/filip/ros2_ws/install/colreg_interfaces/share/colreg_interfaces/package.xml
[1.036s] Invoked command in '/home/filip/ros2_ws/build/colreg_interfaces' returned '0': CMAKE_PREFIX_PATH=${CMAKE_PREFIX_PATH}:/home/filip/ros2_ws/install/py_pubsub:/home/filip/ros2_ws/install/colreg_package_test:/home/filip/ros2_ws/install/colreg_package:/opt/ros/humble /usr/bin/cmake --install /home/filip/ros2_ws/build/colreg_interfaces
