[0.745s] DEBUG:colcon:Command line arguments: ['/usr/bin/colcon', 'build']
[0.745s] DEBUG:colcon:Parsed command line arguments: Namespace(log_base=None, log_level=None, verb_name='build', build_base='build', install_base='install', merge_install=False, symlink_install=False, test_result_base=None, continue_on_error=False, executor='parallel', parallel_workers=2, event_handlers=None, ignore_user_meta=False, metas=['./colcon.meta'], base_paths=['.'], packages_ignore=None, packages_ignore_regex=None, paths=None, packages_up_to=None, packages_up_to_regex=None, packages_above=None, packages_above_and_dependencies=None, packages_above_depth=None, packages_select_by_dep=None, packages_skip_by_dep=None, packages_skip_up_to=None, packages_select_build_failed=False, packages_skip_build_finished=False, packages_select_test_failures=False, packages_skip_test_passed=False, packages_select=None, packages_skip=None, packages_select_regex=None, packages_skip_regex=None, packages_start=None, packages_end=None, allow_overriding=[], cmake_args=None, cmake_target=None, cmake_target_skip_unavailable=False, cmake_clean_cache=False, cmake_clean_first=False, cmake_force_configure=False, ament_cmake_args=None, catkin_cmake_args=None, catkin_skip_building_tests=False, verb_parser=<colcon_defaults.argument_parser.defaults.DefaultArgumentsDecorator object at 0x7f7423ea15d0>, verb_extension=<colcon_core.verb.build.BuildVerb object at 0x7f7424623d60>, main=<bound method BuildVerb.main of <colcon_core.verb.build.BuildVerb object at 0x7f7424623d60>>)
[0.824s] Level 1:colcon.colcon_core.package_discovery:discover_packages(colcon_meta) check parameters
[0.824s] Level 1:colcon.colcon_core.package_discovery:discover_packages(recursive) check parameters
[0.824s] Level 1:colcon.colcon_core.package_discovery:discover_packages(ignore) check parameters
[0.824s] Level 1:colcon.colcon_core.package_discovery:discover_packages(path) check parameters
[0.824s] Level 1:colcon.colcon_core.package_discovery:discover_packages(colcon_meta) discover
[0.824s] Level 1:colcon.colcon_core.package_discovery:discover_packages(recursive) discover
[0.824s] INFO:colcon.colcon_core.package_discovery:Crawling recursively for packages in '/home/filip/ros2_ws'
[0.824s] Level 1:colcon.colcon_core.package_identification:_identify(.) by extensions ['ignore', 'ignore_ament_install']
[0.824s] Level 1:colcon.colcon_core.package_identification:_identify(.) by extension 'ignore'
[0.824s] Level 1:colcon.colcon_core.package_identification:_identify(.) by extension 'ignore_ament_install'
[0.825s] Level 1:colcon.colcon_core.package_identification:_identify(.) by extensions ['colcon_pkg']
[0.825s] Level 1:colcon.colcon_core.package_identification:_identify(.) by extension 'colcon_pkg'
[0.825s] Level 1:colcon.colcon_core.package_identification:_identify(.) by extensions ['colcon_meta']
[0.825s] Level 1:colcon.colcon_core.package_identification:_identify(.) by extension 'colcon_meta'
[0.825s] Level 1:colcon.colcon_core.package_identification:_identify(.) by extensions ['ros']
[0.825s] Level 1:colcon.colcon_core.package_identification:_identify(.) by extension 'ros'
[0.861s] Level 1:colcon.colcon_core.package_identification:_identify(.) by extensions ['cmake', 'python']
[0.861s] Level 1:colcon.colcon_core.package_identification:_identify(.) by extension 'cmake'
[0.861s] Level 1:colcon.colcon_core.package_identification:_identify(.) by extension 'python'
[0.861s] Level 1:colcon.colcon_core.package_identification:_identify(.) by extensions ['python_setup_py']
[0.861s] Level 1:colcon.colcon_core.package_identification:_identify(.) by extension 'python_setup_py'
[0.861s] Level 1:colcon.colcon_core.package_identification:_identify(build) by extensions ['ignore', 'ignore_ament_install']
[0.861s] Level 1:colcon.colcon_core.package_identification:_identify(build) by extension 'ignore'
[0.861s] Level 1:colcon.colcon_core.package_identification:_identify(build) ignored
[0.862s] Level 1:colcon.colcon_core.package_identification:_identify(install) by extensions ['ignore', 'ignore_ament_install']
[0.862s] Level 1:colcon.colcon_core.package_identification:_identify(install) by extension 'ignore'
[0.862s] Level 1:colcon.colcon_core.package_identification:_identify(install) ignored
[0.862s] Level 1:colcon.colcon_core.package_identification:_identify(log) by extensions ['ignore', 'ignore_ament_install']
[0.862s] Level 1:colcon.colcon_core.package_identification:_identify(log) by extension 'ignore'
[0.862s] Level 1:colcon.colcon_core.package_identification:_identify(log) ignored
[0.862s] Level 1:colcon.colcon_core.package_identification:_identify(src) by extensions ['ignore', 'ignore_ament_install']
[0.862s] Level 1:colcon.colcon_core.package_identification:_identify(src) by extension 'ignore'
[0.862s] Level 1:colcon.colcon_core.package_identification:_identify(src) by extension 'ignore_ament_install'
[0.862s] Level 1:colcon.colcon_core.package_identification:_identify(src) by extensions ['colcon_pkg']
[0.862s] Level 1:colcon.colcon_core.package_identification:_identify(src) by extension 'colcon_pkg'
[0.863s] Level 1:colcon.colcon_core.package_identification:_identify(src) by extensions ['colcon_meta']
[0.863s] Level 1:colcon.colcon_core.package_identification:_identify(src) by extension 'colcon_meta'
[0.863s] Level 1:colcon.colcon_core.package_identification:_identify(src) by extensions ['ros']
[0.863s] Level 1:colcon.colcon_core.package_identification:_identify(src) by extension 'ros'
[0.863s] Level 1:colcon.colcon_core.package_identification:_identify(src) by extensions ['cmake', 'python']
[0.863s] Level 1:colcon.colcon_core.package_identification:_identify(src) by extension 'cmake'
[0.863s] Level 1:colcon.colcon_core.package_identification:_identify(src) by extension 'python'
[0.863s] Level 1:colcon.colcon_core.package_identification:_identify(src) by extensions ['python_setup_py']
[0.863s] Level 1:colcon.colcon_core.package_identification:_identify(src) by extension 'python_setup_py'
[0.863s] Level 1:colcon.colcon_core.package_identification:_identify(src/build) by extensions ['ignore', 'ignore_ament_install']
[0.863s] Level 1:colcon.colcon_core.package_identification:_identify(src/build) by extension 'ignore'
[0.863s] Level 1:colcon.colcon_core.package_identification:_identify(src/build) ignored
[0.863s] Level 1:colcon.colcon_core.package_identification:_identify(src/colreg_package) by extensions ['ignore', 'ignore_ament_install']
[0.863s] Level 1:colcon.colcon_core.package_identification:_identify(src/colreg_package) by extension 'ignore'
[0.863s] Level 1:colcon.colcon_core.package_identification:_identify(src/colreg_package) by extension 'ignore_ament_install'
[0.863s] Level 1:colcon.colcon_core.package_identification:_identify(src/colreg_package) by extensions ['colcon_pkg']
[0.863s] Level 1:colcon.colcon_core.package_identification:_identify(src/colreg_package) by extension 'colcon_pkg'
[0.863s] Level 1:colcon.colcon_core.package_identification:_identify(src/colreg_package) by extensions ['colcon_meta']
[0.863s] Level 1:colcon.colcon_core.package_identification:_identify(src/colreg_package) by extension 'colcon_meta'
[0.863s] Level 1:colcon.colcon_core.package_identification:_identify(src/colreg_package) by extensions ['ros']
[0.863s] Level 1:colcon.colcon_core.package_identification:_identify(src/colreg_package) by extension 'ros'
[0.869s] DEBUG:colcon.colcon_core.package_identification:Package 'src/colreg_package' with type 'ros.ament_python' and name 'colreg_package'
[0.869s] Level 1:colcon.colcon_core.package_identification:_identify(src/install) by extensions ['ignore', 'ignore_ament_install']
[0.869s] Level 1:colcon.colcon_core.package_identification:_identify(src/install) by extension 'ignore'
[0.869s] Level 1:colcon.colcon_core.package_identification:_identify(src/install) ignored
[0.869s] Level 1:colcon.colcon_core.package_identification:_identify(src/log) by extensions ['ignore', 'ignore_ament_install']
[0.869s] Level 1:colcon.colcon_core.package_identification:_identify(src/log) by extension 'ignore'
[0.869s] Level 1:colcon.colcon_core.package_identification:_identify(src/log) ignored
[0.869s] Level 1:colcon.colcon_core.package_identification:_identify(src/turtle_controller) by extensions ['ignore', 'ignore_ament_install']
[0.870s] Level 1:colcon.colcon_core.package_identification:_identify(src/turtle_controller) by extension 'ignore'
[0.870s] Level 1:colcon.colcon_core.package_identification:_identify(src/turtle_controller) by extension 'ignore_ament_install'
[0.870s] Level 1:colcon.colcon_core.package_identification:_identify(src/turtle_controller) by extensions ['colcon_pkg']
[0.870s] Level 1:colcon.colcon_core.package_identification:_identify(src/turtle_controller) by extension 'colcon_pkg'
[0.870s] Level 1:colcon.colcon_core.package_identification:_identify(src/turtle_controller) by extensions ['colcon_meta']
[0.870s] Level 1:colcon.colcon_core.package_identification:_identify(src/turtle_controller) by extension 'colcon_meta'
[0.870s] Level 1:colcon.colcon_core.package_identification:_identify(src/turtle_controller) by extensions ['ros']
[0.870s] Level 1:colcon.colcon_core.package_identification:_identify(src/turtle_controller) by extension 'ros'
[0.871s] DEBUG:colcon.colcon_core.package_identification:Package 'src/turtle_controller' with type 'ros.ament_python' and name 'turtle_controller'
[0.871s] Level 1:colcon.colcon_core.package_discovery:discover_packages(recursive) using defaults
[0.872s] Level 1:colcon.colcon_core.package_discovery:discover_packages(ignore) discover
[0.872s] Level 1:colcon.colcon_core.package_discovery:discover_packages(ignore) using defaults
[0.872s] Level 1:colcon.colcon_core.package_discovery:discover_packages(path) discover
[0.872s] Level 1:colcon.colcon_core.package_discovery:discover_packages(path) using defaults
[0.925s] Level 1:colcon.colcon_core.package_discovery:discover_packages(prefix_path) check parameters
[0.925s] Level 1:colcon.colcon_core.package_discovery:discover_packages(prefix_path) discover
[0.930s] DEBUG:colcon.colcon_installed_package_information.package_discovery:Found 3 installed packages in /home/filip/ros2_ws/install
[0.932s] DEBUG:colcon.colcon_installed_package_information.package_discovery:Found 349 installed packages in /opt/ros/humble
[0.936s] Level 1:colcon.colcon_core.package_discovery:discover_packages(prefix_path) using defaults
[1.018s] Level 5:colcon.colcon_core.verb:set package 'colreg_package' build argument 'cmake_args' from command line to 'None'
[1.018s] Level 5:colcon.colcon_core.verb:set package 'colreg_package' build argument 'cmake_target' from command line to 'None'
[1.018s] Level 5:colcon.colcon_core.verb:set package 'colreg_package' build argument 'cmake_target_skip_unavailable' from command line to 'False'
[1.018s] Level 5:colcon.colcon_core.verb:set package 'colreg_package' build argument 'cmake_clean_cache' from command line to 'False'
[1.018s] Level 5:colcon.colcon_core.verb:set package 'colreg_package' build argument 'cmake_clean_first' from command line to 'False'
[1.018s] Level 5:colcon.colcon_core.verb:set package 'colreg_package' build argument 'cmake_force_configure' from command line to 'False'
[1.018s] Level 5:colcon.colcon_core.verb:set package 'colreg_package' build argument 'ament_cmake_args' from command line to 'None'
[1.018s] Level 5:colcon.colcon_core.verb:set package 'colreg_package' build argument 'catkin_cmake_args' from command line to 'None'
[1.018s] Level 5:colcon.colcon_core.verb:set package 'colreg_package' build argument 'catkin_skip_building_tests' from command line to 'False'
[1.018s] DEBUG:colcon.colcon_core.verb:Building package 'colreg_package' with the following arguments: {'ament_cmake_args': None, 'build_base': '/home/filip/ros2_ws/build/colreg_package', 'catkin_cmake_args': None, 'catkin_skip_building_tests': False, 'cmake_args': None, 'cmake_clean_cache': False, 'cmake_clean_first': False, 'cmake_force_configure': False, 'cmake_target': None, 'cmake_target_skip_unavailable': False, 'install_base': '/home/filip/ros2_ws/install/colreg_package', 'merge_install': False, 'path': '/home/filip/ros2_ws/src/colreg_package', 'symlink_install': False, 'test_result_base': None}
[1.019s] Level 5:colcon.colcon_core.verb:set package 'turtle_controller' build argument 'cmake_args' from command line to 'None'
[1.019s] Level 5:colcon.colcon_core.verb:set package 'turtle_controller' build argument 'cmake_target' from command line to 'None'
[1.019s] Level 5:colcon.colcon_core.verb:set package 'turtle_controller' build argument 'cmake_target_skip_unavailable' from command line to 'False'
[1.019s] Level 5:colcon.colcon_core.verb:set package 'turtle_controller' build argument 'cmake_clean_cache' from command line to 'False'
[1.019s] Level 5:colcon.colcon_core.verb:set package 'turtle_controller' build argument 'cmake_clean_first' from command line to 'False'
[1.019s] Level 5:colcon.colcon_core.verb:set package 'turtle_controller' build argument 'cmake_force_configure' from command line to 'False'
[1.019s] Level 5:colcon.colcon_core.verb:set package 'turtle_controller' build argument 'ament_cmake_args' from command line to 'None'
[1.019s] Level 5:colcon.colcon_core.verb:set package 'turtle_controller' build argument 'catkin_cmake_args' from command line to 'None'
[1.019s] Level 5:colcon.colcon_core.verb:set package 'turtle_controller' build argument 'catkin_skip_building_tests' from command line to 'False'
[1.019s] DEBUG:colcon.colcon_core.verb:Building package 'turtle_controller' with the following arguments: {'ament_cmake_args': None, 'build_base': '/home/filip/ros2_ws/build/turtle_controller', 'catkin_cmake_args': None, 'catkin_skip_building_tests': False, 'cmake_args': None, 'cmake_clean_cache': False, 'cmake_clean_first': False, 'cmake_force_configure': False, 'cmake_target': None, 'cmake_target_skip_unavailable': False, 'install_base': '/home/filip/ros2_ws/install/turtle_controller', 'merge_install': False, 'path': '/home/filip/ros2_ws/src/turtle_controller', 'symlink_install': False, 'test_result_base': None}
[1.020s] INFO:colcon.colcon_core.executor:Executing jobs using 'parallel' executor
[1.024s] DEBUG:colcon.colcon_parallel_executor.executor.parallel:run_until_complete
[1.024s] INFO:colcon.colcon_ros.task.ament_python.build:Building ROS package in '/home/filip/ros2_ws/src/colreg_package' with build type 'ament_python'
[1.024s] Level 1:colcon.colcon_core.shell:create_environment_hook('colreg_package', 'ament_prefix_path')
[1.035s] INFO:colcon.colcon_core.plugin_system:Skipping extension 'colcon_core.shell.bat': Not used on non-Windows systems
[1.035s] INFO:colcon.colcon_core.shell:Creating environment hook '/home/filip/ros2_ws/install/colreg_package/share/colreg_package/hook/ament_prefix_path.ps1'
[1.037s] INFO:colcon.colcon_core.shell:Creating environment descriptor '/home/filip/ros2_ws/install/colreg_package/share/colreg_package/hook/ament_prefix_path.dsv'
[1.039s] INFO:colcon.colcon_core.shell:Creating environment hook '/home/filip/ros2_ws/install/colreg_package/share/colreg_package/hook/ament_prefix_path.sh'
[1.042s] INFO:colcon.colcon_core.shell:Skip shell extension 'powershell' for command environment: Not usable outside of PowerShell
[1.042s] DEBUG:colcon.colcon_core.shell:Skip shell extension 'dsv' for command environment
[1.048s] INFO:colcon.colcon_ros.task.ament_python.build:Building ROS package in '/home/filip/ros2_ws/src/turtle_controller' with build type 'ament_python'
[1.048s] Level 1:colcon.colcon_core.shell:create_environment_hook('turtle_controller', 'ament_prefix_path')
[1.049s] INFO:colcon.colcon_core.shell:Creating environment hook '/home/filip/ros2_ws/install/turtle_controller/share/turtle_controller/hook/ament_prefix_path.ps1'
[1.050s] INFO:colcon.colcon_core.shell:Creating environment descriptor '/home/filip/ros2_ws/install/turtle_controller/share/turtle_controller/hook/ament_prefix_path.dsv'
[1.051s] INFO:colcon.colcon_core.shell:Creating environment hook '/home/filip/ros2_ws/install/turtle_controller/share/turtle_controller/hook/ament_prefix_path.sh'
[1.056s] INFO:colcon.colcon_core.shell:Skip shell extension 'powershell' for command environment: Not usable outside of PowerShell
[1.056s] DEBUG:colcon.colcon_core.shell:Skip shell extension 'dsv' for command environment
[1.403s] INFO:colcon.colcon_core.task.python.build:Building Python package in '/home/filip/ros2_ws/src/colreg_package'
[1.404s] INFO:colcon.colcon_core.shell:Skip shell extension 'powershell' for command environment: Not usable outside of PowerShell
[1.404s] DEBUG:colcon.colcon_core.shell:Skip shell extension 'dsv' for command environment
[1.668s] INFO:colcon.colcon_core.task.python.build:Building Python package in '/home/filip/ros2_ws/src/turtle_controller'
[1.670s] INFO:colcon.colcon_core.shell:Skip shell extension 'powershell' for command environment: Not usable outside of PowerShell
[1.670s] DEBUG:colcon.colcon_core.shell:Skip shell extension 'dsv' for command environment
[2.085s] DEBUG:colcon.colcon_core.event_handler.log_command:Invoking command in '/home/filip/ros2_ws/src/colreg_package': PYTHONPATH=/home/filip/ros2_ws/build/colreg_package/prefix_override:/home/filip/ros2_ws/install/colreg_package/lib/python3.10/site-packages:${PYTHONPATH} /usr/bin/python3 setup.py egg_info --egg-base ../../build/colreg_package build --build-base /home/filip/ros2_ws/build/colreg_package/build install --record /home/filip/ros2_ws/build/colreg_package/install.log --single-version-externally-managed
[2.158s] DEBUG:colcon.colcon_core.event_handler.log_command:Invoking command in '/home/filip/ros2_ws/src/turtle_controller': PYTHONPATH=/home/filip/ros2_ws/build/turtle_controller/prefix_override:/home/filip/ros2_ws/install/turtle_controller/lib/python3.10/site-packages:${PYTHONPATH} /usr/bin/python3 setup.py egg_info --egg-base ../../build/turtle_controller build --build-base /home/filip/ros2_ws/build/turtle_controller/build install --record /home/filip/ros2_ws/build/turtle_controller/install.log --single-version-externally-managed
[2.421s] DEBUG:colcon.colcon_core.event_handler.log_command:Invoked command in '/home/filip/ros2_ws/src/colreg_package' returned '0': PYTHONPATH=/home/filip/ros2_ws/build/colreg_package/prefix_override:/home/filip/ros2_ws/install/colreg_package/lib/python3.10/site-packages:${PYTHONPATH} /usr/bin/python3 setup.py egg_info --egg-base ../../build/colreg_package build --build-base /home/filip/ros2_ws/build/colreg_package/build install --record /home/filip/ros2_ws/build/colreg_package/install.log --single-version-externally-managed
[2.434s] Level 1:colcon.colcon_core.environment:checking '/home/filip/ros2_ws/install/colreg_package' for CMake module files
[2.435s] Level 1:colcon.colcon_core.environment:checking '/home/filip/ros2_ws/install/colreg_package' for CMake config files
[2.436s] Level 1:colcon.colcon_core.environment:checking '/home/filip/ros2_ws/install/colreg_package/lib'
[2.436s] Level 1:colcon.colcon_core.environment:checking '/home/filip/ros2_ws/install/colreg_package/bin'
[2.436s] Level 1:colcon.colcon_core.environment:checking '/home/filip/ros2_ws/install/colreg_package/lib/pkgconfig/colreg_package.pc'
[2.436s] Level 1:colcon.colcon_core.environment:checking '/home/filip/ros2_ws/install/colreg_package/lib/python3.10/site-packages'
[2.436s] Level 1:colcon.colcon_core.shell:create_environment_hook('colreg_package', 'pythonpath')
[2.438s] INFO:colcon.colcon_core.shell:Creating environment hook '/home/filip/ros2_ws/install/colreg_package/share/colreg_package/hook/pythonpath.ps1'
[2.438s] INFO:colcon.colcon_core.shell:Creating environment descriptor '/home/filip/ros2_ws/install/colreg_package/share/colreg_package/hook/pythonpath.dsv'
[2.440s] INFO:colcon.colcon_core.shell:Creating environment hook '/home/filip/ros2_ws/install/colreg_package/share/colreg_package/hook/pythonpath.sh'
[2.441s] Level 1:colcon.colcon_core.environment:checking '/home/filip/ros2_ws/install/colreg_package/bin'
[2.441s] Level 1:colcon.colcon_core.environment:create_environment_scripts_only(colreg_package)
[2.443s] INFO:colcon.colcon_core.shell:Creating package script '/home/filip/ros2_ws/install/colreg_package/share/colreg_package/package.ps1'
[2.445s] INFO:colcon.colcon_core.shell:Creating package descriptor '/home/filip/ros2_ws/install/colreg_package/share/colreg_package/package.dsv'
[2.446s] INFO:colcon.colcon_core.shell:Creating package script '/home/filip/ros2_ws/install/colreg_package/share/colreg_package/package.sh'
[2.449s] INFO:colcon.colcon_core.shell:Creating package script '/home/filip/ros2_ws/install/colreg_package/share/colreg_package/package.bash'
[2.451s] INFO:colcon.colcon_core.shell:Creating package script '/home/filip/ros2_ws/install/colreg_package/share/colreg_package/package.zsh'
[2.452s] Level 1:colcon.colcon_core.environment:create_file_with_runtime_dependencies(/home/filip/ros2_ws/install/colreg_package/share/colcon-core/packages/colreg_package)
[2.495s] Level 1:colcon.colcon_core.environment:checking '/home/filip/ros2_ws/install/turtle_controller' for CMake module files
[2.496s] DEBUG:colcon.colcon_core.event_handler.log_command:Invoked command in '/home/filip/ros2_ws/src/turtle_controller' returned '0': PYTHONPATH=/home/filip/ros2_ws/build/turtle_controller/prefix_override:/home/filip/ros2_ws/install/turtle_controller/lib/python3.10/site-packages:${PYTHONPATH} /usr/bin/python3 setup.py egg_info --egg-base ../../build/turtle_controller build --build-base /home/filip/ros2_ws/build/turtle_controller/build install --record /home/filip/ros2_ws/build/turtle_controller/install.log --single-version-externally-managed
[2.496s] Level 1:colcon.colcon_core.environment:checking '/home/filip/ros2_ws/install/turtle_controller' for CMake config files
[2.496s] Level 1:colcon.colcon_core.environment:checking '/home/filip/ros2_ws/install/turtle_controller/lib'
[2.496s] Level 1:colcon.colcon_core.environment:checking '/home/filip/ros2_ws/install/turtle_controller/bin'
[2.496s] Level 1:colcon.colcon_core.environment:checking '/home/filip/ros2_ws/install/turtle_controller/lib/pkgconfig/turtle_controller.pc'
[2.497s] Level 1:colcon.colcon_core.environment:checking '/home/filip/ros2_ws/install/turtle_controller/lib/python3.10/site-packages'
[2.497s] Level 1:colcon.colcon_core.shell:create_environment_hook('turtle_controller', 'pythonpath')
[2.498s] INFO:colcon.colcon_core.shell:Creating environment hook '/home/filip/ros2_ws/install/turtle_controller/share/turtle_controller/hook/pythonpath.ps1'
[2.499s] INFO:colcon.colcon_core.shell:Creating environment descriptor '/home/filip/ros2_ws/install/turtle_controller/share/turtle_controller/hook/pythonpath.dsv'
[2.499s] INFO:colcon.colcon_core.shell:Creating environment hook '/home/filip/ros2_ws/install/turtle_controller/share/turtle_controller/hook/pythonpath.sh'
[2.500s] Level 1:colcon.colcon_core.environment:checking '/home/filip/ros2_ws/install/turtle_controller/bin'
[2.500s] Level 1:colcon.colcon_core.environment:create_environment_scripts_only(turtle_controller)
[2.501s] INFO:colcon.colcon_core.shell:Creating package script '/home/filip/ros2_ws/install/turtle_controller/share/turtle_controller/package.ps1'
[2.502s] INFO:colcon.colcon_core.shell:Creating package descriptor '/home/filip/ros2_ws/install/turtle_controller/share/turtle_controller/package.dsv'
[2.503s] INFO:colcon.colcon_core.shell:Creating package script '/home/filip/ros2_ws/install/turtle_controller/share/turtle_controller/package.sh'
[2.503s] INFO:colcon.colcon_core.shell:Creating package script '/home/filip/ros2_ws/install/turtle_controller/share/turtle_controller/package.bash'
[2.504s] INFO:colcon.colcon_core.shell:Creating package script '/home/filip/ros2_ws/install/turtle_controller/share/turtle_controller/package.zsh'
[2.504s] Level 1:colcon.colcon_core.environment:create_file_with_runtime_dependencies(/home/filip/ros2_ws/install/turtle_controller/share/colcon-core/packages/turtle_controller)
[2.504s] DEBUG:colcon.colcon_parallel_executor.executor.parallel:closing loop
[2.505s] DEBUG:colcon.colcon_parallel_executor.executor.parallel:loop closed
[2.505s] DEBUG:colcon.colcon_parallel_executor.executor.parallel:run_until_complete finished with '0'
[2.505s] DEBUG:colcon.colcon_core.event_reactor:joining thread
[2.515s] INFO:colcon.colcon_core.plugin_system:Skipping extension 'colcon_notification.desktop_notification.terminal_notifier': Not used on non-Darwin systems
[2.515s] INFO:colcon.colcon_core.plugin_system:Skipping extension 'colcon_notification.desktop_notification.win32': Not used on non-Windows systems
[2.515s] INFO:colcon.colcon_notification.desktop_notification:Sending desktop notification using 'notify2'
[2.565s] DEBUG:colcon.colcon_core.event_reactor:joined thread
[2.567s] INFO:colcon.colcon_core.shell:Creating prefix script '/home/filip/ros2_ws/install/local_setup.ps1'
[2.568s] INFO:colcon.colcon_core.shell:Creating prefix util module '/home/filip/ros2_ws/install/_local_setup_util_ps1.py'
[2.570s] INFO:colcon.colcon_core.shell:Creating prefix chain script '/home/filip/ros2_ws/install/setup.ps1'
[2.572s] INFO:colcon.colcon_core.shell:Creating prefix script '/home/filip/ros2_ws/install/local_setup.sh'
[2.573s] INFO:colcon.colcon_core.shell:Creating prefix util module '/home/filip/ros2_ws/install/_local_setup_util_sh.py'
[2.574s] INFO:colcon.colcon_core.shell:Creating prefix chain script '/home/filip/ros2_ws/install/setup.sh'
[2.576s] INFO:colcon.colcon_core.shell:Creating prefix script '/home/filip/ros2_ws/install/local_setup.bash'
[2.577s] INFO:colcon.colcon_core.shell:Creating prefix chain script '/home/filip/ros2_ws/install/setup.bash'
[2.579s] INFO:colcon.colcon_core.shell:Creating prefix script '/home/filip/ros2_ws/install/local_setup.zsh'
[2.580s] INFO:colcon.colcon_core.shell:Creating prefix chain script '/home/filip/ros2_ws/install/setup.zsh'
