[0.024s] Invoking command in '/home/filip/ros2_ws/build/colreg_interfaces': CMAKE_PREFIX_PATH=${CMAKE_PREFIX_PATH}:/home/filip/ros2_ws/install/py_pubsub:/home/filip/ros2_ws/install/colreg_package_test:/home/filip/ros2_ws/install/colreg_package:/opt/ros/humble /usr/bin/cmake --build /home/filip/ros2_ws/build/colreg_interfaces -- -j2 -l2
[0.082s] [  3%] Built target colreg_interfaces__cpp
[0.103s] [ 12%] Built target colreg_interfaces__rosidl_generator_c
[0.136s] [ 22%] Built target colreg_interfaces__rosidl_typesupport_cpp
[0.158s] [ 22%] Built target ament_cmake_python_copy_colreg_interfaces
[0.173s] [ 32%] Built target colreg_interfaces__rosidl_typesupport_fastrtps_c
[0.180s] [ 41%] Built target colreg_interfaces__rosidl_typesupport_fastrtps_cpp
[0.209s] [ 51%] Built target colreg_interfaces__rosidl_typesupport_introspection_c
[0.220s] [ 61%] Built target colreg_interfaces__rosidl_typesupport_c
[0.249s] [ 70%] Built target colreg_interfaces__rosidl_typesupport_introspection_cpp
[0.289s] [ 70%] Built target colreg_interfaces
[0.357s] [ 74%] Built target colreg_interfaces__py
[0.383s] [ 80%] Built target colreg_interfaces__rosidl_generator_py
[0.405s] [ 87%] Built target colreg_interfaces__rosidl_typesupport_fastrtps_c__pyext
[0.429s] [ 93%] Built target colreg_interfaces__rosidl_typesupport_introspection_c__pyext
[0.453s] [100%] Built target colreg_interfaces__rosidl_typesupport_c__pyext
[0.570s] running egg_info
[0.571s] writing colreg_interfaces.egg-info/PKG-INFO
[0.571s] writing dependency_links to colreg_interfaces.egg-info/dependency_links.txt
[0.572s] writing top-level names to colreg_interfaces.egg-info/top_level.txt
[0.574s] reading manifest file 'colreg_interfaces.egg-info/SOURCES.txt'
[0.575s] writing manifest file 'colreg_interfaces.egg-info/SOURCES.txt'
[0.602s] [100%] Built target ament_cmake_python_build_colreg_interfaces_egg
[0.613s] Invoked command in '/home/filip/ros2_ws/build/colreg_interfaces' returned '0': CMAKE_PREFIX_PATH=${CMAKE_PREFIX_PATH}:/home/filip/ros2_ws/install/py_pubsub:/home/filip/ros2_ws/install/colreg_package_test:/home/filip/ros2_ws/install/colreg_package:/opt/ros/humble /usr/bin/cmake --build /home/filip/ros2_ws/build/colreg_interfaces -- -j2 -l2
[0.710s] Invoking command in '/home/filip/ros2_ws/build/colreg_interfaces': CMAKE_PREFIX_PATH=${CMAKE_PREFIX_PATH}:/home/filip/ros2_ws/install/py_pubsub:/home/filip/ros2_ws/install/colreg_package_test:/home/filip/ros2_ws/install/colreg_package:/opt/ros/humble /usr/bin/cmake --install /home/filip/ros2_ws/build/colreg_interfaces
[0.719s] -- Install configuration: ""
[0.719s] -- Up-to-date: /home/filip/ros2_ws/install/colreg_interfaces/share/ament_index/resource_index/rosidl_interfaces/colreg_interfaces
[0.719s] -- Up-to-date: /home/filip/ros2_ws/install/colreg_interfaces/include/colreg_interfaces/colreg_interfaces
[0.720s] -- Up-to-date: /home/filip/ros2_ws/install/colreg_interfaces/include/colreg_interfaces/colreg_interfaces/msg
[0.720s] -- Up-to-date: /home/filip/ros2_ws/install/colreg_interfaces/include/colreg_interfaces/colreg_interfaces/msg/detail
[0.720s] -- Up-to-date: /home/filip/ros2_ws/install/colreg_interfaces/include/colreg_interfaces/colreg_interfaces/msg/detail/colreg__functions.c
[0.720s] -- Up-to-date: /home/filip/ros2_ws/install/colreg_interfaces/include/colreg_interfaces/colreg_interfaces/msg/detail/colreg__functions.h
[0.720s] -- Up-to-date: /home/filip/ros2_ws/install/colreg_interfaces/include/colreg_interfaces/colreg_interfaces/msg/detail/colreg__type_support.h
[0.721s] -- Up-to-date: /home/filip/ros2_ws/install/colreg_interfaces/include/colreg_interfaces/colreg_interfaces/msg/detail/colreg__struct.h
[0.721s] -- Up-to-date: /home/filip/ros2_ws/install/colreg_interfaces/include/colreg_interfaces/colreg_interfaces/msg/rosidl_generator_c__visibility_control.h
[0.721s] -- Up-to-date: /home/filip/ros2_ws/install/colreg_interfaces/include/colreg_interfaces/colreg_interfaces/msg/colreg.h
[0.721s] -- Up-to-date: /home/filip/ros2_ws/install/colreg_interfaces/share/colreg_interfaces/environment/library_path.sh
[0.721s] -- Up-to-date: /home/filip/ros2_ws/install/colreg_interfaces/share/colreg_interfaces/environment/library_path.dsv
[0.722s] -- Up-to-date: /home/filip/ros2_ws/install/colreg_interfaces/lib/libcolreg_interfaces__rosidl_generator_c.so
[0.722s] -- Up-to-date: /home/filip/ros2_ws/install/colreg_interfaces/include/colreg_interfaces/colreg_interfaces
[0.722s] -- Up-to-date: /home/filip/ros2_ws/install/colreg_interfaces/include/colreg_interfaces/colreg_interfaces/msg
[0.722s] -- Up-to-date: /home/filip/ros2_ws/install/colreg_interfaces/include/colreg_interfaces/colreg_interfaces/msg/detail
[0.722s] -- Up-to-date: /home/filip/ros2_ws/install/colreg_interfaces/include/colreg_interfaces/colreg_interfaces/msg/detail/colreg__rosidl_typesupport_fastrtps_c.h
[0.723s] -- Up-to-date: /home/filip/ros2_ws/install/colreg_interfaces/include/colreg_interfaces/colreg_interfaces/msg/rosidl_typesupport_fastrtps_c__visibility_control.h
[0.723s] -- Up-to-date: /home/filip/ros2_ws/install/colreg_interfaces/lib/libcolreg_interfaces__rosidl_typesupport_fastrtps_c.so
[0.723s] -- Up-to-date: /home/filip/ros2_ws/install/colreg_interfaces/include/colreg_interfaces/colreg_interfaces
[0.723s] -- Up-to-date: /home/filip/ros2_ws/install/colreg_interfaces/include/colreg_interfaces/colreg_interfaces/msg
[0.724s] -- Up-to-date: /home/filip/ros2_ws/install/colreg_interfaces/include/colreg_interfaces/colreg_interfaces/msg/detail
[0.724s] -- Up-to-date: /home/filip/ros2_ws/install/colreg_interfaces/include/colreg_interfaces/colreg_interfaces/msg/detail/colreg__builder.hpp
[0.724s] -- Up-to-date: /home/filip/ros2_ws/install/colreg_interfaces/include/colreg_interfaces/colreg_interfaces/msg/detail/colreg__traits.hpp
[0.724s] -- Up-to-date: /home/filip/ros2_ws/install/colreg_interfaces/include/colreg_interfaces/colreg_interfaces/msg/detail/colreg__struct.hpp
[0.724s] -- Up-to-date: /home/filip/ros2_ws/install/colreg_interfaces/include/colreg_interfaces/colreg_interfaces/msg/colreg.hpp
[0.724s] -- Up-to-date: /home/filip/ros2_ws/install/colreg_interfaces/include/colreg_interfaces/colreg_interfaces
[0.724s] -- Up-to-date: /home/filip/ros2_ws/install/colreg_interfaces/include/colreg_interfaces/colreg_interfaces/msg
[0.724s] -- Up-to-date: /home/filip/ros2_ws/install/colreg_interfaces/include/colreg_interfaces/colreg_interfaces/msg/detail
[0.724s] -- Up-to-date: /home/filip/ros2_ws/install/colreg_interfaces/include/colreg_interfaces/colreg_interfaces/msg/detail/colreg__rosidl_typesupport_fastrtps_cpp.hpp
[0.724s] -- Up-to-date: /home/filip/ros2_ws/install/colreg_interfaces/include/colreg_interfaces/colreg_interfaces/msg/detail/dds_fastrtps
[0.724s] -- Up-to-date: /home/filip/ros2_ws/install/colreg_interfaces/include/colreg_interfaces/colreg_interfaces/msg/rosidl_typesupport_fastrtps_cpp__visibility_control.h
[0.724s] -- Up-to-date: /home/filip/ros2_ws/install/colreg_interfaces/lib/libcolreg_interfaces__rosidl_typesupport_fastrtps_cpp.so
[0.724s] -- Up-to-date: /home/filip/ros2_ws/install/colreg_interfaces/include/colreg_interfaces/colreg_interfaces
[0.724s] -- Up-to-date: /home/filip/ros2_ws/install/colreg_interfaces/include/colreg_interfaces/colreg_interfaces/msg
[0.724s] -- Up-to-date: /home/filip/ros2_ws/install/colreg_interfaces/include/colreg_interfaces/colreg_interfaces/msg/detail
[0.724s] -- Up-to-date: /home/filip/ros2_ws/install/colreg_interfaces/include/colreg_interfaces/colreg_interfaces/msg/detail/colreg__type_support.c
[0.725s] -- Up-to-date: /home/filip/ros2_ws/install/colreg_interfaces/include/colreg_interfaces/colreg_interfaces/msg/detail/colreg__rosidl_typesupport_introspection_c.h
[0.725s] -- Up-to-date: /home/filip/ros2_ws/install/colreg_interfaces/include/colreg_interfaces/colreg_interfaces/msg/rosidl_typesupport_introspection_c__visibility_control.h
[0.725s] -- Up-to-date: /home/filip/ros2_ws/install/colreg_interfaces/lib/libcolreg_interfaces__rosidl_typesupport_introspection_c.so
[0.725s] -- Up-to-date: /home/filip/ros2_ws/install/colreg_interfaces/lib/libcolreg_interfaces__rosidl_typesupport_c.so
[0.725s] -- Up-to-date: /home/filip/ros2_ws/install/colreg_interfaces/include/colreg_interfaces/colreg_interfaces
[0.725s] -- Up-to-date: /home/filip/ros2_ws/install/colreg_interfaces/include/colreg_interfaces/colreg_interfaces/msg
[0.725s] -- Up-to-date: /home/filip/ros2_ws/install/colreg_interfaces/include/colreg_interfaces/colreg_interfaces/msg/detail
[0.725s] -- Up-to-date: /home/filip/ros2_ws/install/colreg_interfaces/include/colreg_interfaces/colreg_interfaces/msg/detail/colreg__rosidl_typesupport_introspection_cpp.hpp
[0.725s] -- Up-to-date: /home/filip/ros2_ws/install/colreg_interfaces/include/colreg_interfaces/colreg_interfaces/msg/detail/colreg__type_support.cpp
[0.725s] -- Up-to-date: /home/filip/ros2_ws/install/colreg_interfaces/lib/libcolreg_interfaces__rosidl_typesupport_introspection_cpp.so
[0.725s] -- Up-to-date: /home/filip/ros2_ws/install/colreg_interfaces/lib/libcolreg_interfaces__rosidl_typesupport_cpp.so
[0.725s] -- Up-to-date: /home/filip/ros2_ws/install/colreg_interfaces/share/colreg_interfaces/environment/pythonpath.sh
[0.725s] -- Up-to-date: /home/filip/ros2_ws/install/colreg_interfaces/share/colreg_interfaces/environment/pythonpath.dsv
[0.725s] -- Up-to-date: /home/filip/ros2_ws/install/colreg_interfaces/local/lib/python3.10/dist-packages/colreg_interfaces-0.0.0-py3.10.egg-info
[0.725s] -- Installing: /home/filip/ros2_ws/install/colreg_interfaces/local/lib/python3.10/dist-packages/colreg_interfaces-0.0.0-py3.10.egg-info/SOURCES.txt
[0.725s] -- Installing: /home/filip/ros2_ws/install/colreg_interfaces/local/lib/python3.10/dist-packages/colreg_interfaces-0.0.0-py3.10.egg-info/dependency_links.txt
[0.726s] -- Installing: /home/filip/ros2_ws/install/colreg_interfaces/local/lib/python3.10/dist-packages/colreg_interfaces-0.0.0-py3.10.egg-info/top_level.txt
[0.726s] -- Installing: /home/filip/ros2_ws/install/colreg_interfaces/local/lib/python3.10/dist-packages/colreg_interfaces-0.0.0-py3.10.egg-info/PKG-INFO
[0.726s] -- Up-to-date: /home/filip/ros2_ws/install/colreg_interfaces/local/lib/python3.10/dist-packages/colreg_interfaces
[0.726s] -- Up-to-date: /home/filip/ros2_ws/install/colreg_interfaces/local/lib/python3.10/dist-packages/colreg_interfaces/_colreg_interfaces_s.ep.rosidl_typesupport_fastrtps_c.c
[0.726s] -- Up-to-date: /home/filip/ros2_ws/install/colreg_interfaces/local/lib/python3.10/dist-packages/colreg_interfaces/colreg_interfaces_s__rosidl_typesupport_fastrtps_c.cpython-310-x86_64-linux-gnu.so
[0.726s] -- Up-to-date: /home/filip/ros2_ws/install/colreg_interfaces/local/lib/python3.10/dist-packages/colreg_interfaces/colreg_interfaces_s__rosidl_typesupport_introspection_c.cpython-310-x86_64-linux-gnu.so
[0.726s] -- Up-to-date: /home/filip/ros2_ws/install/colreg_interfaces/local/lib/python3.10/dist-packages/colreg_interfaces/colreg_interfaces_s__rosidl_typesupport_c.cpython-310-x86_64-linux-gnu.so
[0.726s] -- Up-to-date: /home/filip/ros2_ws/install/colreg_interfaces/local/lib/python3.10/dist-packages/colreg_interfaces/msg
[0.726s] -- Up-to-date: /home/filip/ros2_ws/install/colreg_interfaces/local/lib/python3.10/dist-packages/colreg_interfaces/msg/_colreg.py
[0.726s] -- Up-to-date: /home/filip/ros2_ws/install/colreg_interfaces/local/lib/python3.10/dist-packages/colreg_interfaces/msg/_colreg_s.c
[0.726s] -- Up-to-date: /home/filip/ros2_ws/install/colreg_interfaces/local/lib/python3.10/dist-packages/colreg_interfaces/msg/__init__.py
[0.726s] -- Up-to-date: /home/filip/ros2_ws/install/colreg_interfaces/local/lib/python3.10/dist-packages/colreg_interfaces/libcolreg_interfaces__rosidl_generator_py.so
[0.726s] -- Up-to-date: /home/filip/ros2_ws/install/colreg_interfaces/local/lib/python3.10/dist-packages/colreg_interfaces/__init__.py
[0.726s] -- Up-to-date: /home/filip/ros2_ws/install/colreg_interfaces/local/lib/python3.10/dist-packages/colreg_interfaces/_colreg_interfaces_s.ep.rosidl_typesupport_c.c
[0.726s] -- Up-to-date: /home/filip/ros2_ws/install/colreg_interfaces/local/lib/python3.10/dist-packages/colreg_interfaces/_colreg_interfaces_s.ep.rosidl_typesupport_introspection_c.c
[0.757s] Listing '/home/filip/ros2_ws/install/colreg_interfaces/local/lib/python3.10/dist-packages/colreg_interfaces'...
[0.757s] Listing '/home/filip/ros2_ws/install/colreg_interfaces/local/lib/python3.10/dist-packages/colreg_interfaces/msg'...
[0.762s] -- Up-to-date: /home/filip/ros2_ws/install/colreg_interfaces/local/lib/python3.10/dist-packages/colreg_interfaces/colreg_interfaces_s__rosidl_typesupport_fastrtps_c.cpython-310-x86_64-linux-gnu.so
[0.762s] -- Up-to-date: /home/filip/ros2_ws/install/colreg_interfaces/local/lib/python3.10/dist-packages/colreg_interfaces/colreg_interfaces_s__rosidl_typesupport_introspection_c.cpython-310-x86_64-linux-gnu.so
[0.762s] -- Up-to-date: /home/filip/ros2_ws/install/colreg_interfaces/local/lib/python3.10/dist-packages/colreg_interfaces/colreg_interfaces_s__rosidl_typesupport_c.cpython-310-x86_64-linux-gnu.so
[0.762s] -- Up-to-date: /home/filip/ros2_ws/install/colreg_interfaces/lib/libcolreg_interfaces__rosidl_generator_py.so
[0.763s] -- Up-to-date: /home/filip/ros2_ws/install/colreg_interfaces/share/colreg_interfaces/msg/Colreg.idl
[0.763s] -- Up-to-date: /home/filip/ros2_ws/install/colreg_interfaces/share/colreg_interfaces/msg/Colreg.msg
[0.763s] -- Up-to-date: /home/filip/ros2_ws/install/colreg_interfaces/share/ament_index/resource_index/package_run_dependencies/colreg_interfaces
[0.764s] -- Up-to-date: /home/filip/ros2_ws/install/colreg_interfaces/share/ament_index/resource_index/parent_prefix_path/colreg_interfaces
[0.764s] -- Up-to-date: /home/filip/ros2_ws/install/colreg_interfaces/share/colreg_interfaces/environment/ament_prefix_path.sh
[0.764s] -- Up-to-date: /home/filip/ros2_ws/install/colreg_interfaces/share/colreg_interfaces/environment/ament_prefix_path.dsv
[0.764s] -- Up-to-date: /home/filip/ros2_ws/install/colreg_interfaces/share/colreg_interfaces/environment/path.sh
[0.765s] -- Up-to-date: /home/filip/ros2_ws/install/colreg_interfaces/share/colreg_interfaces/environment/path.dsv
[0.765s] -- Up-to-date: /home/filip/ros2_ws/install/colreg_interfaces/share/colreg_interfaces/local_setup.bash
[0.765s] -- Up-to-date: /home/filip/ros2_ws/install/colreg_interfaces/share/colreg_interfaces/local_setup.sh
[0.766s] -- Up-to-date: /home/filip/ros2_ws/install/colreg_interfaces/share/colreg_interfaces/local_setup.zsh
[0.766s] -- Up-to-date: /home/filip/ros2_ws/install/colreg_interfaces/share/colreg_interfaces/local_setup.dsv
[0.766s] -- Installing: /home/filip/ros2_ws/install/colreg_interfaces/share/colreg_interfaces/package.dsv
[0.766s] -- Up-to-date: /home/filip/ros2_ws/install/colreg_interfaces/share/ament_index/resource_index/packages/colreg_interfaces
[0.766s] -- Up-to-date: /home/filip/ros2_ws/install/colreg_interfaces/share/colreg_interfaces/cmake/export_colreg_interfaces__rosidl_generator_cExport.cmake
[0.766s] -- Up-to-date: /home/filip/ros2_ws/install/colreg_interfaces/share/colreg_interfaces/cmake/export_colreg_interfaces__rosidl_generator_cExport-noconfig.cmake
[0.766s] -- Up-to-date: /home/filip/ros2_ws/install/colreg_interfaces/share/colreg_interfaces/cmake/export_colreg_interfaces__rosidl_typesupport_fastrtps_cExport.cmake
[0.766s] -- Up-to-date: /home/filip/ros2_ws/install/colreg_interfaces/share/colreg_interfaces/cmake/export_colreg_interfaces__rosidl_typesupport_fastrtps_cExport-noconfig.cmake
[0.767s] -- Up-to-date: /home/filip/ros2_ws/install/colreg_interfaces/share/colreg_interfaces/cmake/export_colreg_interfaces__rosidl_generator_cppExport.cmake
[0.767s] -- Up-to-date: /home/filip/ros2_ws/install/colreg_interfaces/share/colreg_interfaces/cmake/export_colreg_interfaces__rosidl_typesupport_fastrtps_cppExport.cmake
[0.767s] -- Up-to-date: /home/filip/ros2_ws/install/colreg_interfaces/share/colreg_interfaces/cmake/export_colreg_interfaces__rosidl_typesupport_fastrtps_cppExport-noconfig.cmake
[0.767s] -- Up-to-date: /home/filip/ros2_ws/install/colreg_interfaces/share/colreg_interfaces/cmake/colreg_interfaces__rosidl_typesupport_introspection_cExport.cmake
[0.767s] -- Up-to-date: /home/filip/ros2_ws/install/colreg_interfaces/share/colreg_interfaces/cmake/colreg_interfaces__rosidl_typesupport_introspection_cExport-noconfig.cmake
[0.767s] -- Up-to-date: /home/filip/ros2_ws/install/colreg_interfaces/share/colreg_interfaces/cmake/colreg_interfaces__rosidl_typesupport_cExport.cmake
[0.767s] -- Up-to-date: /home/filip/ros2_ws/install/colreg_interfaces/share/colreg_interfaces/cmake/colreg_interfaces__rosidl_typesupport_cExport-noconfig.cmake
[0.767s] -- Up-to-date: /home/filip/ros2_ws/install/colreg_interfaces/share/colreg_interfaces/cmake/colreg_interfaces__rosidl_typesupport_introspection_cppExport.cmake
[0.767s] -- Up-to-date: /home/filip/ros2_ws/install/colreg_interfaces/share/colreg_interfaces/cmake/colreg_interfaces__rosidl_typesupport_introspection_cppExport-noconfig.cmake
[0.767s] -- Up-to-date: /home/filip/ros2_ws/install/colreg_interfaces/share/colreg_interfaces/cmake/colreg_interfaces__rosidl_typesupport_cppExport.cmake
[0.767s] -- Up-to-date: /home/filip/ros2_ws/install/colreg_interfaces/share/colreg_interfaces/cmake/colreg_interfaces__rosidl_typesupport_cppExport-noconfig.cmake
[0.767s] -- Up-to-date: /home/filip/ros2_ws/install/colreg_interfaces/share/colreg_interfaces/cmake/export_colreg_interfaces__rosidl_generator_pyExport.cmake
[0.767s] -- Up-to-date: /home/filip/ros2_ws/install/colreg_interfaces/share/colreg_interfaces/cmake/export_colreg_interfaces__rosidl_generator_pyExport-noconfig.cmake
[0.767s] -- Up-to-date: /home/filip/ros2_ws/install/colreg_interfaces/share/colreg_interfaces/cmake/rosidl_cmake-extras.cmake
[0.768s] -- Up-to-date: /home/filip/ros2_ws/install/colreg_interfaces/share/colreg_interfaces/cmake/ament_cmake_export_include_directories-extras.cmake
[0.768s] -- Up-to-date: /home/filip/ros2_ws/install/colreg_interfaces/share/colreg_interfaces/cmake/ament_cmake_export_libraries-extras.cmake
[0.769s] -- Up-to-date: /home/filip/ros2_ws/install/colreg_interfaces/share/colreg_interfaces/cmake/ament_cmake_export_targets-extras.cmake
[0.769s] -- Up-to-date: /home/filip/ros2_ws/install/colreg_interfaces/share/colreg_interfaces/cmake/rosidl_cmake_export_typesupport_targets-extras.cmake
[0.769s] -- Up-to-date: /home/filip/ros2_ws/install/colreg_interfaces/share/colreg_interfaces/cmake/ament_cmake_export_dependencies-extras.cmake
[0.769s] -- Up-to-date: /home/filip/ros2_ws/install/colreg_interfaces/share/colreg_interfaces/cmake/rosidl_cmake_export_typesupport_libraries-extras.cmake
[0.769s] -- Up-to-date: /home/filip/ros2_ws/install/colreg_interfaces/share/colreg_interfaces/cmake/colreg_interfacesConfig.cmake
[0.770s] -- Up-to-date: /home/filip/ros2_ws/install/colreg_interfaces/share/colreg_interfaces/cmake/colreg_interfacesConfig-version.cmake
[0.770s] -- Up-to-date: /home/filip/ros2_ws/install/colreg_interfaces/share/colreg_interfaces/package.xml
[0.770s] Invoked command in '/home/filip/ros2_ws/build/colreg_interfaces' returned '0': CMAKE_PREFIX_PATH=${CMAKE_PREFIX_PATH}:/home/filip/ros2_ws/install/py_pubsub:/home/filip/ros2_ws/install/colreg_package_test:/home/filip/ros2_ws/install/colreg_package:/opt/ros/humble /usr/bin/cmake --install /home/filip/ros2_ws/build/colreg_interfaces
