[0.840s] Invoking command in '/home/filip/ros2_ws/src/colreg_package': PYTHONPATH=/home/filip/ros2_ws/build/colreg_package/prefix_override:/home/filip/ros2_ws/install/colreg_package/lib/python3.10/site-packages:${PYTHONPATH} /usr/bin/python3 setup.py egg_info --egg-base ../../build/colreg_package build --build-base /home/filip/ros2_ws/build/colreg_package/build install --record /home/filip/ros2_ws/build/colreg_package/install.log --single-version-externally-managed
[1.133s] running egg_info
[1.134s] writing ../../build/colreg_package/colreg_package.egg-info/PKG-INFO
[1.135s] writing dependency_links to ../../build/colreg_package/colreg_package.egg-info/dependency_links.txt
[1.135s] writing entry points to ../../build/colreg_package/colreg_package.egg-info/entry_points.txt
[1.136s] writing requirements to ../../build/colreg_package/colreg_package.egg-info/requires.txt
[1.136s] writing top-level names to ../../build/colreg_package/colreg_package.egg-info/top_level.txt
[1.140s] reading manifest file '../../build/colreg_package/colreg_package.egg-info/SOURCES.txt'
[1.140s] writing manifest file '../../build/colreg_package/colreg_package.egg-info/SOURCES.txt'
[1.142s] running build
[1.142s] running build_py
[1.142s] copying colreg_package/turtle_positioning.py -> /home/filip/ros2_ws/build/colreg_package/build/lib/colreg_package
[1.142s] running install
[1.143s] /usr/lib/python3/dist-packages/setuptools/command/install.py:34: SetuptoolsDeprecationWarning: setup.py install is deprecated. Use build and pip and other standards-based tools.
[1.143s]   warnings.warn(
[1.143s] running install_lib
[1.144s] copying /home/filip/ros2_ws/build/colreg_package/build/lib/colreg_package/turtle_positioning.py -> /home/filip/ros2_ws/install/colreg_package/lib/python3.10/site-packages/colreg_package
[1.144s] byte-compiling /home/filip/ros2_ws/install/colreg_package/lib/python3.10/site-packages/colreg_package/turtle_positioning.py to turtle_positioning.cpython-310.pyc
[1.145s] running install_data
[1.146s] running install_egg_info
[1.147s] removing '/home/filip/ros2_ws/install/colreg_package/lib/python3.10/site-packages/colreg_package-0.0.0-py3.10.egg-info' (and everything under it)
[1.147s] Copying ../../build/colreg_package/colreg_package.egg-info to /home/filip/ros2_ws/install/colreg_package/lib/python3.10/site-packages/colreg_package-0.0.0-py3.10.egg-info
[1.148s] running install_scripts
[1.178s] Installing turtle = colreg_package.turtle_control:mainposition script to /home/filip/ros2_ws/install/colreg_package/lib/colreg_package
[1.178s] writing list of installed files to '/home/filip/ros2_ws/build/colreg_package/install.log'
[1.215s] Invoked command in '/home/filip/ros2_ws/src/colreg_package' returned '0': PYTHONPATH=/home/filip/ros2_ws/build/colreg_package/prefix_override:/home/filip/ros2_ws/install/colreg_package/lib/python3.10/site-packages:${PYTHONPATH} /usr/bin/python3 setup.py egg_info --egg-base ../../build/colreg_package build --build-base /home/filip/ros2_ws/build/colreg_package/build install --record /home/filip/ros2_ws/build/colreg_package/install.log --single-version-externally-managed
