[0.345s] DEBUG:colcon:Command line arguments: ['/usr/bin/colcon', 'build']
[0.345s] DEBUG:colcon:Parsed command line arguments: Namespace(log_base=None, log_level=None, verb_name='build', build_base='build', install_base='install', merge_install=False, symlink_install=False, test_result_base=None, continue_on_error=False, executor='parallel', parallel_workers=2, event_handlers=None, ignore_user_meta=False, metas=['./colcon.meta'], base_paths=['.'], packages_ignore=None, packages_ignore_regex=None, paths=None, packages_up_to=None, packages_up_to_regex=None, packages_above=None, packages_above_and_dependencies=None, packages_above_depth=None, packages_select_by_dep=None, packages_skip_by_dep=None, packages_skip_up_to=None, packages_select_build_failed=False, packages_skip_build_finished=False, packages_select_test_failures=False, packages_skip_test_passed=False, packages_select=None, packages_skip=None, packages_select_regex=None, packages_skip_regex=None, packages_start=None, packages_end=None, allow_overriding=[], cmake_args=None, cmake_target=None, cmake_target_skip_unavailable=False, cmake_clean_cache=False, cmake_clean_first=False, cmake_force_configure=False, ament_cmake_args=None, catkin_cmake_args=None, catkin_skip_building_tests=False, verb_parser=<colcon_defaults.argument_parser.defaults.DefaultArgumentsDecorator object at 0x7f071f626b60>, verb_extension=<colcon_core.verb.build.BuildVerb object at 0x7f071fc8fcd0>, main=<bound method BuildVerb.main of <colcon_core.verb.build.BuildVerb object at 0x7f071fc8fcd0>>)
[0.378s] Level 1:colcon.colcon_core.package_discovery:discover_packages(colcon_meta) check parameters
[0.378s] Level 1:colcon.colcon_core.package_discovery:discover_packages(recursive) check parameters
[0.379s] Level 1:colcon.colcon_core.package_discovery:discover_packages(ignore) check parameters
[0.379s] Level 1:colcon.colcon_core.package_discovery:discover_packages(path) check parameters
[0.379s] Level 1:colcon.colcon_core.package_discovery:discover_packages(colcon_meta) discover
[0.379s] Level 1:colcon.colcon_core.package_discovery:discover_packages(recursive) discover
[0.379s] INFO:colcon.colcon_core.package_discovery:Crawling recursively for packages in '/home/filip/ros2_ws/src/colreg_package'
[0.379s] Level 1:colcon.colcon_core.package_identification:_identify(.) by extensions ['ignore', 'ignore_ament_install']
[0.379s] Level 1:colcon.colcon_core.package_identification:_identify(.) by extension 'ignore'
[0.379s] Level 1:colcon.colcon_core.package_identification:_identify(.) by extension 'ignore_ament_install'
[0.379s] Level 1:colcon.colcon_core.package_identification:_identify(.) by extensions ['colcon_pkg']
[0.379s] Level 1:colcon.colcon_core.package_identification:_identify(.) by extension 'colcon_pkg'
[0.379s] Level 1:colcon.colcon_core.package_identification:_identify(.) by extensions ['colcon_meta']
[0.379s] Level 1:colcon.colcon_core.package_identification:_identify(.) by extension 'colcon_meta'
[0.379s] Level 1:colcon.colcon_core.package_identification:_identify(.) by extensions ['ros']
[0.379s] Level 1:colcon.colcon_core.package_identification:_identify(.) by extension 'ros'
[0.414s] DEBUG:colcon.colcon_core.package_identification:Package '.' with type 'ros.ament_python' and name 'colreg_package'
[0.414s] Level 1:colcon.colcon_core.package_discovery:discover_packages(recursive) using defaults
[0.414s] Level 1:colcon.colcon_core.package_discovery:discover_packages(ignore) discover
[0.414s] Level 1:colcon.colcon_core.package_discovery:discover_packages(ignore) using defaults
[0.414s] Level 1:colcon.colcon_core.package_discovery:discover_packages(path) discover
[0.414s] Level 1:colcon.colcon_core.package_discovery:discover_packages(path) using defaults
[0.448s] Level 1:colcon.colcon_core.package_discovery:discover_packages(prefix_path) check parameters
[0.448s] Level 1:colcon.colcon_core.package_discovery:discover_packages(prefix_path) discover
[0.450s] DEBUG:colcon.colcon_installed_package_information.package_discovery:Found 3 installed packages in /home/filip/ros2_ws/install
[0.452s] DEBUG:colcon.colcon_installed_package_information.package_discovery:Found 349 installed packages in /opt/ros/humble
[0.455s] Level 1:colcon.colcon_core.package_discovery:discover_packages(prefix_path) using defaults
[0.532s] Level 5:colcon.colcon_core.verb:set package 'colreg_package' build argument 'cmake_args' from command line to 'None'
[0.532s] Level 5:colcon.colcon_core.verb:set package 'colreg_package' build argument 'cmake_target' from command line to 'None'
[0.532s] Level 5:colcon.colcon_core.verb:set package 'colreg_package' build argument 'cmake_target_skip_unavailable' from command line to 'False'
[0.532s] Level 5:colcon.colcon_core.verb:set package 'colreg_package' build argument 'cmake_clean_cache' from command line to 'False'
[0.532s] Level 5:colcon.colcon_core.verb:set package 'colreg_package' build argument 'cmake_clean_first' from command line to 'False'
[0.532s] Level 5:colcon.colcon_core.verb:set package 'colreg_package' build argument 'cmake_force_configure' from command line to 'False'
[0.532s] Level 5:colcon.colcon_core.verb:set package 'colreg_package' build argument 'ament_cmake_args' from command line to 'None'
[0.532s] Level 5:colcon.colcon_core.verb:set package 'colreg_package' build argument 'catkin_cmake_args' from command line to 'None'
[0.532s] Level 5:colcon.colcon_core.verb:set package 'colreg_package' build argument 'catkin_skip_building_tests' from command line to 'False'
[0.532s] DEBUG:colcon.colcon_core.verb:Building package 'colreg_package' with the following arguments: {'ament_cmake_args': None, 'build_base': '/home/filip/ros2_ws/src/colreg_package/build/colreg_package', 'catkin_cmake_args': None, 'catkin_skip_building_tests': False, 'cmake_args': None, 'cmake_clean_cache': False, 'cmake_clean_first': False, 'cmake_force_configure': False, 'cmake_target': None, 'cmake_target_skip_unavailable': False, 'install_base': '/home/filip/ros2_ws/src/colreg_package/install/colreg_package', 'merge_install': False, 'path': '/home/filip/ros2_ws/src/colreg_package', 'symlink_install': False, 'test_result_base': None}
[0.533s] INFO:colcon.colcon_core.executor:Executing jobs using 'parallel' executor
[0.536s] DEBUG:colcon.colcon_parallel_executor.executor.parallel:run_until_complete
[0.537s] INFO:colcon.colcon_ros.task.ament_python.build:Building ROS package in '/home/filip/ros2_ws/src/colreg_package' with build type 'ament_python'
[0.537s] Level 1:colcon.colcon_core.shell:create_environment_hook('colreg_package', 'ament_prefix_path')
[0.541s] INFO:colcon.colcon_core.plugin_system:Skipping extension 'colcon_core.shell.bat': Not used on non-Windows systems
[0.541s] INFO:colcon.colcon_core.shell:Creating environment hook '/home/filip/ros2_ws/src/colreg_package/install/colreg_package/share/colreg_package/hook/ament_prefix_path.ps1'
[0.542s] INFO:colcon.colcon_core.shell:Creating environment descriptor '/home/filip/ros2_ws/src/colreg_package/install/colreg_package/share/colreg_package/hook/ament_prefix_path.dsv'
[0.542s] INFO:colcon.colcon_core.shell:Creating environment hook '/home/filip/ros2_ws/src/colreg_package/install/colreg_package/share/colreg_package/hook/ament_prefix_path.sh'
[0.544s] INFO:colcon.colcon_core.shell:Skip shell extension 'powershell' for command environment: Not usable outside of PowerShell
[0.544s] DEBUG:colcon.colcon_core.shell:Skip shell extension 'dsv' for command environment
[0.791s] INFO:colcon.colcon_core.task.python.build:Building Python package in '/home/filip/ros2_ws/src/colreg_package'
[0.792s] INFO:colcon.colcon_core.shell:Skip shell extension 'powershell' for command environment: Not usable outside of PowerShell
[0.793s] DEBUG:colcon.colcon_core.shell:Skip shell extension 'dsv' for command environment
[1.175s] DEBUG:colcon.colcon_core.event_handler.log_command:Invoking command in '/home/filip/ros2_ws/src/colreg_package': PYTHONPATH=/home/filip/ros2_ws/src/colreg_package/build/colreg_package/prefix_override:/home/filip/ros2_ws/src/colreg_package/install/colreg_package/lib/python3.10/site-packages:${PYTHONPATH} /usr/bin/python3 setup.py egg_info --egg-base build/colreg_package build --build-base /home/filip/ros2_ws/src/colreg_package/build/colreg_package/build install --record /home/filip/ros2_ws/src/colreg_package/build/colreg_package/install.log --single-version-externally-managed
[1.452s] DEBUG:colcon.colcon_core.event_handler.log_command:Invoked command in '/home/filip/ros2_ws/src/colreg_package' returned '0': PYTHONPATH=/home/filip/ros2_ws/src/colreg_package/build/colreg_package/prefix_override:/home/filip/ros2_ws/src/colreg_package/install/colreg_package/lib/python3.10/site-packages:${PYTHONPATH} /usr/bin/python3 setup.py egg_info --egg-base build/colreg_package build --build-base /home/filip/ros2_ws/src/colreg_package/build/colreg_package/build install --record /home/filip/ros2_ws/src/colreg_package/build/colreg_package/install.log --single-version-externally-managed
[1.456s] Level 1:colcon.colcon_core.environment:checking '/home/filip/ros2_ws/src/colreg_package/install/colreg_package' for CMake module files
[1.456s] Level 1:colcon.colcon_core.environment:checking '/home/filip/ros2_ws/src/colreg_package/install/colreg_package' for CMake config files
[1.457s] Level 1:colcon.colcon_core.environment:checking '/home/filip/ros2_ws/src/colreg_package/install/colreg_package/lib'
[1.457s] Level 1:colcon.colcon_core.environment:checking '/home/filip/ros2_ws/src/colreg_package/install/colreg_package/bin'
[1.457s] Level 1:colcon.colcon_core.environment:checking '/home/filip/ros2_ws/src/colreg_package/install/colreg_package/lib/pkgconfig/colreg_package.pc'
[1.457s] Level 1:colcon.colcon_core.environment:checking '/home/filip/ros2_ws/src/colreg_package/install/colreg_package/lib/python3.10/site-packages'
[1.457s] Level 1:colcon.colcon_core.shell:create_environment_hook('colreg_package', 'pythonpath')
[1.458s] INFO:colcon.colcon_core.shell:Creating environment hook '/home/filip/ros2_ws/src/colreg_package/install/colreg_package/share/colreg_package/hook/pythonpath.ps1'
[1.459s] INFO:colcon.colcon_core.shell:Creating environment descriptor '/home/filip/ros2_ws/src/colreg_package/install/colreg_package/share/colreg_package/hook/pythonpath.dsv'
[1.459s] INFO:colcon.colcon_core.shell:Creating environment hook '/home/filip/ros2_ws/src/colreg_package/install/colreg_package/share/colreg_package/hook/pythonpath.sh'
[1.459s] Level 1:colcon.colcon_core.environment:checking '/home/filip/ros2_ws/src/colreg_package/install/colreg_package/bin'
[1.459s] Level 1:colcon.colcon_core.environment:create_environment_scripts_only(colreg_package)
[1.461s] INFO:colcon.colcon_core.shell:Creating package script '/home/filip/ros2_ws/src/colreg_package/install/colreg_package/share/colreg_package/package.ps1'
[1.461s] INFO:colcon.colcon_core.shell:Creating package descriptor '/home/filip/ros2_ws/src/colreg_package/install/colreg_package/share/colreg_package/package.dsv'
[1.462s] INFO:colcon.colcon_core.shell:Creating package script '/home/filip/ros2_ws/src/colreg_package/install/colreg_package/share/colreg_package/package.sh'
[1.462s] INFO:colcon.colcon_core.shell:Creating package script '/home/filip/ros2_ws/src/colreg_package/install/colreg_package/share/colreg_package/package.bash'
[1.463s] INFO:colcon.colcon_core.shell:Creating package script '/home/filip/ros2_ws/src/colreg_package/install/colreg_package/share/colreg_package/package.zsh'
[1.464s] Level 1:colcon.colcon_core.environment:create_file_with_runtime_dependencies(/home/filip/ros2_ws/src/colreg_package/install/colreg_package/share/colcon-core/packages/colreg_package)
[1.464s] DEBUG:colcon.colcon_parallel_executor.executor.parallel:closing loop
[1.464s] DEBUG:colcon.colcon_parallel_executor.executor.parallel:loop closed
[1.465s] DEBUG:colcon.colcon_parallel_executor.executor.parallel:run_until_complete finished with '0'
[1.465s] DEBUG:colcon.colcon_core.event_reactor:joining thread
[1.474s] INFO:colcon.colcon_core.plugin_system:Skipping extension 'colcon_notification.desktop_notification.terminal_notifier': Not used on non-Darwin systems
[1.474s] INFO:colcon.colcon_core.plugin_system:Skipping extension 'colcon_notification.desktop_notification.win32': Not used on non-Windows systems
[1.474s] INFO:colcon.colcon_notification.desktop_notification:Sending desktop notification using 'notify2'
[1.487s] DEBUG:colcon.colcon_core.event_reactor:joined thread
[1.489s] INFO:colcon.colcon_core.shell:Creating prefix script '/home/filip/ros2_ws/src/colreg_package/install/local_setup.ps1'
[1.490s] INFO:colcon.colcon_core.shell:Creating prefix util module '/home/filip/ros2_ws/src/colreg_package/install/_local_setup_util_ps1.py'
[1.491s] INFO:colcon.colcon_core.shell:Creating prefix chain script '/home/filip/ros2_ws/src/colreg_package/install/setup.ps1'
[1.492s] INFO:colcon.colcon_core.shell:Creating prefix script '/home/filip/ros2_ws/src/colreg_package/install/local_setup.sh'
[1.492s] INFO:colcon.colcon_core.shell:Creating prefix util module '/home/filip/ros2_ws/src/colreg_package/install/_local_setup_util_sh.py'
[1.493s] INFO:colcon.colcon_core.shell:Creating prefix chain script '/home/filip/ros2_ws/src/colreg_package/install/setup.sh'
[1.494s] INFO:colcon.colcon_core.shell:Creating prefix script '/home/filip/ros2_ws/src/colreg_package/install/local_setup.bash'
[1.494s] INFO:colcon.colcon_core.shell:Creating prefix chain script '/home/filip/ros2_ws/src/colreg_package/install/setup.bash'
[1.496s] INFO:colcon.colcon_core.shell:Creating prefix script '/home/filip/ros2_ws/src/colreg_package/install/local_setup.zsh'
[1.496s] INFO:colcon.colcon_core.shell:Creating prefix chain script '/home/filip/ros2_ws/src/colreg_package/install/setup.zsh'
