[0.603s] Invoking command in '/home/filip/ros2_ws/src/colreg_package': PYTHONPATH=/home/filip/ros2_ws/build/colreg_package/prefix_override:/home/filip/ros2_ws/install/colreg_package/lib/python3.10/site-packages:${PYTHONPATH} /usr/bin/python3 setup.py egg_info --egg-base ../../build/colreg_package build --build-base /home/filip/ros2_ws/build/colreg_package/build install --record /home/filip/ros2_ws/build/colreg_package/install.log --single-version-externally-managed
[0.839s] running egg_info
[0.840s] writing ../../build/colreg_package/colreg_package.egg-info/PKG-INFO
[0.840s] writing dependency_links to ../../build/colreg_package/colreg_package.egg-info/dependency_links.txt
[0.840s] writing entry points to ../../build/colreg_package/colreg_package.egg-info/entry_points.txt
[0.841s] writing requirements to ../../build/colreg_package/colreg_package.egg-info/requires.txt
[0.841s] writing top-level names to ../../build/colreg_package/colreg_package.egg-info/top_level.txt
[0.843s] reading manifest file '../../build/colreg_package/colreg_package.egg-info/SOURCES.txt'
[0.844s] writing manifest file '../../build/colreg_package/colreg_package.egg-info/SOURCES.txt'
[0.845s] running build
[0.845s] running build_py
[0.845s] running install
[0.845s] /usr/lib/python3/dist-packages/setuptools/command/install.py:34: SetuptoolsDeprecationWarning: setup.py install is deprecated. Use build and pip and other standards-based tools.
[0.845s]   warnings.warn(
[0.846s] running install_lib
[0.847s] running install_data
[0.848s] running install_egg_info
[0.867s] removing '/home/filip/ros2_ws/install/colreg_package/lib/python3.10/site-packages/colreg_package-0.0.0-py3.10.egg-info' (and everything under it)
[0.868s] Copying ../../build/colreg_package/colreg_package.egg-info to /home/filip/ros2_ws/install/colreg_package/lib/python3.10/site-packages/colreg_package-0.0.0-py3.10.egg-info
[0.869s] running install_scripts
[0.889s] Installing turtle script to /home/filip/ros2_ws/install/colreg_package/lib/colreg_package
[0.890s] writing list of installed files to '/home/filip/ros2_ws/build/colreg_package/install.log'
[0.915s] Invoked command in '/home/filip/ros2_ws/src/colreg_package' returned '0': PYTHONPATH=/home/filip/ros2_ws/build/colreg_package/prefix_override:/home/filip/ros2_ws/install/colreg_package/lib/python3.10/site-packages:${PYTHONPATH} /usr/bin/python3 setup.py egg_info --egg-base ../../build/colreg_package build --build-base /home/filip/ros2_ws/build/colreg_package/build install --record /home/filip/ros2_ws/build/colreg_package/install.log --single-version-externally-managed
