[0.899s] Invoking command in '/home/filip/ros2_ws/src/colreg_package': PYTHONPATH=/home/filip/ros2_ws/build/colreg_package/prefix_override:/home/filip/ros2_ws/install/colreg_package/lib/python3.10/site-packages:${PYTHONPATH} /usr/bin/python3 setup.py egg_info --egg-base ../../build/colreg_package build --build-base /home/filip/ros2_ws/build/colreg_package/build install --record /home/filip/ros2_ws/build/colreg_package/install.log --single-version-externally-managed
[1.130s] running egg_info
[1.131s] creating ../../build/colreg_package/colreg_package.egg-info
[1.131s] writing ../../build/colreg_package/colreg_package.egg-info/PKG-INFO
[1.132s] writing dependency_links to ../../build/colreg_package/colreg_package.egg-info/dependency_links.txt
[1.132s] writing entry points to ../../build/colreg_package/colreg_package.egg-info/entry_points.txt
[1.132s] writing requirements to ../../build/colreg_package/colreg_package.egg-info/requires.txt
[1.133s] writing top-level names to ../../build/colreg_package/colreg_package.egg-info/top_level.txt
[1.133s] writing manifest file '../../build/colreg_package/colreg_package.egg-info/SOURCES.txt'
[1.139s] reading manifest file '../../build/colreg_package/colreg_package.egg-info/SOURCES.txt'
[1.139s] writing manifest file '../../build/colreg_package/colreg_package.egg-info/SOURCES.txt'
[1.139s] running build
[1.139s] running build_py
[1.139s] creating /home/filip/ros2_ws/build/colreg_package/build
[1.140s] creating /home/filip/ros2_ws/build/colreg_package/build/lib
[1.140s] creating /home/filip/ros2_ws/build/colreg_package/build/lib/colreg_package
[1.140s] copying colreg_package/__init__.py -> /home/filip/ros2_ws/build/colreg_package/build/lib/colreg_package
[1.140s] running install
[1.140s] /usr/lib/python3/dist-packages/setuptools/command/install.py:34: SetuptoolsDeprecationWarning: setup.py install is deprecated. Use build and pip and other standards-based tools.
[1.140s]   warnings.warn(
[1.141s] running install_lib
[1.142s] creating /home/filip/ros2_ws/install/colreg_package/lib/python3.10/site-packages/colreg_package
[1.143s] copying /home/filip/ros2_ws/build/colreg_package/build/lib/colreg_package/__init__.py -> /home/filip/ros2_ws/install/colreg_package/lib/python3.10/site-packages/colreg_package
[1.143s] byte-compiling /home/filip/ros2_ws/install/colreg_package/lib/python3.10/site-packages/colreg_package/__init__.py to __init__.cpython-310.pyc
[1.143s] running install_data
[1.144s] creating /home/filip/ros2_ws/install/colreg_package/share/ament_index
[1.144s] creating /home/filip/ros2_ws/install/colreg_package/share/ament_index/resource_index
[1.144s] creating /home/filip/ros2_ws/install/colreg_package/share/ament_index/resource_index/packages
[1.145s] copying resource/colreg_package -> /home/filip/ros2_ws/install/colreg_package/share/ament_index/resource_index/packages
[1.145s] copying package.xml -> /home/filip/ros2_ws/install/colreg_package/share/colreg_package
[1.145s] running install_egg_info
[1.147s] Copying ../../build/colreg_package/colreg_package.egg-info to /home/filip/ros2_ws/install/colreg_package/lib/python3.10/site-packages/colreg_package-0.0.0-py3.10.egg-info
[1.148s] running install_scripts
[1.169s] writing list of installed files to '/home/filip/ros2_ws/build/colreg_package/install.log'
[1.199s] Invoked command in '/home/filip/ros2_ws/src/colreg_package' returned '0': PYTHONPATH=/home/filip/ros2_ws/build/colreg_package/prefix_override:/home/filip/ros2_ws/install/colreg_package/lib/python3.10/site-packages:${PYTHONPATH} /usr/bin/python3 setup.py egg_info --egg-base ../../build/colreg_package build --build-base /home/filip/ros2_ws/build/colreg_package/build install --record /home/filip/ros2_ws/build/colreg_package/install.log --single-version-externally-managed
