[0.865s] Invoking command in '/home/filip/ros2_ws/src/colreg_package': PYTHONPATH=/home/filip/ros2_ws/build/colreg_package/prefix_override:/home/filip/ros2_ws/install/colreg_package/lib/python3.10/site-packages:${PYTHONPATH} /usr/bin/python3 setup.py egg_info --egg-base ../../build/colreg_package build --build-base /home/filip/ros2_ws/build/colreg_package/build install --record /home/filip/ros2_ws/build/colreg_package/install.log --single-version-externally-managed
[1.089s] running egg_info
[1.090s] writing ../../build/colreg_package/colreg_package.egg-info/PKG-INFO
[1.090s] writing dependency_links to ../../build/colreg_package/colreg_package.egg-info/dependency_links.txt
[1.091s] writing entry points to ../../build/colreg_package/colreg_package.egg-info/entry_points.txt
[1.091s] writing requirements to ../../build/colreg_package/colreg_package.egg-info/requires.txt
[1.091s] writing top-level names to ../../build/colreg_package/colreg_package.egg-info/top_level.txt
[1.093s] reading manifest file '../../build/colreg_package/colreg_package.egg-info/SOURCES.txt'
[1.094s] writing manifest file '../../build/colreg_package/colreg_package.egg-info/SOURCES.txt'
[1.094s] running build
[1.094s] running build_py
[1.094s] copying colreg_package/turtle_positioning.py -> /home/filip/ros2_ws/build/colreg_package/build/lib/colreg_package
[1.095s] running install
[1.095s] /usr/lib/python3/dist-packages/setuptools/command/install.py:34: SetuptoolsDeprecationWarning: setup.py install is deprecated. Use build and pip and other standards-based tools.
[1.095s]   warnings.warn(
[1.095s] running install_lib
[1.096s] copying /home/filip/ros2_ws/build/colreg_package/build/lib/colreg_package/turtle_positioning.py -> /home/filip/ros2_ws/install/colreg_package/lib/python3.10/site-packages/colreg_package
[1.096s] byte-compiling /home/filip/ros2_ws/install/colreg_package/lib/python3.10/site-packages/colreg_package/turtle_positioning.py to turtle_positioning.cpython-310.pyc
[1.097s]   File "/home/filip/ros2_ws/install/colreg_package/lib/python3.10/site-packages/colreg_package/turtle_positioning.py", line 29
[1.097s]     self.call_service_teleport(str(x_tel.value, str(y_tel.value, str(theta_tel.value)
[1.097s]                                                    ^
[1.097s] SyntaxError: '(' was never closed
[1.097s] 
[1.097s] running install_data
[1.097s] running install_egg_info
[1.099s] removing '/home/filip/ros2_ws/install/colreg_package/lib/python3.10/site-packages/colreg_package-0.0.0-py3.10.egg-info' (and everything under it)
[1.099s] Copying ../../build/colreg_package/colreg_package.egg-info to /home/filip/ros2_ws/install/colreg_package/lib/python3.10/site-packages/colreg_package-0.0.0-py3.10.egg-info
[1.100s] running install_scripts
[1.121s] Installing position script to /home/filip/ros2_ws/install/colreg_package/lib/colreg_package
[1.122s] writing list of installed files to '/home/filip/ros2_ws/build/colreg_package/install.log'
[1.151s] Invoked command in '/home/filip/ros2_ws/src/colreg_package' returned '0': PYTHONPATH=/home/filip/ros2_ws/build/colreg_package/prefix_override:/home/filip/ros2_ws/install/colreg_package/lib/python3.10/site-packages:${PYTHONPATH} /usr/bin/python3 setup.py egg_info --egg-base ../../build/colreg_package build --build-base /home/filip/ros2_ws/build/colreg_package/build install --record /home/filip/ros2_ws/build/colreg_package/install.log --single-version-externally-managed
