[0.576s] Invoking command in '/home/filip/ros2_ws/src/colreg_package': PYTHONPATH=/home/filip/ros2_ws/build/colreg_package/prefix_override:/home/filip/ros2_ws/install/colreg_package/lib/python3.10/site-packages:${PYTHONPATH} /usr/bin/python3 setup.py egg_info --egg-base ../../build/colreg_package build --build-base /home/filip/ros2_ws/build/colreg_package/build install --record /home/filip/ros2_ws/build/colreg_package/install.log --single-version-externally-managed
[0.803s] running egg_info
[0.804s] writing ../../build/colreg_package/colreg_package.egg-info/PKG-INFO
[0.804s] writing dependency_links to ../../build/colreg_package/colreg_package.egg-info/dependency_links.txt
[0.805s] writing entry points to ../../build/colreg_package/colreg_package.egg-info/entry_points.txt
[0.805s] writing requirements to ../../build/colreg_package/colreg_package.egg-info/requires.txt
[0.806s] writing top-level names to ../../build/colreg_package/colreg_package.egg-info/top_level.txt
[0.808s] reading manifest file '../../build/colreg_package/colreg_package.egg-info/SOURCES.txt'
[0.809s] writing manifest file '../../build/colreg_package/colreg_package.egg-info/SOURCES.txt'
[0.810s] running build
[0.810s] running build_py
[0.810s] running install
[0.811s] /usr/lib/python3/dist-packages/setuptools/command/install.py:34: SetuptoolsDeprecationWarning: setup.py install is deprecated. Use build and pip and other standards-based tools.
[0.811s]   warnings.warn(
[0.811s] running install_lib
[0.813s] running install_data
[0.813s] copying parameters/overtaking.yaml -> /home/filip/ros2_ws/install/colreg_package/share/colreg_package/parameters
[0.814s] running install_egg_info
[0.815s] removing '/home/filip/ros2_ws/install/colreg_package/lib/python3.10/site-packages/colreg_package-0.0.0-py3.10.egg-info' (and everything under it)
[0.816s] Copying ../../build/colreg_package/colreg_package.egg-info to /home/filip/ros2_ws/install/colreg_package/lib/python3.10/site-packages/colreg_package-0.0.0-py3.10.egg-info
[0.832s] running install_scripts
[0.853s] Installing main_ship_control script to /home/filip/ros2_ws/install/colreg_package/lib/colreg_package
[0.853s] Installing obstacle_ship_control script to /home/filip/ros2_ws/install/colreg_package/lib/colreg_package
[0.854s] Installing position script to /home/filip/ros2_ws/install/colreg_package/lib/colreg_package
[0.854s] Installing tcpa_dcpa script to /home/filip/ros2_ws/install/colreg_package/lib/colreg_package
[0.854s] writing list of installed files to '/home/filip/ros2_ws/build/colreg_package/install.log'
[0.876s] Invoked command in '/home/filip/ros2_ws/src/colreg_package' returned '0': PYTHONPATH=/home/filip/ros2_ws/build/colreg_package/prefix_override:/home/filip/ros2_ws/install/colreg_package/lib/python3.10/site-packages:${PYTHONPATH} /usr/bin/python3 setup.py egg_info --egg-base ../../build/colreg_package build --build-base /home/filip/ros2_ws/build/colreg_package/build install --record /home/filip/ros2_ws/build/colreg_package/install.log --single-version-externally-managed
