[0.964s] Invoking command in '/home/filip/ros2_ws/src/colreg_package': PYTHONPATH=/home/filip/ros2_ws/build/colreg_package/prefix_override:/home/filip/ros2_ws/install/colreg_package/lib/python3.10/site-packages:${PYTHONPATH} /usr/bin/python3 setup.py egg_info --egg-base ../../build/colreg_package build --build-base /home/filip/ros2_ws/build/colreg_package/build install --record /home/filip/ros2_ws/build/colreg_package/install.log --single-version-externally-managed
[1.271s] running egg_info
[1.272s] writing ../../build/colreg_package/colreg_package.egg-info/PKG-INFO
[1.273s] writing dependency_links to ../../build/colreg_package/colreg_package.egg-info/dependency_links.txt
[1.274s] writing entry points to ../../build/colreg_package/colreg_package.egg-info/entry_points.txt
[1.274s] writing requirements to ../../build/colreg_package/colreg_package.egg-info/requires.txt
[1.275s] writing top-level names to ../../build/colreg_package/colreg_package.egg-info/top_level.txt
[1.277s] reading manifest file '../../build/colreg_package/colreg_package.egg-info/SOURCES.txt'
[1.284s] writing manifest file '../../build/colreg_package/colreg_package.egg-info/SOURCES.txt'
[1.284s] running build
[1.284s] running build_py
[1.285s] copying colreg_package/tcpa_dcpa.py -> /home/filip/ros2_ws/build/colreg_package/build/lib/colreg_package
[1.286s] running install
[1.286s] /usr/lib/python3/dist-packages/setuptools/command/install.py:34: SetuptoolsDeprecationWarning: setup.py install is deprecated. Use build and pip and other standards-based tools.
[1.286s]   warnings.warn(
[1.286s] running install_lib
[1.289s] copying /home/filip/ros2_ws/build/colreg_package/build/lib/colreg_package/tcpa_dcpa.py -> /home/filip/ros2_ws/install/colreg_package/lib/python3.10/site-packages/colreg_package
[1.290s] byte-compiling /home/filip/ros2_ws/install/colreg_package/lib/python3.10/site-packages/colreg_package/tcpa_dcpa.py to tcpa_dcpa.cpython-310.pyc
[1.290s]   File "/home/filip/ros2_ws/install/colreg_package/lib/python3.10/site-packages/colreg_package/tcpa_dcpa.py", line 101
[1.290s]     def determine_collsion_risk(self, tcpa, dcpa)
[1.290s]                                                  ^
[1.290s] SyntaxError: expected ':'
[1.290s] 
[1.290s] running install_data
[1.291s] copying launch/demo.launch.py -> /home/filip/ros2_ws/install/colreg_package/share/colreg_package/launch
[1.292s] running install_egg_info
[1.296s] removing '/home/filip/ros2_ws/install/colreg_package/lib/python3.10/site-packages/colreg_package-0.0.0-py3.10.egg-info' (and everything under it)
[1.296s] Copying ../../build/colreg_package/colreg_package.egg-info to /home/filip/ros2_ws/install/colreg_package/lib/python3.10/site-packages/colreg_package-0.0.0-py3.10.egg-info
[1.296s] running install_scripts
[1.316s] Installing main_ship_control script to /home/filip/ros2_ws/install/colreg_package/lib/colreg_package
[1.317s] Installing obstacle_ship_control script to /home/filip/ros2_ws/install/colreg_package/lib/colreg_package
[1.317s] Installing position script to /home/filip/ros2_ws/install/colreg_package/lib/colreg_package
[1.318s] Installing tcpa_dcpa script to /home/filip/ros2_ws/install/colreg_package/lib/colreg_package
[1.318s] writing list of installed files to '/home/filip/ros2_ws/build/colreg_package/install.log'
[1.346s] Invoked command in '/home/filip/ros2_ws/src/colreg_package' returned '0': PYTHONPATH=/home/filip/ros2_ws/build/colreg_package/prefix_override:/home/filip/ros2_ws/install/colreg_package/lib/python3.10/site-packages:${PYTHONPATH} /usr/bin/python3 setup.py egg_info --egg-base ../../build/colreg_package build --build-base /home/filip/ros2_ws/build/colreg_package/build install --record /home/filip/ros2_ws/build/colreg_package/install.log --single-version-externally-managed
