[0.563s] Invoking command in '/home/filip/ros2_ws/src/colreg_package': PYTHONPATH=/home/filip/ros2_ws/build/colreg_package/prefix_override:/home/filip/ros2_ws/install/colreg_package/lib/python3.10/site-packages:${PYTHONPATH} /usr/bin/python3 setup.py egg_info --egg-base ../../build/colreg_package build --build-base /home/filip/ros2_ws/build/colreg_package/build install --record /home/filip/ros2_ws/build/colreg_package/install.log --single-version-externally-managed
[0.796s] running egg_info
[0.797s] writing ../../build/colreg_package/colreg_package.egg-info/PKG-INFO
[0.798s] writing dependency_links to ../../build/colreg_package/colreg_package.egg-info/dependency_links.txt
[0.798s] writing entry points to ../../build/colreg_package/colreg_package.egg-info/entry_points.txt
[0.798s] writing requirements to ../../build/colreg_package/colreg_package.egg-info/requires.txt
[0.799s] writing top-level names to ../../build/colreg_package/colreg_package.egg-info/top_level.txt
[0.801s] reading manifest file '../../build/colreg_package/colreg_package.egg-info/SOURCES.txt'
[0.802s] writing manifest file '../../build/colreg_package/colreg_package.egg-info/SOURCES.txt'
[0.803s] running build
[0.803s] running build_py
[0.803s] running install
[0.804s] /usr/lib/python3/dist-packages/setuptools/command/install.py:34: SetuptoolsDeprecationWarning: setup.py install is deprecated. Use build and pip and other standards-based tools.
[0.804s]   warnings.warn(
[0.804s] running install_lib
[0.806s] running install_data
[0.806s] running install_egg_info
[0.808s] removing '/home/filip/ros2_ws/install/colreg_package/lib/python3.10/site-packages/colreg_package-0.0.0-py3.10.egg-info' (and everything under it)
[0.808s] Copying ../../build/colreg_package/colreg_package.egg-info to /home/filip/ros2_ws/install/colreg_package/lib/python3.10/site-packages/colreg_package-0.0.0-py3.10.egg-info
[0.809s] running install_scripts
[0.832s] Installing main_ship_control script to /home/filip/ros2_ws/install/colreg_package/lib/colreg_package
[0.833s] Installing obstacle_ship_control script to /home/filip/ros2_ws/install/colreg_package/lib/colreg_package
[0.834s] Installing position script to /home/filip/ros2_ws/install/colreg_package/lib/colreg_package
[0.835s] Installing tcpa_dcpa script to /home/filip/ros2_ws/install/colreg_package/lib/colreg_package
[0.836s] writing list of installed files to '/home/filip/ros2_ws/build/colreg_package/install.log'
[0.861s] Invoked command in '/home/filip/ros2_ws/src/colreg_package' returned '0': PYTHONPATH=/home/filip/ros2_ws/build/colreg_package/prefix_override:/home/filip/ros2_ws/install/colreg_package/lib/python3.10/site-packages:${PYTHONPATH} /usr/bin/python3 setup.py egg_info --egg-base ../../build/colreg_package build --build-base /home/filip/ros2_ws/build/colreg_package/build install --record /home/filip/ros2_ws/build/colreg_package/install.log --single-version-externally-managed
