[0.462s] Invoking command in '/home/filip/ros2_ws/src/py_pubsub': PYTHONPATH=/home/filip/ros2_ws/build/py_pubsub/prefix_override:/home/filip/ros2_ws/install/py_pubsub/lib/python3.10/site-packages: /usr/bin/python3 setup.py egg_info --egg-base ../../build/py_pubsub build --build-base /home/filip/ros2_ws/build/py_pubsub/build install --record /home/filip/ros2_ws/build/py_pubsub/install.log --single-version-externally-managed
[0.622s] running egg_info
[0.622s] writing ../../build/py_pubsub/py_pubsub.egg-info/PKG-INFO
[0.623s] writing dependency_links to ../../build/py_pubsub/py_pubsub.egg-info/dependency_links.txt
[0.623s] writing entry points to ../../build/py_pubsub/py_pubsub.egg-info/entry_points.txt
[0.624s] writing requirements to ../../build/py_pubsub/py_pubsub.egg-info/requires.txt
[0.624s] writing top-level names to ../../build/py_pubsub/py_pubsub.egg-info/top_level.txt
[0.626s] reading manifest file '../../build/py_pubsub/py_pubsub.egg-info/SOURCES.txt'
[0.627s] writing manifest file '../../build/py_pubsub/py_pubsub.egg-info/SOURCES.txt'
[0.628s] running build
[0.628s] running build_py
[0.628s] copying py_pubsub/publisher_member_function.py -> /home/filip/ros2_ws/build/py_pubsub/build/lib/py_pubsub
[0.629s] running install
[0.629s] /usr/lib/python3/dist-packages/setuptools/command/install.py:34: SetuptoolsDeprecationWarning: setup.py install is deprecated. Use build and pip and other standards-based tools.
[0.629s]   warnings.warn(
[0.630s] running install_lib
[0.632s] copying /home/filip/ros2_ws/build/py_pubsub/build/lib/py_pubsub/publisher_member_function.py -> /home/filip/ros2_ws/install/py_pubsub/lib/python3.10/site-packages/py_pubsub
[0.633s] byte-compiling /home/filip/ros2_ws/install/py_pubsub/lib/python3.10/site-packages/py_pubsub/publisher_member_function.py to publisher_member_function.cpython-310.pyc
[0.634s] running install_data
[0.634s] running install_egg_info
[0.636s] removing '/home/filip/ros2_ws/install/py_pubsub/lib/python3.10/site-packages/py_pubsub-0.0.0-py3.10.egg-info' (and everything under it)
[0.636s] Copying ../../build/py_pubsub/py_pubsub.egg-info to /home/filip/ros2_ws/install/py_pubsub/lib/python3.10/site-packages/py_pubsub-0.0.0-py3.10.egg-info
[0.637s] running install_scripts
[0.655s] Installing turtle_colreg script to /home/filip/ros2_ws/install/py_pubsub/lib/py_pubsub
[0.655s] writing list of installed files to '/home/filip/ros2_ws/build/py_pubsub/install.log'
[0.676s] Invoked command in '/home/filip/ros2_ws/src/py_pubsub' returned '0': PYTHONPATH=/home/filip/ros2_ws/build/py_pubsub/prefix_override:/home/filip/ros2_ws/install/py_pubsub/lib/python3.10/site-packages: /usr/bin/python3 setup.py egg_info --egg-base ../../build/py_pubsub build --build-base /home/filip/ros2_ws/build/py_pubsub/build install --record /home/filip/ros2_ws/build/py_pubsub/install.log --single-version-externally-managed
