[0.863s] Invoking command in '/home/filip/ros2_ws/src/colreg_package': PYTHONPATH=/home/filip/ros2_ws/build/colreg_package/prefix_override:/home/filip/ros2_ws/install/colreg_package/lib/python3.10/site-packages:${PYTHONPATH} /usr/bin/python3 setup.py egg_info --egg-base ../../build/colreg_package build --build-base /home/filip/ros2_ws/build/colreg_package/build install --record /home/filip/ros2_ws/build/colreg_package/install.log --single-version-externally-managed
[1.092s] running egg_info
[1.093s] writing ../../build/colreg_package/colreg_package.egg-info/PKG-INFO
[1.093s] writing dependency_links to ../../build/colreg_package/colreg_package.egg-info/dependency_links.txt
[1.093s] writing entry points to ../../build/colreg_package/colreg_package.egg-info/entry_points.txt
[1.094s] writing requirements to ../../build/colreg_package/colreg_package.egg-info/requires.txt
[1.094s] writing top-level names to ../../build/colreg_package/colreg_package.egg-info/top_level.txt
[1.096s] reading manifest file '../../build/colreg_package/colreg_package.egg-info/SOURCES.txt'
[1.097s] writing manifest file '../../build/colreg_package/colreg_package.egg-info/SOURCES.txt'
[1.098s] running build
[1.098s] running build_py
[1.098s] running install
[1.098s] /usr/lib/python3/dist-packages/setuptools/command/install.py:34: SetuptoolsDeprecationWarning: setup.py install is deprecated. Use build and pip and other standards-based tools.
[1.098s]   warnings.warn(
[1.099s] running install_lib
[1.100s] running install_data
[1.101s] running install_egg_info
[1.102s] removing '/home/filip/ros2_ws/install/colreg_package/lib/python3.10/site-packages/colreg_package-0.0.0-py3.10.egg-info' (and everything under it)
[1.102s] Copying ../../build/colreg_package/colreg_package.egg-info to /home/filip/ros2_ws/install/colreg_package/lib/python3.10/site-packages/colreg_package-0.0.0-py3.10.egg-info
[1.103s] running install_scripts
[1.123s] Installing obstacle_ship_control script to /home/filip/ros2_ws/install/colreg_package/lib/colreg_package
[1.124s] Installing position script to /home/filip/ros2_ws/install/colreg_package/lib/colreg_package
[1.124s] writing list of installed files to '/home/filip/ros2_ws/build/colreg_package/install.log'
[1.171s] Invoked command in '/home/filip/ros2_ws/src/colreg_package' returned '0': PYTHONPATH=/home/filip/ros2_ws/build/colreg_package/prefix_override:/home/filip/ros2_ws/install/colreg_package/lib/python3.10/site-packages:${PYTHONPATH} /usr/bin/python3 setup.py egg_info --egg-base ../../build/colreg_package build --build-base /home/filip/ros2_ws/build/colreg_package/build install --record /home/filip/ros2_ws/build/colreg_package/install.log --single-version-externally-managed
