[1.705s] Invoking command in '/home/filip/ros2_ws/src/colreg_package': PYTHONPATH=/home/filip/ros2_ws/build/colreg_package/prefix_override:/home/filip/ros2_ws/install/colreg_package/lib/python3.10/site-packages:${PYTHONPATH} /usr/bin/python3 setup.py egg_info --egg-base ../../build/colreg_package build --build-base /home/filip/ros2_ws/build/colreg_package/build install --record /home/filip/ros2_ws/build/colreg_package/install.log --single-version-externally-managed
[2.239s] running egg_info
[2.241s] writing ../../build/colreg_package/colreg_package.egg-info/PKG-INFO
[2.243s] writing dependency_links to ../../build/colreg_package/colreg_package.egg-info/dependency_links.txt
[2.244s] writing entry points to ../../build/colreg_package/colreg_package.egg-info/entry_points.txt
[2.244s] writing requirements to ../../build/colreg_package/colreg_package.egg-info/requires.txt
[2.245s] writing top-level names to ../../build/colreg_package/colreg_package.egg-info/top_level.txt
[2.251s] reading manifest file '../../build/colreg_package/colreg_package.egg-info/SOURCES.txt'
[2.251s] writing manifest file '../../build/colreg_package/colreg_package.egg-info/SOURCES.txt'
[2.257s] running build
[2.257s] running build_py
[2.257s] copying colreg_package/tcpa_dcpa.py -> /home/filip/ros2_ws/build/colreg_package/build/lib/colreg_package
[2.259s] running install
[2.259s] /usr/lib/python3/dist-packages/setuptools/command/install.py:34: SetuptoolsDeprecationWarning: setup.py install is deprecated. Use build and pip and other standards-based tools.
[2.259s]   warnings.warn(
[2.260s] running install_lib
[2.262s] copying /home/filip/ros2_ws/build/colreg_package/build/lib/colreg_package/tcpa_dcpa.py -> /home/filip/ros2_ws/install/colreg_package/lib/python3.10/site-packages/colreg_package
[2.265s] byte-compiling /home/filip/ros2_ws/install/colreg_package/lib/python3.10/site-packages/colreg_package/tcpa_dcpa.py to tcpa_dcpa.cpython-310.pyc
[2.268s] running install_data
[2.271s] running install_egg_info
[2.274s] removing '/home/filip/ros2_ws/install/colreg_package/lib/python3.10/site-packages/colreg_package-0.0.0-py3.10.egg-info' (and everything under it)
[2.274s] Copying ../../build/colreg_package/colreg_package.egg-info to /home/filip/ros2_ws/install/colreg_package/lib/python3.10/site-packages/colreg_package-0.0.0-py3.10.egg-info
[2.276s] running install_scripts
[2.344s] Installing avoidance_scenario script to /home/filip/ros2_ws/install/colreg_package/lib/colreg_package
[2.344s] Installing main_ship_control script to /home/filip/ros2_ws/install/colreg_package/lib/colreg_package
[2.344s] Installing position script to /home/filip/ros2_ws/install/colreg_package/lib/colreg_package
[2.344s] Installing target_ship_control script to /home/filip/ros2_ws/install/colreg_package/lib/colreg_package
[2.344s] Installing tcpa_dcpa script to /home/filip/ros2_ws/install/colreg_package/lib/colreg_package
[2.344s] writing list of installed files to '/home/filip/ros2_ws/build/colreg_package/install.log'
[2.393s] Invoked command in '/home/filip/ros2_ws/src/colreg_package' returned '0': PYTHONPATH=/home/filip/ros2_ws/build/colreg_package/prefix_override:/home/filip/ros2_ws/install/colreg_package/lib/python3.10/site-packages:${PYTHONPATH} /usr/bin/python3 setup.py egg_info --egg-base ../../build/colreg_package build --build-base /home/filip/ros2_ws/build/colreg_package/build install --record /home/filip/ros2_ws/build/colreg_package/install.log --single-version-externally-managed
