[0.033s] Invoking command in '/home/filip/ros2_ws/build/colreg_interfaces': CMAKE_PREFIX_PATH=${CMAKE_PREFIX_PATH}:/home/filip/ros2_ws/install/py_pubsub:/home/filip/ros2_ws/install/colreg_package_test:/home/filip/ros2_ws/install/colreg_package:/opt/ros/humble /usr/bin/cmake --build /home/filip/ros2_ws/build/colreg_interfaces -- -j2 -l2
[0.138s] [  2%] Built target colreg_interfaces__cpp
[0.165s] [ 12%] Built target colreg_interfaces__rosidl_generator_c
[0.195s] [ 12%] Built target ament_cmake_python_copy_colreg_interfaces
[0.217s] [ 23%] Built target colreg_interfaces__rosidl_typesupport_cpp
[0.245s] [ 33%] Built target colreg_interfaces__rosidl_typesupport_fastrtps_c
[0.271s] [ 43%] Built target colreg_interfaces__rosidl_typesupport_fastrtps_cpp
[0.295s] [ 53%] Built target colreg_interfaces__rosidl_typesupport_introspection_c
[0.323s] [ 64%] Built target colreg_interfaces__rosidl_typesupport_c
[0.358s] [ 74%] Built target colreg_interfaces__rosidl_typesupport_introspection_cpp
[0.606s] running egg_info
[0.607s] writing colreg_interfaces.egg-info/PKG-INFO
[0.607s] writing dependency_links to colreg_interfaces.egg-info/dependency_links.txt
[0.608s] writing top-level names to colreg_interfaces.egg-info/top_level.txt
[0.610s] reading manifest file 'colreg_interfaces.egg-info/SOURCES.txt'
[0.611s] writing manifest file 'colreg_interfaces.egg-info/SOURCES.txt'
[0.647s] [ 74%] Built target ament_cmake_python_build_colreg_interfaces_egg
[0.674s] [ 74%] Built target colreg_interfaces
[0.696s] [ 76%] Built target colreg_interfaces__py
[0.720s] [ 84%] Built target colreg_interfaces__rosidl_generator_py
[0.750s] [ 89%] Built target colreg_interfaces__rosidl_typesupport_fastrtps_c__pyext
[0.774s] [ 94%] Built target colreg_interfaces__rosidl_typesupport_introspection_c__pyext
[0.797s] [100%] Built target colreg_interfaces__rosidl_typesupport_c__pyext
[0.817s] Invoked command in '/home/filip/ros2_ws/build/colreg_interfaces' returned '0': CMAKE_PREFIX_PATH=${CMAKE_PREFIX_PATH}:/home/filip/ros2_ws/install/py_pubsub:/home/filip/ros2_ws/install/colreg_package_test:/home/filip/ros2_ws/install/colreg_package:/opt/ros/humble /usr/bin/cmake --build /home/filip/ros2_ws/build/colreg_interfaces -- -j2 -l2
[0.992s] Invoking command in '/home/filip/ros2_ws/build/colreg_interfaces': CMAKE_PREFIX_PATH=${CMAKE_PREFIX_PATH}:/home/filip/ros2_ws/install/py_pubsub:/home/filip/ros2_ws/install/colreg_package_test:/home/filip/ros2_ws/install/colreg_package:/opt/ros/humble /usr/bin/cmake --install /home/filip/ros2_ws/build/colreg_interfaces
[1.001s] -- Install configuration: ""
[1.002s] -- Up-to-date: /home/filip/ros2_ws/install/colreg_interfaces/share/ament_index/resource_index/rosidl_interfaces/colreg_interfaces
[1.004s] -- Up-to-date: /home/filip/ros2_ws/install/colreg_interfaces/include/colreg_interfaces/colreg_interfaces
[1.004s] -- Up-to-date: /home/filip/ros2_ws/install/colreg_interfaces/include/colreg_interfaces/colreg_interfaces/msg
[1.005s] -- Up-to-date: /home/filip/ros2_ws/install/colreg_interfaces/include/colreg_interfaces/colreg_interfaces/msg/ship_data.h
[1.005s] -- Up-to-date: /home/filip/ros2_ws/install/colreg_interfaces/include/colreg_interfaces/colreg_interfaces/msg/detail
[1.005s] -- Up-to-date: /home/filip/ros2_ws/install/colreg_interfaces/include/colreg_interfaces/colreg_interfaces/msg/detail/ship_data__functions.c
[1.005s] -- Up-to-date: /home/filip/ros2_ws/install/colreg_interfaces/include/colreg_interfaces/colreg_interfaces/msg/detail/avoidance_scenario__struct.h
[1.008s] -- Up-to-date: /home/filip/ros2_ws/install/colreg_interfaces/include/colreg_interfaces/colreg_interfaces/msg/detail/avoidance_scenario__functions.c
[1.010s] -- Up-to-date: /home/filip/ros2_ws/install/colreg_interfaces/include/colreg_interfaces/colreg_interfaces/msg/detail/ship_data__type_support.h
[1.010s] -- Up-to-date: /home/filip/ros2_ws/install/colreg_interfaces/include/colreg_interfaces/colreg_interfaces/msg/detail/colreg__functions.c
[1.010s] -- Up-to-date: /home/filip/ros2_ws/install/colreg_interfaces/include/colreg_interfaces/colreg_interfaces/msg/detail/colreg__functions.h
[1.010s] -- Up-to-date: /home/filip/ros2_ws/install/colreg_interfaces/include/colreg_interfaces/colreg_interfaces/msg/detail/avoidance_scenario__type_support.h
[1.010s] -- Up-to-date: /home/filip/ros2_ws/install/colreg_interfaces/include/colreg_interfaces/colreg_interfaces/msg/detail/colreg__type_support.h
[1.011s] -- Up-to-date: /home/filip/ros2_ws/install/colreg_interfaces/include/colreg_interfaces/colreg_interfaces/msg/detail/colreg__struct.h
[1.011s] -- Up-to-date: /home/filip/ros2_ws/install/colreg_interfaces/include/colreg_interfaces/colreg_interfaces/msg/detail/avoidance_scenario__functions.h
[1.011s] -- Up-to-date: /home/filip/ros2_ws/install/colreg_interfaces/include/colreg_interfaces/colreg_interfaces/msg/detail/ship_data__struct.h
[1.011s] -- Up-to-date: /home/filip/ros2_ws/install/colreg_interfaces/include/colreg_interfaces/colreg_interfaces/msg/detail/ship_data__functions.h
[1.012s] -- Up-to-date: /home/filip/ros2_ws/install/colreg_interfaces/include/colreg_interfaces/colreg_interfaces/msg/rosidl_generator_c__visibility_control.h
[1.012s] -- Up-to-date: /home/filip/ros2_ws/install/colreg_interfaces/include/colreg_interfaces/colreg_interfaces/msg/avoidance_scenario.h
[1.012s] -- Up-to-date: /home/filip/ros2_ws/install/colreg_interfaces/include/colreg_interfaces/colreg_interfaces/msg/colreg.h
[1.012s] -- Up-to-date: /home/filip/ros2_ws/install/colreg_interfaces/share/colreg_interfaces/environment/library_path.sh
[1.012s] -- Up-to-date: /home/filip/ros2_ws/install/colreg_interfaces/share/colreg_interfaces/environment/library_path.dsv
[1.013s] -- Up-to-date: /home/filip/ros2_ws/install/colreg_interfaces/lib/libcolreg_interfaces__rosidl_generator_c.so
[1.013s] -- Up-to-date: /home/filip/ros2_ws/install/colreg_interfaces/include/colreg_interfaces/colreg_interfaces
[1.013s] -- Up-to-date: /home/filip/ros2_ws/install/colreg_interfaces/include/colreg_interfaces/colreg_interfaces/msg
[1.013s] -- Up-to-date: /home/filip/ros2_ws/install/colreg_interfaces/include/colreg_interfaces/colreg_interfaces/msg/detail
[1.014s] -- Up-to-date: /home/filip/ros2_ws/install/colreg_interfaces/include/colreg_interfaces/colreg_interfaces/msg/detail/ship_data__rosidl_typesupport_fastrtps_c.h
[1.015s] -- Up-to-date: /home/filip/ros2_ws/install/colreg_interfaces/include/colreg_interfaces/colreg_interfaces/msg/detail/avoidance_scenario__rosidl_typesupport_fastrtps_c.h
[1.015s] -- Up-to-date: /home/filip/ros2_ws/install/colreg_interfaces/include/colreg_interfaces/colreg_interfaces/msg/detail/colreg__rosidl_typesupport_fastrtps_c.h
[1.015s] -- Up-to-date: /home/filip/ros2_ws/install/colreg_interfaces/include/colreg_interfaces/colreg_interfaces/msg/rosidl_typesupport_fastrtps_c__visibility_control.h
[1.015s] -- Up-to-date: /home/filip/ros2_ws/install/colreg_interfaces/lib/libcolreg_interfaces__rosidl_typesupport_fastrtps_c.so
[1.015s] -- Up-to-date: /home/filip/ros2_ws/install/colreg_interfaces/include/colreg_interfaces/colreg_interfaces
[1.015s] -- Up-to-date: /home/filip/ros2_ws/install/colreg_interfaces/include/colreg_interfaces/colreg_interfaces/msg
[1.015s] -- Up-to-date: /home/filip/ros2_ws/install/colreg_interfaces/include/colreg_interfaces/colreg_interfaces/msg/detail
[1.015s] -- Up-to-date: /home/filip/ros2_ws/install/colreg_interfaces/include/colreg_interfaces/colreg_interfaces/msg/detail/avoidance_scenario__struct.hpp
[1.015s] -- Up-to-date: /home/filip/ros2_ws/install/colreg_interfaces/include/colreg_interfaces/colreg_interfaces/msg/detail/ship_data__traits.hpp
[1.016s] -- Up-to-date: /home/filip/ros2_ws/install/colreg_interfaces/include/colreg_interfaces/colreg_interfaces/msg/detail/ship_data__struct.hpp
[1.016s] -- Up-to-date: /home/filip/ros2_ws/install/colreg_interfaces/include/colreg_interfaces/colreg_interfaces/msg/detail/colreg__builder.hpp
[1.016s] -- Up-to-date: /home/filip/ros2_ws/install/colreg_interfaces/include/colreg_interfaces/colreg_interfaces/msg/detail/avoidance_scenario__traits.hpp
[1.016s] -- Up-to-date: /home/filip/ros2_ws/install/colreg_interfaces/include/colreg_interfaces/colreg_interfaces/msg/detail/ship_data__builder.hpp
[1.016s] -- Up-to-date: /home/filip/ros2_ws/install/colreg_interfaces/include/colreg_interfaces/colreg_interfaces/msg/detail/avoidance_scenario__builder.hpp
[1.016s] -- Up-to-date: /home/filip/ros2_ws/install/colreg_interfaces/include/colreg_interfaces/colreg_interfaces/msg/detail/colreg__traits.hpp
[1.016s] -- Up-to-date: /home/filip/ros2_ws/install/colreg_interfaces/include/colreg_interfaces/colreg_interfaces/msg/detail/colreg__struct.hpp
[1.016s] -- Up-to-date: /home/filip/ros2_ws/install/colreg_interfaces/include/colreg_interfaces/colreg_interfaces/msg/avoidance_scenario.hpp
[1.016s] -- Up-to-date: /home/filip/ros2_ws/install/colreg_interfaces/include/colreg_interfaces/colreg_interfaces/msg/colreg.hpp
[1.020s] -- Up-to-date: /home/filip/ros2_ws/install/colreg_interfaces/include/colreg_interfaces/colreg_interfaces/msg/ship_data.hpp
[1.021s] -- Up-to-date: /home/filip/ros2_ws/install/colreg_interfaces/include/colreg_interfaces/colreg_interfaces
[1.021s] -- Up-to-date: /home/filip/ros2_ws/install/colreg_interfaces/include/colreg_interfaces/colreg_interfaces/msg
[1.021s] -- Up-to-date: /home/filip/ros2_ws/install/colreg_interfaces/include/colreg_interfaces/colreg_interfaces/msg/detail
[1.022s] -- Up-to-date: /home/filip/ros2_ws/install/colreg_interfaces/include/colreg_interfaces/colreg_interfaces/msg/detail/avoidance_scenario__rosidl_typesupport_fastrtps_cpp.hpp
[1.022s] -- Up-to-date: /home/filip/ros2_ws/install/colreg_interfaces/include/colreg_interfaces/colreg_interfaces/msg/detail/colreg__rosidl_typesupport_fastrtps_cpp.hpp
[1.022s] -- Up-to-date: /home/filip/ros2_ws/install/colreg_interfaces/include/colreg_interfaces/colreg_interfaces/msg/detail/ship_data__rosidl_typesupport_fastrtps_cpp.hpp
[1.022s] -- Up-to-date: /home/filip/ros2_ws/install/colreg_interfaces/include/colreg_interfaces/colreg_interfaces/msg/detail/dds_fastrtps
[1.023s] -- Up-to-date: /home/filip/ros2_ws/install/colreg_interfaces/include/colreg_interfaces/colreg_interfaces/msg/rosidl_typesupport_fastrtps_cpp__visibility_control.h
[1.023s] -- Up-to-date: /home/filip/ros2_ws/install/colreg_interfaces/lib/libcolreg_interfaces__rosidl_typesupport_fastrtps_cpp.so
[1.023s] -- Up-to-date: /home/filip/ros2_ws/install/colreg_interfaces/include/colreg_interfaces/colreg_interfaces
[1.023s] -- Up-to-date: /home/filip/ros2_ws/install/colreg_interfaces/include/colreg_interfaces/colreg_interfaces/msg
[1.023s] -- Up-to-date: /home/filip/ros2_ws/install/colreg_interfaces/include/colreg_interfaces/colreg_interfaces/msg/detail
[1.023s] -- Up-to-date: /home/filip/ros2_ws/install/colreg_interfaces/include/colreg_interfaces/colreg_interfaces/msg/detail/colreg__type_support.c
[1.023s] -- Up-to-date: /home/filip/ros2_ws/install/colreg_interfaces/include/colreg_interfaces/colreg_interfaces/msg/detail/avoidance_scenario__type_support.c
[1.023s] -- Up-to-date: /home/filip/ros2_ws/install/colreg_interfaces/include/colreg_interfaces/colreg_interfaces/msg/detail/avoidance_scenario__rosidl_typesupport_introspection_c.h
[1.023s] -- Up-to-date: /home/filip/ros2_ws/install/colreg_interfaces/include/colreg_interfaces/colreg_interfaces/msg/detail/ship_data__type_support.c
[1.024s] -- Up-to-date: /home/filip/ros2_ws/install/colreg_interfaces/include/colreg_interfaces/colreg_interfaces/msg/detail/ship_data__rosidl_typesupport_introspection_c.h
[1.024s] -- Up-to-date: /home/filip/ros2_ws/install/colreg_interfaces/include/colreg_interfaces/colreg_interfaces/msg/detail/colreg__rosidl_typesupport_introspection_c.h
[1.024s] -- Up-to-date: /home/filip/ros2_ws/install/colreg_interfaces/include/colreg_interfaces/colreg_interfaces/msg/rosidl_typesupport_introspection_c__visibility_control.h
[1.024s] -- Up-to-date: /home/filip/ros2_ws/install/colreg_interfaces/lib/libcolreg_interfaces__rosidl_typesupport_introspection_c.so
[1.024s] -- Up-to-date: /home/filip/ros2_ws/install/colreg_interfaces/lib/libcolreg_interfaces__rosidl_typesupport_c.so
[1.025s] -- Up-to-date: /home/filip/ros2_ws/install/colreg_interfaces/include/colreg_interfaces/colreg_interfaces
[1.025s] -- Up-to-date: /home/filip/ros2_ws/install/colreg_interfaces/include/colreg_interfaces/colreg_interfaces/msg
[1.025s] -- Up-to-date: /home/filip/ros2_ws/install/colreg_interfaces/include/colreg_interfaces/colreg_interfaces/msg/detail
[1.025s] -- Up-to-date: /home/filip/ros2_ws/install/colreg_interfaces/include/colreg_interfaces/colreg_interfaces/msg/detail/avoidance_scenario__type_support.cpp
[1.025s] -- Up-to-date: /home/filip/ros2_ws/install/colreg_interfaces/include/colreg_interfaces/colreg_interfaces/msg/detail/ship_data__rosidl_typesupport_introspection_cpp.hpp
[1.025s] -- Up-to-date: /home/filip/ros2_ws/install/colreg_interfaces/include/colreg_interfaces/colreg_interfaces/msg/detail/avoidance_scenario__rosidl_typesupport_introspection_cpp.hpp
[1.025s] -- Up-to-date: /home/filip/ros2_ws/install/colreg_interfaces/include/colreg_interfaces/colreg_interfaces/msg/detail/ship_data__type_support.cpp
[1.026s] -- Up-to-date: /home/filip/ros2_ws/install/colreg_interfaces/include/colreg_interfaces/colreg_interfaces/msg/detail/colreg__rosidl_typesupport_introspection_cpp.hpp
[1.026s] -- Up-to-date: /home/filip/ros2_ws/install/colreg_interfaces/include/colreg_interfaces/colreg_interfaces/msg/detail/colreg__type_support.cpp
[1.027s] -- Up-to-date: /home/filip/ros2_ws/install/colreg_interfaces/lib/libcolreg_interfaces__rosidl_typesupport_introspection_cpp.so
[1.027s] -- Up-to-date: /home/filip/ros2_ws/install/colreg_interfaces/lib/libcolreg_interfaces__rosidl_typesupport_cpp.so
[1.027s] -- Up-to-date: /home/filip/ros2_ws/install/colreg_interfaces/share/colreg_interfaces/environment/pythonpath.sh
[1.027s] -- Up-to-date: /home/filip/ros2_ws/install/colreg_interfaces/share/colreg_interfaces/environment/pythonpath.dsv
[1.027s] -- Up-to-date: /home/filip/ros2_ws/install/colreg_interfaces/local/lib/python3.10/dist-packages/colreg_interfaces-0.0.0-py3.10.egg-info
[1.028s] -- Installing: /home/filip/ros2_ws/install/colreg_interfaces/local/lib/python3.10/dist-packages/colreg_interfaces-0.0.0-py3.10.egg-info/SOURCES.txt
[1.029s] -- Installing: /home/filip/ros2_ws/install/colreg_interfaces/local/lib/python3.10/dist-packages/colreg_interfaces-0.0.0-py3.10.egg-info/dependency_links.txt
[1.029s] -- Installing: /home/filip/ros2_ws/install/colreg_interfaces/local/lib/python3.10/dist-packages/colreg_interfaces-0.0.0-py3.10.egg-info/top_level.txt
[1.029s] -- Installing: /home/filip/ros2_ws/install/colreg_interfaces/local/lib/python3.10/dist-packages/colreg_interfaces-0.0.0-py3.10.egg-info/PKG-INFO
[1.030s] -- Up-to-date: /home/filip/ros2_ws/install/colreg_interfaces/local/lib/python3.10/dist-packages/colreg_interfaces
[1.030s] -- Up-to-date: /home/filip/ros2_ws/install/colreg_interfaces/local/lib/python3.10/dist-packages/colreg_interfaces/_colreg_interfaces_s.ep.rosidl_typesupport_fastrtps_c.c
[1.030s] -- Up-to-date: /home/filip/ros2_ws/install/colreg_interfaces/local/lib/python3.10/dist-packages/colreg_interfaces/colreg_interfaces_s__rosidl_typesupport_fastrtps_c.cpython-310-x86_64-linux-gnu.so
[1.031s] -- Up-to-date: /home/filip/ros2_ws/install/colreg_interfaces/local/lib/python3.10/dist-packages/colreg_interfaces/colreg_interfaces_s__rosidl_typesupport_introspection_c.cpython-310-x86_64-linux-gnu.so
[1.031s] -- Up-to-date: /home/filip/ros2_ws/install/colreg_interfaces/local/lib/python3.10/dist-packages/colreg_interfaces/colreg_interfaces_s__rosidl_typesupport_c.cpython-310-x86_64-linux-gnu.so
[1.031s] -- Up-to-date: /home/filip/ros2_ws/install/colreg_interfaces/local/lib/python3.10/dist-packages/colreg_interfaces/msg
[1.031s] -- Up-to-date: /home/filip/ros2_ws/install/colreg_interfaces/local/lib/python3.10/dist-packages/colreg_interfaces/msg/_avoidance_scenario.py
[1.031s] -- Up-to-date: /home/filip/ros2_ws/install/colreg_interfaces/local/lib/python3.10/dist-packages/colreg_interfaces/msg/_colreg.py
[1.031s] -- Up-to-date: /home/filip/ros2_ws/install/colreg_interfaces/local/lib/python3.10/dist-packages/colreg_interfaces/msg/_avoidance_scenario_s.c
[1.031s] -- Up-to-date: /home/filip/ros2_ws/install/colreg_interfaces/local/lib/python3.10/dist-packages/colreg_interfaces/msg/_ship_data.py
[1.031s] -- Up-to-date: /home/filip/ros2_ws/install/colreg_interfaces/local/lib/python3.10/dist-packages/colreg_interfaces/msg/_ship_data_s.c
[1.031s] -- Up-to-date: /home/filip/ros2_ws/install/colreg_interfaces/local/lib/python3.10/dist-packages/colreg_interfaces/msg/_colreg_s.c
[1.031s] -- Up-to-date: /home/filip/ros2_ws/install/colreg_interfaces/local/lib/python3.10/dist-packages/colreg_interfaces/msg/__init__.py
[1.031s] -- Up-to-date: /home/filip/ros2_ws/install/colreg_interfaces/local/lib/python3.10/dist-packages/colreg_interfaces/libcolreg_interfaces__rosidl_generator_py.so
[1.031s] -- Up-to-date: /home/filip/ros2_ws/install/colreg_interfaces/local/lib/python3.10/dist-packages/colreg_interfaces/__init__.py
[1.032s] -- Up-to-date: /home/filip/ros2_ws/install/colreg_interfaces/local/lib/python3.10/dist-packages/colreg_interfaces/_colreg_interfaces_s.ep.rosidl_typesupport_c.c
[1.032s] -- Up-to-date: /home/filip/ros2_ws/install/colreg_interfaces/local/lib/python3.10/dist-packages/colreg_interfaces/_colreg_interfaces_s.ep.rosidl_typesupport_introspection_c.c
[1.061s] Listing '/home/filip/ros2_ws/install/colreg_interfaces/local/lib/python3.10/dist-packages/colreg_interfaces'...
[1.061s] Listing '/home/filip/ros2_ws/install/colreg_interfaces/local/lib/python3.10/dist-packages/colreg_interfaces/msg'...
[1.066s] -- Up-to-date: /home/filip/ros2_ws/install/colreg_interfaces/local/lib/python3.10/dist-packages/colreg_interfaces/colreg_interfaces_s__rosidl_typesupport_fastrtps_c.cpython-310-x86_64-linux-gnu.so
[1.069s] -- Up-to-date: /home/filip/ros2_ws/install/colreg_interfaces/local/lib/python3.10/dist-packages/colreg_interfaces/colreg_interfaces_s__rosidl_typesupport_introspection_c.cpython-310-x86_64-linux-gnu.so
[1.069s] -- Up-to-date: /home/filip/ros2_ws/install/colreg_interfaces/local/lib/python3.10/dist-packages/colreg_interfaces/colreg_interfaces_s__rosidl_typesupport_c.cpython-310-x86_64-linux-gnu.so
[1.070s] -- Up-to-date: /home/filip/ros2_ws/install/colreg_interfaces/lib/libcolreg_interfaces__rosidl_generator_py.so
[1.072s] -- Up-to-date: /home/filip/ros2_ws/install/colreg_interfaces/share/colreg_interfaces/msg/ShipData.idl
[1.072s] -- Up-to-date: /home/filip/ros2_ws/install/colreg_interfaces/share/colreg_interfaces/msg/AvoidanceScenario.idl
[1.072s] -- Up-to-date: /home/filip/ros2_ws/install/colreg_interfaces/share/colreg_interfaces/msg/ShipData.msg
[1.072s] -- Up-to-date: /home/filip/ros2_ws/install/colreg_interfaces/share/colreg_interfaces/msg/AvoidanceScenario.msg
[1.072s] -- Up-to-date: /home/filip/ros2_ws/install/colreg_interfaces/share/ament_index/resource_index/package_run_dependencies/colreg_interfaces
[1.072s] -- Up-to-date: /home/filip/ros2_ws/install/colreg_interfaces/share/ament_index/resource_index/parent_prefix_path/colreg_interfaces
[1.072s] -- Up-to-date: /home/filip/ros2_ws/install/colreg_interfaces/share/colreg_interfaces/environment/ament_prefix_path.sh
[1.073s] -- Up-to-date: /home/filip/ros2_ws/install/colreg_interfaces/share/colreg_interfaces/environment/ament_prefix_path.dsv
[1.073s] -- Up-to-date: /home/filip/ros2_ws/install/colreg_interfaces/share/colreg_interfaces/environment/path.sh
[1.073s] -- Up-to-date: /home/filip/ros2_ws/install/colreg_interfaces/share/colreg_interfaces/environment/path.dsv
[1.073s] -- Up-to-date: /home/filip/ros2_ws/install/colreg_interfaces/share/colreg_interfaces/local_setup.bash
[1.073s] -- Up-to-date: /home/filip/ros2_ws/install/colreg_interfaces/share/colreg_interfaces/local_setup.sh
[1.073s] -- Up-to-date: /home/filip/ros2_ws/install/colreg_interfaces/share/colreg_interfaces/local_setup.zsh
[1.073s] -- Up-to-date: /home/filip/ros2_ws/install/colreg_interfaces/share/colreg_interfaces/local_setup.dsv
[1.073s] -- Installing: /home/filip/ros2_ws/install/colreg_interfaces/share/colreg_interfaces/package.dsv
[1.073s] -- Up-to-date: /home/filip/ros2_ws/install/colreg_interfaces/share/ament_index/resource_index/packages/colreg_interfaces
[1.073s] -- Up-to-date: /home/filip/ros2_ws/install/colreg_interfaces/share/colreg_interfaces/cmake/export_colreg_interfaces__rosidl_generator_cExport.cmake
[1.074s] -- Up-to-date: /home/filip/ros2_ws/install/colreg_interfaces/share/colreg_interfaces/cmake/export_colreg_interfaces__rosidl_generator_cExport-noconfig.cmake
[1.074s] -- Up-to-date: /home/filip/ros2_ws/install/colreg_interfaces/share/colreg_interfaces/cmake/export_colreg_interfaces__rosidl_typesupport_fastrtps_cExport.cmake
[1.074s] -- Up-to-date: /home/filip/ros2_ws/install/colreg_interfaces/share/colreg_interfaces/cmake/export_colreg_interfaces__rosidl_typesupport_fastrtps_cExport-noconfig.cmake
[1.074s] -- Up-to-date: /home/filip/ros2_ws/install/colreg_interfaces/share/colreg_interfaces/cmake/export_colreg_interfaces__rosidl_generator_cppExport.cmake
[1.074s] -- Up-to-date: /home/filip/ros2_ws/install/colreg_interfaces/share/colreg_interfaces/cmake/export_colreg_interfaces__rosidl_typesupport_fastrtps_cppExport.cmake
[1.074s] -- Up-to-date: /home/filip/ros2_ws/install/colreg_interfaces/share/colreg_interfaces/cmake/export_colreg_interfaces__rosidl_typesupport_fastrtps_cppExport-noconfig.cmake
[1.074s] -- Up-to-date: /home/filip/ros2_ws/install/colreg_interfaces/share/colreg_interfaces/cmake/colreg_interfaces__rosidl_typesupport_introspection_cExport.cmake
[1.074s] -- Up-to-date: /home/filip/ros2_ws/install/colreg_interfaces/share/colreg_interfaces/cmake/colreg_interfaces__rosidl_typesupport_introspection_cExport-noconfig.cmake
[1.074s] -- Up-to-date: /home/filip/ros2_ws/install/colreg_interfaces/share/colreg_interfaces/cmake/colreg_interfaces__rosidl_typesupport_cExport.cmake
[1.075s] -- Up-to-date: /home/filip/ros2_ws/install/colreg_interfaces/share/colreg_interfaces/cmake/colreg_interfaces__rosidl_typesupport_cExport-noconfig.cmake
[1.075s] -- Up-to-date: /home/filip/ros2_ws/install/colreg_interfaces/share/colreg_interfaces/cmake/colreg_interfaces__rosidl_typesupport_introspection_cppExport.cmake
[1.075s] -- Up-to-date: /home/filip/ros2_ws/install/colreg_interfaces/share/colreg_interfaces/cmake/colreg_interfaces__rosidl_typesupport_introspection_cppExport-noconfig.cmake
[1.075s] -- Up-to-date: /home/filip/ros2_ws/install/colreg_interfaces/share/colreg_interfaces/cmake/colreg_interfaces__rosidl_typesupport_cppExport.cmake
[1.075s] -- Up-to-date: /home/filip/ros2_ws/install/colreg_interfaces/share/colreg_interfaces/cmake/colreg_interfaces__rosidl_typesupport_cppExport-noconfig.cmake
[1.075s] -- Up-to-date: /home/filip/ros2_ws/install/colreg_interfaces/share/colreg_interfaces/cmake/export_colreg_interfaces__rosidl_generator_pyExport.cmake
[1.075s] -- Up-to-date: /home/filip/ros2_ws/install/colreg_interfaces/share/colreg_interfaces/cmake/export_colreg_interfaces__rosidl_generator_pyExport-noconfig.cmake
[1.075s] -- Up-to-date: /home/filip/ros2_ws/install/colreg_interfaces/share/colreg_interfaces/cmake/rosidl_cmake-extras.cmake
[1.075s] -- Up-to-date: /home/filip/ros2_ws/install/colreg_interfaces/share/colreg_interfaces/cmake/ament_cmake_export_dependencies-extras.cmake
[1.075s] -- Up-to-date: /home/filip/ros2_ws/install/colreg_interfaces/share/colreg_interfaces/cmake/ament_cmake_export_include_directories-extras.cmake
[1.075s] -- Up-to-date: /home/filip/ros2_ws/install/colreg_interfaces/share/colreg_interfaces/cmake/ament_cmake_export_libraries-extras.cmake
[1.075s] -- Up-to-date: /home/filip/ros2_ws/install/colreg_interfaces/share/colreg_interfaces/cmake/ament_cmake_export_targets-extras.cmake
[1.075s] -- Up-to-date: /home/filip/ros2_ws/install/colreg_interfaces/share/colreg_interfaces/cmake/rosidl_cmake_export_typesupport_targets-extras.cmake
[1.075s] -- Up-to-date: /home/filip/ros2_ws/install/colreg_interfaces/share/colreg_interfaces/cmake/rosidl_cmake_export_typesupport_libraries-extras.cmake
[1.075s] -- Up-to-date: /home/filip/ros2_ws/install/colreg_interfaces/share/colreg_interfaces/cmake/colreg_interfacesConfig.cmake
[1.076s] -- Up-to-date: /home/filip/ros2_ws/install/colreg_interfaces/share/colreg_interfaces/cmake/colreg_interfacesConfig-version.cmake
[1.076s] -- Up-to-date: /home/filip/ros2_ws/install/colreg_interfaces/share/colreg_interfaces/package.xml
[1.079s] Invoked command in '/home/filip/ros2_ws/build/colreg_interfaces' returned '0': CMAKE_PREFIX_PATH=${CMAKE_PREFIX_PATH}:/home/filip/ros2_ws/install/py_pubsub:/home/filip/ros2_ws/install/colreg_package_test:/home/filip/ros2_ws/install/colreg_package:/opt/ros/humble /usr/bin/cmake --install /home/filip/ros2_ws/build/colreg_interfaces
