[0.028s] Invoking command in '/home/filip/ros2_ws/build/colreg_interfaces': CMAKE_PREFIX_PATH=${CMAKE_PREFIX_PATH}:/home/filip/ros2_ws/install/py_pubsub:/home/filip/ros2_ws/install/colreg_package_test:/home/filip/ros2_ws/install/colreg_package:/opt/ros/humble /usr/bin/cmake --build /home/filip/ros2_ws/build/colreg_interfaces -- -j2 -l2
[0.063s] [33mCMake Warning (dev) at CMakeLists.txt:30:
[0.063s]   Syntax Warning in cmake code at column 21
[0.063s] 
[0.063s]   Argument not separated from preceding token by whitespace.
[0.063s] This warning is for project developers.  Use -Wno-dev to suppress it.
[0.063s] [0m
[0.067s] -- Found ament_lint_auto: 0.12.4 (/opt/ros/humble/share/ament_lint_auto/cmake)
[0.277s] -- Found ament_cmake: 1.3.2 (/opt/ros/humble/share/ament_cmake/cmake)
[0.282s] -- Found geometry_msgs: 4.2.2 (/opt/ros/humble/share/geometry_msgs/cmake)
[0.311s] -- Found rosidl_generator_c: 3.1.3 (/opt/ros/humble/share/rosidl_generator_c/cmake)
[0.314s] -- Found rosidl_adapter: 3.1.3 (/opt/ros/humble/share/rosidl_adapter/cmake)
[0.322s] -- Found rosidl_generator_cpp: 3.1.3 (/opt/ros/humble/share/rosidl_generator_cpp/cmake)
[0.336s] -- Using all available rosidl_typesupport_c: rosidl_typesupport_fastrtps_c;rosidl_typesupport_introspection_c
[0.357s] -- Using all available rosidl_typesupport_cpp: rosidl_typesupport_fastrtps_cpp;rosidl_typesupport_introspection_cpp
[0.484s] -- Found turtlesim: 1.4.2 (/opt/ros/humble/share/turtlesim/cmake)
[0.634s] -- Found rosidl_default_generators: 1.2.0 (/opt/ros/humble/share/rosidl_default_generators/cmake)
[0.640s] [31mCMake Error at /opt/ros/humble/share/rosidl_cmake/cmake/rosidl_generate_interfaces.cmake:93 (message):
[0.640s]   rosidl_generate_interfaces() the passed file ',' doesn't exist relative to
[0.640s]   the CMAKE_CURRENT_SOURCE_DIR '/home/filip/ros2_ws/src/colreg_interfaces'
[0.640s] Call Stack (most recent call first):
[0.640s]   CMakeLists.txt:29 (rosidl_generate_interfaces)
[0.640s] 
[0.640s] [0m
[0.641s] -- Configuring incomplete, errors occurred!
[0.641s] See also "/home/filip/ros2_ws/build/colreg_interfaces/CMakeFiles/CMakeOutput.log".
[0.645s] gmake: *** [Makefile:747: cmake_check_build_system] Error 1
[0.647s] Invoked command in '/home/filip/ros2_ws/build/colreg_interfaces' returned '2': CMAKE_PREFIX_PATH=${CMAKE_PREFIX_PATH}:/home/filip/ros2_ws/install/py_pubsub:/home/filip/ros2_ws/install/colreg_package_test:/home/filip/ros2_ws/install/colreg_package:/opt/ros/humble /usr/bin/cmake --build /home/filip/ros2_ws/build/colreg_interfaces -- -j2 -l2
