[0.929s] Invoking command in '/home/filip/ros2_ws/src/turtle_controller': PYTHONPATH=/home/filip/ros2_ws/build/turtle_controller/prefix_override:/home/filip/ros2_ws/install/turtle_controller/lib/python3.10/site-packages:${PYTHONPATH} /usr/bin/python3 setup.py egg_info --egg-base ../../build/turtle_controller build --build-base /home/filip/ros2_ws/build/turtle_controller/build install --record /home/filip/ros2_ws/build/turtle_controller/install.log --single-version-externally-managed
[1.159s] running egg_info
[1.159s] writing ../../build/turtle_controller/turtle_controller.egg-info/PKG-INFO
[1.160s] writing dependency_links to ../../build/turtle_controller/turtle_controller.egg-info/dependency_links.txt
[1.161s] writing entry points to ../../build/turtle_controller/turtle_controller.egg-info/entry_points.txt
[1.162s] writing requirements to ../../build/turtle_controller/turtle_controller.egg-info/requires.txt
[1.162s] writing top-level names to ../../build/turtle_controller/turtle_controller.egg-info/top_level.txt
[1.164s] reading manifest file '../../build/turtle_controller/turtle_controller.egg-info/SOURCES.txt'
[1.165s] writing manifest file '../../build/turtle_controller/turtle_controller.egg-info/SOURCES.txt'
[1.166s] running build
[1.166s] running build_py
[1.166s] running install
[1.167s] /usr/lib/python3/dist-packages/setuptools/command/install.py:34: SetuptoolsDeprecationWarning: setup.py install is deprecated. Use build and pip and other standards-based tools.
[1.167s]   warnings.warn(
[1.167s] running install_lib
[1.168s] running install_data
[1.169s] running install_egg_info
[1.171s] removing '/home/filip/ros2_ws/install/turtle_controller/lib/python3.10/site-packages/turtle_controller-0.0.0-py3.10.egg-info' (and everything under it)
[1.171s] Copying ../../build/turtle_controller/turtle_controller.egg-info to /home/filip/ros2_ws/install/turtle_controller/lib/python3.10/site-packages/turtle_controller-0.0.0-py3.10.egg-info
[1.172s] running install_scripts
[1.194s] Installing turtle script to /home/filip/ros2_ws/install/turtle_controller/lib/turtle_controller
[1.195s] writing list of installed files to '/home/filip/ros2_ws/build/turtle_controller/install.log'
[1.231s] Invoked command in '/home/filip/ros2_ws/src/turtle_controller' returned '0': PYTHONPATH=/home/filip/ros2_ws/build/turtle_controller/prefix_override:/home/filip/ros2_ws/install/turtle_controller/lib/python3.10/site-packages:${PYTHONPATH} /usr/bin/python3 setup.py egg_info --egg-base ../../build/turtle_controller build --build-base /home/filip/ros2_ws/build/turtle_controller/build install --record /home/filip/ros2_ws/build/turtle_controller/install.log --single-version-externally-managed
