[0.563s] Invoking command in '/home/filip/ros2_ws/src/colreg_package': PYTHONPATH=/home/filip/ros2_ws/build/colreg_package/prefix_override:/home/filip/ros2_ws/install/colreg_package/lib/python3.10/site-packages:${PYTHONPATH} /usr/bin/python3 setup.py egg_info --egg-base ../../build/colreg_package build --build-base /home/filip/ros2_ws/build/colreg_package/build install --record /home/filip/ros2_ws/build/colreg_package/install.log --single-version-externally-managed
[0.791s] running egg_info
[0.791s] writing ../../build/colreg_package/colreg_package.egg-info/PKG-INFO
[0.792s] writing dependency_links to ../../build/colreg_package/colreg_package.egg-info/dependency_links.txt
[0.793s] writing entry points to ../../build/colreg_package/colreg_package.egg-info/entry_points.txt
[0.793s] writing requirements to ../../build/colreg_package/colreg_package.egg-info/requires.txt
[0.793s] writing top-level names to ../../build/colreg_package/colreg_package.egg-info/top_level.txt
[0.795s] reading manifest file '../../build/colreg_package/colreg_package.egg-info/SOURCES.txt'
[0.797s] writing manifest file '../../build/colreg_package/colreg_package.egg-info/SOURCES.txt'
[0.797s] running build
[0.797s] running build_py
[0.797s] copying colreg_package/main_ship_control.py -> /home/filip/ros2_ws/build/colreg_package/build/lib/colreg_package
[0.798s] copying colreg_package/obstacle_ship_control.py -> /home/filip/ros2_ws/build/colreg_package/build/lib/colreg_package
[0.798s] running install
[0.799s] /usr/lib/python3/dist-packages/setuptools/command/install.py:34: SetuptoolsDeprecationWarning: setup.py install is deprecated. Use build and pip and other standards-based tools.
[0.799s]   warnings.warn(
[0.799s] running install_lib
[0.800s] copying /home/filip/ros2_ws/build/colreg_package/build/lib/colreg_package/main_ship_control.py -> /home/filip/ros2_ws/install/colreg_package/lib/python3.10/site-packages/colreg_package
[0.801s] copying /home/filip/ros2_ws/build/colreg_package/build/lib/colreg_package/obstacle_ship_control.py -> /home/filip/ros2_ws/install/colreg_package/lib/python3.10/site-packages/colreg_package
[0.801s] byte-compiling /home/filip/ros2_ws/install/colreg_package/lib/python3.10/site-packages/colreg_package/main_ship_control.py to main_ship_control.cpython-310.pyc
[0.803s] byte-compiling /home/filip/ros2_ws/install/colreg_package/lib/python3.10/site-packages/colreg_package/obstacle_ship_control.py to obstacle_ship_control.cpython-310.pyc
[0.803s] running install_data
[0.804s] running install_egg_info
[0.806s] removing '/home/filip/ros2_ws/install/colreg_package/lib/python3.10/site-packages/colreg_package-0.0.0-py3.10.egg-info' (and everything under it)
[0.806s] Copying ../../build/colreg_package/colreg_package.egg-info to /home/filip/ros2_ws/install/colreg_package/lib/python3.10/site-packages/colreg_package-0.0.0-py3.10.egg-info
[0.822s] running install_scripts
[0.843s] Installing main_ship_control script to /home/filip/ros2_ws/install/colreg_package/lib/colreg_package
[0.844s] Installing obstacle_ship_control script to /home/filip/ros2_ws/install/colreg_package/lib/colreg_package
[0.844s] Installing position script to /home/filip/ros2_ws/install/colreg_package/lib/colreg_package
[0.844s] Installing tcpa_dcpa script to /home/filip/ros2_ws/install/colreg_package/lib/colreg_package
[0.845s] writing list of installed files to '/home/filip/ros2_ws/build/colreg_package/install.log'
[0.873s] Invoked command in '/home/filip/ros2_ws/src/colreg_package' returned '0': PYTHONPATH=/home/filip/ros2_ws/build/colreg_package/prefix_override:/home/filip/ros2_ws/install/colreg_package/lib/python3.10/site-packages:${PYTHONPATH} /usr/bin/python3 setup.py egg_info --egg-base ../../build/colreg_package build --build-base /home/filip/ros2_ws/build/colreg_package/build install --record /home/filip/ros2_ws/build/colreg_package/install.log --single-version-externally-managed
