[0.887s] Invoking command in '/home/filip/ros2_ws/src/colreg_package': PYTHONPATH=/home/filip/ros2_ws/build/colreg_package/prefix_override:/home/filip/ros2_ws/install/colreg_package/lib/python3.10/site-packages:${PYTHONPATH} /usr/bin/python3 setup.py egg_info --egg-base ../../build/colreg_package build --build-base /home/filip/ros2_ws/build/colreg_package/build install --record /home/filip/ros2_ws/build/colreg_package/install.log --single-version-externally-managed
[1.143s] running egg_info
[1.144s] writing ../../build/colreg_package/colreg_package.egg-info/PKG-INFO
[1.144s] writing dependency_links to ../../build/colreg_package/colreg_package.egg-info/dependency_links.txt
[1.145s] writing entry points to ../../build/colreg_package/colreg_package.egg-info/entry_points.txt
[1.145s] writing requirements to ../../build/colreg_package/colreg_package.egg-info/requires.txt
[1.146s] writing top-level names to ../../build/colreg_package/colreg_package.egg-info/top_level.txt
[1.148s] reading manifest file '../../build/colreg_package/colreg_package.egg-info/SOURCES.txt'
[1.149s] writing manifest file '../../build/colreg_package/colreg_package.egg-info/SOURCES.txt'
[1.149s] running build
[1.150s] running build_py
[1.150s] copying colreg_package/tcpa_dcpa.py -> /home/filip/ros2_ws/build/colreg_package/build/lib/colreg_package
[1.151s] running install
[1.151s] /usr/lib/python3/dist-packages/setuptools/command/install.py:34: SetuptoolsDeprecationWarning: setup.py install is deprecated. Use build and pip and other standards-based tools.
[1.151s]   warnings.warn(
[1.152s] running install_lib
[1.152s] copying /home/filip/ros2_ws/build/colreg_package/build/lib/colreg_package/tcpa_dcpa.py -> /home/filip/ros2_ws/install/colreg_package/lib/python3.10/site-packages/colreg_package
[1.153s] byte-compiling /home/filip/ros2_ws/install/colreg_package/lib/python3.10/site-packages/colreg_package/tcpa_dcpa.py to tcpa_dcpa.cpython-310.pyc
[1.155s]   File "/home/filip/ros2_ws/install/colreg_package/lib/python3.10/site-packages/colreg_package/tcpa_dcpa.py", line 170
[1.156s]     elif :
[1.156s]          ^
[1.156s] SyntaxError: invalid syntax
[1.156s] 
[1.156s] running install_data
[1.157s] running install_egg_info
[1.159s] removing '/home/filip/ros2_ws/install/colreg_package/lib/python3.10/site-packages/colreg_package-0.0.0-py3.10.egg-info' (and everything under it)
[1.159s] Copying ../../build/colreg_package/colreg_package.egg-info to /home/filip/ros2_ws/install/colreg_package/lib/python3.10/site-packages/colreg_package-0.0.0-py3.10.egg-info
[1.160s] running install_scripts
[1.179s] Installing main_ship_control script to /home/filip/ros2_ws/install/colreg_package/lib/colreg_package
[1.180s] Installing position script to /home/filip/ros2_ws/install/colreg_package/lib/colreg_package
[1.180s] Installing target_ship_control script to /home/filip/ros2_ws/install/colreg_package/lib/colreg_package
[1.180s] Installing tcpa_dcpa script to /home/filip/ros2_ws/install/colreg_package/lib/colreg_package
[1.181s] writing list of installed files to '/home/filip/ros2_ws/build/colreg_package/install.log'
[1.206s] Invoked command in '/home/filip/ros2_ws/src/colreg_package' returned '0': PYTHONPATH=/home/filip/ros2_ws/build/colreg_package/prefix_override:/home/filip/ros2_ws/install/colreg_package/lib/python3.10/site-packages:${PYTHONPATH} /usr/bin/python3 setup.py egg_info --egg-base ../../build/colreg_package build --build-base /home/filip/ros2_ws/build/colreg_package/build install --record /home/filip/ros2_ws/build/colreg_package/install.log --single-version-externally-managed
