[0.026s] Invoking command in '/home/filip/ros2_ws/build/colreg_interfaces': CMAKE_PREFIX_PATH=${CMAKE_PREFIX_PATH}:/home/filip/ros2_ws/install/py_pubsub:/home/filip/ros2_ws/install/colreg_package_test:/home/filip/ros2_ws/install/colreg_package:/opt/ros/humble /usr/bin/cmake --build /home/filip/ros2_ws/build/colreg_interfaces -- -j2 -l2
[0.067s] -- Found ament_cmake: 1.3.2 (/opt/ros/humble/share/ament_cmake/cmake)
[0.222s] -- Found geometry_msgs: 4.2.2 (/opt/ros/humble/share/geometry_msgs/cmake)
[0.259s] -- Found rosidl_generator_c: 3.1.3 (/opt/ros/humble/share/rosidl_generator_c/cmake)
[0.263s] -- Found rosidl_adapter: 3.1.3 (/opt/ros/humble/share/rosidl_adapter/cmake)
[0.269s] -- Found rosidl_generator_cpp: 3.1.3 (/opt/ros/humble/share/rosidl_generator_cpp/cmake)
[0.287s] -- Using all available rosidl_typesupport_c: rosidl_typesupport_fastrtps_c;rosidl_typesupport_introspection_c
[0.299s] -- Using all available rosidl_typesupport_cpp: rosidl_typesupport_fastrtps_cpp;rosidl_typesupport_introspection_cpp
[0.445s] -- Found turtlesim: 1.4.2 (/opt/ros/humble/share/turtlesim/cmake)
[0.591s] -- Found ament_lint_auto: 0.12.4 (/opt/ros/humble/share/ament_lint_auto/cmake)
[0.677s] -- Found rosidl_default_generators: 1.2.0 (/opt/ros/humble/share/rosidl_default_generators/cmake)
[0.893s] -- Found ament_cmake_ros: 0.10.0 (/opt/ros/humble/share/ament_cmake_ros/cmake)
[1.194s] -- Using all available rosidl_typesupport_c: rosidl_typesupport_fastrtps_c;rosidl_typesupport_introspection_c
[1.308s] -- Using all available rosidl_typesupport_cpp: rosidl_typesupport_fastrtps_cpp;rosidl_typesupport_introspection_cpp
[1.330s] -- Found python_cmake_module: 0.10.0 (/opt/ros/humble/share/python_cmake_module/cmake)
[1.354s] -- Using PYTHON_EXECUTABLE: /usr/bin/python3
[1.354s] -- Using PYTHON_INCLUDE_DIRS: /usr/include/python3.10
[1.354s] -- Using PYTHON_LIBRARIES: /usr/lib/x86_64-linux-gnu/libpython3.10.so
[1.369s] -- Added test 'lint_cmake' to check CMake code style
[1.369s] -- Added test 'xmllint' to check XML markup files
[1.373s] -- Configuring done
[1.406s] -- Generating done
[1.414s] -- Build files have been written to: /home/filip/ros2_ws/build/colreg_interfaces
[1.447s] [  3%] [34m[1mGenerating C code for ROS interfaces[0m
[1.456s] [  6%] [34m[1mGenerating C++ code for ROS interfaces[0m
[1.711s] [35m[1mConsolidate compiler generated dependencies of target colreg_interfaces__rosidl_generator_c[0m
[1.722s] [  9%] [32mBuilding C object CMakeFiles/colreg_interfaces__rosidl_generator_c.dir/rosidl_generator_c/colreg_interfaces/msg/detail/colreg__functions.c.o[0m
[1.735s] In file included from [01m[K/home/filip/ros2_ws/build/colreg_interfaces/rosidl_generator_c/colreg_interfaces/msg/detail/colreg__functions.h:19[m[K,
[1.735s]                  from [01m[K/home/filip/ros2_ws/build/colreg_interfaces/rosidl_generator_c/colreg_interfaces/msg/detail/colreg__functions.c:4[m[K:
[1.735s] [01m[K/home/filip/ros2_ws/build/colreg_interfaces/rosidl_generator_c/colreg_interfaces/msg/detail/colreg__struct.h:22:10:[m[K [01;31m[Kfatal error: [m[Kturtlesim/msg/detail/pose__struct.h: No such file or directory
[1.735s]    22 | #include [01;31m[K"turtlesim/msg/detail/pose__struct.h"[m[K
[1.735s]       |          [01;31m[K^~~~~~~~~~~~~~~~~~~~~~~~~~~~~~~~~~~~~[m[K
[1.736s] compilation terminated.
[1.737s] gmake[2]: *** [CMakeFiles/colreg_interfaces__rosidl_generator_c.dir/build.make:105: CMakeFiles/colreg_interfaces__rosidl_generator_c.dir/rosidl_generator_c/colreg_interfaces/msg/detail/colreg__functions.c.o] Error 1
[1.740s] gmake[1]: *** [CMakeFiles/Makefile2:213: CMakeFiles/colreg_interfaces__rosidl_generator_c.dir/all] Error 2
[1.740s] gmake[1]: *** Waiting for unfinished jobs....
[1.742s] [  9%] Built target colreg_interfaces__cpp
[1.747s] gmake: *** [Makefile:146: all] Error 2
[1.750s] Invoked command in '/home/filip/ros2_ws/build/colreg_interfaces' returned '2': CMAKE_PREFIX_PATH=${CMAKE_PREFIX_PATH}:/home/filip/ros2_ws/install/py_pubsub:/home/filip/ros2_ws/install/colreg_package_test:/home/filip/ros2_ws/install/colreg_package:/opt/ros/humble /usr/bin/cmake --build /home/filip/ros2_ws/build/colreg_interfaces -- -j2 -l2
