[0.068s] Invoking command in '/home/filip/ros2_ws/build/colreg_interfaces': CMAKE_PREFIX_PATH=${CMAKE_PREFIX_PATH}:/home/filip/ros2_ws/install/py_pubsub:/home/filip/ros2_ws/install/colreg_package_test:/home/filip/ros2_ws/install/colreg_package:/opt/ros/humble /usr/bin/cmake --build /home/filip/ros2_ws/build/colreg_interfaces -- -j2 -l2
[0.370s] [  2%] Built target colreg_interfaces__cpp
[0.423s] [ 12%] Built target colreg_interfaces__rosidl_generator_c
[0.455s] [ 12%] Built target ament_cmake_python_copy_colreg_interfaces
[0.504s] [ 23%] Built target colreg_interfaces__rosidl_typesupport_cpp
[0.590s] [ 33%] Built target colreg_interfaces__rosidl_typesupport_fastrtps_c
[0.640s] [ 43%] Built target colreg_interfaces__rosidl_typesupport_fastrtps_cpp
[0.664s] [ 53%] Built target colreg_interfaces__rosidl_typesupport_introspection_c
[0.714s] [ 64%] Built target colreg_interfaces__rosidl_typesupport_c
[0.715s] [ 74%] Built target colreg_interfaces__rosidl_typesupport_introspection_cpp
[0.814s] [ 74%] Built target colreg_interfaces
[0.951s] [ 76%] Built target colreg_interfaces__py
[1.154s] [ 84%] Built target colreg_interfaces__rosidl_generator_py
[1.197s] [ 89%] Built target colreg_interfaces__rosidl_typesupport_fastrtps_c__pyext
[1.240s] [ 94%] Built target colreg_interfaces__rosidl_typesupport_introspection_c__pyext
[1.367s] [100%] Built target colreg_interfaces__rosidl_typesupport_c__pyext
[1.483s] running egg_info
[1.486s] writing colreg_interfaces.egg-info/PKG-INFO
[1.487s] writing dependency_links to colreg_interfaces.egg-info/dependency_links.txt
[1.487s] writing top-level names to colreg_interfaces.egg-info/top_level.txt
[1.491s] reading manifest file 'colreg_interfaces.egg-info/SOURCES.txt'
[1.491s] writing manifest file 'colreg_interfaces.egg-info/SOURCES.txt'
[1.540s] [100%] Built target ament_cmake_python_build_colreg_interfaces_egg
[1.576s] Invoked command in '/home/filip/ros2_ws/build/colreg_interfaces' returned '0': CMAKE_PREFIX_PATH=${CMAKE_PREFIX_PATH}:/home/filip/ros2_ws/install/py_pubsub:/home/filip/ros2_ws/install/colreg_package_test:/home/filip/ros2_ws/install/colreg_package:/opt/ros/humble /usr/bin/cmake --build /home/filip/ros2_ws/build/colreg_interfaces -- -j2 -l2
[1.856s] Invoking command in '/home/filip/ros2_ws/build/colreg_interfaces': CMAKE_PREFIX_PATH=${CMAKE_PREFIX_PATH}:/home/filip/ros2_ws/install/py_pubsub:/home/filip/ros2_ws/install/colreg_package_test:/home/filip/ros2_ws/install/colreg_package:/opt/ros/humble /usr/bin/cmake --install /home/filip/ros2_ws/build/colreg_interfaces
[1.887s] -- Install configuration: ""
[1.888s] -- Up-to-date: /home/filip/ros2_ws/install/colreg_interfaces/share/ament_index/resource_index/rosidl_interfaces/colreg_interfaces
[1.889s] -- Up-to-date: /home/filip/ros2_ws/install/colreg_interfaces/include/colreg_interfaces/colreg_interfaces
[1.890s] -- Up-to-date: /home/filip/ros2_ws/install/colreg_interfaces/include/colreg_interfaces/colreg_interfaces/msg
[1.891s] -- Up-to-date: /home/filip/ros2_ws/install/colreg_interfaces/include/colreg_interfaces/colreg_interfaces/msg/ship_data.h
[1.891s] -- Up-to-date: /home/filip/ros2_ws/install/colreg_interfaces/include/colreg_interfaces/colreg_interfaces/msg/detail
[1.892s] -- Up-to-date: /home/filip/ros2_ws/install/colreg_interfaces/include/colreg_interfaces/colreg_interfaces/msg/detail/ship_data__functions.c
[1.892s] -- Up-to-date: /home/filip/ros2_ws/install/colreg_interfaces/include/colreg_interfaces/colreg_interfaces/msg/detail/avoidance_scenario__struct.h
[1.893s] -- Up-to-date: /home/filip/ros2_ws/install/colreg_interfaces/include/colreg_interfaces/colreg_interfaces/msg/detail/avoidance_scenario__functions.c
[1.893s] -- Up-to-date: /home/filip/ros2_ws/install/colreg_interfaces/include/colreg_interfaces/colreg_interfaces/msg/detail/ship_data__type_support.h
[1.894s] -- Up-to-date: /home/filip/ros2_ws/install/colreg_interfaces/include/colreg_interfaces/colreg_interfaces/msg/detail/colreg__functions.c
[1.894s] -- Up-to-date: /home/filip/ros2_ws/install/colreg_interfaces/include/colreg_interfaces/colreg_interfaces/msg/detail/colreg__functions.h
[1.894s] -- Up-to-date: /home/filip/ros2_ws/install/colreg_interfaces/include/colreg_interfaces/colreg_interfaces/msg/detail/avoidance_scenario__type_support.h
[1.894s] -- Up-to-date: /home/filip/ros2_ws/install/colreg_interfaces/include/colreg_interfaces/colreg_interfaces/msg/detail/colreg__type_support.h
[1.894s] -- Up-to-date: /home/filip/ros2_ws/install/colreg_interfaces/include/colreg_interfaces/colreg_interfaces/msg/detail/colreg__struct.h
[1.895s] -- Up-to-date: /home/filip/ros2_ws/install/colreg_interfaces/include/colreg_interfaces/colreg_interfaces/msg/detail/avoidance_scenario__functions.h
[1.895s] -- Up-to-date: /home/filip/ros2_ws/install/colreg_interfaces/include/colreg_interfaces/colreg_interfaces/msg/detail/ship_data__struct.h
[1.895s] -- Up-to-date: /home/filip/ros2_ws/install/colreg_interfaces/include/colreg_interfaces/colreg_interfaces/msg/detail/ship_data__functions.h
[1.895s] -- Up-to-date: /home/filip/ros2_ws/install/colreg_interfaces/include/colreg_interfaces/colreg_interfaces/msg/rosidl_generator_c__visibility_control.h
[1.895s] -- Up-to-date: /home/filip/ros2_ws/install/colreg_interfaces/include/colreg_interfaces/colreg_interfaces/msg/avoidance_scenario.h
[1.896s] -- Up-to-date: /home/filip/ros2_ws/install/colreg_interfaces/include/colreg_interfaces/colreg_interfaces/msg/colreg.h
[1.898s] -- Up-to-date: /home/filip/ros2_ws/install/colreg_interfaces/share/colreg_interfaces/environment/library_path.sh
[1.898s] -- Up-to-date: /home/filip/ros2_ws/install/colreg_interfaces/share/colreg_interfaces/environment/library_path.dsv
[1.900s] -- Up-to-date: /home/filip/ros2_ws/install/colreg_interfaces/lib/libcolreg_interfaces__rosidl_generator_c.so
[1.901s] -- Up-to-date: /home/filip/ros2_ws/install/colreg_interfaces/include/colreg_interfaces/colreg_interfaces
[1.901s] -- Up-to-date: /home/filip/ros2_ws/install/colreg_interfaces/include/colreg_interfaces/colreg_interfaces/msg
[1.901s] -- Up-to-date: /home/filip/ros2_ws/install/colreg_interfaces/include/colreg_interfaces/colreg_interfaces/msg/detail
[1.901s] -- Up-to-date: /home/filip/ros2_ws/install/colreg_interfaces/include/colreg_interfaces/colreg_interfaces/msg/detail/ship_data__rosidl_typesupport_fastrtps_c.h
[1.902s] -- Up-to-date: /home/filip/ros2_ws/install/colreg_interfaces/include/colreg_interfaces/colreg_interfaces/msg/detail/avoidance_scenario__rosidl_typesupport_fastrtps_c.h
[1.902s] -- Up-to-date: /home/filip/ros2_ws/install/colreg_interfaces/include/colreg_interfaces/colreg_interfaces/msg/detail/colreg__rosidl_typesupport_fastrtps_c.h
[1.902s] -- Up-to-date: /home/filip/ros2_ws/install/colreg_interfaces/include/colreg_interfaces/colreg_interfaces/msg/rosidl_typesupport_fastrtps_c__visibility_control.h
[1.904s] -- Up-to-date: /home/filip/ros2_ws/install/colreg_interfaces/lib/libcolreg_interfaces__rosidl_typesupport_fastrtps_c.so
[1.904s] -- Up-to-date: /home/filip/ros2_ws/install/colreg_interfaces/include/colreg_interfaces/colreg_interfaces
[1.904s] -- Up-to-date: /home/filip/ros2_ws/install/colreg_interfaces/include/colreg_interfaces/colreg_interfaces/msg
[1.904s] -- Up-to-date: /home/filip/ros2_ws/install/colreg_interfaces/include/colreg_interfaces/colreg_interfaces/msg/detail
[1.905s] -- Up-to-date: /home/filip/ros2_ws/install/colreg_interfaces/include/colreg_interfaces/colreg_interfaces/msg/detail/avoidance_scenario__struct.hpp
[1.905s] -- Up-to-date: /home/filip/ros2_ws/install/colreg_interfaces/include/colreg_interfaces/colreg_interfaces/msg/detail/ship_data__traits.hpp
[1.905s] -- Up-to-date: /home/filip/ros2_ws/install/colreg_interfaces/include/colreg_interfaces/colreg_interfaces/msg/detail/ship_data__struct.hpp
[1.905s] -- Up-to-date: /home/filip/ros2_ws/install/colreg_interfaces/include/colreg_interfaces/colreg_interfaces/msg/detail/colreg__builder.hpp
[1.906s] -- Up-to-date: /home/filip/ros2_ws/install/colreg_interfaces/include/colreg_interfaces/colreg_interfaces/msg/detail/avoidance_scenario__traits.hpp
[1.906s] -- Up-to-date: /home/filip/ros2_ws/install/colreg_interfaces/include/colreg_interfaces/colreg_interfaces/msg/detail/ship_data__builder.hpp
[1.906s] -- Up-to-date: /home/filip/ros2_ws/install/colreg_interfaces/include/colreg_interfaces/colreg_interfaces/msg/detail/avoidance_scenario__builder.hpp
[1.911s] -- Up-to-date: /home/filip/ros2_ws/install/colreg_interfaces/include/colreg_interfaces/colreg_interfaces/msg/detail/colreg__traits.hpp
[1.912s] -- Up-to-date: /home/filip/ros2_ws/install/colreg_interfaces/include/colreg_interfaces/colreg_interfaces/msg/detail/colreg__struct.hpp
[1.912s] -- Up-to-date: /home/filip/ros2_ws/install/colreg_interfaces/include/colreg_interfaces/colreg_interfaces/msg/avoidance_scenario.hpp
[1.912s] -- Up-to-date: /home/filip/ros2_ws/install/colreg_interfaces/include/colreg_interfaces/colreg_interfaces/msg/colreg.hpp
[1.912s] -- Up-to-date: /home/filip/ros2_ws/install/colreg_interfaces/include/colreg_interfaces/colreg_interfaces/msg/ship_data.hpp
[1.914s] -- Up-to-date: /home/filip/ros2_ws/install/colreg_interfaces/include/colreg_interfaces/colreg_interfaces
[1.915s] -- Up-to-date: /home/filip/ros2_ws/install/colreg_interfaces/include/colreg_interfaces/colreg_interfaces/msg
[1.917s] -- Up-to-date: /home/filip/ros2_ws/install/colreg_interfaces/include/colreg_interfaces/colreg_interfaces/msg/detail
[1.920s] -- Up-to-date: /home/filip/ros2_ws/install/colreg_interfaces/include/colreg_interfaces/colreg_interfaces/msg/detail/avoidance_scenario__rosidl_typesupport_fastrtps_cpp.hpp
[1.926s] -- Up-to-date: /home/filip/ros2_ws/install/colreg_interfaces/include/colreg_interfaces/colreg_interfaces/msg/detail/colreg__rosidl_typesupport_fastrtps_cpp.hpp
[1.926s] -- Up-to-date: /home/filip/ros2_ws/install/colreg_interfaces/include/colreg_interfaces/colreg_interfaces/msg/detail/ship_data__rosidl_typesupport_fastrtps_cpp.hpp
[1.927s] -- Up-to-date: /home/filip/ros2_ws/install/colreg_interfaces/include/colreg_interfaces/colreg_interfaces/msg/detail/dds_fastrtps
[1.927s] -- Up-to-date: /home/filip/ros2_ws/install/colreg_interfaces/include/colreg_interfaces/colreg_interfaces/msg/rosidl_typesupport_fastrtps_cpp__visibility_control.h
[1.928s] -- Up-to-date: /home/filip/ros2_ws/install/colreg_interfaces/lib/libcolreg_interfaces__rosidl_typesupport_fastrtps_cpp.so
[1.929s] -- Up-to-date: /home/filip/ros2_ws/install/colreg_interfaces/include/colreg_interfaces/colreg_interfaces
[1.929s] -- Up-to-date: /home/filip/ros2_ws/install/colreg_interfaces/include/colreg_interfaces/colreg_interfaces/msg
[1.930s] -- Up-to-date: /home/filip/ros2_ws/install/colreg_interfaces/include/colreg_interfaces/colreg_interfaces/msg/detail
[1.930s] -- Up-to-date: /home/filip/ros2_ws/install/colreg_interfaces/include/colreg_interfaces/colreg_interfaces/msg/detail/colreg__type_support.c
[1.930s] -- Up-to-date: /home/filip/ros2_ws/install/colreg_interfaces/include/colreg_interfaces/colreg_interfaces/msg/detail/avoidance_scenario__type_support.c
[1.930s] -- Up-to-date: /home/filip/ros2_ws/install/colreg_interfaces/include/colreg_interfaces/colreg_interfaces/msg/detail/avoidance_scenario__rosidl_typesupport_introspection_c.h
[1.931s] -- Up-to-date: /home/filip/ros2_ws/install/colreg_interfaces/include/colreg_interfaces/colreg_interfaces/msg/detail/ship_data__type_support.c
[1.932s] -- Up-to-date: /home/filip/ros2_ws/install/colreg_interfaces/include/colreg_interfaces/colreg_interfaces/msg/detail/ship_data__rosidl_typesupport_introspection_c.h
[1.933s] -- Up-to-date: /home/filip/ros2_ws/install/colreg_interfaces/include/colreg_interfaces/colreg_interfaces/msg/detail/colreg__rosidl_typesupport_introspection_c.h
[1.934s] -- Up-to-date: /home/filip/ros2_ws/install/colreg_interfaces/include/colreg_interfaces/colreg_interfaces/msg/rosidl_typesupport_introspection_c__visibility_control.h
[1.936s] -- Up-to-date: /home/filip/ros2_ws/install/colreg_interfaces/lib/libcolreg_interfaces__rosidl_typesupport_introspection_c.so
[1.937s] -- Up-to-date: /home/filip/ros2_ws/install/colreg_interfaces/lib/libcolreg_interfaces__rosidl_typesupport_c.so
[1.938s] -- Up-to-date: /home/filip/ros2_ws/install/colreg_interfaces/include/colreg_interfaces/colreg_interfaces
[1.938s] -- Up-to-date: /home/filip/ros2_ws/install/colreg_interfaces/include/colreg_interfaces/colreg_interfaces/msg
[1.938s] -- Up-to-date: /home/filip/ros2_ws/install/colreg_interfaces/include/colreg_interfaces/colreg_interfaces/msg/detail
[1.938s] -- Up-to-date: /home/filip/ros2_ws/install/colreg_interfaces/include/colreg_interfaces/colreg_interfaces/msg/detail/avoidance_scenario__type_support.cpp
[1.939s] -- Up-to-date: /home/filip/ros2_ws/install/colreg_interfaces/include/colreg_interfaces/colreg_interfaces/msg/detail/ship_data__rosidl_typesupport_introspection_cpp.hpp
[1.939s] -- Up-to-date: /home/filip/ros2_ws/install/colreg_interfaces/include/colreg_interfaces/colreg_interfaces/msg/detail/avoidance_scenario__rosidl_typesupport_introspection_cpp.hpp
[1.939s] -- Up-to-date: /home/filip/ros2_ws/install/colreg_interfaces/include/colreg_interfaces/colreg_interfaces/msg/detail/ship_data__type_support.cpp
[1.940s] -- Up-to-date: /home/filip/ros2_ws/install/colreg_interfaces/include/colreg_interfaces/colreg_interfaces/msg/detail/colreg__rosidl_typesupport_introspection_cpp.hpp
[1.940s] -- Up-to-date: /home/filip/ros2_ws/install/colreg_interfaces/include/colreg_interfaces/colreg_interfaces/msg/detail/colreg__type_support.cpp
[1.941s] -- Up-to-date: /home/filip/ros2_ws/install/colreg_interfaces/lib/libcolreg_interfaces__rosidl_typesupport_introspection_cpp.so
[1.944s] -- Up-to-date: /home/filip/ros2_ws/install/colreg_interfaces/lib/libcolreg_interfaces__rosidl_typesupport_cpp.so
[1.945s] -- Up-to-date: /home/filip/ros2_ws/install/colreg_interfaces/share/colreg_interfaces/environment/pythonpath.sh
[1.946s] -- Up-to-date: /home/filip/ros2_ws/install/colreg_interfaces/share/colreg_interfaces/environment/pythonpath.dsv
[1.946s] -- Up-to-date: /home/filip/ros2_ws/install/colreg_interfaces/local/lib/python3.10/dist-packages/colreg_interfaces-0.0.0-py3.10.egg-info
[1.946s] -- Installing: /home/filip/ros2_ws/install/colreg_interfaces/local/lib/python3.10/dist-packages/colreg_interfaces-0.0.0-py3.10.egg-info/SOURCES.txt
[1.947s] -- Installing: /home/filip/ros2_ws/install/colreg_interfaces/local/lib/python3.10/dist-packages/colreg_interfaces-0.0.0-py3.10.egg-info/dependency_links.txt
[1.948s] -- Installing: /home/filip/ros2_ws/install/colreg_interfaces/local/lib/python3.10/dist-packages/colreg_interfaces-0.0.0-py3.10.egg-info/top_level.txt
[1.949s] -- Installing: /home/filip/ros2_ws/install/colreg_interfaces/local/lib/python3.10/dist-packages/colreg_interfaces-0.0.0-py3.10.egg-info/PKG-INFO
[1.953s] -- Up-to-date: /home/filip/ros2_ws/install/colreg_interfaces/local/lib/python3.10/dist-packages/colreg_interfaces
[1.955s] -- Up-to-date: /home/filip/ros2_ws/install/colreg_interfaces/local/lib/python3.10/dist-packages/colreg_interfaces/_colreg_interfaces_s.ep.rosidl_typesupport_fastrtps_c.c
[1.957s] -- Up-to-date: /home/filip/ros2_ws/install/colreg_interfaces/local/lib/python3.10/dist-packages/colreg_interfaces/colreg_interfaces_s__rosidl_typesupport_fastrtps_c.cpython-310-x86_64-linux-gnu.so
[1.959s] -- Up-to-date: /home/filip/ros2_ws/install/colreg_interfaces/local/lib/python3.10/dist-packages/colreg_interfaces/colreg_interfaces_s__rosidl_typesupport_introspection_c.cpython-310-x86_64-linux-gnu.so
[1.960s] -- Up-to-date: /home/filip/ros2_ws/install/colreg_interfaces/local/lib/python3.10/dist-packages/colreg_interfaces/colreg_interfaces_s__rosidl_typesupport_c.cpython-310-x86_64-linux-gnu.so
[1.960s] -- Up-to-date: /home/filip/ros2_ws/install/colreg_interfaces/local/lib/python3.10/dist-packages/colreg_interfaces/msg
[1.963s] -- Up-to-date: /home/filip/ros2_ws/install/colreg_interfaces/local/lib/python3.10/dist-packages/colreg_interfaces/msg/_avoidance_scenario.py
[1.964s] -- Up-to-date: /home/filip/ros2_ws/install/colreg_interfaces/local/lib/python3.10/dist-packages/colreg_interfaces/msg/_colreg.py
[1.965s] -- Up-to-date: /home/filip/ros2_ws/install/colreg_interfaces/local/lib/python3.10/dist-packages/colreg_interfaces/msg/_avoidance_scenario_s.c
[1.966s] -- Up-to-date: /home/filip/ros2_ws/install/colreg_interfaces/local/lib/python3.10/dist-packages/colreg_interfaces/msg/_ship_data.py
[1.967s] -- Up-to-date: /home/filip/ros2_ws/install/colreg_interfaces/local/lib/python3.10/dist-packages/colreg_interfaces/msg/_ship_data_s.c
[1.967s] -- Up-to-date: /home/filip/ros2_ws/install/colreg_interfaces/local/lib/python3.10/dist-packages/colreg_interfaces/msg/_colreg_s.c
[1.968s] -- Up-to-date: /home/filip/ros2_ws/install/colreg_interfaces/local/lib/python3.10/dist-packages/colreg_interfaces/msg/__init__.py
[1.968s] -- Up-to-date: /home/filip/ros2_ws/install/colreg_interfaces/local/lib/python3.10/dist-packages/colreg_interfaces/libcolreg_interfaces__rosidl_generator_py.so
[1.969s] -- Up-to-date: /home/filip/ros2_ws/install/colreg_interfaces/local/lib/python3.10/dist-packages/colreg_interfaces/__init__.py
[1.969s] -- Up-to-date: /home/filip/ros2_ws/install/colreg_interfaces/local/lib/python3.10/dist-packages/colreg_interfaces/_colreg_interfaces_s.ep.rosidl_typesupport_c.c
[1.970s] -- Up-to-date: /home/filip/ros2_ws/install/colreg_interfaces/local/lib/python3.10/dist-packages/colreg_interfaces/_colreg_interfaces_s.ep.rosidl_typesupport_introspection_c.c
[2.062s] Listing '/home/filip/ros2_ws/install/colreg_interfaces/local/lib/python3.10/dist-packages/colreg_interfaces'...
[2.062s] Listing '/home/filip/ros2_ws/install/colreg_interfaces/local/lib/python3.10/dist-packages/colreg_interfaces/msg'...
[2.079s] -- Up-to-date: /home/filip/ros2_ws/install/colreg_interfaces/local/lib/python3.10/dist-packages/colreg_interfaces/colreg_interfaces_s__rosidl_typesupport_fastrtps_c.cpython-310-x86_64-linux-gnu.so
[2.079s] -- Up-to-date: /home/filip/ros2_ws/install/colreg_interfaces/local/lib/python3.10/dist-packages/colreg_interfaces/colreg_interfaces_s__rosidl_typesupport_introspection_c.cpython-310-x86_64-linux-gnu.so
[2.079s] -- Up-to-date: /home/filip/ros2_ws/install/colreg_interfaces/local/lib/python3.10/dist-packages/colreg_interfaces/colreg_interfaces_s__rosidl_typesupport_c.cpython-310-x86_64-linux-gnu.so
[2.084s] -- Up-to-date: /home/filip/ros2_ws/install/colreg_interfaces/lib/libcolreg_interfaces__rosidl_generator_py.so
[2.086s] -- Up-to-date: /home/filip/ros2_ws/install/colreg_interfaces/share/colreg_interfaces/msg/ShipData.idl
[2.087s] -- Up-to-date: /home/filip/ros2_ws/install/colreg_interfaces/share/colreg_interfaces/msg/AvoidanceScenario.idl
[2.087s] -- Up-to-date: /home/filip/ros2_ws/install/colreg_interfaces/share/colreg_interfaces/msg/ShipData.msg
[2.087s] -- Up-to-date: /home/filip/ros2_ws/install/colreg_interfaces/share/colreg_interfaces/msg/AvoidanceScenario.msg
[2.088s] -- Up-to-date: /home/filip/ros2_ws/install/colreg_interfaces/share/ament_index/resource_index/package_run_dependencies/colreg_interfaces
[2.088s] -- Up-to-date: /home/filip/ros2_ws/install/colreg_interfaces/share/ament_index/resource_index/parent_prefix_path/colreg_interfaces
[2.088s] -- Up-to-date: /home/filip/ros2_ws/install/colreg_interfaces/share/colreg_interfaces/environment/ament_prefix_path.sh
[2.089s] -- Up-to-date: /home/filip/ros2_ws/install/colreg_interfaces/share/colreg_interfaces/environment/ament_prefix_path.dsv
[2.089s] -- Up-to-date: /home/filip/ros2_ws/install/colreg_interfaces/share/colreg_interfaces/environment/path.sh
[2.090s] -- Up-to-date: /home/filip/ros2_ws/install/colreg_interfaces/share/colreg_interfaces/environment/path.dsv
[2.090s] -- Up-to-date: /home/filip/ros2_ws/install/colreg_interfaces/share/colreg_interfaces/local_setup.bash
[2.090s] -- Up-to-date: /home/filip/ros2_ws/install/colreg_interfaces/share/colreg_interfaces/local_setup.sh
[2.091s] -- Up-to-date: /home/filip/ros2_ws/install/colreg_interfaces/share/colreg_interfaces/local_setup.zsh
[2.092s] -- Up-to-date: /home/filip/ros2_ws/install/colreg_interfaces/share/colreg_interfaces/local_setup.dsv
[2.092s] -- Installing: /home/filip/ros2_ws/install/colreg_interfaces/share/colreg_interfaces/package.dsv
[2.094s] -- Up-to-date: /home/filip/ros2_ws/install/colreg_interfaces/share/ament_index/resource_index/packages/colreg_interfaces
[2.100s] -- Up-to-date: /home/filip/ros2_ws/install/colreg_interfaces/share/colreg_interfaces/cmake/export_colreg_interfaces__rosidl_generator_cExport.cmake
[2.101s] -- Up-to-date: /home/filip/ros2_ws/install/colreg_interfaces/share/colreg_interfaces/cmake/export_colreg_interfaces__rosidl_generator_cExport-noconfig.cmake
[2.103s] -- Up-to-date: /home/filip/ros2_ws/install/colreg_interfaces/share/colreg_interfaces/cmake/export_colreg_interfaces__rosidl_typesupport_fastrtps_cExport.cmake
[2.104s] -- Up-to-date: /home/filip/ros2_ws/install/colreg_interfaces/share/colreg_interfaces/cmake/export_colreg_interfaces__rosidl_typesupport_fastrtps_cExport-noconfig.cmake
[2.110s] -- Up-to-date: /home/filip/ros2_ws/install/colreg_interfaces/share/colreg_interfaces/cmake/export_colreg_interfaces__rosidl_generator_cppExport.cmake
[2.146s] -- Up-to-date: /home/filip/ros2_ws/install/colreg_interfaces/share/colreg_interfaces/cmake/export_colreg_interfaces__rosidl_typesupport_fastrtps_cppExport.cmake
[2.146s] -- Up-to-date: /home/filip/ros2_ws/install/colreg_interfaces/share/colreg_interfaces/cmake/export_colreg_interfaces__rosidl_typesupport_fastrtps_cppExport-noconfig.cmake
[2.147s] -- Up-to-date: /home/filip/ros2_ws/install/colreg_interfaces/share/colreg_interfaces/cmake/colreg_interfaces__rosidl_typesupport_introspection_cExport.cmake
[2.147s] -- Up-to-date: /home/filip/ros2_ws/install/colreg_interfaces/share/colreg_interfaces/cmake/colreg_interfaces__rosidl_typesupport_introspection_cExport-noconfig.cmake
[2.148s] -- Up-to-date: /home/filip/ros2_ws/install/colreg_interfaces/share/colreg_interfaces/cmake/colreg_interfaces__rosidl_typesupport_cExport.cmake
[2.148s] -- Up-to-date: /home/filip/ros2_ws/install/colreg_interfaces/share/colreg_interfaces/cmake/colreg_interfaces__rosidl_typesupport_cExport-noconfig.cmake
[2.149s] -- Up-to-date: /home/filip/ros2_ws/install/colreg_interfaces/share/colreg_interfaces/cmake/colreg_interfaces__rosidl_typesupport_introspection_cppExport.cmake
[2.149s] -- Up-to-date: /home/filip/ros2_ws/install/colreg_interfaces/share/colreg_interfaces/cmake/colreg_interfaces__rosidl_typesupport_introspection_cppExport-noconfig.cmake
[2.150s] -- Up-to-date: /home/filip/ros2_ws/install/colreg_interfaces/share/colreg_interfaces/cmake/colreg_interfaces__rosidl_typesupport_cppExport.cmake
[2.150s] -- Up-to-date: /home/filip/ros2_ws/install/colreg_interfaces/share/colreg_interfaces/cmake/colreg_interfaces__rosidl_typesupport_cppExport-noconfig.cmake
[2.151s] -- Up-to-date: /home/filip/ros2_ws/install/colreg_interfaces/share/colreg_interfaces/cmake/export_colreg_interfaces__rosidl_generator_pyExport.cmake
[2.151s] -- Up-to-date: /home/filip/ros2_ws/install/colreg_interfaces/share/colreg_interfaces/cmake/export_colreg_interfaces__rosidl_generator_pyExport-noconfig.cmake
[2.151s] -- Up-to-date: /home/filip/ros2_ws/install/colreg_interfaces/share/colreg_interfaces/cmake/rosidl_cmake-extras.cmake
[2.152s] -- Up-to-date: /home/filip/ros2_ws/install/colreg_interfaces/share/colreg_interfaces/cmake/ament_cmake_export_dependencies-extras.cmake
[2.152s] -- Up-to-date: /home/filip/ros2_ws/install/colreg_interfaces/share/colreg_interfaces/cmake/ament_cmake_export_include_directories-extras.cmake
[2.152s] -- Up-to-date: /home/filip/ros2_ws/install/colreg_interfaces/share/colreg_interfaces/cmake/ament_cmake_export_libraries-extras.cmake
[2.152s] -- Up-to-date: /home/filip/ros2_ws/install/colreg_interfaces/share/colreg_interfaces/cmake/ament_cmake_export_targets-extras.cmake
[2.153s] -- Up-to-date: /home/filip/ros2_ws/install/colreg_interfaces/share/colreg_interfaces/cmake/rosidl_cmake_export_typesupport_targets-extras.cmake
[2.153s] -- Up-to-date: /home/filip/ros2_ws/install/colreg_interfaces/share/colreg_interfaces/cmake/rosidl_cmake_export_typesupport_libraries-extras.cmake
[2.153s] -- Up-to-date: /home/filip/ros2_ws/install/colreg_interfaces/share/colreg_interfaces/cmake/colreg_interfacesConfig.cmake
[2.153s] -- Up-to-date: /home/filip/ros2_ws/install/colreg_interfaces/share/colreg_interfaces/cmake/colreg_interfacesConfig-version.cmake
[2.153s] -- Up-to-date: /home/filip/ros2_ws/install/colreg_interfaces/share/colreg_interfaces/package.xml
[2.159s] Invoked command in '/home/filip/ros2_ws/build/colreg_interfaces' returned '0': CMAKE_PREFIX_PATH=${CMAKE_PREFIX_PATH}:/home/filip/ros2_ws/install/py_pubsub:/home/filip/ros2_ws/install/colreg_package_test:/home/filip/ros2_ws/install/colreg_package:/opt/ros/humble /usr/bin/cmake --install /home/filip/ros2_ws/build/colreg_interfaces
