[0.539s] Invoking command in '/home/filip/ros2_ws/src/turtle_controller': PYTHONPATH=/home/filip/ros2_ws/src/build/turtle_controller/prefix_override:/home/filip/ros2_ws/src/install/turtle_controller/lib/python3.10/site-packages:${PYTHONPATH} /usr/bin/python3 setup.py egg_info --egg-base ../build/turtle_controller build --build-base /home/filip/ros2_ws/src/build/turtle_controller/build install --record /home/filip/ros2_ws/src/build/turtle_controller/install.log --single-version-externally-managed
[0.755s] running egg_info
[0.755s] creating ../build/turtle_controller/turtle_controller.egg-info
[0.756s] writing ../build/turtle_controller/turtle_controller.egg-info/PKG-INFO
[0.756s] writing dependency_links to ../build/turtle_controller/turtle_controller.egg-info/dependency_links.txt
[0.756s] writing entry points to ../build/turtle_controller/turtle_controller.egg-info/entry_points.txt
[0.756s] writing requirements to ../build/turtle_controller/turtle_controller.egg-info/requires.txt
[0.756s] writing top-level names to ../build/turtle_controller/turtle_controller.egg-info/top_level.txt
[0.756s] writing manifest file '../build/turtle_controller/turtle_controller.egg-info/SOURCES.txt'
[0.758s] reading manifest file '../build/turtle_controller/turtle_controller.egg-info/SOURCES.txt'
[0.758s] writing manifest file '../build/turtle_controller/turtle_controller.egg-info/SOURCES.txt'
[0.759s] running build
[0.759s] running build_py
[0.759s] creating /home/filip/ros2_ws/src/build/turtle_controller/build
[0.759s] creating /home/filip/ros2_ws/src/build/turtle_controller/build/lib
[0.759s] creating /home/filip/ros2_ws/src/build/turtle_controller/build/lib/turtle_controller
[0.760s] copying turtle_controller/turtle_control_script.py -> /home/filip/ros2_ws/src/build/turtle_controller/build/lib/turtle_controller
[0.760s] copying turtle_controller/__init__.py -> /home/filip/ros2_ws/src/build/turtle_controller/build/lib/turtle_controller
[0.760s] running install
[0.760s] /usr/lib/python3/dist-packages/setuptools/command/install.py:34: SetuptoolsDeprecationWarning: setup.py install is deprecated. Use build and pip and other standards-based tools.
[0.760s]   warnings.warn(
[0.760s] running install_lib
[0.761s] creating /home/filip/ros2_ws/src/install/turtle_controller/lib/python3.10/site-packages/turtle_controller
[0.761s] copying /home/filip/ros2_ws/src/build/turtle_controller/build/lib/turtle_controller/turtle_control_script.py -> /home/filip/ros2_ws/src/install/turtle_controller/lib/python3.10/site-packages/turtle_controller
[0.761s] copying /home/filip/ros2_ws/src/build/turtle_controller/build/lib/turtle_controller/__init__.py -> /home/filip/ros2_ws/src/install/turtle_controller/lib/python3.10/site-packages/turtle_controller
[0.761s] byte-compiling /home/filip/ros2_ws/src/install/turtle_controller/lib/python3.10/site-packages/turtle_controller/turtle_control_script.py to turtle_control_script.cpython-310.pyc
[0.762s] byte-compiling /home/filip/ros2_ws/src/install/turtle_controller/lib/python3.10/site-packages/turtle_controller/__init__.py to __init__.cpython-310.pyc
[0.762s] running install_data
[0.763s] creating /home/filip/ros2_ws/src/install/turtle_controller/share/ament_index
[0.763s] creating /home/filip/ros2_ws/src/install/turtle_controller/share/ament_index/resource_index
[0.763s] creating /home/filip/ros2_ws/src/install/turtle_controller/share/ament_index/resource_index/packages
[0.763s] copying resource/turtle_controller -> /home/filip/ros2_ws/src/install/turtle_controller/share/ament_index/resource_index/packages
[0.763s] copying package.xml -> /home/filip/ros2_ws/src/install/turtle_controller/share/turtle_controller
[0.763s] running install_egg_info
[0.764s] Copying ../build/turtle_controller/turtle_controller.egg-info to /home/filip/ros2_ws/src/install/turtle_controller/lib/python3.10/site-packages/turtle_controller-0.0.0-py3.10.egg-info
[0.765s] running install_scripts
[0.783s] Installing turtle script to /home/filip/ros2_ws/src/install/turtle_controller/lib/turtle_controller
[0.783s] writing list of installed files to '/home/filip/ros2_ws/src/build/turtle_controller/install.log'
[0.807s] Invoked command in '/home/filip/ros2_ws/src/turtle_controller' returned '0': PYTHONPATH=/home/filip/ros2_ws/src/build/turtle_controller/prefix_override:/home/filip/ros2_ws/src/install/turtle_controller/lib/python3.10/site-packages:${PYTHONPATH} /usr/bin/python3 setup.py egg_info --egg-base ../build/turtle_controller build --build-base /home/filip/ros2_ws/src/build/turtle_controller/build install --record /home/filip/ros2_ws/src/build/turtle_controller/install.log --single-version-externally-managed
