[0.751s] Invoking command in '/home/filip/ros2_ws/src/colreg_package': PYTHONPATH=/home/filip/ros2_ws/build/colreg_package/prefix_override:/home/filip/ros2_ws/install/colreg_package/lib/python3.10/site-packages:${PYTHONPATH} /usr/bin/python3 setup.py egg_info --egg-base ../../build/colreg_package build --build-base /home/filip/ros2_ws/build/colreg_package/build install --record /home/filip/ros2_ws/build/colreg_package/install.log --single-version-externally-managed
[1.016s] running egg_info
[1.017s] writing ../../build/colreg_package/colreg_package.egg-info/PKG-INFO
[1.017s] writing dependency_links to ../../build/colreg_package/colreg_package.egg-info/dependency_links.txt
[1.018s] writing entry points to ../../build/colreg_package/colreg_package.egg-info/entry_points.txt
[1.018s] writing requirements to ../../build/colreg_package/colreg_package.egg-info/requires.txt
[1.018s] writing top-level names to ../../build/colreg_package/colreg_package.egg-info/top_level.txt
[1.020s] reading manifest file '../../build/colreg_package/colreg_package.egg-info/SOURCES.txt'
[1.021s] writing manifest file '../../build/colreg_package/colreg_package.egg-info/SOURCES.txt'
[1.028s] running build
[1.028s] running build_py
[1.029s] copying colreg_package/tcpa_dcpa.py -> /home/filip/ros2_ws/build/colreg_package/build/lib/colreg_package
[1.030s] running install
[1.030s] /usr/lib/python3/dist-packages/setuptools/command/install.py:34: SetuptoolsDeprecationWarning: setup.py install is deprecated. Use build and pip and other standards-based tools.
[1.030s]   warnings.warn(
[1.031s] running install_lib
[1.031s] copying /home/filip/ros2_ws/build/colreg_package/build/lib/colreg_package/tcpa_dcpa.py -> /home/filip/ros2_ws/install/colreg_package/lib/python3.10/site-packages/colreg_package
[1.031s] byte-compiling /home/filip/ros2_ws/install/colreg_package/lib/python3.10/site-packages/colreg_package/tcpa_dcpa.py to tcpa_dcpa.cpython-310.pyc
[1.031s] running install_data
[1.031s] running install_egg_info
[1.034s] removing '/home/filip/ros2_ws/install/colreg_package/lib/python3.10/site-packages/colreg_package-0.0.0-py3.10.egg-info' (and everything under it)
[1.035s] Copying ../../build/colreg_package/colreg_package.egg-info to /home/filip/ros2_ws/install/colreg_package/lib/python3.10/site-packages/colreg_package-0.0.0-py3.10.egg-info
[1.036s] running install_scripts
[1.056s] Installing main_ship_control script to /home/filip/ros2_ws/install/colreg_package/lib/colreg_package
[1.057s] Installing position script to /home/filip/ros2_ws/install/colreg_package/lib/colreg_package
[1.057s] Installing target_ship_control script to /home/filip/ros2_ws/install/colreg_package/lib/colreg_package
[1.057s] Installing tcpa_dcpa script to /home/filip/ros2_ws/install/colreg_package/lib/colreg_package
[1.058s] writing list of installed files to '/home/filip/ros2_ws/build/colreg_package/install.log'
[1.083s] Invoked command in '/home/filip/ros2_ws/src/colreg_package' returned '0': PYTHONPATH=/home/filip/ros2_ws/build/colreg_package/prefix_override:/home/filip/ros2_ws/install/colreg_package/lib/python3.10/site-packages:${PYTHONPATH} /usr/bin/python3 setup.py egg_info --egg-base ../../build/colreg_package build --build-base /home/filip/ros2_ws/build/colreg_package/build install --record /home/filip/ros2_ws/build/colreg_package/install.log --single-version-externally-managed
