[0.804s] Invoking command in '/home/filip/ros2_ws/src/colreg_package': PYTHONPATH=/home/filip/ros2_ws/build/colreg_package/prefix_override:/home/filip/ros2_ws/install/colreg_package/lib/python3.10/site-packages:${PYTHONPATH} /usr/bin/python3 setup.py egg_info --egg-base ../../build/colreg_package build --build-base /home/filip/ros2_ws/build/colreg_package/build install --record /home/filip/ros2_ws/build/colreg_package/install.log --single-version-externally-managed
[1.086s] running egg_info
[1.087s] writing ../../build/colreg_package/colreg_package.egg-info/PKG-INFO
[1.088s] writing dependency_links to ../../build/colreg_package/colreg_package.egg-info/dependency_links.txt
[1.089s] writing entry points to ../../build/colreg_package/colreg_package.egg-info/entry_points.txt
[1.090s] writing requirements to ../../build/colreg_package/colreg_package.egg-info/requires.txt
[1.090s] writing top-level names to ../../build/colreg_package/colreg_package.egg-info/top_level.txt
[1.092s] reading manifest file '../../build/colreg_package/colreg_package.egg-info/SOURCES.txt'
[1.094s] writing manifest file '../../build/colreg_package/colreg_package.egg-info/SOURCES.txt'
[1.094s] running build
[1.094s] running build_py
[1.095s] copying colreg_package/target_ship_control.py -> /home/filip/ros2_ws/build/colreg_package/build/lib/colreg_package
[1.095s] copying colreg_package/main_ship_control.py -> /home/filip/ros2_ws/build/colreg_package/build/lib/colreg_package
[1.096s] running install
[1.096s] /usr/lib/python3/dist-packages/setuptools/command/install.py:34: SetuptoolsDeprecationWarning: setup.py install is deprecated. Use build and pip and other standards-based tools.
[1.096s]   warnings.warn(
[1.097s] running install_lib
[1.098s] copying /home/filip/ros2_ws/build/colreg_package/build/lib/colreg_package/target_ship_control.py -> /home/filip/ros2_ws/install/colreg_package/lib/python3.10/site-packages/colreg_package
[1.098s] copying /home/filip/ros2_ws/build/colreg_package/build/lib/colreg_package/main_ship_control.py -> /home/filip/ros2_ws/install/colreg_package/lib/python3.10/site-packages/colreg_package
[1.099s] byte-compiling /home/filip/ros2_ws/install/colreg_package/lib/python3.10/site-packages/colreg_package/target_ship_control.py to target_ship_control.cpython-310.pyc
[1.100s] byte-compiling /home/filip/ros2_ws/install/colreg_package/lib/python3.10/site-packages/colreg_package/main_ship_control.py to main_ship_control.cpython-310.pyc
[1.101s] running install_data
[1.101s] copying parameters/crossing_port.yaml -> /home/filip/ros2_ws/install/colreg_package/share/colreg_package/parameters
[1.102s] running install_egg_info
[1.113s] removing '/home/filip/ros2_ws/install/colreg_package/lib/python3.10/site-packages/colreg_package-0.0.0-py3.10.egg-info' (and everything under it)
[1.114s] Copying ../../build/colreg_package/colreg_package.egg-info to /home/filip/ros2_ws/install/colreg_package/lib/python3.10/site-packages/colreg_package-0.0.0-py3.10.egg-info
[1.115s] running install_scripts
[1.140s] Installing avoidance_scenario script to /home/filip/ros2_ws/install/colreg_package/lib/colreg_package
[1.141s] Installing main_ship_control script to /home/filip/ros2_ws/install/colreg_package/lib/colreg_package
[1.141s] Installing position script to /home/filip/ros2_ws/install/colreg_package/lib/colreg_package
[1.142s] Installing target_ship_control script to /home/filip/ros2_ws/install/colreg_package/lib/colreg_package
[1.142s] Installing tcpa_dcpa script to /home/filip/ros2_ws/install/colreg_package/lib/colreg_package
[1.143s] writing list of installed files to '/home/filip/ros2_ws/build/colreg_package/install.log'
[1.181s] Invoked command in '/home/filip/ros2_ws/src/colreg_package' returned '0': PYTHONPATH=/home/filip/ros2_ws/build/colreg_package/prefix_override:/home/filip/ros2_ws/install/colreg_package/lib/python3.10/site-packages:${PYTHONPATH} /usr/bin/python3 setup.py egg_info --egg-base ../../build/colreg_package build --build-base /home/filip/ros2_ws/build/colreg_package/build install --record /home/filip/ros2_ws/build/colreg_package/install.log --single-version-externally-managed
