[0.562s] Invoking command in '/home/filip/ros2_ws/src/turtle_controller': PYTHONPATH=/home/filip/ros2_ws/src/build/turtle_controller/prefix_override:/home/filip/ros2_ws/src/install/turtle_controller/lib/python3.10/site-packages:${PYTHONPATH} /usr/bin/python3 setup.py egg_info --egg-base ../build/turtle_controller build --build-base /home/filip/ros2_ws/src/build/turtle_controller/build install --record /home/filip/ros2_ws/src/build/turtle_controller/install.log --single-version-externally-managed
[0.791s] running egg_info
[0.792s] writing ../build/turtle_controller/turtle_controller.egg-info/PKG-INFO
[0.792s] writing dependency_links to ../build/turtle_controller/turtle_controller.egg-info/dependency_links.txt
[0.793s] writing entry points to ../build/turtle_controller/turtle_controller.egg-info/entry_points.txt
[0.793s] writing requirements to ../build/turtle_controller/turtle_controller.egg-info/requires.txt
[0.794s] writing top-level names to ../build/turtle_controller/turtle_controller.egg-info/top_level.txt
[0.796s] reading manifest file '../build/turtle_controller/turtle_controller.egg-info/SOURCES.txt'
[0.797s] writing manifest file '../build/turtle_controller/turtle_controller.egg-info/SOURCES.txt'
[0.797s] running build
[0.797s] running build_py
[0.798s] copying turtle_controller/turtle_control_script.py -> /home/filip/ros2_ws/src/build/turtle_controller/build/lib/turtle_controller
[0.798s] running install
[0.798s] /usr/lib/python3/dist-packages/setuptools/command/install.py:34: SetuptoolsDeprecationWarning: setup.py install is deprecated. Use build and pip and other standards-based tools.
[0.798s]   warnings.warn(
[0.799s] running install_lib
[0.800s] copying /home/filip/ros2_ws/src/build/turtle_controller/build/lib/turtle_controller/turtle_control_script.py -> /home/filip/ros2_ws/src/install/turtle_controller/lib/python3.10/site-packages/turtle_controller
[0.801s] byte-compiling /home/filip/ros2_ws/src/install/turtle_controller/lib/python3.10/site-packages/turtle_controller/turtle_control_script.py to turtle_control_script.cpython-310.pyc
[0.802s] running install_data
[0.803s] copying package.xml -> /home/filip/ros2_ws/src/install/turtle_controller/share/turtle_controller
[0.804s] running install_egg_info
[0.805s] removing '/home/filip/ros2_ws/src/install/turtle_controller/lib/python3.10/site-packages/turtle_controller-0.0.0-py3.10.egg-info' (and everything under it)
[0.806s] Copying ../build/turtle_controller/turtle_controller.egg-info to /home/filip/ros2_ws/src/install/turtle_controller/lib/python3.10/site-packages/turtle_controller-0.0.0-py3.10.egg-info
[0.806s] running install_scripts
[0.826s] Installing turtle script to /home/filip/ros2_ws/src/install/turtle_controller/lib/turtle_controller
[0.827s] writing list of installed files to '/home/filip/ros2_ws/src/build/turtle_controller/install.log'
[0.855s] Invoked command in '/home/filip/ros2_ws/src/turtle_controller' returned '0': PYTHONPATH=/home/filip/ros2_ws/src/build/turtle_controller/prefix_override:/home/filip/ros2_ws/src/install/turtle_controller/lib/python3.10/site-packages:${PYTHONPATH} /usr/bin/python3 setup.py egg_info --egg-base ../build/turtle_controller build --build-base /home/filip/ros2_ws/src/build/turtle_controller/build install --record /home/filip/ros2_ws/src/build/turtle_controller/install.log --single-version-externally-managed
