[0.437s] DEBUG:colcon:Command line arguments: ['/usr/bin/colcon', 'build']
[0.437s] DEBUG:colcon:Parsed command line arguments: Namespace(log_base=None, log_level=None, verb_name='build', build_base='build', install_base='install', merge_install=False, symlink_install=False, test_result_base=None, continue_on_error=False, executor='parallel', parallel_workers=2, event_handlers=None, ignore_user_meta=False, metas=['./colcon.meta'], base_paths=['.'], packages_ignore=None, packages_ignore_regex=None, paths=None, packages_up_to=None, packages_up_to_regex=None, packages_above=None, packages_above_and_dependencies=None, packages_above_depth=None, packages_select_by_dep=None, packages_skip_by_dep=None, packages_skip_up_to=None, packages_select_build_failed=False, packages_skip_build_finished=False, packages_select_test_failures=False, packages_skip_test_passed=False, packages_select=None, packages_skip=None, packages_select_regex=None, packages_skip_regex=None, packages_start=None, packages_end=None, allow_overriding=[], cmake_args=None, cmake_target=None, cmake_target_skip_unavailable=False, cmake_clean_cache=False, cmake_clean_first=False, cmake_force_configure=False, ament_cmake_args=None, catkin_cmake_args=None, catkin_skip_building_tests=False, verb_parser=<colcon_defaults.argument_parser.defaults.DefaultArgumentsDecorator object at 0x7fdb1177ebf0>, verb_extension=<colcon_core.verb.build.BuildVerb object at 0x7fdb11de8940>, main=<bound method BuildVerb.main of <colcon_core.verb.build.BuildVerb object at 0x7fdb11de8940>>)
[0.480s] Level 1:colcon.colcon_core.package_discovery:discover_packages(colcon_meta) check parameters
[0.480s] Level 1:colcon.colcon_core.package_discovery:discover_packages(recursive) check parameters
[0.480s] Level 1:colcon.colcon_core.package_discovery:discover_packages(ignore) check parameters
[0.480s] Level 1:colcon.colcon_core.package_discovery:discover_packages(path) check parameters
[0.480s] Level 1:colcon.colcon_core.package_discovery:discover_packages(colcon_meta) discover
[0.480s] Level 1:colcon.colcon_core.package_discovery:discover_packages(recursive) discover
[0.480s] INFO:colcon.colcon_core.package_discovery:Crawling recursively for packages in '/home/filip/ros2_ws'
[0.480s] Level 1:colcon.colcon_core.package_identification:_identify(.) by extensions ['ignore', 'ignore_ament_install']
[0.480s] Level 1:colcon.colcon_core.package_identification:_identify(.) by extension 'ignore'
[0.480s] Level 1:colcon.colcon_core.package_identification:_identify(.) by extension 'ignore_ament_install'
[0.480s] Level 1:colcon.colcon_core.package_identification:_identify(.) by extensions ['colcon_pkg']
[0.480s] Level 1:colcon.colcon_core.package_identification:_identify(.) by extension 'colcon_pkg'
[0.480s] Level 1:colcon.colcon_core.package_identification:_identify(.) by extensions ['colcon_meta']
[0.480s] Level 1:colcon.colcon_core.package_identification:_identify(.) by extension 'colcon_meta'
[0.480s] Level 1:colcon.colcon_core.package_identification:_identify(.) by extensions ['ros']
[0.480s] Level 1:colcon.colcon_core.package_identification:_identify(.) by extension 'ros'
[0.500s] Level 1:colcon.colcon_core.package_identification:_identify(.) by extensions ['cmake', 'python']
[0.500s] Level 1:colcon.colcon_core.package_identification:_identify(.) by extension 'cmake'
[0.500s] Level 1:colcon.colcon_core.package_identification:_identify(.) by extension 'python'
[0.500s] Level 1:colcon.colcon_core.package_identification:_identify(.) by extensions ['python_setup_py']
[0.500s] Level 1:colcon.colcon_core.package_identification:_identify(.) by extension 'python_setup_py'
[0.500s] Level 1:colcon.colcon_core.package_identification:_identify(build) by extensions ['ignore', 'ignore_ament_install']
[0.500s] Level 1:colcon.colcon_core.package_identification:_identify(build) by extension 'ignore'
[0.500s] Level 1:colcon.colcon_core.package_identification:_identify(build) ignored
[0.500s] Level 1:colcon.colcon_core.package_identification:_identify(install) by extensions ['ignore', 'ignore_ament_install']
[0.500s] Level 1:colcon.colcon_core.package_identification:_identify(install) by extension 'ignore'
[0.500s] Level 1:colcon.colcon_core.package_identification:_identify(install) ignored
[0.500s] Level 1:colcon.colcon_core.package_identification:_identify(log) by extensions ['ignore', 'ignore_ament_install']
[0.500s] Level 1:colcon.colcon_core.package_identification:_identify(log) by extension 'ignore'
[0.500s] Level 1:colcon.colcon_core.package_identification:_identify(log) ignored
[0.501s] Level 1:colcon.colcon_core.package_identification:_identify(src) by extensions ['ignore', 'ignore_ament_install']
[0.501s] Level 1:colcon.colcon_core.package_identification:_identify(src) by extension 'ignore'
[0.501s] Level 1:colcon.colcon_core.package_identification:_identify(src) by extension 'ignore_ament_install'
[0.501s] Level 1:colcon.colcon_core.package_identification:_identify(src) by extensions ['colcon_pkg']
[0.501s] Level 1:colcon.colcon_core.package_identification:_identify(src) by extension 'colcon_pkg'
[0.501s] Level 1:colcon.colcon_core.package_identification:_identify(src) by extensions ['colcon_meta']
[0.501s] Level 1:colcon.colcon_core.package_identification:_identify(src) by extension 'colcon_meta'
[0.501s] Level 1:colcon.colcon_core.package_identification:_identify(src) by extensions ['ros']
[0.501s] Level 1:colcon.colcon_core.package_identification:_identify(src) by extension 'ros'
[0.501s] Level 1:colcon.colcon_core.package_identification:_identify(src) by extensions ['cmake', 'python']
[0.501s] Level 1:colcon.colcon_core.package_identification:_identify(src) by extension 'cmake'
[0.501s] Level 1:colcon.colcon_core.package_identification:_identify(src) by extension 'python'
[0.501s] Level 1:colcon.colcon_core.package_identification:_identify(src) by extensions ['python_setup_py']
[0.501s] Level 1:colcon.colcon_core.package_identification:_identify(src) by extension 'python_setup_py'
[0.501s] Level 1:colcon.colcon_core.package_identification:_identify(src/build) by extensions ['ignore', 'ignore_ament_install']
[0.501s] Level 1:colcon.colcon_core.package_identification:_identify(src/build) by extension 'ignore'
[0.501s] Level 1:colcon.colcon_core.package_identification:_identify(src/build) ignored
[0.502s] Level 1:colcon.colcon_core.package_identification:_identify(src/colreg_package) by extensions ['ignore', 'ignore_ament_install']
[0.502s] Level 1:colcon.colcon_core.package_identification:_identify(src/colreg_package) by extension 'ignore'
[0.502s] Level 1:colcon.colcon_core.package_identification:_identify(src/colreg_package) by extension 'ignore_ament_install'
[0.502s] Level 1:colcon.colcon_core.package_identification:_identify(src/colreg_package) by extensions ['colcon_pkg']
[0.502s] Level 1:colcon.colcon_core.package_identification:_identify(src/colreg_package) by extension 'colcon_pkg'
[0.502s] Level 1:colcon.colcon_core.package_identification:_identify(src/colreg_package) by extensions ['colcon_meta']
[0.502s] Level 1:colcon.colcon_core.package_identification:_identify(src/colreg_package) by extension 'colcon_meta'
[0.502s] Level 1:colcon.colcon_core.package_identification:_identify(src/colreg_package) by extensions ['ros']
[0.502s] Level 1:colcon.colcon_core.package_identification:_identify(src/colreg_package) by extension 'ros'
[0.505s] DEBUG:colcon.colcon_core.package_identification:Package 'src/colreg_package' with type 'ros.ament_python' and name 'colreg_package'
[0.506s] Level 1:colcon.colcon_core.package_identification:_identify(src/install) by extensions ['ignore', 'ignore_ament_install']
[0.506s] Level 1:colcon.colcon_core.package_identification:_identify(src/install) by extension 'ignore'
[0.506s] Level 1:colcon.colcon_core.package_identification:_identify(src/install) ignored
[0.506s] Level 1:colcon.colcon_core.package_identification:_identify(src/log) by extensions ['ignore', 'ignore_ament_install']
[0.506s] Level 1:colcon.colcon_core.package_identification:_identify(src/log) by extension 'ignore'
[0.506s] Level 1:colcon.colcon_core.package_identification:_identify(src/log) ignored
[0.506s] Level 1:colcon.colcon_core.package_identification:_identify(src/turtle_controller) by extensions ['ignore', 'ignore_ament_install']
[0.506s] Level 1:colcon.colcon_core.package_identification:_identify(src/turtle_controller) by extension 'ignore'
[0.506s] Level 1:colcon.colcon_core.package_identification:_identify(src/turtle_controller) by extension 'ignore_ament_install'
[0.506s] Level 1:colcon.colcon_core.package_identification:_identify(src/turtle_controller) by extensions ['colcon_pkg']
[0.506s] Level 1:colcon.colcon_core.package_identification:_identify(src/turtle_controller) by extension 'colcon_pkg'
[0.506s] Level 1:colcon.colcon_core.package_identification:_identify(src/turtle_controller) by extensions ['colcon_meta']
[0.506s] Level 1:colcon.colcon_core.package_identification:_identify(src/turtle_controller) by extension 'colcon_meta'
[0.506s] Level 1:colcon.colcon_core.package_identification:_identify(src/turtle_controller) by extensions ['ros']
[0.506s] Level 1:colcon.colcon_core.package_identification:_identify(src/turtle_controller) by extension 'ros'
[0.507s] DEBUG:colcon.colcon_core.package_identification:Package 'src/turtle_controller' with type 'ros.ament_python' and name 'turtle_controller'
[0.507s] Level 1:colcon.colcon_core.package_discovery:discover_packages(recursive) using defaults
[0.507s] Level 1:colcon.colcon_core.package_discovery:discover_packages(ignore) discover
[0.507s] Level 1:colcon.colcon_core.package_discovery:discover_packages(ignore) using defaults
[0.507s] Level 1:colcon.colcon_core.package_discovery:discover_packages(path) discover
[0.507s] Level 1:colcon.colcon_core.package_discovery:discover_packages(path) using defaults
[0.541s] Level 1:colcon.colcon_core.package_discovery:discover_packages(prefix_path) check parameters
[0.541s] Level 1:colcon.colcon_core.package_discovery:discover_packages(prefix_path) discover
[0.545s] DEBUG:colcon.colcon_installed_package_information.package_discovery:Found 3 installed packages in /home/filip/ros2_ws/install
[0.547s] DEBUG:colcon.colcon_installed_package_information.package_discovery:Found 349 installed packages in /opt/ros/humble
[0.549s] Level 1:colcon.colcon_core.package_discovery:discover_packages(prefix_path) using defaults
[0.615s] Level 5:colcon.colcon_core.verb:set package 'colreg_package' build argument 'cmake_args' from command line to 'None'
[0.615s] Level 5:colcon.colcon_core.verb:set package 'colreg_package' build argument 'cmake_target' from command line to 'None'
[0.615s] Level 5:colcon.colcon_core.verb:set package 'colreg_package' build argument 'cmake_target_skip_unavailable' from command line to 'False'
[0.615s] Level 5:colcon.colcon_core.verb:set package 'colreg_package' build argument 'cmake_clean_cache' from command line to 'False'
[0.616s] Level 5:colcon.colcon_core.verb:set package 'colreg_package' build argument 'cmake_clean_first' from command line to 'False'
[0.616s] Level 5:colcon.colcon_core.verb:set package 'colreg_package' build argument 'cmake_force_configure' from command line to 'False'
[0.616s] Level 5:colcon.colcon_core.verb:set package 'colreg_package' build argument 'ament_cmake_args' from command line to 'None'
[0.616s] Level 5:colcon.colcon_core.verb:set package 'colreg_package' build argument 'catkin_cmake_args' from command line to 'None'
[0.616s] Level 5:colcon.colcon_core.verb:set package 'colreg_package' build argument 'catkin_skip_building_tests' from command line to 'False'
[0.616s] DEBUG:colcon.colcon_core.verb:Building package 'colreg_package' with the following arguments: {'ament_cmake_args': None, 'build_base': '/home/filip/ros2_ws/build/colreg_package', 'catkin_cmake_args': None, 'catkin_skip_building_tests': False, 'cmake_args': None, 'cmake_clean_cache': False, 'cmake_clean_first': False, 'cmake_force_configure': False, 'cmake_target': None, 'cmake_target_skip_unavailable': False, 'install_base': '/home/filip/ros2_ws/install/colreg_package', 'merge_install': False, 'path': '/home/filip/ros2_ws/src/colreg_package', 'symlink_install': False, 'test_result_base': None}
[0.617s] Level 5:colcon.colcon_core.verb:set package 'turtle_controller' build argument 'cmake_args' from command line to 'None'
[0.617s] Level 5:colcon.colcon_core.verb:set package 'turtle_controller' build argument 'cmake_target' from command line to 'None'
[0.617s] Level 5:colcon.colcon_core.verb:set package 'turtle_controller' build argument 'cmake_target_skip_unavailable' from command line to 'False'
[0.617s] Level 5:colcon.colcon_core.verb:set package 'turtle_controller' build argument 'cmake_clean_cache' from command line to 'False'
[0.617s] Level 5:colcon.colcon_core.verb:set package 'turtle_controller' build argument 'cmake_clean_first' from command line to 'False'
[0.617s] Level 5:colcon.colcon_core.verb:set package 'turtle_controller' build argument 'cmake_force_configure' from command line to 'False'
[0.617s] Level 5:colcon.colcon_core.verb:set package 'turtle_controller' build argument 'ament_cmake_args' from command line to 'None'
[0.617s] Level 5:colcon.colcon_core.verb:set package 'turtle_controller' build argument 'catkin_cmake_args' from command line to 'None'
[0.617s] Level 5:colcon.colcon_core.verb:set package 'turtle_controller' build argument 'catkin_skip_building_tests' from command line to 'False'
[0.617s] DEBUG:colcon.colcon_core.verb:Building package 'turtle_controller' with the following arguments: {'ament_cmake_args': None, 'build_base': '/home/filip/ros2_ws/build/turtle_controller', 'catkin_cmake_args': None, 'catkin_skip_building_tests': False, 'cmake_args': None, 'cmake_clean_cache': False, 'cmake_clean_first': False, 'cmake_force_configure': False, 'cmake_target': None, 'cmake_target_skip_unavailable': False, 'install_base': '/home/filip/ros2_ws/install/turtle_controller', 'merge_install': False, 'path': '/home/filip/ros2_ws/src/turtle_controller', 'symlink_install': False, 'test_result_base': None}
[0.617s] INFO:colcon.colcon_core.executor:Executing jobs using 'parallel' executor
[0.621s] DEBUG:colcon.colcon_parallel_executor.executor.parallel:run_until_complete
[0.621s] INFO:colcon.colcon_ros.task.ament_python.build:Building ROS package in '/home/filip/ros2_ws/src/colreg_package' with build type 'ament_python'
[0.622s] Level 1:colcon.colcon_core.shell:create_environment_hook('colreg_package', 'ament_prefix_path')
[0.630s] INFO:colcon.colcon_core.plugin_system:Skipping extension 'colcon_core.shell.bat': Not used on non-Windows systems
[0.630s] INFO:colcon.colcon_core.shell:Creating environment hook '/home/filip/ros2_ws/install/colreg_package/share/colreg_package/hook/ament_prefix_path.ps1'
[0.631s] INFO:colcon.colcon_core.shell:Creating environment descriptor '/home/filip/ros2_ws/install/colreg_package/share/colreg_package/hook/ament_prefix_path.dsv'
[0.632s] INFO:colcon.colcon_core.shell:Creating environment hook '/home/filip/ros2_ws/install/colreg_package/share/colreg_package/hook/ament_prefix_path.sh'
[0.634s] INFO:colcon.colcon_core.shell:Skip shell extension 'powershell' for command environment: Not usable outside of PowerShell
[0.634s] DEBUG:colcon.colcon_core.shell:Skip shell extension 'dsv' for command environment
[0.640s] INFO:colcon.colcon_ros.task.ament_python.build:Building ROS package in '/home/filip/ros2_ws/src/turtle_controller' with build type 'ament_python'
[0.641s] Level 1:colcon.colcon_core.shell:create_environment_hook('turtle_controller', 'ament_prefix_path')
[0.642s] INFO:colcon.colcon_core.shell:Creating environment hook '/home/filip/ros2_ws/install/turtle_controller/share/turtle_controller/hook/ament_prefix_path.ps1'
[0.642s] INFO:colcon.colcon_core.shell:Creating environment descriptor '/home/filip/ros2_ws/install/turtle_controller/share/turtle_controller/hook/ament_prefix_path.dsv'
[0.643s] INFO:colcon.colcon_core.shell:Creating environment hook '/home/filip/ros2_ws/install/turtle_controller/share/turtle_controller/hook/ament_prefix_path.sh'
[0.645s] INFO:colcon.colcon_core.shell:Skip shell extension 'powershell' for command environment: Not usable outside of PowerShell
[0.645s] DEBUG:colcon.colcon_core.shell:Skip shell extension 'dsv' for command environment
[0.884s] INFO:colcon.colcon_core.task.python.build:Building Python package in '/home/filip/ros2_ws/src/colreg_package'
[0.885s] INFO:colcon.colcon_core.shell:Skip shell extension 'powershell' for command environment: Not usable outside of PowerShell
[0.886s] DEBUG:colcon.colcon_core.shell:Skip shell extension 'dsv' for command environment
[1.125s] INFO:colcon.colcon_core.task.python.build:Building Python package in '/home/filip/ros2_ws/src/turtle_controller'
[1.127s] INFO:colcon.colcon_core.shell:Skip shell extension 'powershell' for command environment: Not usable outside of PowerShell
[1.127s] DEBUG:colcon.colcon_core.shell:Skip shell extension 'dsv' for command environment
[1.485s] DEBUG:colcon.colcon_core.event_handler.log_command:Invoking command in '/home/filip/ros2_ws/src/colreg_package': PYTHONPATH=/home/filip/ros2_ws/build/colreg_package/prefix_override:/home/filip/ros2_ws/install/colreg_package/lib/python3.10/site-packages:${PYTHONPATH} /usr/bin/python3 setup.py egg_info --egg-base ../../build/colreg_package build --build-base /home/filip/ros2_ws/build/colreg_package/build install --record /home/filip/ros2_ws/build/colreg_package/install.log --single-version-externally-managed
[1.495s] DEBUG:colcon.colcon_core.event_handler.log_command:Invoking command in '/home/filip/ros2_ws/src/turtle_controller': PYTHONPATH=/home/filip/ros2_ws/build/turtle_controller/prefix_override:/home/filip/ros2_ws/install/turtle_controller/lib/python3.10/site-packages:${PYTHONPATH} /usr/bin/python3 setup.py egg_info --egg-base ../../build/turtle_controller build --build-base /home/filip/ros2_ws/build/turtle_controller/build install --record /home/filip/ros2_ws/build/turtle_controller/install.log --single-version-externally-managed
[1.783s] DEBUG:colcon.colcon_core.event_handler.log_command:Invoked command in '/home/filip/ros2_ws/src/turtle_controller' returned '0': PYTHONPATH=/home/filip/ros2_ws/build/turtle_controller/prefix_override:/home/filip/ros2_ws/install/turtle_controller/lib/python3.10/site-packages:${PYTHONPATH} /usr/bin/python3 setup.py egg_info --egg-base ../../build/turtle_controller build --build-base /home/filip/ros2_ws/build/turtle_controller/build install --record /home/filip/ros2_ws/build/turtle_controller/install.log --single-version-externally-managed
[1.794s] Level 1:colcon.colcon_core.environment:checking '/home/filip/ros2_ws/install/turtle_controller' for CMake module files
[1.794s] Level 1:colcon.colcon_core.environment:checking '/home/filip/ros2_ws/install/turtle_controller' for CMake config files
[1.795s] Level 1:colcon.colcon_core.environment:checking '/home/filip/ros2_ws/install/turtle_controller/lib'
[1.795s] Level 1:colcon.colcon_core.environment:checking '/home/filip/ros2_ws/install/turtle_controller/bin'
[1.795s] Level 1:colcon.colcon_core.environment:checking '/home/filip/ros2_ws/install/turtle_controller/lib/pkgconfig/turtle_controller.pc'
[1.795s] Level 1:colcon.colcon_core.environment:checking '/home/filip/ros2_ws/install/turtle_controller/lib/python3.10/site-packages'
[1.795s] Level 1:colcon.colcon_core.shell:create_environment_hook('turtle_controller', 'pythonpath')
[1.797s] INFO:colcon.colcon_core.shell:Creating environment hook '/home/filip/ros2_ws/install/turtle_controller/share/turtle_controller/hook/pythonpath.ps1'
[1.798s] INFO:colcon.colcon_core.shell:Creating environment descriptor '/home/filip/ros2_ws/install/turtle_controller/share/turtle_controller/hook/pythonpath.dsv'
[1.798s] INFO:colcon.colcon_core.shell:Creating environment hook '/home/filip/ros2_ws/install/turtle_controller/share/turtle_controller/hook/pythonpath.sh'
[1.799s] Level 1:colcon.colcon_core.environment:checking '/home/filip/ros2_ws/install/turtle_controller/bin'
[1.799s] Level 1:colcon.colcon_core.environment:create_environment_scripts_only(turtle_controller)
[1.800s] INFO:colcon.colcon_core.shell:Creating package script '/home/filip/ros2_ws/install/turtle_controller/share/turtle_controller/package.ps1'
[1.802s] INFO:colcon.colcon_core.shell:Creating package descriptor '/home/filip/ros2_ws/install/turtle_controller/share/turtle_controller/package.dsv'
[1.803s] INFO:colcon.colcon_core.shell:Creating package script '/home/filip/ros2_ws/install/turtle_controller/share/turtle_controller/package.sh'
[1.804s] INFO:colcon.colcon_core.shell:Creating package script '/home/filip/ros2_ws/install/turtle_controller/share/turtle_controller/package.bash'
[1.806s] INFO:colcon.colcon_core.shell:Creating package script '/home/filip/ros2_ws/install/turtle_controller/share/turtle_controller/package.zsh'
[1.807s] Level 1:colcon.colcon_core.environment:create_file_with_runtime_dependencies(/home/filip/ros2_ws/install/turtle_controller/share/colcon-core/packages/turtle_controller)
[1.822s] Level 1:colcon.colcon_core.environment:checking '/home/filip/ros2_ws/install/colreg_package' for CMake module files
[1.822s] Level 1:colcon.colcon_core.environment:checking '/home/filip/ros2_ws/install/colreg_package' for CMake config files
[1.823s] Level 1:colcon.colcon_core.environment:checking '/home/filip/ros2_ws/install/colreg_package/lib'
[1.823s] Level 1:colcon.colcon_core.environment:checking '/home/filip/ros2_ws/install/colreg_package/bin'
[1.823s] Level 1:colcon.colcon_core.environment:checking '/home/filip/ros2_ws/install/colreg_package/lib/pkgconfig/colreg_package.pc'
[1.823s] Level 1:colcon.colcon_core.environment:checking '/home/filip/ros2_ws/install/colreg_package/lib/python3.10/site-packages'
[1.823s] Level 1:colcon.colcon_core.shell:create_environment_hook('colreg_package', 'pythonpath')
[1.825s] INFO:colcon.colcon_core.shell:Creating environment hook '/home/filip/ros2_ws/install/colreg_package/share/colreg_package/hook/pythonpath.ps1'
[1.825s] INFO:colcon.colcon_core.shell:Creating environment descriptor '/home/filip/ros2_ws/install/colreg_package/share/colreg_package/hook/pythonpath.dsv'
[1.826s] INFO:colcon.colcon_core.shell:Creating environment hook '/home/filip/ros2_ws/install/colreg_package/share/colreg_package/hook/pythonpath.sh'
[1.827s] DEBUG:colcon.colcon_core.event_handler.log_command:Invoked command in '/home/filip/ros2_ws/src/colreg_package' returned '0': PYTHONPATH=/home/filip/ros2_ws/build/colreg_package/prefix_override:/home/filip/ros2_ws/install/colreg_package/lib/python3.10/site-packages:${PYTHONPATH} /usr/bin/python3 setup.py egg_info --egg-base ../../build/colreg_package build --build-base /home/filip/ros2_ws/build/colreg_package/build install --record /home/filip/ros2_ws/build/colreg_package/install.log --single-version-externally-managed
[1.827s] Level 1:colcon.colcon_core.environment:checking '/home/filip/ros2_ws/install/colreg_package/bin'
[1.827s] Level 1:colcon.colcon_core.environment:create_environment_scripts_only(colreg_package)
[1.828s] INFO:colcon.colcon_core.shell:Creating package script '/home/filip/ros2_ws/install/colreg_package/share/colreg_package/package.ps1'
[1.829s] INFO:colcon.colcon_core.shell:Creating package descriptor '/home/filip/ros2_ws/install/colreg_package/share/colreg_package/package.dsv'
[1.830s] INFO:colcon.colcon_core.shell:Creating package script '/home/filip/ros2_ws/install/colreg_package/share/colreg_package/package.sh'
[1.830s] INFO:colcon.colcon_core.shell:Creating package script '/home/filip/ros2_ws/install/colreg_package/share/colreg_package/package.bash'
[1.831s] INFO:colcon.colcon_core.shell:Creating package script '/home/filip/ros2_ws/install/colreg_package/share/colreg_package/package.zsh'
[1.831s] Level 1:colcon.colcon_core.environment:create_file_with_runtime_dependencies(/home/filip/ros2_ws/install/colreg_package/share/colcon-core/packages/colreg_package)
[1.832s] DEBUG:colcon.colcon_parallel_executor.executor.parallel:closing loop
[1.832s] DEBUG:colcon.colcon_parallel_executor.executor.parallel:loop closed
[1.832s] DEBUG:colcon.colcon_parallel_executor.executor.parallel:run_until_complete finished with '0'
[1.832s] DEBUG:colcon.colcon_core.event_reactor:joining thread
[1.842s] INFO:colcon.colcon_core.plugin_system:Skipping extension 'colcon_notification.desktop_notification.terminal_notifier': Not used on non-Darwin systems
[1.842s] INFO:colcon.colcon_core.plugin_system:Skipping extension 'colcon_notification.desktop_notification.win32': Not used on non-Windows systems
[1.842s] INFO:colcon.colcon_notification.desktop_notification:Sending desktop notification using 'notify2'
[1.862s] DEBUG:colcon.colcon_core.event_reactor:joined thread
[1.863s] INFO:colcon.colcon_core.shell:Creating prefix script '/home/filip/ros2_ws/install/local_setup.ps1'
[1.865s] INFO:colcon.colcon_core.shell:Creating prefix util module '/home/filip/ros2_ws/install/_local_setup_util_ps1.py'
[1.866s] INFO:colcon.colcon_core.shell:Creating prefix chain script '/home/filip/ros2_ws/install/setup.ps1'
[1.868s] INFO:colcon.colcon_core.shell:Creating prefix script '/home/filip/ros2_ws/install/local_setup.sh'
[1.870s] INFO:colcon.colcon_core.shell:Creating prefix util module '/home/filip/ros2_ws/install/_local_setup_util_sh.py'
[1.871s] INFO:colcon.colcon_core.shell:Creating prefix chain script '/home/filip/ros2_ws/install/setup.sh'
[1.874s] INFO:colcon.colcon_core.shell:Creating prefix script '/home/filip/ros2_ws/install/local_setup.bash'
[1.875s] INFO:colcon.colcon_core.shell:Creating prefix chain script '/home/filip/ros2_ws/install/setup.bash'
[1.877s] INFO:colcon.colcon_core.shell:Creating prefix script '/home/filip/ros2_ws/install/local_setup.zsh'
[1.878s] INFO:colcon.colcon_core.shell:Creating prefix chain script '/home/filip/ros2_ws/install/setup.zsh'
