[0.996s] Invoking command in '/home/filip/ros2_ws/src/colreg_package': PYTHONPATH=/home/filip/ros2_ws/build/colreg_package/prefix_override:/home/filip/ros2_ws/install/colreg_package/lib/python3.10/site-packages:${PYTHONPATH} /usr/bin/python3 setup.py egg_info --egg-base ../../build/colreg_package build --build-base /home/filip/ros2_ws/build/colreg_package/build install --record /home/filip/ros2_ws/build/colreg_package/install.log --single-version-externally-managed
[1.338s] running egg_info
[1.338s] writing ../../build/colreg_package/colreg_package.egg-info/PKG-INFO
[1.345s] writing dependency_links to ../../build/colreg_package/colreg_package.egg-info/dependency_links.txt
[1.345s] writing entry points to ../../build/colreg_package/colreg_package.egg-info/entry_points.txt
[1.345s] writing requirements to ../../build/colreg_package/colreg_package.egg-info/requires.txt
[1.347s] writing top-level names to ../../build/colreg_package/colreg_package.egg-info/top_level.txt
[1.347s] reading manifest file '../../build/colreg_package/colreg_package.egg-info/SOURCES.txt'
[1.347s] writing manifest file '../../build/colreg_package/colreg_package.egg-info/SOURCES.txt'
[1.347s] running build
[1.348s] running build_py
[1.348s] copying colreg_package/avoidance_scenario.py -> /home/filip/ros2_ws/build/colreg_package/build/lib/colreg_package
[1.349s] running install
[1.350s] /usr/lib/python3/dist-packages/setuptools/command/install.py:34: SetuptoolsDeprecationWarning: setup.py install is deprecated. Use build and pip and other standards-based tools.
[1.350s]   warnings.warn(
[1.351s] running install_lib
[1.351s] copying /home/filip/ros2_ws/build/colreg_package/build/lib/colreg_package/avoidance_scenario.py -> /home/filip/ros2_ws/install/colreg_package/lib/python3.10/site-packages/colreg_package
[1.351s] byte-compiling /home/filip/ros2_ws/install/colreg_package/lib/python3.10/site-packages/colreg_package/avoidance_scenario.py to avoidance_scenario.cpython-310.pyc
[1.352s] running install_data
[1.354s] running install_egg_info
[1.357s] removing '/home/filip/ros2_ws/install/colreg_package/lib/python3.10/site-packages/colreg_package-0.0.0-py3.10.egg-info' (and everything under it)
[1.357s] Copying ../../build/colreg_package/colreg_package.egg-info to /home/filip/ros2_ws/install/colreg_package/lib/python3.10/site-packages/colreg_package-0.0.0-py3.10.egg-info
[1.359s] running install_scripts
[1.380s] Installing avoidance_scenario script to /home/filip/ros2_ws/install/colreg_package/lib/colreg_package
[1.381s] Installing main_ship_control script to /home/filip/ros2_ws/install/colreg_package/lib/colreg_package
[1.381s] Installing position script to /home/filip/ros2_ws/install/colreg_package/lib/colreg_package
[1.382s] Installing target_ship_control script to /home/filip/ros2_ws/install/colreg_package/lib/colreg_package
[1.383s] Installing tcpa_dcpa script to /home/filip/ros2_ws/install/colreg_package/lib/colreg_package
[1.383s] writing list of installed files to '/home/filip/ros2_ws/build/colreg_package/install.log'
[1.426s] Invoked command in '/home/filip/ros2_ws/src/colreg_package' returned '0': PYTHONPATH=/home/filip/ros2_ws/build/colreg_package/prefix_override:/home/filip/ros2_ws/install/colreg_package/lib/python3.10/site-packages:${PYTHONPATH} /usr/bin/python3 setup.py egg_info --egg-base ../../build/colreg_package build --build-base /home/filip/ros2_ws/build/colreg_package/build install --record /home/filip/ros2_ws/build/colreg_package/install.log --single-version-externally-managed
