[0.756s] Invoking command in '/home/filip/ros2_ws/src/colreg_package': PYTHONPATH=/home/filip/ros2_ws/build/colreg_package/prefix_override:/home/filip/ros2_ws/install/colreg_package/lib/python3.10/site-packages:${PYTHONPATH} /usr/bin/python3 setup.py egg_info --egg-base ../../build/colreg_package build --build-base /home/filip/ros2_ws/build/colreg_package/build install --record /home/filip/ros2_ws/build/colreg_package/install.log --single-version-externally-managed
[1.010s] running egg_info
[1.011s] writing ../../build/colreg_package/colreg_package.egg-info/PKG-INFO
[1.012s] writing dependency_links to ../../build/colreg_package/colreg_package.egg-info/dependency_links.txt
[1.013s] writing entry points to ../../build/colreg_package/colreg_package.egg-info/entry_points.txt
[1.013s] writing requirements to ../../build/colreg_package/colreg_package.egg-info/requires.txt
[1.014s] writing top-level names to ../../build/colreg_package/colreg_package.egg-info/top_level.txt
[1.016s] reading manifest file '../../build/colreg_package/colreg_package.egg-info/SOURCES.txt'
[1.017s] writing manifest file '../../build/colreg_package/colreg_package.egg-info/SOURCES.txt'
[1.017s] running build
[1.018s] running build_py
[1.018s] copying colreg_package/turtle_positioning.py -> /home/filip/ros2_ws/build/colreg_package/build/lib/colreg_package
[1.018s] running install
[1.018s] /usr/lib/python3/dist-packages/setuptools/command/install.py:34: SetuptoolsDeprecationWarning: setup.py install is deprecated. Use build and pip and other standards-based tools.
[1.019s]   warnings.warn(
[1.019s] running install_lib
[1.020s] copying /home/filip/ros2_ws/build/colreg_package/build/lib/colreg_package/turtle_positioning.py -> /home/filip/ros2_ws/install/colreg_package/lib/python3.10/site-packages/colreg_package
[1.021s] byte-compiling /home/filip/ros2_ws/install/colreg_package/lib/python3.10/site-packages/colreg_package/turtle_positioning.py to turtle_positioning.cpython-310.pyc
[1.022s] running install_data
[1.023s] running install_egg_info
[1.024s] removing '/home/filip/ros2_ws/install/colreg_package/lib/python3.10/site-packages/colreg_package-0.0.0-py3.10.egg-info' (and everything under it)
[1.025s] Copying ../../build/colreg_package/colreg_package.egg-info to /home/filip/ros2_ws/install/colreg_package/lib/python3.10/site-packages/colreg_package-0.0.0-py3.10.egg-info
[1.025s] running install_scripts
[1.048s] Installing avoidance_scenario script to /home/filip/ros2_ws/install/colreg_package/lib/colreg_package
[1.049s] Installing main_ship_control script to /home/filip/ros2_ws/install/colreg_package/lib/colreg_package
[1.049s] Installing position script to /home/filip/ros2_ws/install/colreg_package/lib/colreg_package
[1.050s] Installing target_ship_control script to /home/filip/ros2_ws/install/colreg_package/lib/colreg_package
[1.050s] Installing tcpa_dcpa script to /home/filip/ros2_ws/install/colreg_package/lib/colreg_package
[1.050s] writing list of installed files to '/home/filip/ros2_ws/build/colreg_package/install.log'
[1.090s] Invoked command in '/home/filip/ros2_ws/src/colreg_package' returned '0': PYTHONPATH=/home/filip/ros2_ws/build/colreg_package/prefix_override:/home/filip/ros2_ws/install/colreg_package/lib/python3.10/site-packages:${PYTHONPATH} /usr/bin/python3 setup.py egg_info --egg-base ../../build/colreg_package build --build-base /home/filip/ros2_ws/build/colreg_package/build install --record /home/filip/ros2_ws/build/colreg_package/install.log --single-version-externally-managed
