[0.756s] Invoking command in '/home/filip/ros2_ws/src/py_pubsub': PYTHONPATH=/home/filip/ros2_ws/build/py_pubsub/prefix_override:/home/filip/ros2_ws/install/py_pubsub/lib/python3.10/site-packages:${PYTHONPATH} /usr/bin/python3 setup.py egg_info --egg-base ../../build/py_pubsub build --build-base /home/filip/ros2_ws/build/py_pubsub/build install --record /home/filip/ros2_ws/build/py_pubsub/install.log --single-version-externally-managed
[1.083s] running egg_info
[1.083s] creating ../../build/py_pubsub/py_pubsub.egg-info
[1.084s] writing ../../build/py_pubsub/py_pubsub.egg-info/PKG-INFO
[1.084s] writing dependency_links to ../../build/py_pubsub/py_pubsub.egg-info/dependency_links.txt
[1.084s] writing entry points to ../../build/py_pubsub/py_pubsub.egg-info/entry_points.txt
[1.085s] writing requirements to ../../build/py_pubsub/py_pubsub.egg-info/requires.txt
[1.085s] writing top-level names to ../../build/py_pubsub/py_pubsub.egg-info/top_level.txt
[1.085s] writing manifest file '../../build/py_pubsub/py_pubsub.egg-info/SOURCES.txt'
[1.087s] reading manifest file '../../build/py_pubsub/py_pubsub.egg-info/SOURCES.txt'
[1.089s] writing manifest file '../../build/py_pubsub/py_pubsub.egg-info/SOURCES.txt'
[1.089s] running build
[1.089s] running build_py
[1.089s] creating /home/filip/ros2_ws/build/py_pubsub/build
[1.089s] creating /home/filip/ros2_ws/build/py_pubsub/build/lib
[1.090s] creating /home/filip/ros2_ws/build/py_pubsub/build/lib/py_pubsub
[1.090s] copying py_pubsub/publisher_member_function.py -> /home/filip/ros2_ws/build/py_pubsub/build/lib/py_pubsub
[1.090s] copying py_pubsub/__init__.py -> /home/filip/ros2_ws/build/py_pubsub/build/lib/py_pubsub
[1.091s] running install
[1.092s] /usr/lib/python3/dist-packages/setuptools/command/install.py:34: SetuptoolsDeprecationWarning: setup.py install is deprecated. Use build and pip and other standards-based tools.
[1.092s]   warnings.warn(
[1.092s] running install_lib
[1.093s] creating /home/filip/ros2_ws/install/py_pubsub/lib/python3.10/site-packages/py_pubsub
[1.093s] copying /home/filip/ros2_ws/build/py_pubsub/build/lib/py_pubsub/publisher_member_function.py -> /home/filip/ros2_ws/install/py_pubsub/lib/python3.10/site-packages/py_pubsub
[1.094s] copying /home/filip/ros2_ws/build/py_pubsub/build/lib/py_pubsub/__init__.py -> /home/filip/ros2_ws/install/py_pubsub/lib/python3.10/site-packages/py_pubsub
[1.095s] byte-compiling /home/filip/ros2_ws/install/py_pubsub/lib/python3.10/site-packages/py_pubsub/publisher_member_function.py to publisher_member_function.cpython-310.pyc
[1.095s] byte-compiling /home/filip/ros2_ws/install/py_pubsub/lib/python3.10/site-packages/py_pubsub/__init__.py to __init__.cpython-310.pyc
[1.096s] running install_data
[1.096s] creating /home/filip/ros2_ws/install/py_pubsub/share/ament_index
[1.096s] creating /home/filip/ros2_ws/install/py_pubsub/share/ament_index/resource_index
[1.097s] creating /home/filip/ros2_ws/install/py_pubsub/share/ament_index/resource_index/packages
[1.097s] copying resource/py_pubsub -> /home/filip/ros2_ws/install/py_pubsub/share/ament_index/resource_index/packages
[1.097s] copying package.xml -> /home/filip/ros2_ws/install/py_pubsub/share/py_pubsub
[1.097s] running install_egg_info
[1.100s] Copying ../../build/py_pubsub/py_pubsub.egg-info to /home/filip/ros2_ws/install/py_pubsub/lib/python3.10/site-packages/py_pubsub-0.0.0-py3.10.egg-info
[1.101s] running install_scripts
[1.143s] Installing talker script to /home/filip/ros2_ws/install/py_pubsub/lib/py_pubsub
[1.143s] writing list of installed files to '/home/filip/ros2_ws/build/py_pubsub/install.log'
[1.164s] Invoked command in '/home/filip/ros2_ws/src/py_pubsub' returned '0': PYTHONPATH=/home/filip/ros2_ws/build/py_pubsub/prefix_override:/home/filip/ros2_ws/install/py_pubsub/lib/python3.10/site-packages:${PYTHONPATH} /usr/bin/python3 setup.py egg_info --egg-base ../../build/py_pubsub build --build-base /home/filip/ros2_ws/build/py_pubsub/build install --record /home/filip/ros2_ws/build/py_pubsub/install.log --single-version-externally-managed
