[0.571s] Invoking command in '/home/filip/ros2_ws/src/colreg_package': PYTHONPATH=/home/filip/ros2_ws/build/colreg_package/prefix_override:/home/filip/ros2_ws/install/colreg_package/lib/python3.10/site-packages:${PYTHONPATH} /usr/bin/python3 setup.py egg_info --egg-base ../../build/colreg_package build --build-base /home/filip/ros2_ws/build/colreg_package/build install --record /home/filip/ros2_ws/build/colreg_package/install.log --single-version-externally-managed
[0.802s] running egg_info
[0.802s] writing ../../build/colreg_package/colreg_package.egg-info/PKG-INFO
[0.803s] writing dependency_links to ../../build/colreg_package/colreg_package.egg-info/dependency_links.txt
[0.803s] writing entry points to ../../build/colreg_package/colreg_package.egg-info/entry_points.txt
[0.804s] writing requirements to ../../build/colreg_package/colreg_package.egg-info/requires.txt
[0.804s] writing top-level names to ../../build/colreg_package/colreg_package.egg-info/top_level.txt
[0.806s] reading manifest file '../../build/colreg_package/colreg_package.egg-info/SOURCES.txt'
[0.807s] writing manifest file '../../build/colreg_package/colreg_package.egg-info/SOURCES.txt'
[0.807s] running build
[0.807s] running build_py
[0.807s] copying colreg_package/obstacle_ship_control.py -> /home/filip/ros2_ws/build/colreg_package/build/lib/colreg_package
[0.808s] running install
[0.808s] /usr/lib/python3/dist-packages/setuptools/command/install.py:34: SetuptoolsDeprecationWarning: setup.py install is deprecated. Use build and pip and other standards-based tools.
[0.808s]   warnings.warn(
[0.808s] running install_lib
[0.809s] copying /home/filip/ros2_ws/build/colreg_package/build/lib/colreg_package/obstacle_ship_control.py -> /home/filip/ros2_ws/install/colreg_package/lib/python3.10/site-packages/colreg_package
[0.810s] byte-compiling /home/filip/ros2_ws/install/colreg_package/lib/python3.10/site-packages/colreg_package/obstacle_ship_control.py to obstacle_ship_control.cpython-310.pyc
[0.811s] running install_data
[0.811s] running install_egg_info
[0.812s] removing '/home/filip/ros2_ws/install/colreg_package/lib/python3.10/site-packages/colreg_package-0.0.0-py3.10.egg-info' (and everything under it)
[0.813s] Copying ../../build/colreg_package/colreg_package.egg-info to /home/filip/ros2_ws/install/colreg_package/lib/python3.10/site-packages/colreg_package-0.0.0-py3.10.egg-info
[0.814s] running install_scripts
[0.834s] Installing main_ship_control script to /home/filip/ros2_ws/install/colreg_package/lib/colreg_package
[0.834s] Installing obstacle_ship_control script to /home/filip/ros2_ws/install/colreg_package/lib/colreg_package
[0.838s] Installing position script to /home/filip/ros2_ws/install/colreg_package/lib/colreg_package
[0.838s] Installing tcpa_dcpa script to /home/filip/ros2_ws/install/colreg_package/lib/colreg_package
[0.838s] writing list of installed files to '/home/filip/ros2_ws/build/colreg_package/install.log'
[0.860s] Invoked command in '/home/filip/ros2_ws/src/colreg_package' returned '0': PYTHONPATH=/home/filip/ros2_ws/build/colreg_package/prefix_override:/home/filip/ros2_ws/install/colreg_package/lib/python3.10/site-packages:${PYTHONPATH} /usr/bin/python3 setup.py egg_info --egg-base ../../build/colreg_package build --build-base /home/filip/ros2_ws/build/colreg_package/build install --record /home/filip/ros2_ws/build/colreg_package/install.log --single-version-externally-managed
