[0.731s] Invoking command in '/home/filip/ros2_ws/src/colreg_package': PYTHONPATH=/home/filip/ros2_ws/build/colreg_package/prefix_override:/home/filip/ros2_ws/install/colreg_package/lib/python3.10/site-packages:${PYTHONPATH} /usr/bin/python3 setup.py egg_info --egg-base ../../build/colreg_package build --build-base /home/filip/ros2_ws/build/colreg_package/build install --record /home/filip/ros2_ws/build/colreg_package/install.log --single-version-externally-managed
[0.997s] running egg_info
[0.998s] writing ../../build/colreg_package/colreg_package.egg-info/PKG-INFO
[0.999s] writing dependency_links to ../../build/colreg_package/colreg_package.egg-info/dependency_links.txt
[0.999s] writing entry points to ../../build/colreg_package/colreg_package.egg-info/entry_points.txt
[1.000s] writing requirements to ../../build/colreg_package/colreg_package.egg-info/requires.txt
[1.000s] writing top-level names to ../../build/colreg_package/colreg_package.egg-info/top_level.txt
[1.002s] reading manifest file '../../build/colreg_package/colreg_package.egg-info/SOURCES.txt'
[1.003s] writing manifest file '../../build/colreg_package/colreg_package.egg-info/SOURCES.txt'
[1.004s] running build
[1.004s] running build_py
[1.004s] copying colreg_package/tcpa_dcpa.py -> /home/filip/ros2_ws/build/colreg_package/build/lib/colreg_package
[1.005s] running install
[1.005s] /usr/lib/python3/dist-packages/setuptools/command/install.py:34: SetuptoolsDeprecationWarning: setup.py install is deprecated. Use build and pip and other standards-based tools.
[1.005s]   warnings.warn(
[1.005s] running install_lib
[1.006s] copying /home/filip/ros2_ws/build/colreg_package/build/lib/colreg_package/tcpa_dcpa.py -> /home/filip/ros2_ws/install/colreg_package/lib/python3.10/site-packages/colreg_package
[1.007s] byte-compiling /home/filip/ros2_ws/install/colreg_package/lib/python3.10/site-packages/colreg_package/tcpa_dcpa.py to tcpa_dcpa.cpython-310.pyc
[1.009s]   File "/home/filip/ros2_ws/install/colreg_package/lib/python3.10/site-packages/colreg_package/tcpa_dcpa.py", line 170
[1.009s]     elif logging.warning("Head on!")
[1.009s]                                     ^
[1.009s] SyntaxError: expected ':'
[1.009s] 
[1.009s] running install_data
[1.010s] running install_egg_info
[1.011s] removing '/home/filip/ros2_ws/install/colreg_package/lib/python3.10/site-packages/colreg_package-0.0.0-py3.10.egg-info' (and everything under it)
[1.012s] Copying ../../build/colreg_package/colreg_package.egg-info to /home/filip/ros2_ws/install/colreg_package/lib/python3.10/site-packages/colreg_package-0.0.0-py3.10.egg-info
[1.013s] running install_scripts
[1.036s] Installing main_ship_control script to /home/filip/ros2_ws/install/colreg_package/lib/colreg_package
[1.037s] Installing position script to /home/filip/ros2_ws/install/colreg_package/lib/colreg_package
[1.037s] Installing target_ship_control script to /home/filip/ros2_ws/install/colreg_package/lib/colreg_package
[1.038s] Installing tcpa_dcpa script to /home/filip/ros2_ws/install/colreg_package/lib/colreg_package
[1.038s] writing list of installed files to '/home/filip/ros2_ws/build/colreg_package/install.log'
[1.063s] Invoked command in '/home/filip/ros2_ws/src/colreg_package' returned '0': PYTHONPATH=/home/filip/ros2_ws/build/colreg_package/prefix_override:/home/filip/ros2_ws/install/colreg_package/lib/python3.10/site-packages:${PYTHONPATH} /usr/bin/python3 setup.py egg_info --egg-base ../../build/colreg_package build --build-base /home/filip/ros2_ws/build/colreg_package/build install --record /home/filip/ros2_ws/build/colreg_package/install.log --single-version-externally-managed
