[1.373s] Invoking command in '/home/filip/ros2_ws/src/colreg_package': PYTHONPATH=/home/filip/ros2_ws/build/colreg_package/prefix_override:/home/filip/ros2_ws/install/colreg_package/lib/python3.10/site-packages:${PYTHONPATH} /usr/bin/python3 setup.py egg_info --egg-base ../../build/colreg_package build --build-base /home/filip/ros2_ws/build/colreg_package/build install --record /home/filip/ros2_ws/build/colreg_package/install.log --single-version-externally-managed
[2.121s] running egg_info
[2.123s] writing ../../build/colreg_package/colreg_package.egg-info/PKG-INFO
[2.124s] writing dependency_links to ../../build/colreg_package/colreg_package.egg-info/dependency_links.txt
[2.125s] writing entry points to ../../build/colreg_package/colreg_package.egg-info/entry_points.txt
[2.126s] writing requirements to ../../build/colreg_package/colreg_package.egg-info/requires.txt
[2.127s] writing top-level names to ../../build/colreg_package/colreg_package.egg-info/top_level.txt
[2.133s] reading manifest file '../../build/colreg_package/colreg_package.egg-info/SOURCES.txt'
[2.135s] writing manifest file '../../build/colreg_package/colreg_package.egg-info/SOURCES.txt'
[2.136s] running build
[2.136s] running build_py
[2.137s] copying colreg_package/tcpa_dcpa.py -> /home/filip/ros2_ws/build/colreg_package/build/lib/colreg_package
[2.138s] running install
[2.139s] /usr/lib/python3/dist-packages/setuptools/command/install.py:34: SetuptoolsDeprecationWarning: setup.py install is deprecated. Use build and pip and other standards-based tools.
[2.139s]   warnings.warn(
[2.140s] running install_lib
[2.147s] copying /home/filip/ros2_ws/build/colreg_package/build/lib/colreg_package/tcpa_dcpa.py -> /home/filip/ros2_ws/install/colreg_package/lib/python3.10/site-packages/colreg_package
[2.156s] byte-compiling /home/filip/ros2_ws/install/colreg_package/lib/python3.10/site-packages/colreg_package/tcpa_dcpa.py to tcpa_dcpa.cpython-310.pyc
[2.161s] running install_data
[2.163s] running install_egg_info
[2.166s] removing '/home/filip/ros2_ws/install/colreg_package/lib/python3.10/site-packages/colreg_package-0.0.0-py3.10.egg-info' (and everything under it)
[2.167s] Copying ../../build/colreg_package/colreg_package.egg-info to /home/filip/ros2_ws/install/colreg_package/lib/python3.10/site-packages/colreg_package-0.0.0-py3.10.egg-info
[2.169s] running install_scripts
[2.208s] Installing avoidance_scenario script to /home/filip/ros2_ws/install/colreg_package/lib/colreg_package
[2.209s] Installing main_ship_control script to /home/filip/ros2_ws/install/colreg_package/lib/colreg_package
[2.210s] Installing position script to /home/filip/ros2_ws/install/colreg_package/lib/colreg_package
[2.210s] Installing target_ship_control script to /home/filip/ros2_ws/install/colreg_package/lib/colreg_package
[2.211s] Installing tcpa_dcpa script to /home/filip/ros2_ws/install/colreg_package/lib/colreg_package
[2.212s] writing list of installed files to '/home/filip/ros2_ws/build/colreg_package/install.log'
[2.264s] Invoked command in '/home/filip/ros2_ws/src/colreg_package' returned '0': PYTHONPATH=/home/filip/ros2_ws/build/colreg_package/prefix_override:/home/filip/ros2_ws/install/colreg_package/lib/python3.10/site-packages:${PYTHONPATH} /usr/bin/python3 setup.py egg_info --egg-base ../../build/colreg_package build --build-base /home/filip/ros2_ws/build/colreg_package/build install --record /home/filip/ros2_ws/build/colreg_package/install.log --single-version-externally-managed
