[0.667s] Invoking command in '/home/filip/ros2_ws/src/colreg_package': PYTHONPATH=/home/filip/ros2_ws/build/colreg_package/prefix_override:/home/filip/ros2_ws/install/colreg_package/lib/python3.10/site-packages:${PYTHONPATH} /usr/bin/python3 setup.py egg_info --egg-base ../../build/colreg_package build --build-base /home/filip/ros2_ws/build/colreg_package/build install --record /home/filip/ros2_ws/build/colreg_package/install.log --single-version-externally-managed
[0.968s] running egg_info
[0.975s] writing ../../build/colreg_package/colreg_package.egg-info/PKG-INFO
[0.980s] writing dependency_links to ../../build/colreg_package/colreg_package.egg-info/dependency_links.txt
[0.980s] writing entry points to ../../build/colreg_package/colreg_package.egg-info/entry_points.txt
[0.980s] writing requirements to ../../build/colreg_package/colreg_package.egg-info/requires.txt
[0.981s] writing top-level names to ../../build/colreg_package/colreg_package.egg-info/top_level.txt
[0.981s] reading manifest file '../../build/colreg_package/colreg_package.egg-info/SOURCES.txt'
[0.983s] writing manifest file '../../build/colreg_package/colreg_package.egg-info/SOURCES.txt'
[0.983s] running build
[0.983s] running build_py
[0.983s] copying colreg_package/main_ship_control.py -> /home/filip/ros2_ws/build/colreg_package/build/lib/colreg_package
[0.984s] running install
[0.984s] /usr/lib/python3/dist-packages/setuptools/command/install.py:34: SetuptoolsDeprecationWarning: setup.py install is deprecated. Use build and pip and other standards-based tools.
[0.984s]   warnings.warn(
[0.985s] running install_lib
[0.986s] copying /home/filip/ros2_ws/build/colreg_package/build/lib/colreg_package/main_ship_control.py -> /home/filip/ros2_ws/install/colreg_package/lib/python3.10/site-packages/colreg_package
[0.990s] byte-compiling /home/filip/ros2_ws/install/colreg_package/lib/python3.10/site-packages/colreg_package/main_ship_control.py to main_ship_control.cpython-310.pyc
[0.990s] running install_data
[0.990s] running install_egg_info
[0.992s] removing '/home/filip/ros2_ws/install/colreg_package/lib/python3.10/site-packages/colreg_package-0.0.0-py3.10.egg-info' (and everything under it)
[1.004s] Copying ../../build/colreg_package/colreg_package.egg-info to /home/filip/ros2_ws/install/colreg_package/lib/python3.10/site-packages/colreg_package-0.0.0-py3.10.egg-info
[1.005s] running install_scripts
[1.024s] Installing avoidance_scenario script to /home/filip/ros2_ws/install/colreg_package/lib/colreg_package
[1.025s] Installing main_ship_control script to /home/filip/ros2_ws/install/colreg_package/lib/colreg_package
[1.025s] Installing position script to /home/filip/ros2_ws/install/colreg_package/lib/colreg_package
[1.026s] Installing target_ship_control script to /home/filip/ros2_ws/install/colreg_package/lib/colreg_package
[1.026s] Installing tcpa_dcpa script to /home/filip/ros2_ws/install/colreg_package/lib/colreg_package
[1.026s] writing list of installed files to '/home/filip/ros2_ws/build/colreg_package/install.log'
[1.065s] Invoked command in '/home/filip/ros2_ws/src/colreg_package' returned '0': PYTHONPATH=/home/filip/ros2_ws/build/colreg_package/prefix_override:/home/filip/ros2_ws/install/colreg_package/lib/python3.10/site-packages:${PYTHONPATH} /usr/bin/python3 setup.py egg_info --egg-base ../../build/colreg_package build --build-base /home/filip/ros2_ws/build/colreg_package/build install --record /home/filip/ros2_ws/build/colreg_package/install.log --single-version-externally-managed
