[0.037s] Invoking command in '/home/filip/ros2_ws/build/colreg_interfaces': CMAKE_PREFIX_PATH=/home/filip/ros2_ws/install/py_pubsub:/home/filip/ros2_ws/install/colreg_package_test:/home/filip/ros2_ws/install/colreg_package:/opt/ros/humble /usr/bin/cmake /home/filip/ros2_ws/src/colreg_interfaces -DCMAKE_INSTALL_PREFIX=/home/filip/ros2_ws/install/colreg_interfaces
[0.207s] -- The C compiler identification is GNU 11.3.0
[0.370s] -- The CXX compiler identification is GNU 11.3.0
[0.386s] -- Detecting C compiler ABI info
[0.480s] -- Detecting C compiler ABI info - done
[0.488s] -- Check for working C compiler: /usr/bin/cc - skipped
[0.489s] -- Detecting C compile features
[0.490s] -- Detecting C compile features - done
[0.495s] -- Detecting CXX compiler ABI info
[0.590s] -- Detecting CXX compiler ABI info - done
[0.598s] -- Check for working CXX compiler: /usr/bin/c++ - skipped
[0.598s] -- Detecting CXX compile features
[0.599s] -- Detecting CXX compile features - done
[0.613s] -- Found ament_cmake: 1.3.2 (/opt/ros/humble/share/ament_cmake/cmake)
[0.799s] -- Found Python3: /usr/bin/python3.10 (found version "3.10.6") found components: Interpreter 
[0.946s] -- Found geometry_msgs: 4.2.2 (/opt/ros/humble/share/geometry_msgs/cmake)
[1.028s] -- Found rosidl_generator_c: 3.1.3 (/opt/ros/humble/share/rosidl_generator_c/cmake)
[1.037s] -- Found rosidl_adapter: 3.1.3 (/opt/ros/humble/share/rosidl_adapter/cmake)
[1.055s] -- Found rosidl_generator_cpp: 3.1.3 (/opt/ros/humble/share/rosidl_generator_cpp/cmake)
[1.081s] -- Using all available rosidl_typesupport_c: rosidl_typesupport_fastrtps_c;rosidl_typesupport_introspection_c
[1.112s] -- Using all available rosidl_typesupport_cpp: rosidl_typesupport_fastrtps_cpp;rosidl_typesupport_introspection_cpp
[1.273s] -- Found turtlesim: 1.4.2 (/opt/ros/humble/share/turtlesim/cmake)
[1.460s] [31mCMake Error at CMakeLists.txt:12 (find_package):
[1.461s]   By not providing "Findrlcpy.cmake" in CMAKE_MODULE_PATH this project has
[1.461s]   asked CMake to find a package configuration file provided by "rlcpy", but
[1.461s]   CMake did not find one.
[1.461s] 
[1.461s]   Could not find a package configuration file provided by "rlcpy" with any of
[1.461s]   the following names:
[1.461s] 
[1.461s]     rlcpyConfig.cmake
[1.461s]     rlcpy-config.cmake
[1.461s] 
[1.461s]   Add the installation prefix of "rlcpy" to CMAKE_PREFIX_PATH or set
[1.461s]   "rlcpy_DIR" to a directory containing one of the above files.  If "rlcpy"
[1.462s]   provides a separate development package or SDK, be sure it has been
[1.462s]   installed.
[1.462s] 
[1.462s] [0m
[1.462s] -- Configuring incomplete, errors occurred!
[1.462s] See also "/home/filip/ros2_ws/build/colreg_interfaces/CMakeFiles/CMakeOutput.log".
[1.466s] Invoked command in '/home/filip/ros2_ws/build/colreg_interfaces' returned '1': CMAKE_PREFIX_PATH=/home/filip/ros2_ws/install/py_pubsub:/home/filip/ros2_ws/install/colreg_package_test:/home/filip/ros2_ws/install/colreg_package:/opt/ros/humble /usr/bin/cmake /home/filip/ros2_ws/src/colreg_interfaces -DCMAKE_INSTALL_PREFIX=/home/filip/ros2_ws/install/colreg_interfaces
