[0.849s] DEBUG:colcon:Command line arguments: ['/usr/bin/colcon', 'build']
[0.849s] DEBUG:colcon:Parsed command line arguments: Namespace(log_base=None, log_level=None, verb_name='build', build_base='build', install_base='install', merge_install=False, symlink_install=False, test_result_base=None, continue_on_error=False, executor='parallel', parallel_workers=2, event_handlers=None, ignore_user_meta=False, metas=['./colcon.meta'], base_paths=['.'], packages_ignore=None, packages_ignore_regex=None, paths=None, packages_up_to=None, packages_up_to_regex=None, packages_above=None, packages_above_and_dependencies=None, packages_above_depth=None, packages_select_by_dep=None, packages_skip_by_dep=None, packages_skip_up_to=None, packages_select_build_failed=False, packages_skip_build_finished=False, packages_select_test_failures=False, packages_skip_test_passed=False, packages_select=None, packages_skip=None, packages_select_regex=None, packages_skip_regex=None, packages_start=None, packages_end=None, allow_overriding=[], cmake_args=None, cmake_target=None, cmake_target_skip_unavailable=False, cmake_clean_cache=False, cmake_clean_first=False, cmake_force_configure=False, ament_cmake_args=None, catkin_cmake_args=None, catkin_skip_building_tests=False, verb_parser=<colcon_defaults.argument_parser.defaults.DefaultArgumentsDecorator object at 0x7f8cf8c9fa90>, verb_extension=<colcon_core.verb.build.BuildVerb object at 0x7f8cf9648b80>, main=<bound method BuildVerb.main of <colcon_core.verb.build.BuildVerb object at 0x7f8cf9648b80>>)
[0.932s] Level 1:colcon.colcon_core.package_discovery:discover_packages(colcon_meta) check parameters
[0.932s] Level 1:colcon.colcon_core.package_discovery:discover_packages(recursive) check parameters
[0.932s] Level 1:colcon.colcon_core.package_discovery:discover_packages(ignore) check parameters
[0.932s] Level 1:colcon.colcon_core.package_discovery:discover_packages(path) check parameters
[0.932s] Level 1:colcon.colcon_core.package_discovery:discover_packages(colcon_meta) discover
[0.932s] Level 1:colcon.colcon_core.package_discovery:discover_packages(recursive) discover
[0.932s] INFO:colcon.colcon_core.package_discovery:Crawling recursively for packages in '/home/filip/ros2_ws'
[0.933s] Level 1:colcon.colcon_core.package_identification:_identify(.) by extensions ['ignore', 'ignore_ament_install']
[0.933s] Level 1:colcon.colcon_core.package_identification:_identify(.) by extension 'ignore'
[0.933s] Level 1:colcon.colcon_core.package_identification:_identify(.) by extension 'ignore_ament_install'
[0.933s] Level 1:colcon.colcon_core.package_identification:_identify(.) by extensions ['colcon_pkg']
[0.933s] Level 1:colcon.colcon_core.package_identification:_identify(.) by extension 'colcon_pkg'
[0.933s] Level 1:colcon.colcon_core.package_identification:_identify(.) by extensions ['colcon_meta']
[0.933s] Level 1:colcon.colcon_core.package_identification:_identify(.) by extension 'colcon_meta'
[0.933s] Level 1:colcon.colcon_core.package_identification:_identify(.) by extensions ['ros']
[0.933s] Level 1:colcon.colcon_core.package_identification:_identify(.) by extension 'ros'
[0.962s] Level 1:colcon.colcon_core.package_identification:_identify(.) by extensions ['cmake', 'python']
[0.962s] Level 1:colcon.colcon_core.package_identification:_identify(.) by extension 'cmake'
[0.962s] Level 1:colcon.colcon_core.package_identification:_identify(.) by extension 'python'
[0.962s] Level 1:colcon.colcon_core.package_identification:_identify(.) by extensions ['python_setup_py']
[0.962s] Level 1:colcon.colcon_core.package_identification:_identify(.) by extension 'python_setup_py'
[0.962s] Level 1:colcon.colcon_core.package_identification:_identify(build) by extensions ['ignore', 'ignore_ament_install']
[0.962s] Level 1:colcon.colcon_core.package_identification:_identify(build) by extension 'ignore'
[0.962s] Level 1:colcon.colcon_core.package_identification:_identify(build) ignored
[0.962s] Level 1:colcon.colcon_core.package_identification:_identify(install) by extensions ['ignore', 'ignore_ament_install']
[0.962s] Level 1:colcon.colcon_core.package_identification:_identify(install) by extension 'ignore'
[0.962s] Level 1:colcon.colcon_core.package_identification:_identify(install) ignored
[0.963s] Level 1:colcon.colcon_core.package_identification:_identify(log) by extensions ['ignore', 'ignore_ament_install']
[0.963s] Level 1:colcon.colcon_core.package_identification:_identify(log) by extension 'ignore'
[0.963s] Level 1:colcon.colcon_core.package_identification:_identify(log) ignored
[0.963s] Level 1:colcon.colcon_core.package_identification:_identify(src) by extensions ['ignore', 'ignore_ament_install']
[0.963s] Level 1:colcon.colcon_core.package_identification:_identify(src) by extension 'ignore'
[0.963s] Level 1:colcon.colcon_core.package_identification:_identify(src) by extension 'ignore_ament_install'
[0.963s] Level 1:colcon.colcon_core.package_identification:_identify(src) by extensions ['colcon_pkg']
[0.963s] Level 1:colcon.colcon_core.package_identification:_identify(src) by extension 'colcon_pkg'
[0.963s] Level 1:colcon.colcon_core.package_identification:_identify(src) by extensions ['colcon_meta']
[0.964s] Level 1:colcon.colcon_core.package_identification:_identify(src) by extension 'colcon_meta'
[0.964s] Level 1:colcon.colcon_core.package_identification:_identify(src) by extensions ['ros']
[0.964s] Level 1:colcon.colcon_core.package_identification:_identify(src) by extension 'ros'
[0.964s] Level 1:colcon.colcon_core.package_identification:_identify(src) by extensions ['cmake', 'python']
[0.964s] Level 1:colcon.colcon_core.package_identification:_identify(src) by extension 'cmake'
[0.964s] Level 1:colcon.colcon_core.package_identification:_identify(src) by extension 'python'
[0.964s] Level 1:colcon.colcon_core.package_identification:_identify(src) by extensions ['python_setup_py']
[0.964s] Level 1:colcon.colcon_core.package_identification:_identify(src) by extension 'python_setup_py'
[0.964s] Level 1:colcon.colcon_core.package_identification:_identify(src/build) by extensions ['ignore', 'ignore_ament_install']
[0.964s] Level 1:colcon.colcon_core.package_identification:_identify(src/build) by extension 'ignore'
[0.964s] Level 1:colcon.colcon_core.package_identification:_identify(src/build) ignored
[0.964s] Level 1:colcon.colcon_core.package_identification:_identify(src/colreg_interfaces) by extensions ['ignore', 'ignore_ament_install']
[0.964s] Level 1:colcon.colcon_core.package_identification:_identify(src/colreg_interfaces) by extension 'ignore'
[0.964s] Level 1:colcon.colcon_core.package_identification:_identify(src/colreg_interfaces) by extension 'ignore_ament_install'
[0.964s] Level 1:colcon.colcon_core.package_identification:_identify(src/colreg_interfaces) by extensions ['colcon_pkg']
[0.964s] Level 1:colcon.colcon_core.package_identification:_identify(src/colreg_interfaces) by extension 'colcon_pkg'
[0.964s] Level 1:colcon.colcon_core.package_identification:_identify(src/colreg_interfaces) by extensions ['colcon_meta']
[0.964s] Level 1:colcon.colcon_core.package_identification:_identify(src/colreg_interfaces) by extension 'colcon_meta'
[0.964s] Level 1:colcon.colcon_core.package_identification:_identify(src/colreg_interfaces) by extensions ['ros']
[0.965s] Level 1:colcon.colcon_core.package_identification:_identify(src/colreg_interfaces) by extension 'ros'
[0.970s] DEBUG:colcon.colcon_core.package_identification:Package 'src/colreg_interfaces' with type 'ros.ament_cmake' and name 'colreg_interfaces'
[0.970s] Level 1:colcon.colcon_core.package_identification:_identify(src/colreg_package) by extensions ['ignore', 'ignore_ament_install']
[0.970s] Level 1:colcon.colcon_core.package_identification:_identify(src/colreg_package) by extension 'ignore'
[0.970s] Level 1:colcon.colcon_core.package_identification:_identify(src/colreg_package) by extension 'ignore_ament_install'
[0.970s] Level 1:colcon.colcon_core.package_identification:_identify(src/colreg_package) by extensions ['colcon_pkg']
[0.970s] Level 1:colcon.colcon_core.package_identification:_identify(src/colreg_package) by extension 'colcon_pkg'
[0.970s] Level 1:colcon.colcon_core.package_identification:_identify(src/colreg_package) by extensions ['colcon_meta']
[0.970s] Level 1:colcon.colcon_core.package_identification:_identify(src/colreg_package) by extension 'colcon_meta'
[0.970s] Level 1:colcon.colcon_core.package_identification:_identify(src/colreg_package) by extensions ['ros']
[0.970s] Level 1:colcon.colcon_core.package_identification:_identify(src/colreg_package) by extension 'ros'
[0.972s] DEBUG:colcon.colcon_core.package_identification:Package 'src/colreg_package' with type 'ros.ament_python' and name 'colreg_package'
[0.972s] Level 1:colcon.colcon_core.package_identification:_identify(src/install) by extensions ['ignore', 'ignore_ament_install']
[0.972s] Level 1:colcon.colcon_core.package_identification:_identify(src/install) by extension 'ignore'
[0.972s] Level 1:colcon.colcon_core.package_identification:_identify(src/install) ignored
[0.972s] Level 1:colcon.colcon_core.package_identification:_identify(src/log) by extensions ['ignore', 'ignore_ament_install']
[0.972s] Level 1:colcon.colcon_core.package_identification:_identify(src/log) by extension 'ignore'
[0.972s] Level 1:colcon.colcon_core.package_identification:_identify(src/log) ignored
[0.972s] Level 1:colcon.colcon_core.package_discovery:discover_packages(recursive) using defaults
[0.972s] Level 1:colcon.colcon_core.package_discovery:discover_packages(ignore) discover
[0.972s] Level 1:colcon.colcon_core.package_discovery:discover_packages(ignore) using defaults
[0.972s] Level 1:colcon.colcon_core.package_discovery:discover_packages(path) discover
[0.972s] Level 1:colcon.colcon_core.package_discovery:discover_packages(path) using defaults
[1.049s] Level 1:colcon.colcon_core.package_discovery:discover_packages(prefix_path) check parameters
[1.049s] Level 1:colcon.colcon_core.package_discovery:discover_packages(prefix_path) discover
[1.058s] DEBUG:colcon.colcon_installed_package_information.package_discovery:Found 4 installed packages in /home/filip/ros2_ws/install
[1.060s] DEBUG:colcon.colcon_installed_package_information.package_discovery:Found 349 installed packages in /opt/ros/humble
[1.064s] Level 1:colcon.colcon_core.package_discovery:discover_packages(prefix_path) using defaults
[1.158s] Level 5:colcon.colcon_core.verb:set package 'colreg_interfaces' build argument 'cmake_args' from command line to 'None'
[1.158s] Level 5:colcon.colcon_core.verb:set package 'colreg_interfaces' build argument 'cmake_target' from command line to 'None'
[1.158s] Level 5:colcon.colcon_core.verb:set package 'colreg_interfaces' build argument 'cmake_target_skip_unavailable' from command line to 'False'
[1.158s] Level 5:colcon.colcon_core.verb:set package 'colreg_interfaces' build argument 'cmake_clean_cache' from command line to 'False'
[1.158s] Level 5:colcon.colcon_core.verb:set package 'colreg_interfaces' build argument 'cmake_clean_first' from command line to 'False'
[1.158s] Level 5:colcon.colcon_core.verb:set package 'colreg_interfaces' build argument 'cmake_force_configure' from command line to 'False'
[1.158s] Level 5:colcon.colcon_core.verb:set package 'colreg_interfaces' build argument 'ament_cmake_args' from command line to 'None'
[1.158s] Level 5:colcon.colcon_core.verb:set package 'colreg_interfaces' build argument 'catkin_cmake_args' from command line to 'None'
[1.158s] Level 5:colcon.colcon_core.verb:set package 'colreg_interfaces' build argument 'catkin_skip_building_tests' from command line to 'False'
[1.158s] DEBUG:colcon.colcon_core.verb:Building package 'colreg_interfaces' with the following arguments: {'ament_cmake_args': None, 'build_base': '/home/filip/ros2_ws/build/colreg_interfaces', 'catkin_cmake_args': None, 'catkin_skip_building_tests': False, 'cmake_args': None, 'cmake_clean_cache': False, 'cmake_clean_first': False, 'cmake_force_configure': False, 'cmake_target': None, 'cmake_target_skip_unavailable': False, 'install_base': '/home/filip/ros2_ws/install/colreg_interfaces', 'merge_install': False, 'path': '/home/filip/ros2_ws/src/colreg_interfaces', 'symlink_install': False, 'test_result_base': None}
[1.159s] Level 5:colcon.colcon_core.verb:set package 'colreg_package' build argument 'cmake_args' from command line to 'None'
[1.159s] Level 5:colcon.colcon_core.verb:set package 'colreg_package' build argument 'cmake_target' from command line to 'None'
[1.160s] Level 5:colcon.colcon_core.verb:set package 'colreg_package' build argument 'cmake_target_skip_unavailable' from command line to 'False'
[1.160s] Level 5:colcon.colcon_core.verb:set package 'colreg_package' build argument 'cmake_clean_cache' from command line to 'False'
[1.160s] Level 5:colcon.colcon_core.verb:set package 'colreg_package' build argument 'cmake_clean_first' from command line to 'False'
[1.160s] Level 5:colcon.colcon_core.verb:set package 'colreg_package' build argument 'cmake_force_configure' from command line to 'False'
[1.160s] Level 5:colcon.colcon_core.verb:set package 'colreg_package' build argument 'ament_cmake_args' from command line to 'None'
[1.160s] Level 5:colcon.colcon_core.verb:set package 'colreg_package' build argument 'catkin_cmake_args' from command line to 'None'
[1.160s] Level 5:colcon.colcon_core.verb:set package 'colreg_package' build argument 'catkin_skip_building_tests' from command line to 'False'
[1.160s] DEBUG:colcon.colcon_core.verb:Building package 'colreg_package' with the following arguments: {'ament_cmake_args': None, 'build_base': '/home/filip/ros2_ws/build/colreg_package', 'catkin_cmake_args': None, 'catkin_skip_building_tests': False, 'cmake_args': None, 'cmake_clean_cache': False, 'cmake_clean_first': False, 'cmake_force_configure': False, 'cmake_target': None, 'cmake_target_skip_unavailable': False, 'install_base': '/home/filip/ros2_ws/install/colreg_package', 'merge_install': False, 'path': '/home/filip/ros2_ws/src/colreg_package', 'symlink_install': False, 'test_result_base': None}
[1.161s] INFO:colcon.colcon_core.executor:Executing jobs using 'parallel' executor
[1.165s] DEBUG:colcon.colcon_parallel_executor.executor.parallel:run_until_complete
[1.165s] INFO:colcon.colcon_ros.task.ament_cmake.build:Building ROS package in '/home/filip/ros2_ws/src/colreg_interfaces' with build type 'ament_cmake'
[1.165s] INFO:colcon.colcon_cmake.task.cmake.build:Building CMake package in '/home/filip/ros2_ws/src/colreg_interfaces'
[1.176s] INFO:colcon.colcon_core.plugin_system:Skipping extension 'colcon_core.shell.bat': Not used on non-Windows systems
[1.177s] INFO:colcon.colcon_core.shell:Skip shell extension 'powershell' for command environment: Not usable outside of PowerShell
[1.177s] DEBUG:colcon.colcon_core.shell:Skip shell extension 'dsv' for command environment
[1.185s] INFO:colcon.colcon_ros.task.ament_python.build:Building ROS package in '/home/filip/ros2_ws/src/colreg_package' with build type 'ament_python'
[1.185s] Level 1:colcon.colcon_core.shell:create_environment_hook('colreg_package', 'ament_prefix_path')
[1.186s] INFO:colcon.colcon_core.shell:Creating environment hook '/home/filip/ros2_ws/install/colreg_package/share/colreg_package/hook/ament_prefix_path.ps1'
[1.188s] INFO:colcon.colcon_core.shell:Creating environment descriptor '/home/filip/ros2_ws/install/colreg_package/share/colreg_package/hook/ament_prefix_path.dsv'
[1.189s] INFO:colcon.colcon_core.shell:Creating environment hook '/home/filip/ros2_ws/install/colreg_package/share/colreg_package/hook/ament_prefix_path.sh'
[1.191s] INFO:colcon.colcon_core.shell:Skip shell extension 'powershell' for command environment: Not usable outside of PowerShell
[1.191s] DEBUG:colcon.colcon_core.shell:Skip shell extension 'dsv' for command environment
[1.209s] DEBUG:colcon.colcon_core.event_handler.log_command:Invoking command in '/home/filip/ros2_ws/build/colreg_interfaces': CMAKE_PREFIX_PATH=${CMAKE_PREFIX_PATH}:/home/filip/ros2_ws/install/py_pubsub:/home/filip/ros2_ws/install/colreg_package_test:/home/filip/ros2_ws/install/colreg_package:/opt/ros/humble /usr/bin/cmake --build /home/filip/ros2_ws/build/colreg_interfaces -- -j2 -l2
[1.607s] INFO:colcon.colcon_core.task.python.build:Building Python package in '/home/filip/ros2_ws/src/colreg_package'
[1.609s] INFO:colcon.colcon_core.shell:Skip shell extension 'powershell' for command environment: Not usable outside of PowerShell
[1.609s] DEBUG:colcon.colcon_core.shell:Skip shell extension 'dsv' for command environment
[2.130s] DEBUG:colcon.colcon_core.event_handler.log_command:Invoked command in '/home/filip/ros2_ws/build/colreg_interfaces' returned '0': CMAKE_PREFIX_PATH=${CMAKE_PREFIX_PATH}:/home/filip/ros2_ws/install/py_pubsub:/home/filip/ros2_ws/install/colreg_package_test:/home/filip/ros2_ws/install/colreg_package:/opt/ros/humble /usr/bin/cmake --build /home/filip/ros2_ws/build/colreg_interfaces -- -j2 -l2
[2.150s] DEBUG:colcon.colcon_core.event_handler.log_command:Invoking command in '/home/filip/ros2_ws/src/colreg_package': PYTHONPATH=/home/filip/ros2_ws/build/colreg_package/prefix_override:/home/filip/ros2_ws/install/colreg_package/lib/python3.10/site-packages:${PYTHONPATH} /usr/bin/python3 setup.py egg_info --egg-base ../../build/colreg_package build --build-base /home/filip/ros2_ws/build/colreg_package/build install --record /home/filip/ros2_ws/build/colreg_package/install.log --single-version-externally-managed
[2.238s] DEBUG:colcon.colcon_core.event_handler.log_command:Invoking command in '/home/filip/ros2_ws/build/colreg_interfaces': CMAKE_PREFIX_PATH=${CMAKE_PREFIX_PATH}:/home/filip/ros2_ws/install/py_pubsub:/home/filip/ros2_ws/install/colreg_package_test:/home/filip/ros2_ws/install/colreg_package:/opt/ros/humble /usr/bin/cmake --install /home/filip/ros2_ws/build/colreg_interfaces
[2.332s] Level 1:colcon.colcon_core.environment:create_environment_scripts_only(colreg_interfaces)
[2.333s] DEBUG:colcon.colcon_core.event_handler.log_command:Invoked command in '/home/filip/ros2_ws/build/colreg_interfaces' returned '0': CMAKE_PREFIX_PATH=${CMAKE_PREFIX_PATH}:/home/filip/ros2_ws/install/py_pubsub:/home/filip/ros2_ws/install/colreg_package_test:/home/filip/ros2_ws/install/colreg_package:/opt/ros/humble /usr/bin/cmake --install /home/filip/ros2_ws/build/colreg_interfaces
[2.346s] Level 1:colcon.colcon_core.environment:checking '/home/filip/ros2_ws/install/colreg_interfaces' for CMake module files
[2.347s] Level 1:colcon.colcon_core.environment:checking '/home/filip/ros2_ws/install/colreg_interfaces' for CMake config files
[2.348s] Level 1:colcon.colcon_core.shell:create_environment_hook('colreg_interfaces', 'cmake_prefix_path')
[2.349s] INFO:colcon.colcon_core.shell:Creating environment hook '/home/filip/ros2_ws/install/colreg_interfaces/share/colreg_interfaces/hook/cmake_prefix_path.ps1'
[2.349s] INFO:colcon.colcon_core.shell:Creating environment descriptor '/home/filip/ros2_ws/install/colreg_interfaces/share/colreg_interfaces/hook/cmake_prefix_path.dsv'
[2.350s] INFO:colcon.colcon_core.shell:Creating environment hook '/home/filip/ros2_ws/install/colreg_interfaces/share/colreg_interfaces/hook/cmake_prefix_path.sh'
[2.351s] Level 1:colcon.colcon_core.environment:checking '/home/filip/ros2_ws/install/colreg_interfaces/lib'
[2.351s] Level 1:colcon.colcon_core.shell:create_environment_hook('colreg_interfaces', 'ld_library_path_lib')
[2.352s] INFO:colcon.colcon_core.shell:Creating environment hook '/home/filip/ros2_ws/install/colreg_interfaces/share/colreg_interfaces/hook/ld_library_path_lib.ps1'
[2.353s] INFO:colcon.colcon_core.shell:Creating environment descriptor '/home/filip/ros2_ws/install/colreg_interfaces/share/colreg_interfaces/hook/ld_library_path_lib.dsv'
[2.353s] INFO:colcon.colcon_core.shell:Creating environment hook '/home/filip/ros2_ws/install/colreg_interfaces/share/colreg_interfaces/hook/ld_library_path_lib.sh'
[2.353s] Level 1:colcon.colcon_core.environment:checking '/home/filip/ros2_ws/install/colreg_interfaces/bin'
[2.354s] Level 1:colcon.colcon_core.environment:checking '/home/filip/ros2_ws/install/colreg_interfaces/lib/pkgconfig/colreg_interfaces.pc'
[2.354s] Level 1:colcon.colcon_core.environment:checking '/home/filip/ros2_ws/install/colreg_interfaces/lib/python3.10/site-packages'
[2.354s] Level 1:colcon.colcon_core.environment:checking '/home/filip/ros2_ws/install/colreg_interfaces/bin'
[2.355s] INFO:colcon.colcon_core.shell:Creating package script '/home/filip/ros2_ws/install/colreg_interfaces/share/colreg_interfaces/package.ps1'
[2.356s] INFO:colcon.colcon_core.shell:Creating package descriptor '/home/filip/ros2_ws/install/colreg_interfaces/share/colreg_interfaces/package.dsv'
[2.357s] INFO:colcon.colcon_core.shell:Creating package script '/home/filip/ros2_ws/install/colreg_interfaces/share/colreg_interfaces/package.sh'
[2.359s] INFO:colcon.colcon_core.shell:Creating package script '/home/filip/ros2_ws/install/colreg_interfaces/share/colreg_interfaces/package.bash'
[2.360s] INFO:colcon.colcon_core.shell:Creating package script '/home/filip/ros2_ws/install/colreg_interfaces/share/colreg_interfaces/package.zsh'
[2.362s] Level 1:colcon.colcon_core.environment:create_file_with_runtime_dependencies(/home/filip/ros2_ws/install/colreg_interfaces/share/colcon-core/packages/colreg_interfaces)
[2.465s] Level 1:colcon.colcon_core.environment:create_environment_scripts_only(colreg_interfaces)
[2.467s] Level 1:colcon.colcon_core.environment:checking '/home/filip/ros2_ws/install/colreg_interfaces' for CMake module files
[2.467s] Level 1:colcon.colcon_core.environment:checking '/home/filip/ros2_ws/install/colreg_interfaces' for CMake config files
[2.468s] Level 1:colcon.colcon_core.shell:create_environment_hook('colreg_interfaces', 'cmake_prefix_path')
[2.469s] INFO:colcon.colcon_core.shell:Creating environment hook '/home/filip/ros2_ws/install/colreg_interfaces/share/colreg_interfaces/hook/cmake_prefix_path.ps1'
[2.471s] INFO:colcon.colcon_core.shell:Creating environment descriptor '/home/filip/ros2_ws/install/colreg_interfaces/share/colreg_interfaces/hook/cmake_prefix_path.dsv'
[2.472s] INFO:colcon.colcon_core.shell:Creating environment hook '/home/filip/ros2_ws/install/colreg_interfaces/share/colreg_interfaces/hook/cmake_prefix_path.sh'
[2.473s] Level 1:colcon.colcon_core.environment:checking '/home/filip/ros2_ws/install/colreg_interfaces/lib'
[2.474s] Level 1:colcon.colcon_core.shell:create_environment_hook('colreg_interfaces', 'ld_library_path_lib')
[2.475s] INFO:colcon.colcon_core.shell:Creating environment hook '/home/filip/ros2_ws/install/colreg_interfaces/share/colreg_interfaces/hook/ld_library_path_lib.ps1'
[2.477s] INFO:colcon.colcon_core.shell:Creating environment descriptor '/home/filip/ros2_ws/install/colreg_interfaces/share/colreg_interfaces/hook/ld_library_path_lib.dsv'
[2.478s] INFO:colcon.colcon_core.shell:Creating environment hook '/home/filip/ros2_ws/install/colreg_interfaces/share/colreg_interfaces/hook/ld_library_path_lib.sh'
[2.479s] Level 1:colcon.colcon_core.environment:checking '/home/filip/ros2_ws/install/colreg_interfaces/bin'
[2.479s] Level 1:colcon.colcon_core.environment:checking '/home/filip/ros2_ws/install/colreg_interfaces/lib/pkgconfig/colreg_interfaces.pc'
[2.479s] Level 1:colcon.colcon_core.environment:checking '/home/filip/ros2_ws/install/colreg_interfaces/lib/python3.10/site-packages'
[2.479s] Level 1:colcon.colcon_core.environment:checking '/home/filip/ros2_ws/install/colreg_interfaces/bin'
[2.481s] INFO:colcon.colcon_core.shell:Creating package script '/home/filip/ros2_ws/install/colreg_interfaces/share/colreg_interfaces/package.ps1'
[2.483s] INFO:colcon.colcon_core.shell:Creating package descriptor '/home/filip/ros2_ws/install/colreg_interfaces/share/colreg_interfaces/package.dsv'
[2.483s] INFO:colcon.colcon_core.shell:Creating package script '/home/filip/ros2_ws/install/colreg_interfaces/share/colreg_interfaces/package.sh'
[2.484s] INFO:colcon.colcon_core.shell:Creating package script '/home/filip/ros2_ws/install/colreg_interfaces/share/colreg_interfaces/package.bash'
[2.484s] INFO:colcon.colcon_core.shell:Creating package script '/home/filip/ros2_ws/install/colreg_interfaces/share/colreg_interfaces/package.zsh'
[2.485s] Level 1:colcon.colcon_core.environment:create_file_with_runtime_dependencies(/home/filip/ros2_ws/install/colreg_interfaces/share/colcon-core/packages/colreg_interfaces)
[2.532s] Level 1:colcon.colcon_core.environment:checking '/home/filip/ros2_ws/install/colreg_package' for CMake module files
[2.533s] DEBUG:colcon.colcon_core.event_handler.log_command:Invoked command in '/home/filip/ros2_ws/src/colreg_package' returned '0': PYTHONPATH=/home/filip/ros2_ws/build/colreg_package/prefix_override:/home/filip/ros2_ws/install/colreg_package/lib/python3.10/site-packages:${PYTHONPATH} /usr/bin/python3 setup.py egg_info --egg-base ../../build/colreg_package build --build-base /home/filip/ros2_ws/build/colreg_package/build install --record /home/filip/ros2_ws/build/colreg_package/install.log --single-version-externally-managed
[2.533s] Level 1:colcon.colcon_core.environment:checking '/home/filip/ros2_ws/install/colreg_package' for CMake config files
[2.535s] Level 1:colcon.colcon_core.environment:checking '/home/filip/ros2_ws/install/colreg_package/lib'
[2.535s] Level 1:colcon.colcon_core.environment:checking '/home/filip/ros2_ws/install/colreg_package/bin'
[2.535s] Level 1:colcon.colcon_core.environment:checking '/home/filip/ros2_ws/install/colreg_package/lib/pkgconfig/colreg_package.pc'
[2.535s] Level 1:colcon.colcon_core.environment:checking '/home/filip/ros2_ws/install/colreg_package/lib/python3.10/site-packages'
[2.535s] Level 1:colcon.colcon_core.shell:create_environment_hook('colreg_package', 'pythonpath')
[2.537s] INFO:colcon.colcon_core.shell:Creating environment hook '/home/filip/ros2_ws/install/colreg_package/share/colreg_package/hook/pythonpath.ps1'
[2.537s] INFO:colcon.colcon_core.shell:Creating environment descriptor '/home/filip/ros2_ws/install/colreg_package/share/colreg_package/hook/pythonpath.dsv'
[2.538s] INFO:colcon.colcon_core.shell:Creating environment hook '/home/filip/ros2_ws/install/colreg_package/share/colreg_package/hook/pythonpath.sh'
[2.538s] Level 1:colcon.colcon_core.environment:checking '/home/filip/ros2_ws/install/colreg_package/bin'
[2.538s] Level 1:colcon.colcon_core.environment:create_environment_scripts_only(colreg_package)
[2.540s] INFO:colcon.colcon_core.shell:Creating package script '/home/filip/ros2_ws/install/colreg_package/share/colreg_package/package.ps1'
[2.540s] INFO:colcon.colcon_core.shell:Creating package descriptor '/home/filip/ros2_ws/install/colreg_package/share/colreg_package/package.dsv'
[2.541s] INFO:colcon.colcon_core.shell:Creating package script '/home/filip/ros2_ws/install/colreg_package/share/colreg_package/package.sh'
[2.541s] INFO:colcon.colcon_core.shell:Creating package script '/home/filip/ros2_ws/install/colreg_package/share/colreg_package/package.bash'
[2.542s] INFO:colcon.colcon_core.shell:Creating package script '/home/filip/ros2_ws/install/colreg_package/share/colreg_package/package.zsh'
[2.542s] Level 1:colcon.colcon_core.environment:create_file_with_runtime_dependencies(/home/filip/ros2_ws/install/colreg_package/share/colcon-core/packages/colreg_package)
[2.543s] DEBUG:colcon.colcon_parallel_executor.executor.parallel:closing loop
[2.544s] DEBUG:colcon.colcon_parallel_executor.executor.parallel:loop closed
[2.544s] DEBUG:colcon.colcon_parallel_executor.executor.parallel:run_until_complete finished with '0'
[2.544s] DEBUG:colcon.colcon_core.event_reactor:joining thread
[2.551s] INFO:colcon.colcon_core.plugin_system:Skipping extension 'colcon_notification.desktop_notification.terminal_notifier': Not used on non-Darwin systems
[2.552s] INFO:colcon.colcon_core.plugin_system:Skipping extension 'colcon_notification.desktop_notification.win32': Not used on non-Windows systems
[2.552s] INFO:colcon.colcon_notification.desktop_notification:Sending desktop notification using 'notify2'
[2.586s] DEBUG:colcon.colcon_core.event_reactor:joined thread
[2.587s] INFO:colcon.colcon_core.shell:Creating prefix script '/home/filip/ros2_ws/install/local_setup.ps1'
[2.588s] INFO:colcon.colcon_core.shell:Creating prefix util module '/home/filip/ros2_ws/install/_local_setup_util_ps1.py'
[2.590s] INFO:colcon.colcon_core.shell:Creating prefix chain script '/home/filip/ros2_ws/install/setup.ps1'
[2.592s] INFO:colcon.colcon_core.shell:Creating prefix script '/home/filip/ros2_ws/install/local_setup.sh'
[2.595s] INFO:colcon.colcon_core.shell:Creating prefix util module '/home/filip/ros2_ws/install/_local_setup_util_sh.py'
[2.596s] INFO:colcon.colcon_core.shell:Creating prefix chain script '/home/filip/ros2_ws/install/setup.sh'
[2.599s] INFO:colcon.colcon_core.shell:Creating prefix script '/home/filip/ros2_ws/install/local_setup.bash'
[2.600s] INFO:colcon.colcon_core.shell:Creating prefix chain script '/home/filip/ros2_ws/install/setup.bash'
[2.602s] INFO:colcon.colcon_core.shell:Creating prefix script '/home/filip/ros2_ws/install/local_setup.zsh'
[2.603s] INFO:colcon.colcon_core.shell:Creating prefix chain script '/home/filip/ros2_ws/install/setup.zsh'
