[0.874s] Invoking command in '/home/filip/ros2_ws/src/colreg_package': PYTHONPATH=/home/filip/ros2_ws/build/colreg_package/prefix_override:/home/filip/ros2_ws/install/colreg_package/lib/python3.10/site-packages:${PYTHONPATH} /usr/bin/python3 setup.py egg_info --egg-base ../../build/colreg_package build --build-base /home/filip/ros2_ws/build/colreg_package/build install --record /home/filip/ros2_ws/build/colreg_package/install.log --single-version-externally-managed
[1.168s] running egg_info
[1.169s] writing ../../build/colreg_package/colreg_package.egg-info/PKG-INFO
[1.169s] writing dependency_links to ../../build/colreg_package/colreg_package.egg-info/dependency_links.txt
[1.170s] writing entry points to ../../build/colreg_package/colreg_package.egg-info/entry_points.txt
[1.170s] writing requirements to ../../build/colreg_package/colreg_package.egg-info/requires.txt
[1.171s] writing top-level names to ../../build/colreg_package/colreg_package.egg-info/top_level.txt
[1.173s] reading manifest file '../../build/colreg_package/colreg_package.egg-info/SOURCES.txt'
[1.174s] writing manifest file '../../build/colreg_package/colreg_package.egg-info/SOURCES.txt'
[1.175s] running build
[1.175s] running build_py
[1.175s] copying colreg_package/tcpa_dcpa.py -> /home/filip/ros2_ws/build/colreg_package/build/lib/colreg_package
[1.176s] running install
[1.176s] /usr/lib/python3/dist-packages/setuptools/command/install.py:34: SetuptoolsDeprecationWarning: setup.py install is deprecated. Use build and pip and other standards-based tools.
[1.176s]   warnings.warn(
[1.177s] running install_lib
[1.178s] copying /home/filip/ros2_ws/build/colreg_package/build/lib/colreg_package/tcpa_dcpa.py -> /home/filip/ros2_ws/install/colreg_package/lib/python3.10/site-packages/colreg_package
[1.179s] byte-compiling /home/filip/ros2_ws/install/colreg_package/lib/python3.10/site-packages/colreg_package/tcpa_dcpa.py to tcpa_dcpa.cpython-310.pyc
[1.181s] running install_data
[1.182s] running install_egg_info
[1.183s] removing '/home/filip/ros2_ws/install/colreg_package/lib/python3.10/site-packages/colreg_package-0.0.0-py3.10.egg-info' (and everything under it)
[1.184s] Copying ../../build/colreg_package/colreg_package.egg-info to /home/filip/ros2_ws/install/colreg_package/lib/python3.10/site-packages/colreg_package-0.0.0-py3.10.egg-info
[1.185s] running install_scripts
[1.204s] Installing main_ship_control script to /home/filip/ros2_ws/install/colreg_package/lib/colreg_package
[1.205s] Installing position script to /home/filip/ros2_ws/install/colreg_package/lib/colreg_package
[1.205s] Installing target_ship_control script to /home/filip/ros2_ws/install/colreg_package/lib/colreg_package
[1.206s] Installing tcpa_dcpa script to /home/filip/ros2_ws/install/colreg_package/lib/colreg_package
[1.207s] writing list of installed files to '/home/filip/ros2_ws/build/colreg_package/install.log'
[1.253s] Invoked command in '/home/filip/ros2_ws/src/colreg_package' returned '0': PYTHONPATH=/home/filip/ros2_ws/build/colreg_package/prefix_override:/home/filip/ros2_ws/install/colreg_package/lib/python3.10/site-packages:${PYTHONPATH} /usr/bin/python3 setup.py egg_info --egg-base ../../build/colreg_package build --build-base /home/filip/ros2_ws/build/colreg_package/build install --record /home/filip/ros2_ws/build/colreg_package/install.log --single-version-externally-managed
