[0.580s] Invoking command in '/home/filip/ros2_ws/src/turtle_controller': PYTHONPATH=/home/filip/ros2_ws/build/turtle_controller/prefix_override:/home/filip/ros2_ws/install/turtle_controller/lib/python3.10/site-packages:${PYTHONPATH} /usr/bin/python3 setup.py egg_info --egg-base ../../build/turtle_controller build --build-base /home/filip/ros2_ws/build/turtle_controller/build install --record /home/filip/ros2_ws/build/turtle_controller/install.log --single-version-externally-managed
[0.813s] running egg_info
[0.814s] writing ../../build/turtle_controller/turtle_controller.egg-info/PKG-INFO
[0.815s] writing dependency_links to ../../build/turtle_controller/turtle_controller.egg-info/dependency_links.txt
[0.816s] writing entry points to ../../build/turtle_controller/turtle_controller.egg-info/entry_points.txt
[0.816s] writing requirements to ../../build/turtle_controller/turtle_controller.egg-info/requires.txt
[0.816s] writing top-level names to ../../build/turtle_controller/turtle_controller.egg-info/top_level.txt
[0.818s] reading manifest file '../../build/turtle_controller/turtle_controller.egg-info/SOURCES.txt'
[0.819s] writing manifest file '../../build/turtle_controller/turtle_controller.egg-info/SOURCES.txt'
[0.820s] running build
[0.820s] running build_py
[0.820s] copying turtle_controller/turtle_control_script.py -> /home/filip/ros2_ws/build/turtle_controller/build/lib/turtle_controller
[0.820s] running install
[0.821s] /usr/lib/python3/dist-packages/setuptools/command/install.py:34: SetuptoolsDeprecationWarning: setup.py install is deprecated. Use build and pip and other standards-based tools.
[0.821s]   warnings.warn(
[0.821s] running install_lib
[0.822s] copying /home/filip/ros2_ws/build/turtle_controller/build/lib/turtle_controller/turtle_control_script.py -> /home/filip/ros2_ws/install/turtle_controller/lib/python3.10/site-packages/turtle_controller
[0.822s] byte-compiling /home/filip/ros2_ws/install/turtle_controller/lib/python3.10/site-packages/turtle_controller/turtle_control_script.py to turtle_control_script.cpython-310.pyc
[0.823s] Sorry: TabError: inconsistent use of tabs and spaces in indentation (turtle_control_script.py, line 14)
[0.823s] running install_data
[0.824s] copying package.xml -> /home/filip/ros2_ws/install/turtle_controller/share/turtle_controller
[0.824s] running install_egg_info
[0.825s] removing '/home/filip/ros2_ws/install/turtle_controller/lib/python3.10/site-packages/turtle_controller-0.0.0-py3.10.egg-info' (and everything under it)
[0.826s] Copying ../../build/turtle_controller/turtle_controller.egg-info to /home/filip/ros2_ws/install/turtle_controller/lib/python3.10/site-packages/turtle_controller-0.0.0-py3.10.egg-info
[0.827s] running install_scripts
[0.850s] Installing turtle script to /home/filip/ros2_ws/install/turtle_controller/lib/turtle_controller
[0.851s] writing list of installed files to '/home/filip/ros2_ws/build/turtle_controller/install.log'
[0.876s] Invoked command in '/home/filip/ros2_ws/src/turtle_controller' returned '0': PYTHONPATH=/home/filip/ros2_ws/build/turtle_controller/prefix_override:/home/filip/ros2_ws/install/turtle_controller/lib/python3.10/site-packages:${PYTHONPATH} /usr/bin/python3 setup.py egg_info --egg-base ../../build/turtle_controller build --build-base /home/filip/ros2_ws/build/turtle_controller/build install --record /home/filip/ros2_ws/build/turtle_controller/install.log --single-version-externally-managed
