[1.024s] Invoking command in '/home/filip/ros2_ws/src/turtle_controller': PYTHONPATH=/home/filip/ros2_ws/build/turtle_controller/prefix_override:/home/filip/ros2_ws/install/turtle_controller/lib/python3.10/site-packages:${PYTHONPATH} /usr/bin/python3 setup.py egg_info --egg-base ../../build/turtle_controller build --build-base /home/filip/ros2_ws/build/turtle_controller/build install --record /home/filip/ros2_ws/build/turtle_controller/install.log --single-version-externally-managed
[1.255s] running egg_info
[1.256s] writing ../../build/turtle_controller/turtle_controller.egg-info/PKG-INFO
[1.257s] writing dependency_links to ../../build/turtle_controller/turtle_controller.egg-info/dependency_links.txt
[1.257s] writing entry points to ../../build/turtle_controller/turtle_controller.egg-info/entry_points.txt
[1.258s] writing requirements to ../../build/turtle_controller/turtle_controller.egg-info/requires.txt
[1.258s] writing top-level names to ../../build/turtle_controller/turtle_controller.egg-info/top_level.txt
[1.260s] reading manifest file '../../build/turtle_controller/turtle_controller.egg-info/SOURCES.txt'
[1.261s] writing manifest file '../../build/turtle_controller/turtle_controller.egg-info/SOURCES.txt'
[1.261s] running build
[1.262s] running build_py
[1.262s] running install
[1.262s] /usr/lib/python3/dist-packages/setuptools/command/install.py:34: SetuptoolsDeprecationWarning: setup.py install is deprecated. Use build and pip and other standards-based tools.
[1.262s]   warnings.warn(
[1.263s] running install_lib
[1.264s] running install_data
[1.265s] running install_egg_info
[1.266s] removing '/home/filip/ros2_ws/install/turtle_controller/lib/python3.10/site-packages/turtle_controller-0.0.0-py3.10.egg-info' (and everything under it)
[1.267s] Copying ../../build/turtle_controller/turtle_controller.egg-info to /home/filip/ros2_ws/install/turtle_controller/lib/python3.10/site-packages/turtle_controller-0.0.0-py3.10.egg-info
[1.268s] running install_scripts
[1.286s] Installing turtle script to /home/filip/ros2_ws/install/turtle_controller/lib/turtle_controller
[1.287s] writing list of installed files to '/home/filip/ros2_ws/build/turtle_controller/install.log'
[1.311s] Invoked command in '/home/filip/ros2_ws/src/turtle_controller' returned '0': PYTHONPATH=/home/filip/ros2_ws/build/turtle_controller/prefix_override:/home/filip/ros2_ws/install/turtle_controller/lib/python3.10/site-packages:${PYTHONPATH} /usr/bin/python3 setup.py egg_info --egg-base ../../build/turtle_controller build --build-base /home/filip/ros2_ws/build/turtle_controller/build install --record /home/filip/ros2_ws/build/turtle_controller/install.log --single-version-externally-managed
