[0.026s] Invoking command in '/home/filip/ros2_ws/build/colreg_interfaces': CMAKE_PREFIX_PATH=/home/filip/ros2_ws/install/py_pubsub:/home/filip/ros2_ws/install/colreg_package_test:/home/filip/ros2_ws/install/colreg_package:/opt/ros/humble /usr/bin/cmake /home/filip/ros2_ws/src/colreg_interfaces -DCMAKE_INSTALL_PREFIX=/home/filip/ros2_ws/install/colreg_interfaces
[0.045s] -- Found ament_cmake: 1.3.2 (/opt/ros/humble/share/ament_cmake/cmake)
[0.190s] -- Found geometry_msgs: 4.2.2 (/opt/ros/humble/share/geometry_msgs/cmake)
[0.215s] -- Found rosidl_generator_c: 3.1.3 (/opt/ros/humble/share/rosidl_generator_c/cmake)
[0.218s] -- Found rosidl_adapter: 3.1.3 (/opt/ros/humble/share/rosidl_adapter/cmake)
[0.233s] -- Found rosidl_generator_cpp: 3.1.3 (/opt/ros/humble/share/rosidl_generator_cpp/cmake)
[0.241s] -- Using all available rosidl_typesupport_c: rosidl_typesupport_fastrtps_c;rosidl_typesupport_introspection_c
[0.258s] -- Using all available rosidl_typesupport_cpp: rosidl_typesupport_fastrtps_cpp;rosidl_typesupport_introspection_cpp
[0.386s] -- Found turtlesim: 1.4.2 (/opt/ros/humble/share/turtlesim/cmake)
[0.538s] -- Found ament_lint_auto: 0.12.4 (/opt/ros/humble/share/ament_lint_auto/cmake)
[0.625s] -- Found rosidl_default_generators: 1.2.0 (/opt/ros/humble/share/rosidl_default_generators/cmake)
[0.815s] [31mCMake Error at /opt/ros/humble/share/rosidl_adapter/cmake/rosidl_adapt_interfaces.cmake:59 (message):
[0.815s]   execute_process(/usr/bin/python3.10 -m rosidl_adapter --package-name
[0.815s]   colreg_interfaces --arguments-file
[0.815s]   /home/filip/ros2_ws/build/colreg_interfaces/rosidl_adapter__arguments__colreg_interfaces.json
[0.816s]   --output-dir
[0.816s]   /home/filip/ros2_ws/build/colreg_interfaces/rosidl_adapter/colreg_interfaces
[0.816s]   --output-file
[0.816s]   /home/filip/ros2_ws/build/colreg_interfaces/rosidl_adapter/colreg_interfaces.idls)
[0.816s]   returned error code 1:
[0.816s] 
[0.816s]   Traceback (most recent call last):
[0.816s] 
[0.816s]     File "/usr/lib/python3.10/runpy.py", line 196, in _run_module_as_main
[0.816s]       return _run_code(code, main_globals, None,
[0.816s]     File "/usr/lib/python3.10/runpy.py", line 86, in _run_code
[0.816s]       exec(code, run_globals)
[0.816s]     File "/opt/ros/humble/local/lib/python3.10/dist-packages/rosidl_adapter/__main__.py", line 19, in <module>
[0.816s]       sys.exit(main())
[0.816s]     File "/opt/ros/humble/local/lib/python3.10/dist-packages/rosidl_adapter/main.py", line 53, in main
[0.816s]       abs_idl_file = convert_to_idl(
[0.817s]     File "/opt/ros/humble/local/lib/python3.10/dist-packages/rosidl_adapter/__init__.py", line 19, in convert_to_idl
[0.817s]       return convert_msg_to_idl(
[0.817s]     File "/opt/ros/humble/local/lib/python3.10/dist-packages/rosidl_adapter/msg/__init__.py", line 28, in convert_msg_to_idl
[0.817s]       msg = parse_message_string(package_name, input_file.stem, content)
[0.817s]     File "/opt/ros/humble/local/lib/python3.10/dist-packages/rosidl_adapter/parser.py", line 544, in parse_message_string
[0.817s]       msg = MessageSpecification(pkg_name, msg_name, fields, constants)
[0.817s]     File "/opt/ros/humble/local/lib/python3.10/dist-packages/rosidl_adapter/parser.py", line 388, in __init__
[0.817s]       self.base_type = BaseType(
[0.817s]     File "/opt/ros/humble/local/lib/python3.10/dist-packages/rosidl_adapter/parser.py", line 205, in __init__
[0.817s]       raise InvalidResourceName(
[0.817s] 
[0.817s]   rosidl_adapter.parser.InvalidResourceName: 'colreg' is an invalid message
[0.817s]   name.  It should have the pattern '^[A-Z][A-Za-z0-9]*$'
[0.817s] 
[0.817s] Call Stack (most recent call first):
[0.817s]   /opt/ros/humble/share/rosidl_cmake/cmake/rosidl_generate_interfaces.cmake:130 (rosidl_adapt_interfaces)
[0.817s]   CMakeLists.txt:29 (rosidl_generate_interfaces)
[0.818s] 
[0.818s] [0m
[0.818s] -- Configuring incomplete, errors occurred!
[0.818s] See also "/home/filip/ros2_ws/build/colreg_interfaces/CMakeFiles/CMakeOutput.log".
[0.823s] Invoked command in '/home/filip/ros2_ws/build/colreg_interfaces' returned '1': CMAKE_PREFIX_PATH=/home/filip/ros2_ws/install/py_pubsub:/home/filip/ros2_ws/install/colreg_package_test:/home/filip/ros2_ws/install/colreg_package:/opt/ros/humble /usr/bin/cmake /home/filip/ros2_ws/src/colreg_interfaces -DCMAKE_INSTALL_PREFIX=/home/filip/ros2_ws/install/colreg_interfaces
