[0.754s] Invoking command in '/home/filip/ros2_ws/src/colreg_package': PYTHONPATH=/home/filip/ros2_ws/build/colreg_package/prefix_override:/home/filip/ros2_ws/install/colreg_package/lib/python3.10/site-packages:${PYTHONPATH} /usr/bin/python3 setup.py egg_info --egg-base ../../build/colreg_package build --build-base /home/filip/ros2_ws/build/colreg_package/build install --record /home/filip/ros2_ws/build/colreg_package/install.log --single-version-externally-managed
[1.031s] running egg_info
[1.031s] writing ../../build/colreg_package/colreg_package.egg-info/PKG-INFO
[1.032s] writing dependency_links to ../../build/colreg_package/colreg_package.egg-info/dependency_links.txt
[1.032s] writing entry points to ../../build/colreg_package/colreg_package.egg-info/entry_points.txt
[1.033s] writing requirements to ../../build/colreg_package/colreg_package.egg-info/requires.txt
[1.033s] writing top-level names to ../../build/colreg_package/colreg_package.egg-info/top_level.txt
[1.036s] reading manifest file '../../build/colreg_package/colreg_package.egg-info/SOURCES.txt'
[1.037s] writing manifest file '../../build/colreg_package/colreg_package.egg-info/SOURCES.txt'
[1.037s] running build
[1.037s] running build_py
[1.038s] running install
[1.038s] /usr/lib/python3/dist-packages/setuptools/command/install.py:34: SetuptoolsDeprecationWarning: setup.py install is deprecated. Use build and pip and other standards-based tools.
[1.038s]   warnings.warn(
[1.039s] running install_lib
[1.040s] running install_data
[1.041s] running install_egg_info
[1.043s] removing '/home/filip/ros2_ws/install/colreg_package/lib/python3.10/site-packages/colreg_package-0.0.0-py3.10.egg-info' (and everything under it)
[1.043s] Copying ../../build/colreg_package/colreg_package.egg-info to /home/filip/ros2_ws/install/colreg_package/lib/python3.10/site-packages/colreg_package-0.0.0-py3.10.egg-info
[1.044s] running install_scripts
[1.064s] Installing main_ship_control script to /home/filip/ros2_ws/install/colreg_package/lib/colreg_package
[1.064s] Installing position script to /home/filip/ros2_ws/install/colreg_package/lib/colreg_package
[1.065s] Installing target_ship_control script to /home/filip/ros2_ws/install/colreg_package/lib/colreg_package
[1.065s] Installing tcpa_dcpa script to /home/filip/ros2_ws/install/colreg_package/lib/colreg_package
[1.066s] writing list of installed files to '/home/filip/ros2_ws/build/colreg_package/install.log'
[1.091s] Invoked command in '/home/filip/ros2_ws/src/colreg_package' returned '0': PYTHONPATH=/home/filip/ros2_ws/build/colreg_package/prefix_override:/home/filip/ros2_ws/install/colreg_package/lib/python3.10/site-packages:${PYTHONPATH} /usr/bin/python3 setup.py egg_info --egg-base ../../build/colreg_package build --build-base /home/filip/ros2_ws/build/colreg_package/build install --record /home/filip/ros2_ws/build/colreg_package/install.log --single-version-externally-managed
