[0.834s] Invoking command in '/home/filip/ros2_ws/src/turtle_controller': PYTHONPATH=/home/filip/ros2_ws/build/turtle_controller/prefix_override:/home/filip/ros2_ws/install/turtle_controller/lib/python3.10/site-packages:${PYTHONPATH} /usr/bin/python3 setup.py egg_info --egg-base ../../build/turtle_controller build --build-base /home/filip/ros2_ws/build/turtle_controller/build install --record /home/filip/ros2_ws/build/turtle_controller/install.log --single-version-externally-managed
[1.056s] running egg_info
[1.057s] writing ../../build/turtle_controller/turtle_controller.egg-info/PKG-INFO
[1.058s] writing dependency_links to ../../build/turtle_controller/turtle_controller.egg-info/dependency_links.txt
[1.059s] writing entry points to ../../build/turtle_controller/turtle_controller.egg-info/entry_points.txt
[1.059s] writing requirements to ../../build/turtle_controller/turtle_controller.egg-info/requires.txt
[1.059s] writing top-level names to ../../build/turtle_controller/turtle_controller.egg-info/top_level.txt
[1.061s] reading manifest file '../../build/turtle_controller/turtle_controller.egg-info/SOURCES.txt'
[1.062s] writing manifest file '../../build/turtle_controller/turtle_controller.egg-info/SOURCES.txt'
[1.062s] running build
[1.063s] running build_py
[1.063s] running install
[1.063s] /usr/lib/python3/dist-packages/setuptools/command/install.py:34: SetuptoolsDeprecationWarning: setup.py install is deprecated. Use build and pip and other standards-based tools.
[1.063s]   warnings.warn(
[1.064s] running install_lib
[1.066s] running install_data
[1.067s] running install_egg_info
[1.069s] removing '/home/filip/ros2_ws/install/turtle_controller/lib/python3.10/site-packages/turtle_controller-0.0.0-py3.10.egg-info' (and everything under it)
[1.069s] Copying ../../build/turtle_controller/turtle_controller.egg-info to /home/filip/ros2_ws/install/turtle_controller/lib/python3.10/site-packages/turtle_controller-0.0.0-py3.10.egg-info
[1.071s] running install_scripts
[1.093s] Installing turtle script to /home/filip/ros2_ws/install/turtle_controller/lib/turtle_controller
[1.094s] writing list of installed files to '/home/filip/ros2_ws/build/turtle_controller/install.log'
[1.131s] Invoked command in '/home/filip/ros2_ws/src/turtle_controller' returned '0': PYTHONPATH=/home/filip/ros2_ws/build/turtle_controller/prefix_override:/home/filip/ros2_ws/install/turtle_controller/lib/python3.10/site-packages:${PYTHONPATH} /usr/bin/python3 setup.py egg_info --egg-base ../../build/turtle_controller build --build-base /home/filip/ros2_ws/build/turtle_controller/build install --record /home/filip/ros2_ws/build/turtle_controller/install.log --single-version-externally-managed
