[1.083s] Invoking command in '/home/filip/ros2_ws/src/colreg_package': PYTHONPATH=/home/filip/ros2_ws/build/colreg_package/prefix_override:/home/filip/ros2_ws/install/colreg_package/lib/python3.10/site-packages:${PYTHONPATH} /usr/bin/python3 setup.py egg_info --egg-base ../../build/colreg_package build --build-base /home/filip/ros2_ws/build/colreg_package/build install --record /home/filip/ros2_ws/build/colreg_package/install.log --single-version-externally-managed
[1.325s] running egg_info
[1.325s] writing ../../build/colreg_package/colreg_package.egg-info/PKG-INFO
[1.326s] writing dependency_links to ../../build/colreg_package/colreg_package.egg-info/dependency_links.txt
[1.327s] writing entry points to ../../build/colreg_package/colreg_package.egg-info/entry_points.txt
[1.327s] writing requirements to ../../build/colreg_package/colreg_package.egg-info/requires.txt
[1.327s] writing top-level names to ../../build/colreg_package/colreg_package.egg-info/top_level.txt
[1.330s] reading manifest file '../../build/colreg_package/colreg_package.egg-info/SOURCES.txt'
[1.331s] writing manifest file '../../build/colreg_package/colreg_package.egg-info/SOURCES.txt'
[1.331s] running build
[1.331s] running build_py
[1.334s] copying colreg_package/main_ship_control.py -> /home/filip/ros2_ws/build/colreg_package/build/lib/colreg_package
[1.339s] /usr/lib/python3/dist-packages/setuptools/command/install.py:34: SetuptoolsDeprecationWarning: setup.py install is deprecated. Use build and pip and other standards-based tools.
[1.339s]   warnings.warn(
[1.339s] copying colreg_package/obstacle_ship_control.py -> /home/filip/ros2_ws/build/colreg_package/build/lib/colreg_package
[1.339s] running install
[1.340s] running install_lib
[1.340s] copying /home/filip/ros2_ws/build/colreg_package/build/lib/colreg_package/main_ship_control.py -> /home/filip/ros2_ws/install/colreg_package/lib/python3.10/site-packages/colreg_package
[1.341s] copying /home/filip/ros2_ws/build/colreg_package/build/lib/colreg_package/obstacle_ship_control.py -> /home/filip/ros2_ws/install/colreg_package/lib/python3.10/site-packages/colreg_package
[1.343s] byte-compiling /home/filip/ros2_ws/install/colreg_package/lib/python3.10/site-packages/colreg_package/main_ship_control.py to main_ship_control.cpython-310.pyc
[1.343s] byte-compiling /home/filip/ros2_ws/install/colreg_package/lib/python3.10/site-packages/colreg_package/obstacle_ship_control.py to obstacle_ship_control.cpython-310.pyc
[1.344s] running install_data
[1.344s] running install_egg_info
[1.346s] removing '/home/filip/ros2_ws/install/colreg_package/lib/python3.10/site-packages/colreg_package-0.0.0-py3.10.egg-info' (and everything under it)
[1.347s] Copying ../../build/colreg_package/colreg_package.egg-info to /home/filip/ros2_ws/install/colreg_package/lib/python3.10/site-packages/colreg_package-0.0.0-py3.10.egg-info
[1.349s] running install_scripts
[1.371s] Installing obstacle_ship_control = colreg_package.obstacle_ship_control:mainmain_ship_control script to /home/filip/ros2_ws/install/colreg_package/lib/colreg_package
[1.371s] Installing position script to /home/filip/ros2_ws/install/colreg_package/lib/colreg_package
[1.371s] writing list of installed files to '/home/filip/ros2_ws/build/colreg_package/install.log'
[1.398s] Invoked command in '/home/filip/ros2_ws/src/colreg_package' returned '0': PYTHONPATH=/home/filip/ros2_ws/build/colreg_package/prefix_override:/home/filip/ros2_ws/install/colreg_package/lib/python3.10/site-packages:${PYTHONPATH} /usr/bin/python3 setup.py egg_info --egg-base ../../build/colreg_package build --build-base /home/filip/ros2_ws/build/colreg_package/build install --record /home/filip/ros2_ws/build/colreg_package/install.log --single-version-externally-managed
