[0.663s] Invoking command in '/home/filip/ros2_ws/src/colreg_package': PYTHONPATH=/home/filip/ros2_ws/build/colreg_package/prefix_override:/home/filip/ros2_ws/install/colreg_package/lib/python3.10/site-packages:${PYTHONPATH} /usr/bin/python3 setup.py egg_info --egg-base ../../build/colreg_package build --build-base /home/filip/ros2_ws/build/colreg_package/build install --record /home/filip/ros2_ws/build/colreg_package/install.log --single-version-externally-managed
[0.906s] running egg_info
[0.907s] writing ../../build/colreg_package/colreg_package.egg-info/PKG-INFO
[0.907s] writing dependency_links to ../../build/colreg_package/colreg_package.egg-info/dependency_links.txt
[0.907s] writing entry points to ../../build/colreg_package/colreg_package.egg-info/entry_points.txt
[0.908s] writing requirements to ../../build/colreg_package/colreg_package.egg-info/requires.txt
[0.908s] writing top-level names to ../../build/colreg_package/colreg_package.egg-info/top_level.txt
[0.910s] reading manifest file '../../build/colreg_package/colreg_package.egg-info/SOURCES.txt'
[0.911s] writing manifest file '../../build/colreg_package/colreg_package.egg-info/SOURCES.txt'
[0.911s] running build
[0.911s] running build_py
[0.911s] copying colreg_package/tcpa_dcpa.py -> /home/filip/ros2_ws/build/colreg_package/build/lib/colreg_package
[0.912s] running install
[0.912s] /usr/lib/python3/dist-packages/setuptools/command/install.py:34: SetuptoolsDeprecationWarning: setup.py install is deprecated. Use build and pip and other standards-based tools.
[0.912s]   warnings.warn(
[0.912s] running install_lib
[0.913s] copying /home/filip/ros2_ws/build/colreg_package/build/lib/colreg_package/tcpa_dcpa.py -> /home/filip/ros2_ws/install/colreg_package/lib/python3.10/site-packages/colreg_package
[0.914s] byte-compiling /home/filip/ros2_ws/install/colreg_package/lib/python3.10/site-packages/colreg_package/tcpa_dcpa.py to tcpa_dcpa.cpython-310.pyc
[0.916s] running install_data
[0.916s] running install_egg_info
[0.919s] removing '/home/filip/ros2_ws/install/colreg_package/lib/python3.10/site-packages/colreg_package-0.0.0-py3.10.egg-info' (and everything under it)
[0.931s] Copying ../../build/colreg_package/colreg_package.egg-info to /home/filip/ros2_ws/install/colreg_package/lib/python3.10/site-packages/colreg_package-0.0.0-py3.10.egg-info
[0.931s] running install_scripts
[0.952s] Installing avoidance_scenario script to /home/filip/ros2_ws/install/colreg_package/lib/colreg_package
[0.952s] Installing main_ship_control script to /home/filip/ros2_ws/install/colreg_package/lib/colreg_package
[0.952s] Installing position script to /home/filip/ros2_ws/install/colreg_package/lib/colreg_package
[0.953s] Installing target_ship_control script to /home/filip/ros2_ws/install/colreg_package/lib/colreg_package
[0.953s] Installing tcpa_dcpa script to /home/filip/ros2_ws/install/colreg_package/lib/colreg_package
[0.954s] writing list of installed files to '/home/filip/ros2_ws/build/colreg_package/install.log'
[0.983s] Invoked command in '/home/filip/ros2_ws/src/colreg_package' returned '0': PYTHONPATH=/home/filip/ros2_ws/build/colreg_package/prefix_override:/home/filip/ros2_ws/install/colreg_package/lib/python3.10/site-packages:${PYTHONPATH} /usr/bin/python3 setup.py egg_info --egg-base ../../build/colreg_package build --build-base /home/filip/ros2_ws/build/colreg_package/build install --record /home/filip/ros2_ws/build/colreg_package/install.log --single-version-externally-managed
