[1.146s] Invoking command in '/home/filip/ros2_ws/src/colreg_package': PYTHONPATH=/home/filip/ros2_ws/build/colreg_package/prefix_override:/home/filip/ros2_ws/install/colreg_package/lib/python3.10/site-packages:${PYTHONPATH} /usr/bin/python3 setup.py egg_info --egg-base ../../build/colreg_package build --build-base /home/filip/ros2_ws/build/colreg_package/build install --record /home/filip/ros2_ws/build/colreg_package/install.log --single-version-externally-managed
[1.430s] running egg_info
[1.431s] writing ../../build/colreg_package/colreg_package.egg-info/PKG-INFO
[1.432s] writing dependency_links to ../../build/colreg_package/colreg_package.egg-info/dependency_links.txt
[1.432s] writing entry points to ../../build/colreg_package/colreg_package.egg-info/entry_points.txt
[1.433s] writing requirements to ../../build/colreg_package/colreg_package.egg-info/requires.txt
[1.433s] writing top-level names to ../../build/colreg_package/colreg_package.egg-info/top_level.txt
[1.436s] reading manifest file '../../build/colreg_package/colreg_package.egg-info/SOURCES.txt'
[1.437s] writing manifest file '../../build/colreg_package/colreg_package.egg-info/SOURCES.txt'
[1.438s] running build
[1.438s] running build_py
[1.439s] copying colreg_package/tcpa_dcpa.py -> /home/filip/ros2_ws/build/colreg_package/build/lib/colreg_package
[1.439s] running install
[1.439s] /usr/lib/python3/dist-packages/setuptools/command/install.py:34: SetuptoolsDeprecationWarning: setup.py install is deprecated. Use build and pip and other standards-based tools.
[1.440s]   warnings.warn(
[1.440s] running install_lib
[1.441s] copying /home/filip/ros2_ws/build/colreg_package/build/lib/colreg_package/tcpa_dcpa.py -> /home/filip/ros2_ws/install/colreg_package/lib/python3.10/site-packages/colreg_package
[1.442s] byte-compiling /home/filip/ros2_ws/install/colreg_package/lib/python3.10/site-packages/colreg_package/tcpa_dcpa.py to tcpa_dcpa.cpython-310.pyc
[1.444s] running install_data
[1.445s] running install_egg_info
[1.447s] removing '/home/filip/ros2_ws/install/colreg_package/lib/python3.10/site-packages/colreg_package-0.0.0-py3.10.egg-info' (and everything under it)
[1.447s] Copying ../../build/colreg_package/colreg_package.egg-info to /home/filip/ros2_ws/install/colreg_package/lib/python3.10/site-packages/colreg_package-0.0.0-py3.10.egg-info
[1.448s] running install_scripts
[1.467s] Installing main_ship_control script to /home/filip/ros2_ws/install/colreg_package/lib/colreg_package
[1.468s] Installing position script to /home/filip/ros2_ws/install/colreg_package/lib/colreg_package
[1.468s] Installing target_ship_control script to /home/filip/ros2_ws/install/colreg_package/lib/colreg_package
[1.468s] Installing tcpa_dcpa script to /home/filip/ros2_ws/install/colreg_package/lib/colreg_package
[1.469s] writing list of installed files to '/home/filip/ros2_ws/build/colreg_package/install.log'
[1.521s] Invoked command in '/home/filip/ros2_ws/src/colreg_package' returned '0': PYTHONPATH=/home/filip/ros2_ws/build/colreg_package/prefix_override:/home/filip/ros2_ws/install/colreg_package/lib/python3.10/site-packages:${PYTHONPATH} /usr/bin/python3 setup.py egg_info --egg-base ../../build/colreg_package build --build-base /home/filip/ros2_ws/build/colreg_package/build install --record /home/filip/ros2_ws/build/colreg_package/install.log --single-version-externally-managed
